2025-09-23 14:17:39,273 - INFO - Experiment name: unet_11
2025-09-23 14:17:39,273 - INFO - Using config: {'data_root': './data', 'resize': [480, 640], 'num_workers': 0, 'rgb_mean': [0.18, 0.246, 0.285], 'rgb_std': [0.207, 0.202, 0.23], 'depth_mean': 2997.516, 'depth_std': 1324.941, 'offset_mean': [-0.068, -0.075], 'offset_std': [17.084, 10.471], 'n_classes': 1, 'bilinear': True, 'dropout': 0.1, 'epochs': 120, 'batch_size': 4, 'lr': '1e-5', 'weight_decay': '1e-5', 'scheduler_factor': 0.5, 'scheduler_patience': 8, 'device': 'cuda:0', 'log_root': './logs', 'checkpoint_root': './checkpoints', 'test_result_dir': './test_results', 'inference': {'input_dir': './inference_input', 'output_dir': './inference_output'}, 'hyperparam_search_space': {'lr': ['1e-4', '5e-4', '1e-3'], 'batch_size': [2, 4], 'dropout': [0.1, 0.2, 0.3], 'weight_decay': ['1e-5', '1e-4']}, 'postprocess_min_area': 500, 'postprocess_kernel_size': 3, 'dbscan_eps': 50, 'dbscan_min_samples': 10, 'inference_batch_size': 4, 'inference_split': 'test'}
2025-09-23 14:17:40,224 - INFO - Using device: cuda:0
2025-09-23 14:17:41,100 - WARNING - Checkpoint ./checkpoints/unet_11/latest.pth not found, starting from scratch
2025-09-23 14:17:41,100 - INFO - Starting training from epoch 0, total epochs: 120
2025-09-23 14:18:05,822 - INFO - Experiment name: unet_11
2025-09-23 14:18:05,822 - INFO - Using config: {'data_root': './data', 'resize': [480, 640], 'num_workers': 0, 'rgb_mean': [0.18, 0.246, 0.285], 'rgb_std': [0.207, 0.202, 0.23], 'depth_mean': 2997.516, 'depth_std': 1324.941, 'offset_mean': [-0.068, -0.075], 'offset_std': [17.084, 10.471], 'n_classes': 1, 'bilinear': True, 'dropout': 0.1, 'epochs': 120, 'batch_size': 4, 'lr': '1e-5', 'weight_decay': '1e-5', 'scheduler_factor': 0.5, 'scheduler_patience': 8, 'device': 'cuda:0', 'log_root': './logs', 'checkpoint_root': './checkpoints', 'test_result_dir': './test_results', 'inference': {'input_dir': './inference_input', 'output_dir': './inference_output'}, 'hyperparam_search_space': {'lr': ['1e-4', '5e-4', '1e-3'], 'batch_size': [2, 4], 'dropout': [0.1, 0.2, 0.3], 'weight_decay': ['1e-5', '1e-4']}, 'postprocess_min_area': 500, 'postprocess_kernel_size': 3, 'dbscan_eps': 50, 'dbscan_min_samples': 10, 'inference_batch_size': 4, 'inference_split': 'test'}
2025-09-23 14:18:06,818 - INFO - Using device: cuda:0
2025-09-23 14:18:07,708 - WARNING - Checkpoint ./checkpoints/unet_11/latest.pth not found, starting from scratch
2025-09-23 14:18:07,708 - INFO - Starting training from epoch 0, total epochs: 120
2025-09-23 14:19:26,941 - INFO - Experiment name: unet_11
2025-09-23 14:19:26,942 - INFO - Using config: {'data_root': './data', 'resize': [480, 640], 'num_workers': 0, 'rgb_mean': [0.18, 0.246, 0.285], 'rgb_std': [0.207, 0.202, 0.23], 'depth_mean': 2997.516, 'depth_std': 1324.941, 'offset_mean': [-0.068, -0.075], 'offset_std': [17.084, 10.471], 'n_classes': 1, 'bilinear': True, 'dropout': 0.1, 'epochs': 120, 'batch_size': 4, 'lr': '1e-5', 'weight_decay': '1e-5', 'scheduler_factor': 0.5, 'scheduler_patience': 8, 'device': 'cuda:0', 'log_root': './logs', 'checkpoint_root': './checkpoints', 'test_result_dir': './test_results', 'inference': {'input_dir': './inference_input', 'output_dir': './inference_output'}, 'hyperparam_search_space': {'lr': ['1e-4', '5e-4', '1e-3'], 'batch_size': [2, 4], 'dropout': [0.1, 0.2, 0.3], 'weight_decay': ['1e-5', '1e-4']}, 'postprocess_min_area': 500, 'postprocess_kernel_size': 3, 'dbscan_eps': 50, 'dbscan_min_samples': 10, 'inference_batch_size': 4, 'inference_split': 'test'}
2025-09-23 14:19:27,844 - INFO - Using device: cuda:0
2025-09-23 14:19:28,703 - WARNING - Checkpoint ./checkpoints/unet_11/latest.pth not found, starting from scratch
2025-09-23 14:19:28,704 - INFO - Starting training from epoch 0, total epochs: 120
2025-09-23 14:21:07,283 - INFO - Experiment name: unet_11
2025-09-23 14:21:07,283 - INFO - Using config: {'data_root': './data', 'resize': [480, 640], 'num_workers': 0, 'rgb_mean': [0.18, 0.246, 0.285], 'rgb_std': [0.207, 0.202, 0.23], 'depth_mean': 2997.516, 'depth_std': 1324.941, 'offset_mean': [-0.068, -0.075], 'offset_std': [17.084, 10.471], 'n_classes': 1, 'bilinear': True, 'dropout': 0.1, 'epochs': 120, 'batch_size': 4, 'lr': '1e-5', 'weight_decay': '1e-5', 'scheduler_factor': 0.5, 'scheduler_patience': 8, 'device': 'cuda:0', 'log_root': './logs', 'checkpoint_root': './checkpoints', 'test_result_dir': './test_results', 'inference': {'input_dir': './inference_input', 'output_dir': './inference_output'}, 'hyperparam_search_space': {'lr': ['1e-4', '5e-4', '1e-3'], 'batch_size': [2, 4], 'dropout': [0.1, 0.2, 0.3], 'weight_decay': ['1e-5', '1e-4']}, 'postprocess_min_area': 500, 'postprocess_kernel_size': 3, 'dbscan_eps': 50, 'dbscan_min_samples': 10, 'inference_batch_size': 4, 'inference_split': 'test'}
2025-09-23 14:21:08,202 - INFO - Using device: cuda:0
2025-09-23 14:21:09,064 - WARNING - Checkpoint ./checkpoints/unet_11/latest.pth not found, starting from scratch
2025-09-23 14:21:09,064 - INFO - Starting training from epoch 0, total epochs: 120
2025-09-23 14:22:27,599 - INFO - Train Epoch 0 - Loss: 21.7090, Seg Loss: 4.6199, Offset Loss: 17.0891, IoU: 0.1598, MSE: 7996.8545
2025-09-23 14:22:49,223 - INFO - Experiment name: unet_11
2025-09-23 14:22:49,223 - INFO - Using config: {'data_root': './data', 'resize': [480, 640], 'num_workers': 0, 'rgb_mean': [0.18, 0.246, 0.285], 'rgb_std': [0.207, 0.202, 0.23], 'depth_mean': 2997.516, 'depth_std': 1324.941, 'offset_mean': [-0.068, -0.075], 'offset_std': [17.084, 10.471], 'n_classes': 1, 'bilinear': True, 'dropout': 0.1, 'epochs': 120, 'batch_size': 4, 'lr': '1e-5', 'weight_decay': '1e-5', 'scheduler_factor': 0.5, 'scheduler_patience': 8, 'device': 'cuda:0', 'log_root': './logs', 'checkpoint_root': './checkpoints', 'test_result_dir': './test_results', 'inference': {'input_dir': './inference_input', 'output_dir': './inference_output'}, 'hyperparam_search_space': {'lr': ['1e-4', '5e-4', '1e-3'], 'batch_size': [2, 4], 'dropout': [0.1, 0.2, 0.3], 'weight_decay': ['1e-5', '1e-4']}, 'postprocess_min_area': 500, 'postprocess_kernel_size': 3, 'dbscan_eps': 50, 'dbscan_min_samples': 10, 'inference_batch_size': 4, 'inference_split': 'test'}
2025-09-23 14:22:50,202 - INFO - Using device: cuda:0
2025-09-23 14:22:51,071 - WARNING - Checkpoint ./checkpoints/unet_11/latest.pth not found, starting from scratch
2025-09-23 14:22:51,071 - INFO - Starting training from epoch 0, total epochs: 120
2025-09-23 14:24:09,423 - INFO - Train Epoch 0 - Loss: 14.4301, Seg Loss: 2.2363, Offset Loss: 12.1938, IoU: 0.1321, MSE: 5495.0981
2025-09-23 14:30:00,153 - INFO - Experiment name: unet_11
2025-09-23 14:30:00,154 - INFO - Using config: {'data_root': './data', 'resize': [480, 640], 'num_workers': 0, 'rgb_mean': [0.18, 0.246, 0.285], 'rgb_std': [0.207, 0.202, 0.23], 'depth_mean': 2997.516, 'depth_std': 1324.941, 'offset_mean': [-0.068, -0.075], 'offset_std': [17.084, 10.471], 'n_classes': 1, 'bilinear': True, 'dropout': 0.1, 'epochs': 120, 'batch_size': 4, 'lr': '1e-5', 'weight_decay': '1e-5', 'scheduler_factor': 0.5, 'scheduler_patience': 8, 'device': 'cuda:0', 'log_root': './logs', 'checkpoint_root': './checkpoints', 'test_result_dir': './test_results', 'inference': {'input_dir': './inference_input', 'output_dir': './inference_output'}, 'hyperparam_search_space': {'lr': ['1e-4', '5e-4', '1e-3'], 'batch_size': [2, 4], 'dropout': [0.1, 0.2, 0.3], 'weight_decay': ['1e-5', '1e-4']}, 'postprocess_min_area': 500, 'postprocess_kernel_size': 3, 'dbscan_eps': 50, 'dbscan_min_samples': 10, 'inference_batch_size': 4, 'inference_split': 'test'}
2025-09-23 14:30:01,160 - INFO - Using device: cuda:0
2025-09-23 14:30:02,148 - WARNING - Checkpoint ./checkpoints/unet_11/latest.pth not found, starting from scratch
2025-09-23 14:30:02,148 - INFO - Starting training from epoch 0, total epochs: 120
2025-09-23 14:31:21,092 - INFO - Train Epoch 0 - Loss: 14.2127, Seg Loss: 1.6462, Offset Loss: 12.5665, IoU: 0.1052, MSE: 6170.3667
2025-09-23 14:31:31,625 - INFO - Val Epoch 0 - Loss: 2.6824, Seg Loss: 1.2556, Offset Loss: 1.4267, IoU: 0.1304, MSE: 463.3730,bg_MSE: 376.5965, fg_MSE: 87.8564,fp_penalty_loss: 0.0898
2025-09-23 14:31:31,826 - INFO - Checkpoint saved to ./checkpoints/unet_11/latest.pth
2025-09-23 14:31:32,023 - INFO - Checkpoint saved to ./checkpoints/unet_11/best.pth
2025-09-23 14:31:32,024 - INFO - New best model! Score: -0.1218, IoU: 0.1304, MSE: 463.3730
2025-09-23 14:32:48,893 - INFO - Train Epoch 1 - Loss: 8.5196, Seg Loss: 1.4161, Offset Loss: 7.1034, IoU: 0.2119, MSE: 3476.7869
2025-09-23 14:32:59,359 - INFO - Val Epoch 1 - Loss: 1.7592, Seg Loss: 0.9744, Offset Loss: 0.7848, IoU: 0.4402, MSE: 161.5058,bg_MSE: 133.3988, fg_MSE: 29.1870,fp_penalty_loss: 0.1118
2025-09-23 14:32:59,635 - INFO - Checkpoint saved to ./checkpoints/unet_11/latest.pth
2025-09-23 14:32:59,901 - INFO - Checkpoint saved to ./checkpoints/unet_11/best.pth
2025-09-23 14:32:59,901 - INFO - New best model! Score: 0.0641, IoU: 0.4402, MSE: 161.5058
2025-09-23 14:34:16,709 - INFO - Train Epoch 2 - Loss: 5.7310, Seg Loss: 1.1800, Offset Loss: 4.5510, IoU: 0.3502, MSE: 2085.3408
2025-09-23 14:34:27,231 - INFO - Val Epoch 2 - Loss: 1.4097, Seg Loss: 0.7923, Offset Loss: 0.6174, IoU: 0.5281, MSE: 91.6506,bg_MSE: 69.3419, fg_MSE: 23.3887,fp_penalty_loss: 0.1319
2025-09-23 14:34:27,502 - INFO - Checkpoint saved to ./checkpoints/unet_11/latest.pth
2025-09-23 14:34:27,757 - INFO - Checkpoint saved to ./checkpoints/unet_11/best.pth
2025-09-23 14:34:27,757 - INFO - New best model! Score: 0.1169, IoU: 0.5281, MSE: 91.6506
2025-09-23 14:35:44,467 - INFO - Train Epoch 3 - Loss: 4.3581, Seg Loss: 0.9725, Offset Loss: 3.3856, IoU: 0.4543, MSE: 1578.3602
2025-09-23 14:35:54,967 - INFO - Val Epoch 3 - Loss: 1.3325, Seg Loss: 0.7504, Offset Loss: 0.5820, IoU: 0.5600, MSE: 69.7747,bg_MSE: 48.4801, fg_MSE: 22.3745,fp_penalty_loss: 0.1758
2025-09-23 14:35:55,239 - INFO - Checkpoint saved to ./checkpoints/unet_11/latest.pth
2025-09-23 14:35:55,502 - INFO - Checkpoint saved to ./checkpoints/unet_11/best.pth
2025-09-23 14:35:55,503 - INFO - New best model! Score: 0.1360, IoU: 0.5600, MSE: 69.7747
2025-09-23 14:37:12,553 - INFO - Train Epoch 4 - Loss: 3.4813, Seg Loss: 0.8339, Offset Loss: 2.6474, IoU: 0.4988, MSE: 931.8321
2025-09-23 14:37:23,032 - INFO - Val Epoch 4 - Loss: 1.3064, Seg Loss: 0.6937, Offset Loss: 0.6127, IoU: 0.5728, MSE: 83.4810,bg_MSE: 62.5846, fg_MSE: 21.9763,fp_penalty_loss: 0.1624
2025-09-23 14:37:23,306 - INFO - Checkpoint saved to ./checkpoints/unet_11/latest.pth
2025-09-23 14:37:23,568 - INFO - Checkpoint saved to ./checkpoints/unet_11/best.pth
2025-09-23 14:37:23,568 - INFO - New best model! Score: 0.1437, IoU: 0.5728, MSE: 83.4810
2025-09-23 14:38:40,453 - INFO - Train Epoch 5 - Loss: 3.0519, Seg Loss: 0.7624, Offset Loss: 2.2895, IoU: 0.5338, MSE: 1036.5364
2025-09-23 14:38:51,099 - INFO - Val Epoch 5 - Loss: 1.1543, Seg Loss: 0.6489, Offset Loss: 0.5054, IoU: 0.5867, MSE: 34.8361,bg_MSE: 24.3116, fg_MSE: 11.6045,fp_penalty_loss: 0.1478
2025-09-23 14:38:51,386 - INFO - Checkpoint saved to ./checkpoints/unet_11/latest.pth
2025-09-23 14:38:51,650 - INFO - Checkpoint saved to ./checkpoints/unet_11/best.pth
2025-09-23 14:38:51,650 - INFO - New best model! Score: 0.1520, IoU: 0.5867, MSE: 34.8361
2025-09-23 14:40:08,792 - INFO - Train Epoch 6 - Loss: 2.6859, Seg Loss: 0.7159, Offset Loss: 1.9699, IoU: 0.5299, MSE: 785.8990
2025-09-23 14:40:19,435 - INFO - Val Epoch 6 - Loss: 1.1289, Seg Loss: 0.5914, Offset Loss: 0.5376, IoU: 0.6056, MSE: 49.1167,bg_MSE: 29.5865, fg_MSE: 20.6101,fp_penalty_loss: 0.1183
2025-09-23 14:40:19,729 - INFO - Checkpoint saved to ./checkpoints/unet_11/latest.pth
2025-09-23 14:40:20,002 - INFO - Checkpoint saved to ./checkpoints/unet_11/best.pth
2025-09-23 14:40:20,003 - INFO - New best model! Score: 0.1633, IoU: 0.6056, MSE: 49.1167
2025-09-23 14:41:37,112 - INFO - Train Epoch 7 - Loss: 2.3767, Seg Loss: 0.6608, Offset Loss: 1.7159, IoU: 0.5585, MSE: 751.2063
2025-09-23 14:41:47,788 - INFO - Val Epoch 7 - Loss: 1.0602, Seg Loss: 0.5529, Offset Loss: 0.5073, IoU: 0.6262, MSE: 34.3534,bg_MSE: 15.4033, fg_MSE: 20.0300,fp_penalty_loss: 0.1125
2025-09-23 14:41:48,099 - INFO - Checkpoint saved to ./checkpoints/unet_11/latest.pth
2025-09-23 14:41:48,373 - INFO - Checkpoint saved to ./checkpoints/unet_11/best.pth
2025-09-23 14:41:48,374 - INFO - New best model! Score: 0.1757, IoU: 0.6262, MSE: 34.3534
2025-09-23 14:43:05,305 - INFO - Train Epoch 8 - Loss: 2.1478, Seg Loss: 0.6152, Offset Loss: 1.5326, IoU: 0.5908, MSE: 552.4892
2025-09-23 14:43:15,877 - INFO - Val Epoch 8 - Loss: 1.0682, Seg Loss: 0.5367, Offset Loss: 0.5315, IoU: 0.6524, MSE: 51.1336,bg_MSE: 28.2070, fg_MSE: 24.0065,fp_penalty_loss: 0.1239
2025-09-23 14:43:16,156 - INFO - Checkpoint saved to ./checkpoints/unet_11/latest.pth
2025-09-23 14:43:16,429 - INFO - Checkpoint saved to ./checkpoints/unet_11/best.pth
2025-09-23 14:43:16,429 - INFO - New best model! Score: 0.1914, IoU: 0.6524, MSE: 51.1336
2025-09-23 14:44:33,263 - INFO - Train Epoch 9 - Loss: 1.9863, Seg Loss: 0.5709, Offset Loss: 1.4153, IoU: 0.6132, MSE: 487.3468
2025-09-23 14:44:43,662 - INFO - Val Epoch 9 - Loss: 0.9927, Seg Loss: 0.4832, Offset Loss: 0.5095, IoU: 0.6835, MSE: 44.7267,bg_MSE: 22.0654, fg_MSE: 23.7413,fp_penalty_loss: 0.1053
2025-09-23 14:44:43,945 - INFO - Checkpoint saved to ./checkpoints/unet_11/latest.pth
2025-09-23 14:44:44,210 - INFO - Checkpoint saved to ./checkpoints/unet_11/best.pth
2025-09-23 14:44:44,210 - INFO - New best model! Score: 0.2101, IoU: 0.6835, MSE: 44.7267
2025-09-23 14:46:00,848 - INFO - Train Epoch 10 - Loss: 1.9331, Seg Loss: 0.5112, Offset Loss: 1.4219, IoU: 0.6368, MSE: 547.7447
2025-09-23 14:46:11,236 - INFO - Val Epoch 10 - Loss: 0.8990, Seg Loss: 0.4215, Offset Loss: 0.4775, IoU: 0.7160, MSE: 27.3818,bg_MSE: 12.4987, fg_MSE: 15.9631,fp_penalty_loss: 0.0866
2025-09-23 14:46:11,519 - INFO - Checkpoint saved to ./checkpoints/unet_11/latest.pth
2025-09-23 14:46:11,777 - INFO - Checkpoint saved to ./checkpoints/unet_11/best.pth
2025-09-23 14:46:11,777 - INFO - New best model! Score: 0.2296, IoU: 0.7160, MSE: 27.3818
2025-09-23 14:47:28,557 - INFO - Train Epoch 11 - Loss: 1.8617, Seg Loss: 0.4895, Offset Loss: 1.3721, IoU: 0.6528, MSE: 530.2917
2025-09-23 14:47:38,931 - INFO - Val Epoch 11 - Loss: 0.8622, Seg Loss: 0.3771, Offset Loss: 0.4851, IoU: 0.7374, MSE: 34.1021,bg_MSE: 17.4390, fg_MSE: 17.7430,fp_penalty_loss: 0.0713
2025-09-23 14:47:39,219 - INFO - Checkpoint saved to ./checkpoints/unet_11/latest.pth
2025-09-23 14:47:39,484 - INFO - Checkpoint saved to ./checkpoints/unet_11/best.pth
2025-09-23 14:47:39,484 - INFO - New best model! Score: 0.2424, IoU: 0.7374, MSE: 34.1021
2025-09-23 14:48:56,163 - INFO - Train Epoch 12 - Loss: 1.7742, Seg Loss: 0.4527, Offset Loss: 1.3215, IoU: 0.6820, MSE: 431.8660
2025-09-23 14:49:06,695 - INFO - Val Epoch 12 - Loss: 0.8531, Seg Loss: 0.3481, Offset Loss: 0.5050, IoU: 0.7504, MSE: 50.0476,bg_MSE: 33.8321, fg_MSE: 17.2955,fp_penalty_loss: 0.0618
2025-09-23 14:49:06,982 - INFO - Checkpoint saved to ./checkpoints/unet_11/latest.pth
2025-09-23 14:49:07,249 - INFO - Checkpoint saved to ./checkpoints/unet_11/best.pth
2025-09-23 14:49:07,250 - INFO - New best model! Score: 0.2503, IoU: 0.7504, MSE: 50.0476
2025-09-23 14:50:24,105 - INFO - Train Epoch 13 - Loss: 1.7228, Seg Loss: 0.4471, Offset Loss: 1.2756, IoU: 0.6783, MSE: 428.7210
2025-09-23 14:50:34,608 - INFO - Val Epoch 13 - Loss: 0.7809, Seg Loss: 0.3291, Offset Loss: 0.4519, IoU: 0.7576, MSE: 16.1732,bg_MSE: 7.9085, fg_MSE: 9.3447,fp_penalty_loss: 0.0517
2025-09-23 14:50:34,896 - INFO - Checkpoint saved to ./checkpoints/unet_11/latest.pth
2025-09-23 14:50:35,158 - INFO - Checkpoint saved to ./checkpoints/unet_11/best.pth
2025-09-23 14:50:35,159 - INFO - New best model! Score: 0.3850, IoU: 0.7576, MSE: 16.1732
2025-09-23 14:51:52,011 - INFO - Train Epoch 14 - Loss: 1.6351, Seg Loss: 0.4077, Offset Loss: 1.2274, IoU: 0.6994, MSE: 364.6396
2025-09-23 14:52:02,561 - INFO - Val Epoch 14 - Loss: 0.8097, Seg Loss: 0.3390, Offset Loss: 0.4707, IoU: 0.7680, MSE: 28.5035,bg_MSE: 10.3388, fg_MSE: 19.2447,fp_penalty_loss: 0.0693
2025-09-23 14:52:02,857 - INFO - Checkpoint saved to ./checkpoints/unet_11/latest.pth
2025-09-23 14:53:20,077 - INFO - Train Epoch 15 - Loss: 1.5623, Seg Loss: 0.3897, Offset Loss: 1.1726, IoU: 0.7032, MSE: 348.5089
2025-09-23 14:53:30,701 - INFO - Val Epoch 15 - Loss: 0.7834, Seg Loss: 0.3068, Offset Loss: 0.4767, IoU: 0.7652, MSE: 35.7689,bg_MSE: 19.1954, fg_MSE: 17.6535,fp_penalty_loss: 0.0441
2025-09-23 14:53:30,992 - INFO - Checkpoint saved to ./checkpoints/unet_11/latest.pth
2025-09-23 14:54:48,040 - INFO - Train Epoch 16 - Loss: 1.5379, Seg Loss: 0.3684, Offset Loss: 1.1694, IoU: 0.7388, MSE: 315.1021
2025-09-23 14:54:58,454 - INFO - Val Epoch 16 - Loss: 0.7567, Seg Loss: 0.2794, Offset Loss: 0.4773, IoU: 0.7966, MSE: 32.9836,bg_MSE: 15.4944, fg_MSE: 18.5692,fp_penalty_loss: 0.0491
2025-09-23 14:54:58,743 - INFO - Checkpoint saved to ./checkpoints/unet_11/latest.pth
2025-09-23 14:56:15,715 - INFO - Train Epoch 17 - Loss: 1.5050, Seg Loss: 0.3575, Offset Loss: 1.1475, IoU: 0.7358, MSE: 476.3886
2025-09-23 14:56:26,326 - INFO - Val Epoch 17 - Loss: 0.7621, Seg Loss: 0.2945, Offset Loss: 0.4675, IoU: 0.7884, MSE: 24.7429,bg_MSE: 19.7491, fg_MSE: 6.0737,fp_penalty_loss: 0.0563
2025-09-23 14:56:26,621 - INFO - Checkpoint saved to ./checkpoints/unet_11/latest.pth
2025-09-23 14:57:43,260 - INFO - Train Epoch 18 - Loss: 1.4632, Seg Loss: 0.3415, Offset Loss: 1.1217, IoU: 0.7255, MSE: 407.3400
2025-09-23 14:57:53,730 - INFO - Val Epoch 18 - Loss: 0.7258, Seg Loss: 0.2517, Offset Loss: 0.4740, IoU: 0.8017, MSE: 32.1509,bg_MSE: 14.6620, fg_MSE: 18.5689,fp_penalty_loss: 0.0338
2025-09-23 14:57:54,025 - INFO - Checkpoint saved to ./checkpoints/unet_11/latest.pth
2025-09-23 14:59:10,725 - INFO - Train Epoch 19 - Loss: 1.4734, Seg Loss: 0.3288, Offset Loss: 1.1446, IoU: 0.7723, MSE: 367.9502
2025-09-23 14:59:21,374 - INFO - Val Epoch 19 - Loss: 0.6952, Seg Loss: 0.2470, Offset Loss: 0.4482, IoU: 0.8054, MSE: 13.8973,bg_MSE: 10.2324, fg_MSE: 4.7449,fp_penalty_loss: 0.0340
2025-09-23 14:59:21,669 - INFO - Checkpoint saved to ./checkpoints/unet_11/latest.pth
2025-09-23 14:59:21,947 - INFO - Checkpoint saved to ./checkpoints/unet_11/best.pth
2025-09-23 14:59:21,947 - INFO - New best model! Score: 0.4516, IoU: 0.8054, MSE: 13.8973
2025-09-23 15:00:38,668 - INFO - Train Epoch 20 - Loss: 1.4685, Seg Loss: 0.3044, Offset Loss: 1.1641, IoU: 0.7714, MSE: 373.7802
2025-09-23 15:00:49,181 - INFO - Val Epoch 20 - Loss: 0.6962, Seg Loss: 0.2482, Offset Loss: 0.4480, IoU: 0.8145, MSE: 17.0828,bg_MSE: 11.5631, fg_MSE: 6.5996,fp_penalty_loss: 0.0424
2025-09-23 15:00:49,481 - INFO - Checkpoint saved to ./checkpoints/unet_11/latest.pth
2025-09-23 15:02:06,551 - INFO - Train Epoch 21 - Loss: 1.3658, Seg Loss: 0.2976, Offset Loss: 1.0682, IoU: 0.7780, MSE: 372.8970
2025-09-23 15:02:17,187 - INFO - Val Epoch 21 - Loss: 0.6933, Seg Loss: 0.2318, Offset Loss: 0.4615, IoU: 0.8294, MSE: 30.0902,bg_MSE: 12.8482, fg_MSE: 18.3220,fp_penalty_loss: 0.0430
2025-09-23 15:02:17,492 - INFO - Checkpoint saved to ./checkpoints/unet_11/latest.pth
2025-09-23 15:03:34,554 - INFO - Train Epoch 22 - Loss: 1.3401, Seg Loss: 0.2863, Offset Loss: 1.0538, IoU: 0.8008, MSE: 340.1212
2025-09-23 15:03:44,990 - INFO - Val Epoch 22 - Loss: 0.6903, Seg Loss: 0.2374, Offset Loss: 0.4529, IoU: 0.8296, MSE: 14.6754,bg_MSE: 14.2024, fg_MSE: 1.5530,fp_penalty_loss: 0.0456
2025-09-23 15:03:45,286 - INFO - Checkpoint saved to ./checkpoints/unet_11/latest.pth
2025-09-23 15:03:45,568 - INFO - Checkpoint saved to ./checkpoints/unet_11/best.pth
2025-09-23 15:03:45,568 - INFO - New best model! Score: 0.4532, IoU: 0.8296, MSE: 14.6754
2025-09-23 15:05:02,444 - INFO - Train Epoch 23 - Loss: 1.3260, Seg Loss: 0.2791, Offset Loss: 1.0469, IoU: 0.7771, MSE: 310.2238
2025-09-23 15:05:13,023 - INFO - Val Epoch 23 - Loss: 0.6577, Seg Loss: 0.2144, Offset Loss: 0.4433, IoU: 0.8386, MSE: 9.2856,bg_MSE: 8.5129, fg_MSE: 1.8527,fp_penalty_loss: 0.0370
2025-09-23 15:05:13,315 - INFO - Checkpoint saved to ./checkpoints/unet_11/latest.pth
2025-09-23 15:05:13,590 - INFO - Checkpoint saved to ./checkpoints/unet_11/best.pth
2025-09-23 15:05:13,591 - INFO - New best model! Score: 0.5484, IoU: 0.8386, MSE: 9.2856
2025-09-23 15:06:30,409 - INFO - Train Epoch 24 - Loss: 1.2696, Seg Loss: 0.2755, Offset Loss: 0.9940, IoU: 0.7952, MSE: 344.5026
2025-09-23 15:06:40,897 - INFO - Val Epoch 24 - Loss: 0.6868, Seg Loss: 0.2135, Offset Loss: 0.4733, IoU: 0.8439, MSE: 24.2993,bg_MSE: 1.8621, fg_MSE: 23.5171,fp_penalty_loss: 0.0408
2025-09-23 15:06:41,182 - INFO - Checkpoint saved to ./checkpoints/unet_11/latest.pth
2025-09-23 15:07:58,129 - INFO - Train Epoch 25 - Loss: 1.2756, Seg Loss: 0.2572, Offset Loss: 1.0184, IoU: 0.8155, MSE: 293.5501
2025-09-23 15:08:08,721 - INFO - Val Epoch 25 - Loss: 0.6337, Seg Loss: 0.2004, Offset Loss: 0.4333, IoU: 0.8457, MSE: 5.8577,bg_MSE: 2.5120, fg_MSE: 4.4257,fp_penalty_loss: 0.0306
2025-09-23 15:08:09,023 - INFO - Checkpoint saved to ./checkpoints/unet_11/latest.pth
2025-09-23 15:08:09,305 - INFO - Checkpoint saved to ./checkpoints/unet_11/best.pth
2025-09-23 15:08:09,306 - INFO - New best model! Score: 0.7052, IoU: 0.8457, MSE: 5.8577
2025-09-23 15:09:26,150 - INFO - Train Epoch 26 - Loss: 1.2216, Seg Loss: 0.2551, Offset Loss: 0.9666, IoU: 0.8062, MSE: 323.7823
2025-09-23 15:09:36,651 - INFO - Val Epoch 26 - Loss: 0.6490, Seg Loss: 0.2057, Offset Loss: 0.4433, IoU: 0.8431, MSE: 8.1966,bg_MSE: 8.0968, fg_MSE: 1.1798,fp_penalty_loss: 0.0340
2025-09-23 15:09:36,960 - INFO - Checkpoint saved to ./checkpoints/unet_11/latest.pth
2025-09-23 15:10:53,695 - INFO - Train Epoch 27 - Loss: 1.2403, Seg Loss: 0.2436, Offset Loss: 0.9968, IoU: 0.8139, MSE: 262.8031
2025-09-23 15:11:04,269 - INFO - Val Epoch 27 - Loss: 0.6511, Seg Loss: 0.2055, Offset Loss: 0.4456, IoU: 0.8521, MSE: 11.6885,bg_MSE: 9.7190, fg_MSE: 3.0495,fp_penalty_loss: 0.0398
2025-09-23 15:11:04,568 - INFO - Checkpoint saved to ./checkpoints/unet_11/latest.pth
2025-09-23 15:12:21,430 - INFO - Train Epoch 28 - Loss: 1.2205, Seg Loss: 0.2482, Offset Loss: 0.9722, IoU: 0.7863, MSE: 275.3761
2025-09-23 15:12:32,154 - INFO - Val Epoch 28 - Loss: 0.6195, Seg Loss: 0.1897, Offset Loss: 0.4298, IoU: 0.8539, MSE: 5.2561,bg_MSE: 1.4215, fg_MSE: 4.9146,fp_penalty_loss: 0.0310
2025-09-23 15:12:32,454 - INFO - Checkpoint saved to ./checkpoints/unet_11/latest.pth
2025-09-23 15:12:32,739 - INFO - Checkpoint saved to ./checkpoints/unet_11/best.pth
2025-09-23 15:12:32,739 - INFO - New best model! Score: 0.7655, IoU: 0.8539, MSE: 5.2561
2025-09-23 15:13:50,112 - INFO - Train Epoch 29 - Loss: 1.1939, Seg Loss: 0.2249, Offset Loss: 0.9689, IoU: 0.8010, MSE: 289.7991
2025-09-23 15:14:00,737 - INFO - Val Epoch 29 - Loss: 0.6865, Seg Loss: 0.2153, Offset Loss: 0.4712, IoU: 0.8520, MSE: 38.8486,bg_MSE: 1.5646, fg_MSE: 38.3639,fp_penalty_loss: 0.0470
2025-09-23 15:14:01,044 - INFO - Checkpoint saved to ./checkpoints/unet_11/latest.pth
2025-09-23 15:15:18,397 - INFO - Train Epoch 30 - Loss: 1.1563, Seg Loss: 0.2265, Offset Loss: 0.9298, IoU: 0.8265, MSE: 241.7687
2025-09-23 15:15:28,912 - INFO - Val Epoch 30 - Loss: 0.6079, Seg Loss: 0.1806, Offset Loss: 0.4273, IoU: 0.8670, MSE: 8.0560,bg_MSE: 1.3926, fg_MSE: 7.7434,fp_penalty_loss: 0.0339
2025-09-23 15:15:29,205 - INFO - Checkpoint saved to ./checkpoints/unet_11/latest.pth
2025-09-23 15:16:46,197 - INFO - Train Epoch 31 - Loss: 1.1808, Seg Loss: 0.2261, Offset Loss: 0.9547, IoU: 0.8107, MSE: 261.1929
2025-09-23 15:16:56,802 - INFO - Val Epoch 31 - Loss: 0.6094, Seg Loss: 0.1691, Offset Loss: 0.4403, IoU: 0.8706, MSE: 20.6686,bg_MSE: 1.6548, fg_MSE: 20.0937,fp_penalty_loss: 0.0300
2025-09-23 15:16:57,095 - INFO - Checkpoint saved to ./checkpoints/unet_11/latest.pth
2025-09-23 15:18:14,020 - INFO - Train Epoch 32 - Loss: 1.1315, Seg Loss: 0.2166, Offset Loss: 0.9149, IoU: 0.8185, MSE: 281.7120
2025-09-23 15:18:24,424 - INFO - Val Epoch 32 - Loss: 0.6310, Seg Loss: 0.1850, Offset Loss: 0.4460, IoU: 0.8555, MSE: 15.3722,bg_MSE: 1.5852, fg_MSE: 14.8670,fp_penalty_loss: 0.0276
2025-09-23 15:18:24,713 - INFO - Checkpoint saved to ./checkpoints/unet_11/latest.pth
2025-09-23 15:19:41,465 - INFO - Train Epoch 33 - Loss: 1.1681, Seg Loss: 0.2099, Offset Loss: 0.9582, IoU: 0.8429, MSE: 306.1776
2025-09-23 15:19:51,912 - INFO - Val Epoch 33 - Loss: 0.6007, Seg Loss: 0.1638, Offset Loss: 0.4368, IoU: 0.8750, MSE: 25.7672,bg_MSE: 1.9329, fg_MSE: 24.9143,fp_penalty_loss: 0.0288
2025-09-23 15:19:52,204 - INFO - Checkpoint saved to ./checkpoints/unet_11/latest.pth
2025-09-23 15:21:09,244 - INFO - Train Epoch 34 - Loss: 1.0746, Seg Loss: 0.2050, Offset Loss: 0.8697, IoU: 0.8566, MSE: 250.6846
2025-09-23 15:21:19,995 - INFO - Val Epoch 34 - Loss: 0.6009, Seg Loss: 0.1653, Offset Loss: 0.4356, IoU: 0.8767, MSE: 30.5985,bg_MSE: 1.9114, fg_MSE: 29.7671,fp_penalty_loss: 0.0315
2025-09-23 15:21:20,293 - INFO - Checkpoint saved to ./checkpoints/unet_11/latest.pth
2025-09-23 15:22:37,231 - INFO - Train Epoch 35 - Loss: 1.0798, Seg Loss: 0.1977, Offset Loss: 0.8821, IoU: 0.8258, MSE: 239.9906
2025-09-23 15:22:47,809 - INFO - Val Epoch 35 - Loss: 0.5411, Seg Loss: 0.1603, Offset Loss: 0.3808, IoU: 0.8804, MSE: 9.4169,bg_MSE: 2.0637, fg_MSE: 8.4332,fp_penalty_loss: 0.0314
2025-09-23 15:22:48,107 - INFO - Checkpoint saved to ./checkpoints/unet_11/latest.pth
2025-09-23 15:24:05,124 - INFO - Train Epoch 36 - Loss: 1.0688, Seg Loss: 0.1890, Offset Loss: 0.8798, IoU: 0.8354, MSE: 243.4334
2025-09-23 15:24:15,707 - INFO - Val Epoch 36 - Loss: 0.5349, Seg Loss: 0.1659, Offset Loss: 0.3690, IoU: 0.8716, MSE: 17.8905,bg_MSE: 2.1008, fg_MSE: 16.8697,fp_penalty_loss: 0.0277
2025-09-23 15:24:16,003 - INFO - Checkpoint saved to ./checkpoints/unet_11/latest.pth
2025-09-23 15:25:32,959 - INFO - Train Epoch 37 - Loss: 1.0905, Seg Loss: 0.1868, Offset Loss: 0.9037, IoU: 0.8660, MSE: 336.5668
2025-09-23 15:25:43,415 - INFO - Val Epoch 37 - Loss: 0.5291, Seg Loss: 0.1623, Offset Loss: 0.3668, IoU: 0.8792, MSE: 21.7683,bg_MSE: 2.4189, fg_MSE: 20.4294,fp_penalty_loss: 0.0315
2025-09-23 15:25:43,713 - INFO - Checkpoint saved to ./checkpoints/unet_11/latest.pth
2025-09-23 15:27:00,275 - INFO - Train Epoch 38 - Loss: 1.0155, Seg Loss: 0.1847, Offset Loss: 0.8308, IoU: 0.8621, MSE: 279.8818
2025-09-23 15:27:10,864 - INFO - Val Epoch 38 - Loss: 0.5097, Seg Loss: 0.1472, Offset Loss: 0.3625, IoU: 0.8856, MSE: 18.1404,bg_MSE: 2.2418, fg_MSE: 16.9785,fp_penalty_loss: 0.0260
2025-09-23 15:27:11,161 - INFO - Checkpoint saved to ./checkpoints/unet_11/latest.pth
2025-09-23 15:28:28,021 - INFO - Train Epoch 39 - Loss: 0.9926, Seg Loss: 0.1820, Offset Loss: 0.8105, IoU: 0.8403, MSE: 322.7248
2025-09-23 15:28:38,695 - INFO - Val Epoch 39 - Loss: 0.4949, Seg Loss: 0.1442, Offset Loss: 0.3507, IoU: 0.8847, MSE: 21.1864,bg_MSE: 2.2784, fg_MSE: 19.9879,fp_penalty_loss: 0.0226
2025-09-23 15:28:38,993 - INFO - Checkpoint saved to ./checkpoints/unet_11/latest.pth
2025-09-23 15:29:55,781 - INFO - Train Epoch 40 - Loss: 1.0268, Seg Loss: 0.1725, Offset Loss: 0.8543, IoU: 0.8573, MSE: 305.9517
2025-09-23 15:30:06,455 - INFO - Val Epoch 40 - Loss: 0.5235, Seg Loss: 0.1686, Offset Loss: 0.3549, IoU: 0.8745, MSE: 35.0005,bg_MSE: 3.1784, fg_MSE: 32.9021,fp_penalty_loss: 0.0315
2025-09-23 15:30:06,751 - INFO - Checkpoint saved to ./checkpoints/unet_11/latest.pth
2025-09-23 15:31:23,424 - INFO - Train Epoch 41 - Loss: 0.9049, Seg Loss: 0.1728, Offset Loss: 0.7321, IoU: 0.8566, MSE: 240.8974
2025-09-23 15:31:33,969 - INFO - Val Epoch 41 - Loss: 0.5405, Seg Loss: 0.1488, Offset Loss: 0.3917, IoU: 0.8854, MSE: 65.6530,bg_MSE: 3.3456, fg_MSE: 63.3874,fp_penalty_loss: 0.0259
2025-09-23 15:31:34,280 - INFO - Checkpoint saved to ./checkpoints/unet_11/latest.pth
2025-09-23 15:32:50,894 - INFO - Train Epoch 42 - Loss: 0.9972, Seg Loss: 0.1667, Offset Loss: 0.8305, IoU: 0.8533, MSE: 219.2045
2025-09-23 15:33:01,573 - INFO - Val Epoch 42 - Loss: 0.4843, Seg Loss: 0.1486, Offset Loss: 0.3356, IoU: 0.8868, MSE: 26.0503,bg_MSE: 2.6583, fg_MSE: 24.4719,fp_penalty_loss: 0.0275
2025-09-23 15:33:01,868 - INFO - Checkpoint saved to ./checkpoints/unet_11/latest.pth
2025-09-23 15:34:18,673 - INFO - Train Epoch 43 - Loss: 0.9926, Seg Loss: 0.1684, Offset Loss: 0.8242, IoU: 0.8616, MSE: 288.8922
2025-09-23 15:34:29,318 - INFO - Val Epoch 43 - Loss: 0.4865, Seg Loss: 0.1490, Offset Loss: 0.3375, IoU: 0.8876, MSE: 30.4241,bg_MSE: 3.2577, fg_MSE: 28.2464,fp_penalty_loss: 0.0281
2025-09-23 15:34:29,617 - INFO - Checkpoint saved to ./checkpoints/unet_11/latest.pth
2025-09-23 15:35:46,427 - INFO - Train Epoch 44 - Loss: 0.9540, Seg Loss: 0.1612, Offset Loss: 0.7929, IoU: 0.8620, MSE: 291.7534
2025-09-23 15:35:57,038 - INFO - Val Epoch 44 - Loss: 0.4807, Seg Loss: 0.1520, Offset Loss: 0.3288, IoU: 0.8913, MSE: 30.3103,bg_MSE: 3.3361, fg_MSE: 28.0542,fp_penalty_loss: 0.0338
2025-09-23 15:35:57,334 - INFO - Checkpoint saved to ./checkpoints/unet_11/latest.pth
2025-09-23 15:37:14,124 - INFO - Train Epoch 45 - Loss: 0.9567, Seg Loss: 0.1520, Offset Loss: 0.8047, IoU: 0.8741, MSE: 197.4683
2025-09-23 15:37:24,690 - INFO - Val Epoch 45 - Loss: 0.4527, Seg Loss: 0.1333, Offset Loss: 0.3194, IoU: 0.8966, MSE: 25.8578,bg_MSE: 2.7336, fg_MSE: 24.2041,fp_penalty_loss: 0.0238
2025-09-23 15:37:24,988 - INFO - Checkpoint saved to ./checkpoints/unet_11/latest.pth
2025-09-23 15:38:41,948 - INFO - Train Epoch 46 - Loss: 0.9636, Seg Loss: 0.1594, Offset Loss: 0.8043, IoU: 0.8741, MSE: 292.9212
2025-09-23 15:38:52,694 - INFO - Val Epoch 46 - Loss: 0.4438, Seg Loss: 0.1290, Offset Loss: 0.3147, IoU: 0.9009, MSE: 25.4317,bg_MSE: 2.9064, fg_MSE: 23.6052,fp_penalty_loss: 0.0242
2025-09-23 15:38:52,992 - INFO - Checkpoint saved to ./checkpoints/unet_11/latest.pth
2025-09-23 15:40:10,217 - INFO - Train Epoch 47 - Loss: 0.9104, Seg Loss: 0.1511, Offset Loss: 0.7593, IoU: 0.8808, MSE: 250.8164
2025-09-23 15:40:20,766 - INFO - Val Epoch 47 - Loss: 0.4519, Seg Loss: 0.1366, Offset Loss: 0.3153, IoU: 0.8980, MSE: 36.3821,bg_MSE: 3.3933, fg_MSE: 34.0688,fp_penalty_loss: 0.0267
2025-09-23 15:40:21,110 - INFO - Checkpoint saved to ./checkpoints/unet_11/latest.pth
2025-09-23 15:41:38,223 - INFO - Train Epoch 48 - Loss: 0.9486, Seg Loss: 0.1520, Offset Loss: 0.7966, IoU: 0.8816, MSE: 253.8876
2025-09-23 15:41:48,790 - INFO - Val Epoch 48 - Loss: 0.4481, Seg Loss: 0.1345, Offset Loss: 0.3137, IoU: 0.8948, MSE: 25.0995,bg_MSE: 2.8972, fg_MSE: 23.2822,fp_penalty_loss: 0.0236
2025-09-23 15:41:49,093 - INFO - Checkpoint saved to ./checkpoints/unet_11/latest.pth
2025-09-23 15:43:06,161 - INFO - Train Epoch 49 - Loss: 0.9160, Seg Loss: 0.1410, Offset Loss: 0.7751, IoU: 0.8844, MSE: 264.9447
2025-09-23 15:43:16,778 - INFO - Val Epoch 49 - Loss: 0.4433, Seg Loss: 0.1270, Offset Loss: 0.3163, IoU: 0.9035, MSE: 37.1668,bg_MSE: 2.9926, fg_MSE: 35.2542,fp_penalty_loss: 0.0253
2025-09-23 15:43:17,080 - INFO - Checkpoint saved to ./checkpoints/unet_11/latest.pth
2025-09-23 15:44:33,842 - INFO - Train Epoch 50 - Loss: 0.9480, Seg Loss: 0.1409, Offset Loss: 0.8071, IoU: 0.8849, MSE: 299.6138
2025-09-23 15:44:44,443 - INFO - Val Epoch 50 - Loss: 0.4373, Seg Loss: 0.1337, Offset Loss: 0.3036, IoU: 0.9014, MSE: 30.4500,bg_MSE: 3.2083, fg_MSE: 28.3216,fp_penalty_loss: 0.0272
2025-09-23 15:44:44,743 - INFO - Checkpoint saved to ./checkpoints/unet_11/latest.pth
2025-09-23 15:46:01,637 - INFO - Train Epoch 51 - Loss: 0.8896, Seg Loss: 0.1429, Offset Loss: 0.7467, IoU: 0.8850, MSE: 309.8972
2025-09-23 15:46:12,168 - INFO - Val Epoch 51 - Loss: 0.4297, Seg Loss: 0.1264, Offset Loss: 0.3032, IoU: 0.9026, MSE: 33.7383,bg_MSE: 3.1676, fg_MSE: 31.6506,fp_penalty_loss: 0.0241
2025-09-23 15:46:12,468 - INFO - Checkpoint saved to ./checkpoints/unet_11/latest.pth
2025-09-23 15:47:29,293 - INFO - Train Epoch 52 - Loss: 0.8864, Seg Loss: 0.1398, Offset Loss: 0.7466, IoU: 0.8764, MSE: 278.7162
2025-09-23 15:47:39,774 - INFO - Val Epoch 52 - Loss: 0.4201, Seg Loss: 0.1253, Offset Loss: 0.2948, IoU: 0.9061, MSE: 26.0626,bg_MSE: 3.0316, fg_MSE: 24.1109,fp_penalty_loss: 0.0254
2025-09-23 15:47:40,076 - INFO - Checkpoint saved to ./checkpoints/unet_11/latest.pth
2025-09-23 15:48:56,843 - INFO - Train Epoch 53 - Loss: 0.8853, Seg Loss: 0.1328, Offset Loss: 0.7524, IoU: 0.8967, MSE: 247.5300
2025-09-23 15:49:07,348 - INFO - Val Epoch 53 - Loss: 0.4006, Seg Loss: 0.1159, Offset Loss: 0.2847, IoU: 0.9094, MSE: 24.3476,bg_MSE: 2.8171, fg_MSE: 22.6104,fp_penalty_loss: 0.0210
2025-09-23 15:49:07,646 - INFO - Checkpoint saved to ./checkpoints/unet_11/latest.pth
2025-09-23 15:50:24,394 - INFO - Train Epoch 54 - Loss: 0.8468, Seg Loss: 0.1285, Offset Loss: 0.7183, IoU: 0.9007, MSE: 327.9319
2025-09-23 15:50:35,040 - INFO - Val Epoch 54 - Loss: 0.3822, Seg Loss: 0.1135, Offset Loss: 0.2687, IoU: 0.9113, MSE: 30.1060,bg_MSE: 3.2180, fg_MSE: 27.9680,fp_penalty_loss: 0.0209
2025-09-23 15:50:35,338 - INFO - Checkpoint saved to ./checkpoints/unet_11/latest.pth
2025-09-23 15:51:52,287 - INFO - Train Epoch 55 - Loss: 0.8279, Seg Loss: 0.1286, Offset Loss: 0.6992, IoU: 0.8976, MSE: 259.9499
2025-09-23 15:52:02,931 - INFO - Val Epoch 55 - Loss: 0.3755, Seg Loss: 0.1154, Offset Loss: 0.2601, IoU: 0.9116, MSE: 34.7020,bg_MSE: 3.5965, fg_MSE: 32.1855,fp_penalty_loss: 0.0228
2025-09-23 15:52:03,231 - INFO - Checkpoint saved to ./checkpoints/unet_11/latest.pth
2025-09-23 15:53:19,971 - INFO - Train Epoch 56 - Loss: 0.8422, Seg Loss: 0.1273, Offset Loss: 0.7150, IoU: 0.8907, MSE: 249.8900
2025-09-23 15:53:30,548 - INFO - Val Epoch 56 - Loss: 0.3731, Seg Loss: 0.1207, Offset Loss: 0.2524, IoU: 0.9088, MSE: 40.6562,bg_MSE: 4.3036, fg_MSE: 37.4326,fp_penalty_loss: 0.0250
2025-09-23 15:53:30,845 - INFO - Checkpoint saved to ./checkpoints/unet_11/latest.pth
2025-09-23 15:54:47,378 - INFO - Train Epoch 57 - Loss: 0.7837, Seg Loss: 0.1261, Offset Loss: 0.6575, IoU: 0.8931, MSE: 205.2782
2025-09-23 15:54:57,999 - INFO - Val Epoch 57 - Loss: 0.3423, Seg Loss: 0.1094, Offset Loss: 0.2329, IoU: 0.9143, MSE: 46.3184,bg_MSE: 4.7578, fg_MSE: 42.6405,fp_penalty_loss: 0.0194
2025-09-23 15:54:58,303 - INFO - Checkpoint saved to ./checkpoints/unet_11/latest.pth
2025-09-23 15:56:15,498 - INFO - Train Epoch 58 - Loss: 0.7974, Seg Loss: 0.1214, Offset Loss: 0.6760, IoU: 0.9132, MSE: 274.9791
2025-09-23 15:56:26,103 - INFO - Val Epoch 58 - Loss: 0.3400, Seg Loss: 0.1180, Offset Loss: 0.2220, IoU: 0.9124, MSE: 50.5858,bg_MSE: 5.6326, fg_MSE: 46.0331,fp_penalty_loss: 0.0246
2025-09-23 15:56:26,407 - INFO - Checkpoint saved to ./checkpoints/unet_11/latest.pth
2025-09-23 15:57:42,954 - INFO - Train Epoch 59 - Loss: 0.7538, Seg Loss: 0.1222, Offset Loss: 0.6316, IoU: 0.9088, MSE: 253.3235
2025-09-23 15:57:53,576 - INFO - Val Epoch 59 - Loss: 0.3093, Seg Loss: 0.1051, Offset Loss: 0.2043, IoU: 0.9169, MSE: 65.8878,bg_MSE: 5.3913, fg_MSE: 61.5765,fp_penalty_loss: 0.0192
2025-09-23 15:57:53,895 - INFO - Checkpoint saved to ./checkpoints/unet_11/latest.pth
2025-09-23 15:59:10,586 - INFO - Train Epoch 60 - Loss: 0.7900, Seg Loss: 0.1187, Offset Loss: 0.6713, IoU: 0.8941, MSE: 265.9715
2025-09-23 15:59:21,197 - INFO - Val Epoch 60 - Loss: 0.3289, Seg Loss: 0.1211, Offset Loss: 0.2078, IoU: 0.9110, MSE: 61.5036,bg_MSE: 6.3598, fg_MSE: 56.2237,fp_penalty_loss: 0.0255
2025-09-23 15:59:21,501 - INFO - Checkpoint saved to ./checkpoints/unet_11/latest.pth
2025-09-23 16:00:38,095 - INFO - Train Epoch 61 - Loss: 0.7557, Seg Loss: 0.1190, Offset Loss: 0.6366, IoU: 0.9003, MSE: 224.0554
2025-09-23 16:00:48,690 - INFO - Val Epoch 61 - Loss: 0.3136, Seg Loss: 0.1127, Offset Loss: 0.2009, IoU: 0.9125, MSE: 67.1145,bg_MSE: 5.7273, fg_MSE: 62.4671,fp_penalty_loss: 0.0211
2025-09-23 16:00:48,987 - INFO - Checkpoint saved to ./checkpoints/unet_11/latest.pth
2025-09-23 16:02:05,762 - INFO - Train Epoch 62 - Loss: 0.7941, Seg Loss: 0.1218, Offset Loss: 0.6723, IoU: 0.9010, MSE: 309.5049
2025-09-23 16:02:16,292 - INFO - Val Epoch 62 - Loss: 0.3221, Seg Loss: 0.1229, Offset Loss: 0.1992, IoU: 0.9093, MSE: 67.8136,bg_MSE: 7.1933, fg_MSE: 61.7003,fp_penalty_loss: 0.0252
2025-09-23 16:02:16,591 - INFO - Checkpoint saved to ./checkpoints/unet_11/latest.pth
2025-09-23 16:03:33,514 - INFO - Train Epoch 63 - Loss: 0.7701, Seg Loss: 0.1194, Offset Loss: 0.6507, IoU: 0.9078, MSE: 313.5900
2025-09-23 16:03:44,069 - INFO - Val Epoch 63 - Loss: 0.2992, Seg Loss: 0.1086, Offset Loss: 0.1905, IoU: 0.9154, MSE: 72.3529,bg_MSE: 5.8037, fg_MSE: 67.6292,fp_penalty_loss: 0.0203
2025-09-23 16:03:44,364 - INFO - Checkpoint saved to ./checkpoints/unet_11/latest.pth
2025-09-23 16:05:01,121 - INFO - Train Epoch 64 - Loss: 0.7433, Seg Loss: 0.1107, Offset Loss: 0.6326, IoU: 0.9094, MSE: 249.0147
2025-09-23 16:05:11,812 - INFO - Val Epoch 64 - Loss: 0.3121, Seg Loss: 0.1234, Offset Loss: 0.1887, IoU: 0.9108, MSE: 72.0233,bg_MSE: 7.3171, fg_MSE: 65.7862,fp_penalty_loss: 0.0272
2025-09-23 16:05:12,106 - INFO - Checkpoint saved to ./checkpoints/unet_11/latest.pth
2025-09-23 16:06:29,483 - INFO - Train Epoch 65 - Loss: 0.7391, Seg Loss: 0.1118, Offset Loss: 0.6273, IoU: 0.9059, MSE: 278.1480
2025-09-23 16:06:39,894 - INFO - Val Epoch 65 - Loss: 0.2957, Seg Loss: 0.1143, Offset Loss: 0.1813, IoU: 0.9152, MSE: 88.5662,bg_MSE: 8.2298, fg_MSE: 81.4164,fp_penalty_loss: 0.0246
2025-09-23 16:06:40,194 - INFO - Checkpoint saved to ./checkpoints/unet_11/latest.pth
2025-09-23 16:07:57,112 - INFO - Train Epoch 66 - Loss: 0.7487, Seg Loss: 0.1128, Offset Loss: 0.6359, IoU: 0.9131, MSE: 263.7237
2025-09-23 16:08:07,527 - INFO - Val Epoch 66 - Loss: 0.2732, Seg Loss: 0.0972, Offset Loss: 0.1760, IoU: 0.9223, MSE: 85.5385,bg_MSE: 5.9295, fg_MSE: 80.6890,fp_penalty_loss: 0.0169
2025-09-23 16:08:07,812 - INFO - Checkpoint saved to ./checkpoints/unet_11/latest.pth
2025-09-23 16:09:24,543 - INFO - Train Epoch 67 - Loss: 0.7573, Seg Loss: 0.1092, Offset Loss: 0.6481, IoU: 0.9107, MSE: 345.5234
2025-09-23 16:09:35,197 - INFO - Val Epoch 67 - Loss: 0.2748, Seg Loss: 0.0996, Offset Loss: 0.1751, IoU: 0.9212, MSE: 72.7364,bg_MSE: 5.4269, fg_MSE: 68.3895,fp_penalty_loss: 0.0183
2025-09-23 16:09:35,490 - INFO - Checkpoint saved to ./checkpoints/unet_11/latest.pth
2025-09-23 16:10:52,799 - INFO - Train Epoch 68 - Loss: 0.7117, Seg Loss: 0.1046, Offset Loss: 0.6071, IoU: 0.9111, MSE: 360.0052
2025-09-23 16:11:03,257 - INFO - Val Epoch 68 - Loss: 0.2789, Seg Loss: 0.1061, Offset Loss: 0.1728, IoU: 0.9205, MSE: 90.8311,bg_MSE: 7.5394, fg_MSE: 84.3716,fp_penalty_loss: 0.0219
2025-09-23 16:11:03,546 - INFO - Checkpoint saved to ./checkpoints/unet_11/latest.pth
2025-09-23 16:12:20,319 - INFO - Train Epoch 69 - Loss: 0.7254, Seg Loss: 0.1063, Offset Loss: 0.6192, IoU: 0.9039, MSE: 331.5823
2025-09-23 16:12:30,963 - INFO - Val Epoch 69 - Loss: 0.2845, Seg Loss: 0.1047, Offset Loss: 0.1798, IoU: 0.9194, MSE: 80.1442,bg_MSE: 6.3339, fg_MSE: 74.8903,fp_penalty_loss: 0.0207
2025-09-23 16:12:31,256 - INFO - Checkpoint saved to ./checkpoints/unet_11/latest.pth
2025-09-23 16:13:48,228 - INFO - Train Epoch 70 - Loss: 0.6969, Seg Loss: 0.1033, Offset Loss: 0.5936, IoU: 0.9125, MSE: 256.8703
2025-09-23 16:13:58,753 - INFO - Val Epoch 70 - Loss: 0.2585, Seg Loss: 0.1002, Offset Loss: 0.1583, IoU: 0.9222, MSE: 93.7865,bg_MSE: 6.4806, fg_MSE: 88.3859,fp_penalty_loss: 0.0193
2025-09-23 16:13:59,043 - INFO - Checkpoint saved to ./checkpoints/unet_11/latest.pth
2025-09-23 16:15:15,656 - INFO - Train Epoch 71 - Loss: 0.7098, Seg Loss: 0.1048, Offset Loss: 0.6049, IoU: 0.9182, MSE: 299.0789
2025-09-23 16:15:26,222 - INFO - Val Epoch 71 - Loss: 0.2652, Seg Loss: 0.1032, Offset Loss: 0.1620, IoU: 0.9221, MSE: 82.2823,bg_MSE: 7.5640, fg_MSE: 75.7982,fp_penalty_loss: 0.0211
2025-09-23 16:15:26,514 - INFO - Checkpoint saved to ./checkpoints/unet_11/latest.pth
2025-09-23 16:16:43,604 - INFO - Train Epoch 72 - Loss: 0.6803, Seg Loss: 0.1004, Offset Loss: 0.5799, IoU: 0.9199, MSE: 240.4520
2025-09-23 16:16:54,242 - INFO - Val Epoch 72 - Loss: 0.2607, Seg Loss: 0.0935, Offset Loss: 0.1671, IoU: 0.9245, MSE: 109.4997,bg_MSE: 6.2402, fg_MSE: 104.3395,fp_penalty_loss: 0.0156
2025-09-23 16:16:54,535 - INFO - Checkpoint saved to ./checkpoints/unet_11/latest.pth
2025-09-23 16:18:11,031 - INFO - Train Epoch 73 - Loss: 0.6785, Seg Loss: 0.0998, Offset Loss: 0.5787, IoU: 0.9182, MSE: 298.7126
2025-09-23 16:18:21,473 - INFO - Val Epoch 73 - Loss: 0.2498, Seg Loss: 0.0943, Offset Loss: 0.1555, IoU: 0.9259, MSE: 93.0010,bg_MSE: 6.6752, fg_MSE: 87.4057,fp_penalty_loss: 0.0179
2025-09-23 16:18:21,762 - INFO - Checkpoint saved to ./checkpoints/unet_11/latest.pth
2025-09-23 16:19:38,602 - INFO - Train Epoch 74 - Loss: 0.6902, Seg Loss: 0.0990, Offset Loss: 0.5912, IoU: 0.9236, MSE: 302.2837
2025-09-23 16:19:49,028 - INFO - Val Epoch 74 - Loss: 0.2528, Seg Loss: 0.0955, Offset Loss: 0.1572, IoU: 0.9236, MSE: 96.8206,bg_MSE: 6.4132, fg_MSE: 91.4874,fp_penalty_loss: 0.0161
2025-09-23 16:19:49,339 - INFO - Checkpoint saved to ./checkpoints/unet_11/latest.pth
2025-09-23 16:21:05,944 - INFO - Train Epoch 75 - Loss: 0.6734, Seg Loss: 0.0971, Offset Loss: 0.5763, IoU: 0.9179, MSE: 295.7707
2025-09-23 16:21:16,585 - INFO - Val Epoch 75 - Loss: 0.2497, Seg Loss: 0.0941, Offset Loss: 0.1556, IoU: 0.9264, MSE: 84.0658,bg_MSE: 6.1478, fg_MSE: 78.9980,fp_penalty_loss: 0.0178
2025-09-23 16:21:16,879 - INFO - Checkpoint saved to ./checkpoints/unet_11/latest.pth
2025-09-23 16:22:33,594 - INFO - Train Epoch 76 - Loss: 0.6729, Seg Loss: 0.0946, Offset Loss: 0.5783, IoU: 0.9146, MSE: 328.4378
2025-09-23 16:22:44,127 - INFO - Val Epoch 76 - Loss: 0.2493, Seg Loss: 0.0978, Offset Loss: 0.1515, IoU: 0.9255, MSE: 102.2312,bg_MSE: 7.0866, fg_MSE: 96.2246,fp_penalty_loss: 0.0195
2025-09-23 16:22:44,427 - INFO - Checkpoint saved to ./checkpoints/unet_11/latest.pth
2025-09-23 16:24:01,091 - INFO - Train Epoch 77 - Loss: 0.6671, Seg Loss: 0.0949, Offset Loss: 0.5722, IoU: 0.9222, MSE: 341.8030
2025-09-23 16:24:11,474 - INFO - Val Epoch 77 - Loss: 0.2529, Seg Loss: 0.0962, Offset Loss: 0.1567, IoU: 0.9264, MSE: 68.6287,bg_MSE: 5.9802, fg_MSE: 63.7285,fp_penalty_loss: 0.0196
2025-09-23 16:24:11,757 - INFO - Checkpoint saved to ./checkpoints/unet_11/latest.pth
2025-09-23 16:25:28,398 - INFO - Train Epoch 78 - Loss: 0.6423, Seg Loss: 0.0966, Offset Loss: 0.5457, IoU: 0.9045, MSE: 270.7430
2025-09-23 16:25:39,023 - INFO - Val Epoch 78 - Loss: 0.2321, Seg Loss: 0.0939, Offset Loss: 0.1383, IoU: 0.9273, MSE: 105.9708,bg_MSE: 7.1090, fg_MSE: 99.9418,fp_penalty_loss: 0.0183
2025-09-23 16:25:39,319 - INFO - Checkpoint saved to ./checkpoints/unet_11/latest.pth
2025-09-23 16:26:56,623 - INFO - Train Epoch 79 - Loss: 0.6467, Seg Loss: 0.0930, Offset Loss: 0.5537, IoU: 0.9272, MSE: 311.0776
2025-09-23 16:27:07,232 - INFO - Val Epoch 79 - Loss: 0.2340, Seg Loss: 0.0946, Offset Loss: 0.1394, IoU: 0.9254, MSE: 92.5026,bg_MSE: 6.7353, fg_MSE: 86.8473,fp_penalty_loss: 0.0176
2025-09-23 16:27:07,527 - INFO - Checkpoint saved to ./checkpoints/unet_11/latest.pth
2025-09-23 16:28:24,315 - INFO - Train Epoch 80 - Loss: 0.6218, Seg Loss: 0.0877, Offset Loss: 0.5341, IoU: 0.9316, MSE: 273.6640
2025-09-23 16:28:34,820 - INFO - Val Epoch 80 - Loss: 0.2417, Seg Loss: 0.1048, Offset Loss: 0.1368, IoU: 0.9223, MSE: 100.5790,bg_MSE: 7.7476, fg_MSE: 93.9114,fp_penalty_loss: 0.0225
2025-09-23 16:28:35,106 - INFO - Checkpoint saved to ./checkpoints/unet_11/latest.pth
2025-09-23 16:29:52,184 - INFO - Train Epoch 81 - Loss: 0.6332, Seg Loss: 0.0877, Offset Loss: 0.5455, IoU: 0.9235, MSE: 373.0799
2025-09-23 16:30:02,669 - INFO - Val Epoch 81 - Loss: 0.2260, Seg Loss: 0.0919, Offset Loss: 0.1342, IoU: 0.9295, MSE: 109.5889,bg_MSE: 7.2412, fg_MSE: 103.4277,fp_penalty_loss: 0.0184
2025-09-23 16:30:02,958 - INFO - Checkpoint saved to ./checkpoints/unet_11/latest.pth
2025-09-23 16:31:19,522 - INFO - Train Epoch 82 - Loss: 0.6456, Seg Loss: 0.0869, Offset Loss: 0.5587, IoU: 0.9302, MSE: 270.9696
2025-09-23 16:31:29,982 - INFO - Val Epoch 82 - Loss: 0.2201, Seg Loss: 0.0892, Offset Loss: 0.1309, IoU: 0.9310, MSE: 92.8289,bg_MSE: 6.6832, fg_MSE: 87.2257,fp_penalty_loss: 0.0179
2025-09-23 16:31:30,276 - INFO - Checkpoint saved to ./checkpoints/unet_11/latest.pth
2025-09-23 16:32:47,115 - INFO - Train Epoch 83 - Loss: 0.6343, Seg Loss: 0.0961, Offset Loss: 0.5381, IoU: 0.9161, MSE: 303.1617
2025-09-23 16:32:57,834 - INFO - Val Epoch 83 - Loss: 0.2254, Seg Loss: 0.0937, Offset Loss: 0.1316, IoU: 0.9275, MSE: 91.8789,bg_MSE: 6.8889, fg_MSE: 86.0700,fp_penalty_loss: 0.0189
2025-09-23 16:32:58,128 - INFO - Checkpoint saved to ./checkpoints/unet_11/latest.pth
2025-09-23 16:34:15,253 - INFO - Train Epoch 84 - Loss: 0.6128, Seg Loss: 0.0865, Offset Loss: 0.5263, IoU: 0.9208, MSE: 324.0047
2025-09-23 16:34:25,855 - INFO - Val Epoch 84 - Loss: 0.2180, Seg Loss: 0.0910, Offset Loss: 0.1270, IoU: 0.9301, MSE: 106.6018,bg_MSE: 7.1383, fg_MSE: 100.5435,fp_penalty_loss: 0.0188
2025-09-23 16:34:26,151 - INFO - Checkpoint saved to ./checkpoints/unet_11/latest.pth
2025-09-23 16:35:43,264 - INFO - Train Epoch 85 - Loss: 0.6347, Seg Loss: 0.0887, Offset Loss: 0.5460, IoU: 0.9339, MSE: 326.0352
2025-09-23 16:35:53,621 - INFO - Val Epoch 85 - Loss: 0.2190, Seg Loss: 0.0900, Offset Loss: 0.1291, IoU: 0.9299, MSE: 102.5079,bg_MSE: 6.3920, fg_MSE: 97.1958,fp_penalty_loss: 0.0177
2025-09-23 16:35:53,904 - INFO - Checkpoint saved to ./checkpoints/unet_11/latest.pth
2025-09-23 16:37:10,632 - INFO - Train Epoch 86 - Loss: 0.5809, Seg Loss: 0.0861, Offset Loss: 0.4948, IoU: 0.9324, MSE: 256.1473
2025-09-23 16:37:21,119 - INFO - Val Epoch 86 - Loss: 0.2224, Seg Loss: 0.0948, Offset Loss: 0.1276, IoU: 0.9282, MSE: 92.0305,bg_MSE: 6.6953, fg_MSE: 86.4153,fp_penalty_loss: 0.0198
2025-09-23 16:37:21,408 - INFO - Checkpoint saved to ./checkpoints/unet_11/latest.pth
2025-09-23 16:38:38,561 - INFO - Train Epoch 87 - Loss: 0.6329, Seg Loss: 0.0877, Offset Loss: 0.5452, IoU: 0.9376, MSE: 346.5394
2025-09-23 16:38:49,198 - INFO - Val Epoch 87 - Loss: 0.2119, Seg Loss: 0.0867, Offset Loss: 0.1251, IoU: 0.9308, MSE: 92.3908,bg_MSE: 6.0192, fg_MSE: 87.4515,fp_penalty_loss: 0.0157
2025-09-23 16:38:49,494 - INFO - Checkpoint saved to ./checkpoints/unet_11/latest.pth
2025-09-23 16:40:06,325 - INFO - Train Epoch 88 - Loss: 0.6008, Seg Loss: 0.0888, Offset Loss: 0.5120, IoU: 0.9111, MSE: 343.3965
2025-09-23 16:40:16,835 - INFO - Val Epoch 88 - Loss: 0.2383, Seg Loss: 0.0913, Offset Loss: 0.1470, IoU: 0.9286, MSE: 111.3404,bg_MSE: 7.3123, fg_MSE: 105.1080,fp_penalty_loss: 0.0173
2025-09-23 16:40:17,131 - INFO - Checkpoint saved to ./checkpoints/unet_11/latest.pth
2025-09-23 16:41:33,819 - INFO - Train Epoch 89 - Loss: 0.6578, Seg Loss: 0.0908, Offset Loss: 0.5670, IoU: 0.9216, MSE: 341.0698
2025-09-23 16:41:44,462 - INFO - Val Epoch 89 - Loss: 0.2219, Seg Loss: 0.0907, Offset Loss: 0.1312, IoU: 0.9286, MSE: 102.8910,bg_MSE: 6.0487, fg_MSE: 97.9222,fp_penalty_loss: 0.0170
2025-09-23 16:41:44,755 - INFO - Checkpoint saved to ./checkpoints/unet_11/latest.pth
2025-09-23 16:43:01,533 - INFO - Train Epoch 90 - Loss: 0.5879, Seg Loss: 0.0919, Offset Loss: 0.4960, IoU: 0.9311, MSE: 332.9480
2025-09-23 16:43:12,158 - INFO - Val Epoch 90 - Loss: 0.2304, Seg Loss: 0.0970, Offset Loss: 0.1334, IoU: 0.9273, MSE: 135.7762,bg_MSE: 8.6312, fg_MSE: 128.2250,fp_penalty_loss: 0.0199
2025-09-23 16:43:12,458 - INFO - Checkpoint saved to ./checkpoints/unet_11/latest.pth
2025-09-23 16:44:29,356 - INFO - Train Epoch 91 - Loss: 0.6088, Seg Loss: 0.0883, Offset Loss: 0.5204, IoU: 0.9327, MSE: 361.5174
2025-09-23 16:44:39,714 - INFO - Val Epoch 91 - Loss: 0.2285, Seg Loss: 0.0946, Offset Loss: 0.1339, IoU: 0.9287, MSE: 113.8770,bg_MSE: 7.6170, fg_MSE: 107.3400,fp_penalty_loss: 0.0196
2025-09-23 16:44:39,999 - INFO - Checkpoint saved to ./checkpoints/unet_11/latest.pth
2025-09-23 16:45:56,908 - INFO - Train Epoch 92 - Loss: 0.5817, Seg Loss: 0.0827, Offset Loss: 0.4991, IoU: 0.9237, MSE: 265.9498
2025-09-23 16:46:07,322 - INFO - Val Epoch 92 - Loss: 0.2192, Seg Loss: 0.0905, Offset Loss: 0.1287, IoU: 0.9300, MSE: 116.4655,bg_MSE: 7.7611, fg_MSE: 109.7844,fp_penalty_loss: 0.0178
2025-09-23 16:46:07,632 - INFO - Checkpoint saved to ./checkpoints/unet_11/latest.pth
2025-09-23 16:47:24,300 - INFO - Train Epoch 93 - Loss: 0.6060, Seg Loss: 0.0842, Offset Loss: 0.5218, IoU: 0.9294, MSE: 330.5576
2025-09-23 16:47:34,819 - INFO - Val Epoch 93 - Loss: 0.2132, Seg Loss: 0.0879, Offset Loss: 0.1253, IoU: 0.9315, MSE: 104.0851,bg_MSE: 6.7603, fg_MSE: 98.4048,fp_penalty_loss: 0.0169
2025-09-23 16:47:35,116 - INFO - Checkpoint saved to ./checkpoints/unet_11/latest.pth
2025-09-23 16:48:52,026 - INFO - Train Epoch 94 - Loss: 0.5769, Seg Loss: 0.0865, Offset Loss: 0.4903, IoU: 0.9239, MSE: 335.3167
2025-09-23 16:49:02,580 - INFO - Val Epoch 94 - Loss: 0.2172, Seg Loss: 0.0888, Offset Loss: 0.1284, IoU: 0.9308, MSE: 118.9147,bg_MSE: 7.3165, fg_MSE: 112.6782,fp_penalty_loss: 0.0174
2025-09-23 16:49:02,879 - INFO - Checkpoint saved to ./checkpoints/unet_11/latest.pth
2025-09-23 16:50:19,584 - INFO - Train Epoch 95 - Loss: 0.5949, Seg Loss: 0.0797, Offset Loss: 0.5151, IoU: 0.9344, MSE: 290.8992
2025-09-23 16:50:30,142 - INFO - Val Epoch 95 - Loss: 0.2331, Seg Loss: 0.1045, Offset Loss: 0.1286, IoU: 0.9234, MSE: 94.2142,bg_MSE: 7.7933, fg_MSE: 87.5009,fp_penalty_loss: 0.0230
2025-09-23 16:50:30,427 - INFO - Checkpoint saved to ./checkpoints/unet_11/latest.pth
2025-09-23 16:51:47,356 - INFO - Train Epoch 96 - Loss: 0.5748, Seg Loss: 0.0792, Offset Loss: 0.4956, IoU: 0.9304, MSE: 335.7195
2025-09-23 16:51:57,870 - INFO - Val Epoch 96 - Loss: 0.1990, Seg Loss: 0.0824, Offset Loss: 0.1165, IoU: 0.9346, MSE: 99.3617,bg_MSE: 6.0610, fg_MSE: 94.3806,fp_penalty_loss: 0.0153
2025-09-23 16:51:58,155 - INFO - Checkpoint saved to ./checkpoints/unet_11/latest.pth
2025-09-23 16:53:14,604 - INFO - Train Epoch 97 - Loss: 0.5586, Seg Loss: 0.0805, Offset Loss: 0.4780, IoU: 0.9302, MSE: 298.3249
2025-09-23 16:53:24,935 - INFO - Val Epoch 97 - Loss: 0.1963, Seg Loss: 0.0848, Offset Loss: 0.1114, IoU: 0.9336, MSE: 112.3247,bg_MSE: 7.1328, fg_MSE: 106.2719,fp_penalty_loss: 0.0164
2025-09-23 16:53:25,225 - INFO - Checkpoint saved to ./checkpoints/unet_11/latest.pth
2025-09-23 16:54:41,766 - INFO - Train Epoch 98 - Loss: 0.5983, Seg Loss: 0.0846, Offset Loss: 0.5137, IoU: 0.9318, MSE: 360.9944
2025-09-23 16:54:52,277 - INFO - Val Epoch 98 - Loss: 0.2010, Seg Loss: 0.0854, Offset Loss: 0.1156, IoU: 0.9324, MSE: 106.6159,bg_MSE: 6.4762, fg_MSE: 101.2196,fp_penalty_loss: 0.0159
2025-09-23 16:54:52,571 - INFO - Checkpoint saved to ./checkpoints/unet_11/latest.pth
2025-09-23 16:56:09,298 - INFO - Train Epoch 99 - Loss: 0.5465, Seg Loss: 0.0791, Offset Loss: 0.4674, IoU: 0.9262, MSE: 291.5128
2025-09-23 16:56:19,858 - INFO - Val Epoch 99 - Loss: 0.2117, Seg Loss: 0.0897, Offset Loss: 0.1220, IoU: 0.9309, MSE: 90.3935,bg_MSE: 6.7466, fg_MSE: 84.7269,fp_penalty_loss: 0.0182
2025-09-23 16:56:20,148 - INFO - Checkpoint saved to ./checkpoints/unet_11/latest.pth
2025-09-23 16:57:37,346 - INFO - Train Epoch 100 - Loss: 0.5556, Seg Loss: 0.0809, Offset Loss: 0.4747, IoU: 0.9183, MSE: 299.3528
2025-09-23 16:57:47,871 - INFO - Val Epoch 100 - Loss: 0.2013, Seg Loss: 0.0866, Offset Loss: 0.1147, IoU: 0.9330, MSE: 102.1933,bg_MSE: 6.5408, fg_MSE: 96.7325,fp_penalty_loss: 0.0172
2025-09-23 16:57:48,168 - INFO - Checkpoint saved to ./checkpoints/unet_11/latest.pth
2025-09-23 16:59:04,982 - INFO - Train Epoch 101 - Loss: 0.5360, Seg Loss: 0.0770, Offset Loss: 0.4590, IoU: 0.9377, MSE: 260.6028
2025-09-23 16:59:15,561 - INFO - Val Epoch 101 - Loss: 0.1982, Seg Loss: 0.0823, Offset Loss: 0.1159, IoU: 0.9351, MSE: 106.9576,bg_MSE: 6.2592, fg_MSE: 101.7784,fp_penalty_loss: 0.0158
2025-09-23 16:59:15,836 - INFO - Checkpoint saved to ./checkpoints/unet_11/latest.pth
2025-09-23 17:00:32,984 - INFO - Train Epoch 102 - Loss: 0.5402, Seg Loss: 0.0800, Offset Loss: 0.4602, IoU: 0.9305, MSE: 280.4488
2025-09-23 17:00:43,567 - INFO - Val Epoch 102 - Loss: 0.2000, Seg Loss: 0.0804, Offset Loss: 0.1196, IoU: 0.9360, MSE: 91.5201,bg_MSE: 5.1791, fg_MSE: 87.4209,fp_penalty_loss: 0.0149
2025-09-23 17:00:43,856 - INFO - Checkpoint saved to ./checkpoints/unet_11/latest.pth
2025-09-23 17:02:00,595 - INFO - Train Epoch 103 - Loss: 0.5226, Seg Loss: 0.0802, Offset Loss: 0.4425, IoU: 0.9403, MSE: 303.2742
2025-09-23 17:02:11,080 - INFO - Val Epoch 103 - Loss: 0.1926, Seg Loss: 0.0780, Offset Loss: 0.1146, IoU: 0.9359, MSE: 108.4924,bg_MSE: 5.8172, fg_MSE: 103.7552,fp_penalty_loss: 0.0130
2025-09-23 17:02:11,370 - INFO - Checkpoint saved to ./checkpoints/unet_11/latest.pth
2025-09-23 17:03:28,034 - INFO - Train Epoch 104 - Loss: 0.5465, Seg Loss: 0.0763, Offset Loss: 0.4702, IoU: 0.9297, MSE: 322.6747
2025-09-23 17:03:38,643 - INFO - Val Epoch 104 - Loss: 0.2005, Seg Loss: 0.0835, Offset Loss: 0.1171, IoU: 0.9348, MSE: 95.3180,bg_MSE: 6.0297, fg_MSE: 90.3682,fp_penalty_loss: 0.0164
2025-09-23 17:03:38,937 - INFO - Checkpoint saved to ./checkpoints/unet_11/latest.pth
2025-09-23 17:04:55,646 - INFO - Train Epoch 105 - Loss: 0.5346, Seg Loss: 0.0731, Offset Loss: 0.4616, IoU: 0.9334, MSE: 264.1101
2025-09-23 17:05:06,303 - INFO - Val Epoch 105 - Loss: 0.1884, Seg Loss: 0.0771, Offset Loss: 0.1113, IoU: 0.9374, MSE: 102.2553,bg_MSE: 5.6245, fg_MSE: 97.7108,fp_penalty_loss: 0.0136
2025-09-23 17:05:06,597 - INFO - Checkpoint saved to ./checkpoints/unet_11/latest.pth
2025-09-23 17:06:23,738 - INFO - Train Epoch 106 - Loss: 0.5591, Seg Loss: 0.0758, Offset Loss: 0.4833, IoU: 0.9393, MSE: 347.3962
2025-09-23 17:06:34,344 - INFO - Val Epoch 106 - Loss: 0.1828, Seg Loss: 0.0782, Offset Loss: 0.1046, IoU: 0.9367, MSE: 106.0751,bg_MSE: 5.6601, fg_MSE: 101.4949,fp_penalty_loss: 0.0144
2025-09-23 17:06:34,644 - INFO - Checkpoint saved to ./checkpoints/unet_11/latest.pth
2025-09-23 17:07:51,830 - INFO - Train Epoch 107 - Loss: 0.5448, Seg Loss: 0.0732, Offset Loss: 0.4716, IoU: 0.9360, MSE: 286.6289
2025-09-23 17:08:02,457 - INFO - Val Epoch 107 - Loss: 0.1826, Seg Loss: 0.0772, Offset Loss: 0.1053, IoU: 0.9372, MSE: 106.4009,bg_MSE: 5.7674, fg_MSE: 101.7135,fp_penalty_loss: 0.0138
2025-09-23 17:08:02,747 - INFO - Checkpoint saved to ./checkpoints/unet_11/latest.pth
2025-09-23 17:09:19,765 - INFO - Train Epoch 108 - Loss: 0.5571, Seg Loss: 0.0715, Offset Loss: 0.4856, IoU: 0.9401, MSE: 297.8781
2025-09-23 17:09:30,290 - INFO - Val Epoch 108 - Loss: 0.1823, Seg Loss: 0.0781, Offset Loss: 0.1041, IoU: 0.9369, MSE: 105.4666,bg_MSE: 6.1045, fg_MSE: 100.4421,fp_penalty_loss: 0.0144
2025-09-23 17:09:30,577 - INFO - Checkpoint saved to ./checkpoints/unet_11/latest.pth
2025-09-23 17:10:47,489 - INFO - Train Epoch 109 - Loss: 0.5512, Seg Loss: 0.0715, Offset Loss: 0.4797, IoU: 0.9314, MSE: 323.7598
2025-09-23 17:10:58,078 - INFO - Val Epoch 109 - Loss: 0.1841, Seg Loss: 0.0810, Offset Loss: 0.1030, IoU: 0.9362, MSE: 109.6817,bg_MSE: 6.6758, fg_MSE: 104.0859,fp_penalty_loss: 0.0159
2025-09-23 17:10:58,374 - INFO - Checkpoint saved to ./checkpoints/unet_11/latest.pth
2025-09-23 17:12:15,269 - INFO - Train Epoch 110 - Loss: 0.5206, Seg Loss: 0.0720, Offset Loss: 0.4487, IoU: 0.9342, MSE: 255.3401
2025-09-23 17:12:25,697 - INFO - Val Epoch 110 - Loss: 0.1893, Seg Loss: 0.0813, Offset Loss: 0.1080, IoU: 0.9362, MSE: 104.8636,bg_MSE: 6.3326, fg_MSE: 99.6109,fp_penalty_loss: 0.0161
2025-09-23 17:12:25,989 - INFO - Checkpoint saved to ./checkpoints/unet_11/latest.pth
2025-09-23 17:13:42,585 - INFO - Train Epoch 111 - Loss: 0.5540, Seg Loss: 0.0727, Offset Loss: 0.4813, IoU: 0.9392, MSE: 353.4137
2025-09-23 17:13:52,979 - INFO - Val Epoch 111 - Loss: 0.1765, Seg Loss: 0.0742, Offset Loss: 0.1023, IoU: 0.9391, MSE: 105.2203,bg_MSE: 5.5099, fg_MSE: 100.7903,fp_penalty_loss: 0.0129
2025-09-23 17:13:53,268 - INFO - Checkpoint saved to ./checkpoints/unet_11/latest.pth
2025-09-23 17:15:10,083 - INFO - Train Epoch 112 - Loss: 0.4818, Seg Loss: 0.0713, Offset Loss: 0.4104, IoU: 0.9372, MSE: 234.4869
2025-09-23 17:15:20,666 - INFO - Val Epoch 112 - Loss: 0.1734, Seg Loss: 0.0764, Offset Loss: 0.0970, IoU: 0.9384, MSE: 118.8705,bg_MSE: 6.1343, fg_MSE: 113.8162,fp_penalty_loss: 0.0140
2025-09-23 17:15:20,968 - INFO - Checkpoint saved to ./checkpoints/unet_11/latest.pth
2025-09-23 17:16:37,881 - INFO - Train Epoch 113 - Loss: 0.5199, Seg Loss: 0.0719, Offset Loss: 0.4480, IoU: 0.9309, MSE: 338.9491
2025-09-23 17:16:48,442 - INFO - Val Epoch 113 - Loss: 0.1721, Seg Loss: 0.0779, Offset Loss: 0.0943, IoU: 0.9385, MSE: 127.3768,bg_MSE: 7.1791, fg_MSE: 121.2776,fp_penalty_loss: 0.0152
2025-09-23 17:16:48,744 - INFO - Checkpoint saved to ./checkpoints/unet_11/latest.pth
2025-09-23 17:18:05,980 - INFO - Train Epoch 114 - Loss: 0.5136, Seg Loss: 0.0718, Offset Loss: 0.4418, IoU: 0.9460, MSE: 308.8066
2025-09-23 17:18:16,515 - INFO - Val Epoch 114 - Loss: 0.1823, Seg Loss: 0.0801, Offset Loss: 0.1021, IoU: 0.9364, MSE: 107.6497,bg_MSE: 6.5528, fg_MSE: 102.1768,fp_penalty_loss: 0.0155
2025-09-23 17:18:16,812 - INFO - Checkpoint saved to ./checkpoints/unet_11/latest.pth
