2025-09-18 20:23:04,128 - INFO - Experiment name: unet_03
2025-09-18 20:23:04,128 - INFO - Using config: {'data_root': './data', 'resize': [480, 640], 'num_workers': 0, 'rgb_mean': [0.18, 0.246, 0.285], 'rgb_std': [0.207, 0.202, 0.23], 'depth_mean': 2997.516, 'depth_std': 1324.941, 'offset_mean': [-0.068, -0.075], 'offset_std': [17.084, 10.471], 'n_classes': 1, 'bilinear': True, 'dropout': 0.1, 'epochs': 100, 'batch_size': 4, 'lr': '1e-5', 'weight_decay': '1e-5', 'scheduler_factor': 0.5, 'scheduler_patience': 10, 'device': 'cuda:0', 'log_root': './logs', 'checkpoint_root': './checkpoints', 'test_result_dir': './test_results', 'inference': {'input_dir': './inference_input', 'output_dir': './inference_output'}, 'hyperparam_search_space': {'lr': ['1e-4', '5e-4', '1e-3'], 'batch_size': [2, 4], 'dropout': [0.1, 0.2, 0.3], 'weight_decay': ['1e-5', '1e-4']}}
2025-09-18 20:23:05,020 - INFO - Using device: cuda:0
2025-09-18 20:23:05,877 - WARNING - Checkpoint ./checkpoints/unet_03/latest.pth not found, starting from scratch
2025-09-18 20:23:05,877 - INFO - Starting training from epoch 0, total epochs: 100
2025-09-18 20:23:54,819 - INFO - Train Epoch 0 - Loss: 9.4210, Seg Loss: 1.2649, Offset Loss: 15.9829, IoU: 0.1985, MAE: 39.3219
2025-09-18 20:24:02,217 - INFO - Val Epoch 0 - Loss: 3.1747, Seg Loss: 0.5819, Offset Loss: 4.9146, IoU: 0.3758, MAE: 19.8156bg_MAE: 1.1270
2025-09-18 20:24:02,410 - INFO - Checkpoint saved to ./checkpoints/unet_03/latest.pth
2025-09-18 20:24:02,600 - INFO - Checkpoint saved to ./checkpoints/unet_03/best.pth
2025-09-18 20:24:02,601 - INFO - New best model! Score: 0.3770, IoU: 0.3758, MAE: 19.8156
2025-09-18 20:24:50,691 - INFO - Train Epoch 1 - Loss: 5.8757, Seg Loss: 0.7405, Offset Loss: 9.8159, IoU: 0.3238, MAE: 27.2881
2025-09-18 20:24:58,056 - INFO - Val Epoch 1 - Loss: 1.7656, Seg Loss: 0.3971, Offset Loss: 2.6044, IoU: 0.4771, MAE: 11.8943bg_MAE: 0.6780
2025-09-18 20:24:58,315 - INFO - Checkpoint saved to ./checkpoints/unet_03/latest.pth
2025-09-18 20:24:58,568 - INFO - Checkpoint saved to ./checkpoints/unet_03/best.pth
2025-09-18 20:24:58,568 - INFO - New best model! Score: 0.5518, IoU: 0.4771, MAE: 11.8943
2025-09-18 20:25:46,559 - INFO - Train Epoch 2 - Loss: 4.4976, Seg Loss: 0.5364, Offset Loss: 7.4706, IoU: 0.3831, MAE: 22.4009
2025-09-18 20:25:53,944 - INFO - Val Epoch 2 - Loss: 1.4073, Seg Loss: 0.3323, Offset Loss: 2.0271, IoU: 0.4748, MAE: 9.4351bg_MAE: 0.5499
2025-09-18 20:25:54,203 - INFO - Checkpoint saved to ./checkpoints/unet_03/latest.pth
2025-09-18 20:25:54,457 - INFO - Checkpoint saved to ./checkpoints/unet_03/best.pth
2025-09-18 20:25:54,457 - INFO - New best model! Score: 0.5881, IoU: 0.4748, MAE: 9.4351
2025-09-18 20:26:42,576 - INFO - Train Epoch 3 - Loss: 3.7429, Seg Loss: 0.4381, Offset Loss: 6.1825, IoU: 0.4054, MAE: 18.4779
2025-09-18 20:26:49,962 - INFO - Val Epoch 3 - Loss: 1.1830, Seg Loss: 0.2957, Offset Loss: 1.6913, IoU: 0.5047, MAE: 7.5763bg_MAE: 0.4419
2025-09-18 20:26:50,221 - INFO - Checkpoint saved to ./checkpoints/unet_03/latest.pth
2025-09-18 20:26:50,467 - INFO - Checkpoint saved to ./checkpoints/unet_03/best.pth
2025-09-18 20:26:50,467 - INFO - New best model! Score: 0.6324, IoU: 0.5047, MAE: 7.5763
2025-09-18 20:27:38,465 - INFO - Train Epoch 4 - Loss: 3.2822, Seg Loss: 0.3768, Offset Loss: 5.3950, IoU: 0.4105, MAE: 15.9937
2025-09-18 20:27:45,824 - INFO - Val Epoch 4 - Loss: 1.0624, Seg Loss: 0.3064, Offset Loss: 1.5160, IoU: 0.5168, MAE: 6.5407bg_MAE: 0.3620
2025-09-18 20:27:46,066 - INFO - Checkpoint saved to ./checkpoints/unet_03/latest.pth
2025-09-18 20:27:46,312 - INFO - Checkpoint saved to ./checkpoints/unet_03/best.pth
2025-09-18 20:27:46,313 - INFO - New best model! Score: 0.6568, IoU: 0.5168, MAE: 6.5407
2025-09-18 20:28:34,127 - INFO - Train Epoch 5 - Loss: 3.0534, Seg Loss: 0.3457, Offset Loss: 5.0349, IoU: 0.4844, MAE: 15.0336
2025-09-18 20:28:41,467 - INFO - Val Epoch 5 - Loss: 1.1176, Seg Loss: 0.2985, Offset Loss: 1.6671, IoU: 0.5102, MAE: 5.9594bg_MAE: 0.3104
2025-09-18 20:28:41,722 - INFO - Checkpoint saved to ./checkpoints/unet_03/latest.pth
2025-09-18 20:28:41,958 - INFO - Checkpoint saved to ./checkpoints/unet_03/best.pth
2025-09-18 20:28:41,958 - INFO - New best model! Score: 0.6645, IoU: 0.5102, MAE: 5.9594
2025-09-18 20:29:29,855 - INFO - Train Epoch 6 - Loss: 2.9549, Seg Loss: 0.3373, Offset Loss: 4.8904, IoU: 0.4530, MAE: 13.5088
2025-09-18 20:29:37,229 - INFO - Val Epoch 6 - Loss: 0.9289, Seg Loss: 0.2857, Offset Loss: 1.3302, IoU: 0.5265, MAE: 5.1195bg_MAE: 0.2768
2025-09-18 20:29:37,490 - INFO - Checkpoint saved to ./checkpoints/unet_03/latest.pth
2025-09-18 20:29:37,739 - INFO - Checkpoint saved to ./checkpoints/unet_03/best.pth
2025-09-18 20:29:37,739 - INFO - New best model! Score: 0.6843, IoU: 0.5265, MAE: 5.1195
2025-09-18 20:30:25,773 - INFO - Train Epoch 7 - Loss: 2.6805, Seg Loss: 0.3121, Offset Loss: 4.4202, IoU: 0.4534, MAE: 12.6072
2025-09-18 20:30:33,103 - INFO - Val Epoch 7 - Loss: 0.9874, Seg Loss: 0.2795, Offset Loss: 1.4499, IoU: 0.5239, MAE: 4.9731bg_MAE: 0.2777
2025-09-18 20:30:33,364 - INFO - Checkpoint saved to ./checkpoints/unet_03/latest.pth
2025-09-18 20:30:33,613 - INFO - Checkpoint saved to ./checkpoints/unet_03/best.pth
2025-09-18 20:30:33,613 - INFO - New best model! Score: 0.6845, IoU: 0.5239, MAE: 4.9731
2025-09-18 20:31:21,434 - INFO - Train Epoch 8 - Loss: 2.7445, Seg Loss: 0.2967, Offset Loss: 4.5794, IoU: 0.4737, MAE: 12.1664
2025-09-18 20:31:28,789 - INFO - Val Epoch 8 - Loss: 0.8530, Seg Loss: 0.2522, Offset Loss: 1.2253, IoU: 0.5288, MAE: 4.1944bg_MAE: 0.2422
2025-09-18 20:31:29,050 - INFO - Checkpoint saved to ./checkpoints/unet_03/latest.pth
2025-09-18 20:31:29,299 - INFO - Checkpoint saved to ./checkpoints/unet_03/best.pth
2025-09-18 20:31:29,299 - INFO - New best model! Score: 0.6983, IoU: 0.5288, MAE: 4.1944
2025-09-18 20:32:17,091 - INFO - Train Epoch 9 - Loss: 2.4577, Seg Loss: 0.2795, Offset Loss: 4.0702, IoU: 0.4542, MAE: 10.7094
2025-09-18 20:32:24,463 - INFO - Val Epoch 9 - Loss: 0.8601, Seg Loss: 0.2637, Offset Loss: 1.2468, IoU: 0.5348, MAE: 4.2522bg_MAE: 0.2304
2025-09-18 20:32:24,725 - INFO - Checkpoint saved to ./checkpoints/unet_03/latest.pth
2025-09-18 20:32:24,963 - INFO - Checkpoint saved to ./checkpoints/unet_03/best.pth
2025-09-18 20:32:24,963 - INFO - New best model! Score: 0.7018, IoU: 0.5348, MAE: 4.2522
2025-09-18 20:33:13,162 - INFO - Train Epoch 10 - Loss: 2.4388, Seg Loss: 0.2769, Offset Loss: 4.0463, IoU: 0.5049, MAE: 10.6045
2025-09-18 20:33:20,603 - INFO - Val Epoch 10 - Loss: 0.8139, Seg Loss: 0.2255, Offset Loss: 1.1901, IoU: 0.5493, MAE: 3.7718bg_MAE: 0.2087
2025-09-18 20:33:20,870 - INFO - Checkpoint saved to ./checkpoints/unet_03/latest.pth
2025-09-18 20:33:21,125 - INFO - Checkpoint saved to ./checkpoints/unet_03/best.pth
2025-09-18 20:33:21,125 - INFO - New best model! Score: 0.7161, IoU: 0.5493, MAE: 3.7718
2025-09-18 20:34:09,112 - INFO - Train Epoch 11 - Loss: 2.2086, Seg Loss: 0.2699, Offset Loss: 3.6232, IoU: 0.4948, MAE: 10.8562
2025-09-18 20:34:16,469 - INFO - Val Epoch 11 - Loss: 0.8412, Seg Loss: 0.2379, Offset Loss: 1.2443, IoU: 0.5582, MAE: 3.9272bg_MAE: 0.2088
2025-09-18 20:34:16,735 - INFO - Checkpoint saved to ./checkpoints/unet_03/latest.pth
2025-09-18 20:34:16,994 - INFO - Checkpoint saved to ./checkpoints/unet_03/best.pth
2025-09-18 20:34:16,994 - INFO - New best model! Score: 0.7189, IoU: 0.5582, MAE: 3.9272
2025-09-18 20:35:04,850 - INFO - Train Epoch 12 - Loss: 2.1314, Seg Loss: 0.2614, Offset Loss: 3.5027, IoU: 0.5070, MAE: 9.2680
2025-09-18 20:35:12,224 - INFO - Val Epoch 12 - Loss: 0.8105, Seg Loss: 0.2566, Offset Loss: 1.1698, IoU: 0.5579, MAE: 3.6649bg_MAE: 0.2129
2025-09-18 20:35:12,493 - INFO - Checkpoint saved to ./checkpoints/unet_03/latest.pth
2025-09-18 20:35:12,750 - INFO - Checkpoint saved to ./checkpoints/unet_03/best.pth
2025-09-18 20:35:12,750 - INFO - New best model! Score: 0.7210, IoU: 0.5579, MAE: 3.6649
2025-09-18 20:36:00,717 - INFO - Train Epoch 13 - Loss: 1.9996, Seg Loss: 0.2684, Offset Loss: 3.2609, IoU: 0.5292, MAE: 9.1932
2025-09-18 20:36:08,148 - INFO - Val Epoch 13 - Loss: 0.7718, Seg Loss: 0.2308, Offset Loss: 1.1407, IoU: 0.5715, MAE: 3.1871bg_MAE: 0.1759
2025-09-18 20:36:08,421 - INFO - Checkpoint saved to ./checkpoints/unet_03/latest.pth
2025-09-18 20:36:08,682 - INFO - Checkpoint saved to ./checkpoints/unet_03/best.pth
2025-09-18 20:36:08,682 - INFO - New best model! Score: 0.7363, IoU: 0.5715, MAE: 3.1871
2025-09-18 20:36:56,738 - INFO - Train Epoch 14 - Loss: 1.9201, Seg Loss: 0.2537, Offset Loss: 3.1296, IoU: 0.5194, MAE: 9.1697
2025-09-18 20:37:04,173 - INFO - Val Epoch 14 - Loss: 0.7623, Seg Loss: 0.2084, Offset Loss: 1.1347, IoU: 0.5751, MAE: 2.9810bg_MAE: 0.1712
2025-09-18 20:37:04,448 - INFO - Checkpoint saved to ./checkpoints/unet_03/latest.pth
2025-09-18 20:37:04,709 - INFO - Checkpoint saved to ./checkpoints/unet_03/best.pth
2025-09-18 20:37:04,709 - INFO - New best model! Score: 0.7406, IoU: 0.5751, MAE: 2.9810
2025-09-18 20:37:52,669 - INFO - Train Epoch 15 - Loss: 1.7195, Seg Loss: 0.2478, Offset Loss: 2.7712, IoU: 0.5385, MAE: 7.7061
2025-09-18 20:38:00,040 - INFO - Val Epoch 15 - Loss: 0.7337, Seg Loss: 0.2155, Offset Loss: 1.1020, IoU: 0.5895, MAE: 2.9332bg_MAE: 0.1444
2025-09-18 20:38:00,314 - INFO - Checkpoint saved to ./checkpoints/unet_03/latest.pth
2025-09-18 20:38:00,572 - INFO - Checkpoint saved to ./checkpoints/unet_03/best.pth
2025-09-18 20:38:00,572 - INFO - New best model! Score: 0.7510, IoU: 0.5895, MAE: 2.9332
2025-09-18 20:38:48,679 - INFO - Train Epoch 16 - Loss: 1.6893, Seg Loss: 0.2377, Offset Loss: 2.7404, IoU: 0.5473, MAE: 7.6710
2025-09-18 20:38:56,079 - INFO - Val Epoch 16 - Loss: 0.7388, Seg Loss: 0.2050, Offset Loss: 1.1141, IoU: 0.5910, MAE: 2.9363bg_MAE: 0.1518
2025-09-18 20:38:56,352 - INFO - Checkpoint saved to ./checkpoints/unet_03/latest.pth
2025-09-18 20:38:56,600 - INFO - Checkpoint saved to ./checkpoints/unet_03/best.pth
2025-09-18 20:38:56,600 - INFO - New best model! Score: 0.7510, IoU: 0.5910, MAE: 2.9363
2025-09-18 20:39:44,662 - INFO - Train Epoch 17 - Loss: 1.6017, Seg Loss: 0.2391, Offset Loss: 2.5870, IoU: 0.5532, MAE: 7.2173
2025-09-18 20:39:52,024 - INFO - Val Epoch 17 - Loss: 0.7313, Seg Loss: 0.2267, Offset Loss: 1.0976, IoU: 0.5987, MAE: 2.9492bg_MAE: 0.1439
2025-09-18 20:39:52,286 - INFO - Checkpoint saved to ./checkpoints/unet_03/latest.pth
2025-09-18 20:39:52,527 - INFO - Checkpoint saved to ./checkpoints/unet_03/best.pth
2025-09-18 20:39:52,527 - INFO - New best model! Score: 0.7555, IoU: 0.5987, MAE: 2.9492
2025-09-18 20:40:40,364 - INFO - Train Epoch 18 - Loss: 1.6162, Seg Loss: 0.2401, Offset Loss: 2.6282, IoU: 0.5433, MAE: 6.7622
2025-09-18 20:40:47,766 - INFO - Val Epoch 18 - Loss: 0.7070, Seg Loss: 0.1927, Offset Loss: 1.0707, IoU: 0.6039, MAE: 2.6560bg_MAE: 0.1386
2025-09-18 20:40:48,031 - INFO - Checkpoint saved to ./checkpoints/unet_03/latest.pth
2025-09-18 20:40:48,283 - INFO - Checkpoint saved to ./checkpoints/unet_03/best.pth
2025-09-18 20:40:48,283 - INFO - New best model! Score: 0.7615, IoU: 0.6039, MAE: 2.6560
2025-09-18 20:41:36,351 - INFO - Train Epoch 19 - Loss: 1.5053, Seg Loss: 0.2295, Offset Loss: 2.4345, IoU: 0.5576, MAE: 6.7904
2025-09-18 20:41:43,674 - INFO - Val Epoch 19 - Loss: 0.7369, Seg Loss: 0.2135, Offset Loss: 1.1345, IoU: 0.6135, MAE: 2.7676bg_MAE: 0.1259
2025-09-18 20:41:43,940 - INFO - Checkpoint saved to ./checkpoints/unet_03/latest.pth
2025-09-18 20:41:44,185 - INFO - Checkpoint saved to ./checkpoints/unet_03/best.pth
2025-09-18 20:41:44,185 - INFO - New best model! Score: 0.7665, IoU: 0.6135, MAE: 2.7676
2025-09-18 20:42:32,087 - INFO - Train Epoch 20 - Loss: 1.4783, Seg Loss: 0.2239, Offset Loss: 2.3955, IoU: 0.5632, MAE: 6.3877
2025-09-18 20:42:39,541 - INFO - Val Epoch 20 - Loss: 0.8247, Seg Loss: 0.2276, Offset Loss: 1.3031, IoU: 0.6273, MAE: 3.4775bg_MAE: 0.1290
2025-09-18 20:42:39,811 - INFO - Checkpoint saved to ./checkpoints/unet_03/latest.pth
2025-09-18 20:43:27,738 - INFO - Train Epoch 21 - Loss: 1.4142, Seg Loss: 0.2175, Offset Loss: 2.2928, IoU: 0.5828, MAE: 6.0548
2025-09-18 20:43:35,151 - INFO - Val Epoch 21 - Loss: 0.7133, Seg Loss: 0.1947, Offset Loss: 1.1127, IoU: 0.6499, MAE: 2.9066bg_MAE: 0.1176
2025-09-18 20:43:35,420 - INFO - Checkpoint saved to ./checkpoints/unet_03/latest.pth
2025-09-18 20:43:35,678 - INFO - Checkpoint saved to ./checkpoints/unet_03/best.pth
2025-09-18 20:43:35,679 - INFO - New best model! Score: 0.7841, IoU: 0.6499, MAE: 2.9066
2025-09-18 20:44:23,562 - INFO - Train Epoch 22 - Loss: 1.3357, Seg Loss: 0.2083, Offset Loss: 2.1588, IoU: 0.6047, MAE: 6.3070
2025-09-18 20:44:30,890 - INFO - Val Epoch 22 - Loss: 0.6255, Seg Loss: 0.1720, Offset Loss: 0.9618, IoU: 0.6596, MAE: 2.5514bg_MAE: 0.1075
2025-09-18 20:44:31,161 - INFO - Checkpoint saved to ./checkpoints/unet_03/latest.pth
2025-09-18 20:44:31,419 - INFO - Checkpoint saved to ./checkpoints/unet_03/best.pth
2025-09-18 20:44:31,420 - INFO - New best model! Score: 0.7935, IoU: 0.6596, MAE: 2.5514
2025-09-18 20:45:19,502 - INFO - Train Epoch 23 - Loss: 1.2615, Seg Loss: 0.2059, Offset Loss: 2.0278, IoU: 0.6282, MAE: 6.2287
2025-09-18 20:45:26,980 - INFO - Val Epoch 23 - Loss: 0.6020, Seg Loss: 0.1672, Offset Loss: 0.9304, IoU: 0.6855, MAE: 2.6009bg_MAE: 0.1041
2025-09-18 20:45:27,264 - INFO - Checkpoint saved to ./checkpoints/unet_03/latest.pth
2025-09-18 20:45:27,518 - INFO - Checkpoint saved to ./checkpoints/unet_03/best.pth
2025-09-18 20:45:27,518 - INFO - New best model! Score: 0.8063, IoU: 0.6855, MAE: 2.6009
2025-09-18 20:46:15,363 - INFO - Train Epoch 24 - Loss: 1.2772, Seg Loss: 0.1987, Offset Loss: 2.0647, IoU: 0.6257, MAE: 6.1350
2025-09-18 20:46:22,805 - INFO - Val Epoch 24 - Loss: 0.6524, Seg Loss: 0.1813, Offset Loss: 1.0045, IoU: 0.6700, MAE: 3.4040bg_MAE: 0.1262
2025-09-18 20:46:23,082 - INFO - Checkpoint saved to ./checkpoints/unet_03/latest.pth
2025-09-18 20:47:11,291 - INFO - Train Epoch 25 - Loss: 1.2268, Seg Loss: 0.1895, Offset Loss: 1.9920, IoU: 0.6537, MAE: 6.0016
2025-09-18 20:47:18,667 - INFO - Val Epoch 25 - Loss: 0.5576, Seg Loss: 0.1560, Offset Loss: 0.8541, IoU: 0.7209, MAE: 3.2354bg_MAE: 0.1117
2025-09-18 20:47:18,930 - INFO - Checkpoint saved to ./checkpoints/unet_03/latest.pth
2025-09-18 20:47:19,175 - INFO - Checkpoint saved to ./checkpoints/unet_03/best.pth
2025-09-18 20:47:19,175 - INFO - New best model! Score: 0.8170, IoU: 0.7209, MAE: 3.2354
2025-09-18 20:48:07,115 - INFO - Train Epoch 26 - Loss: 1.1667, Seg Loss: 0.1806, Offset Loss: 1.8836, IoU: 0.6510, MAE: 6.0111
2025-09-18 20:48:14,439 - INFO - Val Epoch 26 - Loss: 0.5389, Seg Loss: 0.1517, Offset Loss: 0.8328, IoU: 0.7171, MAE: 2.8955bg_MAE: 0.0928
2025-09-18 20:48:14,712 - INFO - Checkpoint saved to ./checkpoints/unet_03/latest.pth
2025-09-18 20:48:14,972 - INFO - Checkpoint saved to ./checkpoints/unet_03/best.pth
2025-09-18 20:48:14,972 - INFO - New best model! Score: 0.8203, IoU: 0.7171, MAE: 2.8955
2025-09-18 20:49:03,173 - INFO - Train Epoch 27 - Loss: 1.1205, Seg Loss: 0.1683, Offset Loss: 1.8200, IoU: 0.6816, MAE: 5.8894
2025-09-18 20:49:10,465 - INFO - Val Epoch 27 - Loss: 0.5370, Seg Loss: 0.1487, Offset Loss: 0.8312, IoU: 0.7333, MAE: 3.5756bg_MAE: 0.1017
2025-09-18 20:49:10,729 - INFO - Checkpoint saved to ./checkpoints/unet_03/latest.pth
2025-09-18 20:49:10,987 - INFO - Checkpoint saved to ./checkpoints/unet_03/best.pth
2025-09-18 20:49:10,987 - INFO - New best model! Score: 0.8207, IoU: 0.7333, MAE: 3.5756
2025-09-18 20:49:59,152 - INFO - Train Epoch 28 - Loss: 1.0966, Seg Loss: 0.1670, Offset Loss: 1.7699, IoU: 0.7014, MAE: 5.9495
2025-09-18 20:50:06,588 - INFO - Val Epoch 28 - Loss: 0.4974, Seg Loss: 0.1376, Offset Loss: 0.7482, IoU: 0.7529, MAE: 3.6792bg_MAE: 0.1192
2025-09-18 20:50:06,870 - INFO - Checkpoint saved to ./checkpoints/unet_03/latest.pth
2025-09-18 20:50:07,131 - INFO - Checkpoint saved to ./checkpoints/unet_03/best.pth
2025-09-18 20:50:07,131 - INFO - New best model! Score: 0.8277, IoU: 0.7529, MAE: 3.6792
2025-09-18 20:50:55,348 - INFO - Train Epoch 29 - Loss: 1.0464, Seg Loss: 0.1596, Offset Loss: 1.6908, IoU: 0.7008, MAE: 5.9117
2025-09-18 20:51:02,753 - INFO - Val Epoch 29 - Loss: 0.4303, Seg Loss: 0.1276, Offset Loss: 0.6547, IoU: 0.7762, MAE: 3.6263bg_MAE: 0.0861
2025-09-18 20:51:03,025 - INFO - Checkpoint saved to ./checkpoints/unet_03/latest.pth
2025-09-18 20:51:03,286 - INFO - Checkpoint saved to ./checkpoints/unet_03/best.pth
2025-09-18 20:51:03,286 - INFO - New best model! Score: 0.8432, IoU: 0.7762, MAE: 3.6263
2025-09-18 20:51:51,193 - INFO - Train Epoch 30 - Loss: 0.9924, Seg Loss: 0.1462, Offset Loss: 1.6003, IoU: 0.7243, MAE: 6.3747
2025-09-18 20:51:58,583 - INFO - Val Epoch 30 - Loss: 0.4184, Seg Loss: 0.1278, Offset Loss: 0.6353, IoU: 0.7801, MAE: 3.6846bg_MAE: 0.0826
2025-09-18 20:51:58,850 - INFO - Checkpoint saved to ./checkpoints/unet_03/latest.pth
2025-09-18 20:51:59,102 - INFO - Checkpoint saved to ./checkpoints/unet_03/best.pth
2025-09-18 20:51:59,102 - INFO - New best model! Score: 0.8450, IoU: 0.7801, MAE: 3.6846
2025-09-18 20:52:46,968 - INFO - Train Epoch 31 - Loss: 0.9220, Seg Loss: 0.1431, Offset Loss: 1.4811, IoU: 0.7409, MAE: 5.8572
2025-09-18 20:52:54,394 - INFO - Val Epoch 31 - Loss: 0.4292, Seg Loss: 0.1399, Offset Loss: 0.6484, IoU: 0.7768, MAE: 4.0700bg_MAE: 0.0848
2025-09-18 20:52:54,677 - INFO - Checkpoint saved to ./checkpoints/unet_03/latest.pth
2025-09-18 20:53:42,707 - INFO - Train Epoch 32 - Loss: 0.9686, Seg Loss: 0.1391, Offset Loss: 1.5782, IoU: 0.7452, MAE: 5.9769
2025-09-18 20:53:50,055 - INFO - Val Epoch 32 - Loss: 0.4377, Seg Loss: 0.1258, Offset Loss: 0.6649, IoU: 0.7997, MAE: 4.3532bg_MAE: 0.1005
2025-09-18 20:53:50,331 - INFO - Checkpoint saved to ./checkpoints/unet_03/latest.pth
2025-09-18 20:53:50,595 - INFO - Checkpoint saved to ./checkpoints/unet_03/best.pth
2025-09-18 20:53:50,595 - INFO - New best model! Score: 0.8463, IoU: 0.7997, MAE: 4.3532
2025-09-18 20:54:38,616 - INFO - Train Epoch 33 - Loss: 0.9441, Seg Loss: 0.1303, Offset Loss: 1.5459, IoU: 0.7685, MAE: 6.1529
2025-09-18 20:54:46,023 - INFO - Val Epoch 33 - Loss: 0.3656, Seg Loss: 0.1024, Offset Loss: 0.5666, IoU: 0.8130, MAE: 3.6039bg_MAE: 0.0645
2025-09-18 20:54:46,298 - INFO - Checkpoint saved to ./checkpoints/unet_03/latest.pth
2025-09-18 20:54:46,558 - INFO - Checkpoint saved to ./checkpoints/unet_03/best.pth
2025-09-18 20:54:46,558 - INFO - New best model! Score: 0.8640, IoU: 0.8130, MAE: 3.6039
2025-09-18 20:55:34,345 - INFO - Train Epoch 34 - Loss: 0.9033, Seg Loss: 0.1322, Offset Loss: 1.4684, IoU: 0.7496, MAE: 6.1395
2025-09-18 20:55:41,604 - INFO - Val Epoch 34 - Loss: 0.3585, Seg Loss: 0.1053, Offset Loss: 0.5483, IoU: 0.8098, MAE: 3.6035bg_MAE: 0.0695
2025-09-18 20:55:41,878 - INFO - Checkpoint saved to ./checkpoints/unet_03/latest.pth
2025-09-18 20:56:29,647 - INFO - Train Epoch 35 - Loss: 0.9082, Seg Loss: 0.1256, Offset Loss: 1.4850, IoU: 0.7525, MAE: 5.8569
2025-09-18 20:56:36,979 - INFO - Val Epoch 35 - Loss: 0.3969, Seg Loss: 0.1074, Offset Loss: 0.6146, IoU: 0.8160, MAE: 4.0936bg_MAE: 0.0790
2025-09-18 20:56:37,253 - INFO - Checkpoint saved to ./checkpoints/unet_03/latest.pth
2025-09-18 20:57:25,339 - INFO - Train Epoch 36 - Loss: 0.8618, Seg Loss: 0.1238, Offset Loss: 1.4036, IoU: 0.7633, MAE: 6.0304
2025-09-18 20:57:32,819 - INFO - Val Epoch 36 - Loss: 0.3531, Seg Loss: 0.1099, Offset Loss: 0.5365, IoU: 0.8216, MAE: 3.8374bg_MAE: 0.0713
2025-09-18 20:57:33,096 - INFO - Checkpoint saved to ./checkpoints/unet_03/latest.pth
2025-09-18 20:57:33,358 - INFO - Checkpoint saved to ./checkpoints/unet_03/best.pth
2025-09-18 20:57:33,359 - INFO - New best model! Score: 0.8653, IoU: 0.8216, MAE: 3.8374
2025-09-18 20:58:21,401 - INFO - Train Epoch 37 - Loss: 0.8346, Seg Loss: 0.1275, Offset Loss: 1.3555, IoU: 0.7826, MAE: 5.8213
2025-09-18 20:58:28,718 - INFO - Val Epoch 37 - Loss: 0.3370, Seg Loss: 0.1135, Offset Loss: 0.5060, IoU: 0.8250, MAE: 3.8487bg_MAE: 0.0678
2025-09-18 20:58:28,990 - INFO - Checkpoint saved to ./checkpoints/unet_03/latest.pth
2025-09-18 20:58:29,251 - INFO - Checkpoint saved to ./checkpoints/unet_03/best.pth
2025-09-18 20:58:29,251 - INFO - New best model! Score: 0.8672, IoU: 0.8250, MAE: 3.8487
2025-09-18 20:59:17,164 - INFO - Train Epoch 38 - Loss: 0.8152, Seg Loss: 0.1182, Offset Loss: 1.3273, IoU: 0.7998, MAE: 5.7968
2025-09-18 20:59:24,530 - INFO - Val Epoch 38 - Loss: 0.3191, Seg Loss: 0.0985, Offset Loss: 0.4815, IoU: 0.8304, MAE: 4.0988bg_MAE: 0.0681
2025-09-18 20:59:24,802 - INFO - Checkpoint saved to ./checkpoints/unet_03/latest.pth
2025-09-18 20:59:25,064 - INFO - Checkpoint saved to ./checkpoints/unet_03/best.pth
2025-09-18 20:59:25,064 - INFO - New best model! Score: 0.8674, IoU: 0.8304, MAE: 4.0988
2025-09-18 21:00:13,151 - INFO - Train Epoch 39 - Loss: 0.7194, Seg Loss: 0.1108, Offset Loss: 1.1486, IoU: 0.7903, MAE: 5.6701
2025-09-18 21:00:20,504 - INFO - Val Epoch 39 - Loss: 0.3353, Seg Loss: 0.1113, Offset Loss: 0.4998, IoU: 0.8246, MAE: 4.3477bg_MAE: 0.0729
2025-09-18 21:00:20,779 - INFO - Checkpoint saved to ./checkpoints/unet_03/latest.pth
2025-09-18 21:01:08,861 - INFO - Train Epoch 40 - Loss: 0.7218, Seg Loss: 0.1100, Offset Loss: 1.1594, IoU: 0.7841, MAE: 5.5476
2025-09-18 21:01:16,156 - INFO - Val Epoch 40 - Loss: 0.3120, Seg Loss: 0.0969, Offset Loss: 0.4690, IoU: 0.8315, MAE: 4.0867bg_MAE: 0.0658
2025-09-18 21:01:16,427 - INFO - Checkpoint saved to ./checkpoints/unet_03/latest.pth
2025-09-18 21:01:16,685 - INFO - Checkpoint saved to ./checkpoints/unet_03/best.pth
2025-09-18 21:01:16,685 - INFO - New best model! Score: 0.8683, IoU: 0.8315, MAE: 4.0867
2025-09-18 21:02:04,775 - INFO - Train Epoch 41 - Loss: 0.6716, Seg Loss: 0.1078, Offset Loss: 1.0689, IoU: 0.7931, MAE: 5.6179
2025-09-18 21:02:12,139 - INFO - Val Epoch 41 - Loss: 0.3563, Seg Loss: 0.0891, Offset Loss: 0.5555, IoU: 0.8448, MAE: 4.1659bg_MAE: 0.0774
2025-09-18 21:02:12,412 - INFO - Checkpoint saved to ./checkpoints/unet_03/latest.pth
2025-09-18 21:02:12,673 - INFO - Checkpoint saved to ./checkpoints/unet_03/best.pth
2025-09-18 21:02:12,673 - INFO - New best model! Score: 0.8730, IoU: 0.8448, MAE: 4.1659
2025-09-18 21:03:00,710 - INFO - Train Epoch 42 - Loss: 0.6729, Seg Loss: 0.1027, Offset Loss: 1.0784, IoU: 0.8075, MAE: 5.5725
2025-09-18 21:03:07,971 - INFO - Val Epoch 42 - Loss: 0.2970, Seg Loss: 0.0875, Offset Loss: 0.4547, IoU: 0.8519, MAE: 4.0736bg_MAE: 0.0596
2025-09-18 21:03:08,242 - INFO - Checkpoint saved to ./checkpoints/unet_03/latest.pth
2025-09-18 21:03:08,504 - INFO - Checkpoint saved to ./checkpoints/unet_03/best.pth
2025-09-18 21:03:08,504 - INFO - New best model! Score: 0.8793, IoU: 0.8519, MAE: 4.0736
2025-09-18 21:03:56,310 - INFO - Train Epoch 43 - Loss: 0.6551, Seg Loss: 0.0977, Offset Loss: 1.0537, IoU: 0.8189, MAE: 5.4646
2025-09-18 21:04:03,611 - INFO - Val Epoch 43 - Loss: 0.2995, Seg Loss: 0.0903, Offset Loss: 0.4534, IoU: 0.8513, MAE: 4.2509bg_MAE: 0.0685
2025-09-18 21:04:03,884 - INFO - Checkpoint saved to ./checkpoints/unet_03/latest.pth
2025-09-18 21:04:51,763 - INFO - Train Epoch 44 - Loss: 0.6649, Seg Loss: 0.0989, Offset Loss: 1.0703, IoU: 0.7938, MAE: 5.7892
2025-09-18 21:04:59,201 - INFO - Val Epoch 44 - Loss: 0.3228, Seg Loss: 0.1159, Offset Loss: 0.4819, IoU: 0.8451, MAE: 4.4584bg_MAE: 0.0667
2025-09-18 21:04:59,474 - INFO - Checkpoint saved to ./checkpoints/unet_03/latest.pth
2025-09-18 21:05:47,500 - INFO - Train Epoch 45 - Loss: 0.6054, Seg Loss: 0.0961, Offset Loss: 0.9656, IoU: 0.8050, MAE: 5.7634
2025-09-18 21:05:54,884 - INFO - Val Epoch 45 - Loss: 0.3139, Seg Loss: 0.1069, Offset Loss: 0.4649, IoU: 0.8425, MAE: 4.8327bg_MAE: 0.0746
2025-09-18 21:05:55,156 - INFO - Checkpoint saved to ./checkpoints/unet_03/latest.pth
2025-09-18 21:06:43,005 - INFO - Train Epoch 46 - Loss: 0.6019, Seg Loss: 0.0963, Offset Loss: 0.9629, IoU: 0.8242, MAE: 5.5550
2025-09-18 21:06:50,383 - INFO - Val Epoch 46 - Loss: 0.3363, Seg Loss: 0.0838, Offset Loss: 0.5223, IoU: 0.8646, MAE: 4.6324bg_MAE: 0.0804
2025-09-18 21:06:50,661 - INFO - Checkpoint saved to ./checkpoints/unet_03/latest.pth
2025-09-18 21:07:38,607 - INFO - Train Epoch 47 - Loss: 0.5846, Seg Loss: 0.0926, Offset Loss: 0.9384, IoU: 0.8154, MAE: 5.5055
2025-09-18 21:07:45,938 - INFO - Val Epoch 47 - Loss: 0.2663, Seg Loss: 0.0830, Offset Loss: 0.3998, IoU: 0.8613, MAE: 4.4562bg_MAE: 0.0589
2025-09-18 21:07:46,215 - INFO - Checkpoint saved to ./checkpoints/unet_03/latest.pth
2025-09-18 21:07:46,482 - INFO - Checkpoint saved to ./checkpoints/unet_03/best.pth
2025-09-18 21:07:46,483 - INFO - New best model! Score: 0.8802, IoU: 0.8613, MAE: 4.4562
2025-09-18 21:08:34,761 - INFO - Train Epoch 48 - Loss: 0.5627, Seg Loss: 0.0878, Offset Loss: 0.9059, IoU: 0.8294, MAE: 5.4212
2025-09-18 21:08:42,268 - INFO - Val Epoch 48 - Loss: 0.2618, Seg Loss: 0.0850, Offset Loss: 0.3990, IoU: 0.8667, MAE: 4.3378bg_MAE: 0.0518
2025-09-18 21:08:42,562 - INFO - Checkpoint saved to ./checkpoints/unet_03/latest.pth
2025-09-18 21:08:42,829 - INFO - Checkpoint saved to ./checkpoints/unet_03/best.pth
2025-09-18 21:08:42,830 - INFO - New best model! Score: 0.8848, IoU: 0.8667, MAE: 4.3378
2025-09-18 21:09:31,071 - INFO - Train Epoch 49 - Loss: 0.5762, Seg Loss: 0.0899, Offset Loss: 0.9241, IoU: 0.8496, MAE: 5.4938
2025-09-18 21:09:38,468 - INFO - Val Epoch 49 - Loss: 0.2835, Seg Loss: 0.0966, Offset Loss: 0.4287, IoU: 0.8641, MAE: 4.3751bg_MAE: 0.0570
2025-09-18 21:09:38,752 - INFO - Checkpoint saved to ./checkpoints/unet_03/latest.pth
2025-09-18 21:10:26,856 - INFO - Train Epoch 50 - Loss: 0.5487, Seg Loss: 0.0817, Offset Loss: 0.8846, IoU: 0.8402, MAE: 5.4270
2025-09-18 21:10:34,230 - INFO - Val Epoch 50 - Loss: 0.2554, Seg Loss: 0.0738, Offset Loss: 0.3903, IoU: 0.8723, MAE: 4.4321bg_MAE: 0.0549
2025-09-18 21:10:34,513 - INFO - Checkpoint saved to ./checkpoints/unet_03/latest.pth
2025-09-18 21:10:34,783 - INFO - Checkpoint saved to ./checkpoints/unet_03/best.pth
2025-09-18 21:10:34,783 - INFO - New best model! Score: 0.8864, IoU: 0.8723, MAE: 4.4321
2025-09-18 21:11:22,931 - INFO - Train Epoch 51 - Loss: 0.5172, Seg Loss: 0.0813, Offset Loss: 0.8296, IoU: 0.8455, MAE: 5.2481
2025-09-18 21:11:30,440 - INFO - Val Epoch 51 - Loss: 0.2349, Seg Loss: 0.0778, Offset Loss: 0.3496, IoU: 0.8717, MAE: 4.2896bg_MAE: 0.0496
2025-09-18 21:11:30,725 - INFO - Checkpoint saved to ./checkpoints/unet_03/latest.pth
2025-09-18 21:11:30,993 - INFO - Checkpoint saved to ./checkpoints/unet_03/best.pth
2025-09-18 21:11:30,993 - INFO - New best model! Score: 0.8880, IoU: 0.8717, MAE: 4.2896
2025-09-18 21:12:19,135 - INFO - Train Epoch 52 - Loss: 0.5422, Seg Loss: 0.0808, Offset Loss: 0.8812, IoU: 0.8534, MAE: 5.1083
2025-09-18 21:12:26,661 - INFO - Val Epoch 52 - Loss: 0.2430, Seg Loss: 0.0818, Offset Loss: 0.3687, IoU: 0.8791, MAE: 4.3793bg_MAE: 0.0481
2025-09-18 21:12:26,946 - INFO - Checkpoint saved to ./checkpoints/unet_03/latest.pth
2025-09-18 21:12:27,211 - INFO - Checkpoint saved to ./checkpoints/unet_03/best.pth
2025-09-18 21:12:27,211 - INFO - New best model! Score: 0.8910, IoU: 0.8791, MAE: 4.3793
2025-09-18 21:13:15,148 - INFO - Train Epoch 53 - Loss: 0.5182, Seg Loss: 0.0789, Offset Loss: 0.8418, IoU: 0.8479, MAE: 5.2277
2025-09-18 21:13:22,507 - INFO - Val Epoch 53 - Loss: 0.2446, Seg Loss: 0.0768, Offset Loss: 0.3694, IoU: 0.8746, MAE: 4.4636bg_MAE: 0.0541
2025-09-18 21:13:22,757 - INFO - Checkpoint saved to ./checkpoints/unet_03/latest.pth
2025-09-18 21:14:10,624 - INFO - Train Epoch 54 - Loss: 0.5184, Seg Loss: 0.0755, Offset Loss: 0.8453, IoU: 0.8642, MAE: 5.1854
2025-09-18 21:14:17,897 - INFO - Val Epoch 54 - Loss: 0.2239, Seg Loss: 0.0718, Offset Loss: 0.3340, IoU: 0.8808, MAE: 4.3980bg_MAE: 0.0492
2025-09-18 21:14:18,168 - INFO - Checkpoint saved to ./checkpoints/unet_03/latest.pth
2025-09-18 21:14:18,430 - INFO - Checkpoint saved to ./checkpoints/unet_03/best.pth
2025-09-18 21:14:18,431 - INFO - New best model! Score: 0.8915, IoU: 0.8808, MAE: 4.3980
2025-09-18 21:15:06,249 - INFO - Train Epoch 55 - Loss: 0.5021, Seg Loss: 0.0759, Offset Loss: 0.8182, IoU: 0.8623, MAE: 4.9515
2025-09-18 21:15:13,546 - INFO - Val Epoch 55 - Loss: 0.2301, Seg Loss: 0.0716, Offset Loss: 0.3509, IoU: 0.8833, MAE: 4.4724bg_MAE: 0.0487
2025-09-18 21:15:13,820 - INFO - Checkpoint saved to ./checkpoints/unet_03/latest.pth
2025-09-18 21:15:14,083 - INFO - Checkpoint saved to ./checkpoints/unet_03/best.pth
2025-09-18 21:15:14,083 - INFO - New best model! Score: 0.8921, IoU: 0.8833, MAE: 4.4724
2025-09-18 21:16:01,942 - INFO - Train Epoch 56 - Loss: 0.4682, Seg Loss: 0.0742, Offset Loss: 0.7555, IoU: 0.8578, MAE: 5.1739
2025-09-18 21:16:09,247 - INFO - Val Epoch 56 - Loss: 0.2255, Seg Loss: 0.0744, Offset Loss: 0.3449, IoU: 0.8866, MAE: 4.3099bg_MAE: 0.0417
2025-09-18 21:16:09,523 - INFO - Checkpoint saved to ./checkpoints/unet_03/latest.pth
2025-09-18 21:16:09,783 - INFO - Checkpoint saved to ./checkpoints/unet_03/best.pth
2025-09-18 21:16:09,784 - INFO - New best model! Score: 0.8960, IoU: 0.8866, MAE: 4.3099
2025-09-18 21:16:57,707 - INFO - Train Epoch 57 - Loss: 0.4850, Seg Loss: 0.0722, Offset Loss: 0.7939, IoU: 0.8575, MAE: 5.2378
2025-09-18 21:17:05,082 - INFO - Val Epoch 57 - Loss: 0.2073, Seg Loss: 0.0637, Offset Loss: 0.3228, IoU: 0.8906, MAE: 3.9003bg_MAE: 0.0354
2025-09-18 21:17:05,355 - INFO - Checkpoint saved to ./checkpoints/unet_03/latest.pth
2025-09-18 21:17:05,618 - INFO - Checkpoint saved to ./checkpoints/unet_03/best.pth
2025-09-18 21:17:05,618 - INFO - New best model! Score: 0.9028, IoU: 0.8906, MAE: 3.9003
2025-09-18 21:17:53,369 - INFO - Train Epoch 58 - Loss: 0.4872, Seg Loss: 0.0735, Offset Loss: 0.8005, IoU: 0.8662, MAE: 4.8890
2025-09-18 21:18:00,811 - INFO - Val Epoch 58 - Loss: 0.2171, Seg Loss: 0.0640, Offset Loss: 0.3309, IoU: 0.8886, MAE: 4.5921bg_MAE: 0.0473
2025-09-18 21:18:01,088 - INFO - Checkpoint saved to ./checkpoints/unet_03/latest.pth
2025-09-18 21:18:49,018 - INFO - Train Epoch 59 - Loss: 0.4509, Seg Loss: 0.0660, Offset Loss: 0.7411, IoU: 0.8774, MAE: 4.9725
2025-09-18 21:18:56,363 - INFO - Val Epoch 59 - Loss: 0.2497, Seg Loss: 0.0746, Offset Loss: 0.3985, IoU: 0.8915, MAE: 4.3519bg_MAE: 0.0381
2025-09-18 21:18:56,640 - INFO - Checkpoint saved to ./checkpoints/unet_03/latest.pth
2025-09-18 21:19:44,608 - INFO - Train Epoch 60 - Loss: 0.4754, Seg Loss: 0.0727, Offset Loss: 0.7852, IoU: 0.8811, MAE: 4.9840
2025-09-18 21:19:51,976 - INFO - Val Epoch 60 - Loss: 0.1962, Seg Loss: 0.0596, Offset Loss: 0.3017, IoU: 0.8974, MAE: 4.2040bg_MAE: 0.0383
2025-09-18 21:19:52,253 - INFO - Checkpoint saved to ./checkpoints/unet_03/latest.pth
2025-09-18 21:19:52,519 - INFO - Checkpoint saved to ./checkpoints/unet_03/best.pth
2025-09-18 21:19:52,519 - INFO - New best model! Score: 0.9028, IoU: 0.8974, MAE: 4.2040
2025-09-18 21:20:40,503 - INFO - Train Epoch 61 - Loss: 0.4892, Seg Loss: 0.0654, Offset Loss: 0.8211, IoU: 0.8749, MAE: 5.0466
2025-09-18 21:20:47,853 - INFO - Val Epoch 61 - Loss: 0.2009, Seg Loss: 0.0651, Offset Loss: 0.3066, IoU: 0.8935, MAE: 4.4234bg_MAE: 0.0389
2025-09-18 21:20:48,132 - INFO - Checkpoint saved to ./checkpoints/unet_03/latest.pth
2025-09-18 21:21:36,125 - INFO - Train Epoch 62 - Loss: 0.4625, Seg Loss: 0.0648, Offset Loss: 0.7734, IoU: 0.8692, MAE: 4.6556
2025-09-18 21:21:43,536 - INFO - Val Epoch 62 - Loss: 0.1916, Seg Loss: 0.0554, Offset Loss: 0.2964, IoU: 0.8997, MAE: 4.4350bg_MAE: 0.0389
2025-09-18 21:21:43,813 - INFO - Checkpoint saved to ./checkpoints/unet_03/latest.pth
2025-09-18 21:22:31,782 - INFO - Train Epoch 63 - Loss: 0.4443, Seg Loss: 0.0622, Offset Loss: 0.7408, IoU: 0.8808, MAE: 4.8002
2025-09-18 21:22:39,174 - INFO - Val Epoch 63 - Loss: 0.2005, Seg Loss: 0.0619, Offset Loss: 0.3125, IoU: 0.9005, MAE: 4.4580bg_MAE: 0.0355
2025-09-18 21:22:39,445 - INFO - Checkpoint saved to ./checkpoints/unet_03/latest.pth
2025-09-18 21:23:27,444 - INFO - Train Epoch 64 - Loss: 0.4184, Seg Loss: 0.0664, Offset Loss: 0.6867, IoU: 0.8823, MAE: 4.7298
2025-09-18 21:23:34,825 - INFO - Val Epoch 64 - Loss: 0.1838, Seg Loss: 0.0565, Offset Loss: 0.2788, IoU: 0.8992, MAE: 4.3693bg_MAE: 0.0400
2025-09-18 21:23:35,097 - INFO - Checkpoint saved to ./checkpoints/unet_03/latest.pth
2025-09-18 21:24:23,180 - INFO - Train Epoch 65 - Loss: 0.4380, Seg Loss: 0.0650, Offset Loss: 0.7298, IoU: 0.8705, MAE: 4.7149
2025-09-18 21:24:30,554 - INFO - Val Epoch 65 - Loss: 0.1847, Seg Loss: 0.0573, Offset Loss: 0.2866, IoU: 0.9050, MAE: 4.1580bg_MAE: 0.0323
2025-09-18 21:24:30,828 - INFO - Checkpoint saved to ./checkpoints/unet_03/latest.pth
2025-09-18 21:24:31,092 - INFO - Checkpoint saved to ./checkpoints/unet_03/best.pth
2025-09-18 21:24:31,093 - INFO - New best model! Score: 0.9077, IoU: 0.9050, MAE: 4.1580
2025-09-18 21:25:19,180 - INFO - Train Epoch 66 - Loss: 0.4302, Seg Loss: 0.0625, Offset Loss: 0.7168, IoU: 0.8832, MAE: 4.6470
2025-09-18 21:25:26,643 - INFO - Val Epoch 66 - Loss: 0.1910, Seg Loss: 0.0564, Offset Loss: 0.2861, IoU: 0.9008, MAE: 4.8414bg_MAE: 0.0493
2025-09-18 21:25:26,920 - INFO - Checkpoint saved to ./checkpoints/unet_03/latest.pth
2025-09-18 21:26:14,884 - INFO - Train Epoch 67 - Loss: 0.4364, Seg Loss: 0.0619, Offset Loss: 0.7322, IoU: 0.8891, MAE: 4.7517
2025-09-18 21:26:22,244 - INFO - Val Epoch 67 - Loss: 0.1756, Seg Loss: 0.0552, Offset Loss: 0.2663, IoU: 0.9034, MAE: 4.4630bg_MAE: 0.0378
2025-09-18 21:26:22,527 - INFO - Checkpoint saved to ./checkpoints/unet_03/latest.pth
2025-09-18 21:27:10,514 - INFO - Train Epoch 68 - Loss: 0.4207, Seg Loss: 0.0638, Offset Loss: 0.6996, IoU: 0.8966, MAE: 4.6686
2025-09-18 21:27:17,868 - INFO - Val Epoch 68 - Loss: 0.1803, Seg Loss: 0.0567, Offset Loss: 0.2774, IoU: 0.9024, MAE: 4.2614bg_MAE: 0.0334
2025-09-18 21:27:18,145 - INFO - Checkpoint saved to ./checkpoints/unet_03/latest.pth
2025-09-18 21:28:06,096 - INFO - Train Epoch 69 - Loss: 0.4335, Seg Loss: 0.0589, Offset Loss: 0.7313, IoU: 0.8890, MAE: 4.6458
2025-09-18 21:28:13,519 - INFO - Val Epoch 69 - Loss: 0.1742, Seg Loss: 0.0576, Offset Loss: 0.2635, IoU: 0.9032, MAE: 4.4063bg_MAE: 0.0343
2025-09-18 21:28:13,798 - INFO - Checkpoint saved to ./checkpoints/unet_03/latest.pth
2025-09-18 21:29:01,659 - INFO - Train Epoch 70 - Loss: 0.4102, Seg Loss: 0.0601, Offset Loss: 0.6861, IoU: 0.9103, MAE: 4.7677
2025-09-18 21:29:08,967 - INFO - Val Epoch 70 - Loss: 0.1643, Seg Loss: 0.0530, Offset Loss: 0.2493, IoU: 0.9075, MAE: 4.3435bg_MAE: 0.0341
2025-09-18 21:29:09,245 - INFO - Checkpoint saved to ./checkpoints/unet_03/latest.pth
2025-09-18 21:29:57,194 - INFO - Train Epoch 71 - Loss: 0.4406, Seg Loss: 0.0585, Offset Loss: 0.7459, IoU: 0.8981, MAE: 4.8739
2025-09-18 21:30:04,639 - INFO - Val Epoch 71 - Loss: 0.1688, Seg Loss: 0.0556, Offset Loss: 0.2560, IoU: 0.9078, MAE: 4.2503bg_MAE: 0.0329
2025-09-18 21:30:04,916 - INFO - Checkpoint saved to ./checkpoints/unet_03/latest.pth
2025-09-18 21:30:05,183 - INFO - Checkpoint saved to ./checkpoints/unet_03/best.pth
2025-09-18 21:30:05,183 - INFO - New best model! Score: 0.9081, IoU: 0.9078, MAE: 4.2503
2025-09-18 21:30:53,041 - INFO - Train Epoch 72 - Loss: 0.3973, Seg Loss: 0.0575, Offset Loss: 0.6643, IoU: 0.8740, MAE: 4.4542
2025-09-18 21:31:00,407 - INFO - Val Epoch 72 - Loss: 0.1656, Seg Loss: 0.0505, Offset Loss: 0.2603, IoU: 0.9120, MAE: 4.0656bg_MAE: 0.0268
2025-09-18 21:31:00,684 - INFO - Checkpoint saved to ./checkpoints/unet_03/latest.pth
2025-09-18 21:31:00,952 - INFO - Checkpoint saved to ./checkpoints/unet_03/best.pth
2025-09-18 21:31:00,952 - INFO - New best model! Score: 0.9127, IoU: 0.9120, MAE: 4.0656
2025-09-18 21:31:48,847 - INFO - Train Epoch 73 - Loss: 0.3851, Seg Loss: 0.0541, Offset Loss: 0.6451, IoU: 0.8865, MAE: 4.6743
2025-09-18 21:31:56,193 - INFO - Val Epoch 73 - Loss: 0.1524, Seg Loss: 0.0472, Offset Loss: 0.2352, IoU: 0.9137, MAE: 4.0482bg_MAE: 0.0273
2025-09-18 21:31:56,486 - INFO - Checkpoint saved to ./checkpoints/unet_03/latest.pth
2025-09-18 21:31:56,752 - INFO - Checkpoint saved to ./checkpoints/unet_03/best.pth
2025-09-18 21:31:56,752 - INFO - New best model! Score: 0.9136, IoU: 0.9137, MAE: 4.0482
2025-09-18 21:32:44,614 - INFO - Train Epoch 74 - Loss: 0.4388, Seg Loss: 0.0557, Offset Loss: 0.7522, IoU: 0.9013, MAE: 4.5365
2025-09-18 21:32:51,958 - INFO - Val Epoch 74 - Loss: 0.1576, Seg Loss: 0.0483, Offset Loss: 0.2423, IoU: 0.9133, MAE: 4.2648bg_MAE: 0.0307
2025-09-18 21:32:52,227 - INFO - Checkpoint saved to ./checkpoints/unet_03/latest.pth
2025-09-18 21:33:40,274 - INFO - Train Epoch 75 - Loss: 0.3878, Seg Loss: 0.0531, Offset Loss: 0.6546, IoU: 0.8900, MAE: 4.7199
2025-09-18 21:33:47,719 - INFO - Val Epoch 75 - Loss: 0.1661, Seg Loss: 0.0548, Offset Loss: 0.2555, IoU: 0.9092, MAE: 3.9176bg_MAE: 0.0298
2025-09-18 21:33:47,991 - INFO - Checkpoint saved to ./checkpoints/unet_03/latest.pth
2025-09-18 21:34:35,890 - INFO - Train Epoch 76 - Loss: 0.3859, Seg Loss: 0.0554, Offset Loss: 0.6466, IoU: 0.9069, MAE: 4.6048
2025-09-18 21:34:43,377 - INFO - Val Epoch 76 - Loss: 0.1684, Seg Loss: 0.0569, Offset Loss: 0.2443, IoU: 0.9039, MAE: 4.5980bg_MAE: 0.0457
2025-09-18 21:34:43,659 - INFO - Checkpoint saved to ./checkpoints/unet_03/latest.pth
2025-09-18 21:35:31,748 - INFO - Train Epoch 77 - Loss: 0.3762, Seg Loss: 0.0553, Offset Loss: 0.6296, IoU: 0.9078, MAE: 4.6731
2025-09-18 21:35:39,063 - INFO - Val Epoch 77 - Loss: 0.1787, Seg Loss: 0.0491, Offset Loss: 0.2754, IoU: 0.9133, MAE: 4.5469bg_MAE: 0.0406
2025-09-18 21:35:39,342 - INFO - Checkpoint saved to ./checkpoints/unet_03/latest.pth
2025-09-18 21:36:27,224 - INFO - Train Epoch 78 - Loss: 0.3874, Seg Loss: 0.0518, Offset Loss: 0.6584, IoU: 0.8787, MAE: 4.4888
2025-09-18 21:36:34,607 - INFO - Val Epoch 78 - Loss: 0.1682, Seg Loss: 0.0446, Offset Loss: 0.2661, IoU: 0.9161, MAE: 4.1838bg_MAE: 0.0309
2025-09-18 21:36:34,875 - INFO - Checkpoint saved to ./checkpoints/unet_03/latest.pth
2025-09-18 21:37:22,778 - INFO - Train Epoch 79 - Loss: 0.3939, Seg Loss: 0.0497, Offset Loss: 0.6761, IoU: 0.8989, MAE: 4.2890
2025-09-18 21:37:30,079 - INFO - Val Epoch 79 - Loss: 0.1600, Seg Loss: 0.0503, Offset Loss: 0.2412, IoU: 0.9136, MAE: 4.3783bg_MAE: 0.0336
2025-09-18 21:37:30,358 - INFO - Checkpoint saved to ./checkpoints/unet_03/latest.pth
2025-09-18 21:38:18,175 - INFO - Train Epoch 80 - Loss: 0.3740, Seg Loss: 0.0533, Offset Loss: 0.6359, IoU: 0.9093, MAE: 4.7084
2025-09-18 21:38:25,595 - INFO - Val Epoch 80 - Loss: 0.1507, Seg Loss: 0.0449, Offset Loss: 0.2283, IoU: 0.9194, MAE: 4.2859bg_MAE: 0.0352
2025-09-18 21:38:25,876 - INFO - Checkpoint saved to ./checkpoints/unet_03/latest.pth
2025-09-18 21:39:13,851 - INFO - Train Epoch 81 - Loss: 0.3662, Seg Loss: 0.0474, Offset Loss: 0.6247, IoU: 0.9030, MAE: 4.5435
2025-09-18 21:39:21,144 - INFO - Val Epoch 81 - Loss: 0.1456, Seg Loss: 0.0458, Offset Loss: 0.2217, IoU: 0.9166, MAE: 4.1981bg_MAE: 0.0291
2025-09-18 21:39:21,425 - INFO - Checkpoint saved to ./checkpoints/unet_03/latest.pth
2025-09-18 21:40:09,247 - INFO - Train Epoch 82 - Loss: 0.3772, Seg Loss: 0.0496, Offset Loss: 0.6468, IoU: 0.9154, MAE: 4.3125
2025-09-18 21:40:16,584 - INFO - Val Epoch 82 - Loss: 0.1458, Seg Loss: 0.0458, Offset Loss: 0.2175, IoU: 0.9181, MAE: 4.2139bg_MAE: 0.0355
2025-09-18 21:40:16,865 - INFO - Checkpoint saved to ./checkpoints/unet_03/latest.pth
2025-09-18 21:41:04,814 - INFO - Train Epoch 83 - Loss: 0.3558, Seg Loss: 0.0483, Offset Loss: 0.6019, IoU: 0.9083, MAE: 4.4915
2025-09-18 21:41:12,107 - INFO - Val Epoch 83 - Loss: 0.1470, Seg Loss: 0.0421, Offset Loss: 0.2241, IoU: 0.9210, MAE: 4.2340bg_MAE: 0.0335
2025-09-18 21:41:12,388 - INFO - Checkpoint saved to ./checkpoints/unet_03/latest.pth
2025-09-18 21:41:12,657 - INFO - Checkpoint saved to ./checkpoints/unet_03/best.pth
2025-09-18 21:41:12,657 - INFO - New best model! Score: 0.9148, IoU: 0.9210, MAE: 4.2340
2025-09-18 21:42:00,664 - INFO - Train Epoch 84 - Loss: 0.3563, Seg Loss: 0.0467, Offset Loss: 0.6088, IoU: 0.9091, MAE: 4.6292
2025-09-18 21:42:08,128 - INFO - Val Epoch 84 - Loss: 0.1475, Seg Loss: 0.0429, Offset Loss: 0.2210, IoU: 0.9215, MAE: 4.3137bg_MAE: 0.0388
2025-09-18 21:42:08,412 - INFO - Checkpoint saved to ./checkpoints/unet_03/latest.pth
2025-09-18 21:42:56,170 - INFO - Train Epoch 85 - Loss: 0.3558, Seg Loss: 0.0479, Offset Loss: 0.6076, IoU: 0.9209, MAE: 4.6596
2025-09-18 21:43:03,505 - INFO - Val Epoch 85 - Loss: 0.1474, Seg Loss: 0.0438, Offset Loss: 0.2223, IoU: 0.9204, MAE: 4.4081bg_MAE: 0.0349
2025-09-18 21:43:03,781 - INFO - Checkpoint saved to ./checkpoints/unet_03/latest.pth
2025-09-18 21:43:51,915 - INFO - Train Epoch 86 - Loss: 0.3628, Seg Loss: 0.0455, Offset Loss: 0.6224, IoU: 0.9110, MAE: 4.7289
2025-09-18 21:43:59,200 - INFO - Val Epoch 86 - Loss: 0.1486, Seg Loss: 0.0434, Offset Loss: 0.2179, IoU: 0.9190, MAE: 4.5339bg_MAE: 0.0442
2025-09-18 21:43:59,477 - INFO - Checkpoint saved to ./checkpoints/unet_03/latest.pth
2025-09-18 21:44:47,327 - INFO - Train Epoch 87 - Loss: 0.3494, Seg Loss: 0.0465, Offset Loss: 0.5981, IoU: 0.9150, MAE: 4.5063
2025-09-18 21:44:54,632 - INFO - Val Epoch 87 - Loss: 0.1448, Seg Loss: 0.0430, Offset Loss: 0.2214, IoU: 0.9204, MAE: 4.2793bg_MAE: 0.0310
2025-09-18 21:44:54,909 - INFO - Checkpoint saved to ./checkpoints/unet_03/latest.pth
2025-09-18 21:45:42,885 - INFO - Train Epoch 88 - Loss: 0.3547, Seg Loss: 0.0446, Offset Loss: 0.6119, IoU: 0.9261, MAE: 4.7004
2025-09-18 21:45:50,223 - INFO - Val Epoch 88 - Loss: 0.1408, Seg Loss: 0.0413, Offset Loss: 0.2179, IoU: 0.9236, MAE: 4.3396bg_MAE: 0.0272
2025-09-18 21:45:50,500 - INFO - Checkpoint saved to ./checkpoints/unet_03/latest.pth
2025-09-18 21:45:50,765 - INFO - Checkpoint saved to ./checkpoints/unet_03/best.pth
2025-09-18 21:45:50,766 - INFO - New best model! Score: 0.9157, IoU: 0.9236, MAE: 4.3396
2025-09-18 21:46:38,774 - INFO - Train Epoch 89 - Loss: 0.3492, Seg Loss: 0.0490, Offset Loss: 0.5980, IoU: 0.9109, MAE: 4.4474
2025-09-18 21:46:46,221 - INFO - Val Epoch 89 - Loss: 0.1410, Seg Loss: 0.0414, Offset Loss: 0.2099, IoU: 0.9230, MAE: 4.4556bg_MAE: 0.0379
2025-09-18 21:46:46,501 - INFO - Checkpoint saved to ./checkpoints/unet_03/latest.pth
2025-09-18 21:47:34,445 - INFO - Train Epoch 90 - Loss: 0.3725, Seg Loss: 0.0420, Offset Loss: 0.6488, IoU: 0.9113, MAE: 4.0800
2025-09-18 21:47:41,807 - INFO - Val Epoch 90 - Loss: 0.1381, Seg Loss: 0.0404, Offset Loss: 0.2078, IoU: 0.9258, MAE: 4.2548bg_MAE: 0.0347
2025-09-18 21:47:42,088 - INFO - Checkpoint saved to ./checkpoints/unet_03/latest.pth
2025-09-18 21:47:42,356 - INFO - Checkpoint saved to ./checkpoints/unet_03/best.pth
2025-09-18 21:47:42,356 - INFO - New best model! Score: 0.9169, IoU: 0.9258, MAE: 4.2548
2025-09-18 21:48:30,267 - INFO - Train Epoch 91 - Loss: 0.3667, Seg Loss: 0.0441, Offset Loss: 0.6339, IoU: 0.9207, MAE: 4.5315
2025-09-18 21:48:37,645 - INFO - Val Epoch 91 - Loss: 0.1394, Seg Loss: 0.0443, Offset Loss: 0.2086, IoU: 0.9214, MAE: 4.2264bg_MAE: 0.0324
2025-09-18 21:48:37,925 - INFO - Checkpoint saved to ./checkpoints/unet_03/latest.pth
2025-09-18 21:49:25,871 - INFO - Train Epoch 92 - Loss: 0.3594, Seg Loss: 0.0441, Offset Loss: 0.6228, IoU: 0.9112, MAE: 4.6285
2025-09-18 21:49:33,189 - INFO - Val Epoch 92 - Loss: 0.1382, Seg Loss: 0.0433, Offset Loss: 0.2083, IoU: 0.9237, MAE: 4.2977bg_MAE: 0.0316
2025-09-18 21:49:33,469 - INFO - Checkpoint saved to ./checkpoints/unet_03/latest.pth
2025-09-18 21:50:21,373 - INFO - Train Epoch 93 - Loss: 0.3243, Seg Loss: 0.0446, Offset Loss: 0.5558, IoU: 0.9102, MAE: 4.4302
2025-09-18 21:50:28,652 - INFO - Val Epoch 93 - Loss: 0.1356, Seg Loss: 0.0405, Offset Loss: 0.2056, IoU: 0.9252, MAE: 4.1637bg_MAE: 0.0306
2025-09-18 21:50:28,930 - INFO - Checkpoint saved to ./checkpoints/unet_03/latest.pth
2025-09-18 21:50:29,199 - INFO - Checkpoint saved to ./checkpoints/unet_03/best.pth
2025-09-18 21:50:29,200 - INFO - New best model! Score: 0.9179, IoU: 0.9252, MAE: 4.1637
2025-09-18 21:51:17,351 - INFO - Train Epoch 94 - Loss: 0.3334, Seg Loss: 0.0408, Offset Loss: 0.5752, IoU: 0.9123, MAE: 4.6798
2025-09-18 21:51:24,767 - INFO - Val Epoch 94 - Loss: 0.1358, Seg Loss: 0.0384, Offset Loss: 0.2031, IoU: 0.9270, MAE: 4.4993bg_MAE: 0.0367
2025-09-18 21:51:25,052 - INFO - Checkpoint saved to ./checkpoints/unet_03/latest.pth
2025-09-18 21:52:12,948 - INFO - Train Epoch 95 - Loss: 0.3232, Seg Loss: 0.0417, Offset Loss: 0.5579, IoU: 0.9163, MAE: 4.6566
2025-09-18 21:52:20,308 - INFO - Val Epoch 95 - Loss: 0.1329, Seg Loss: 0.0415, Offset Loss: 0.1989, IoU: 0.9242, MAE: 4.3552bg_MAE: 0.0320
2025-09-18 21:52:20,589 - INFO - Checkpoint saved to ./checkpoints/unet_03/latest.pth
2025-09-18 21:53:08,519 - INFO - Train Epoch 96 - Loss: 0.3213, Seg Loss: 0.0403, Offset Loss: 0.5549, IoU: 0.9217, MAE: 4.5829
2025-09-18 21:53:15,837 - INFO - Val Epoch 96 - Loss: 0.1293, Seg Loss: 0.0394, Offset Loss: 0.1933, IoU: 0.9252, MAE: 4.3315bg_MAE: 0.0310
2025-09-18 21:53:16,120 - INFO - Checkpoint saved to ./checkpoints/unet_03/latest.pth
2025-09-18 21:54:04,247 - INFO - Train Epoch 97 - Loss: 0.3290, Seg Loss: 0.0410, Offset Loss: 0.5718, IoU: 0.9059, MAE: 4.3416
2025-09-18 21:54:11,757 - INFO - Val Epoch 97 - Loss: 0.1316, Seg Loss: 0.0387, Offset Loss: 0.1982, IoU: 0.9267, MAE: 4.2989bg_MAE: 0.0326
2025-09-18 21:54:12,040 - INFO - Checkpoint saved to ./checkpoints/unet_03/latest.pth
2025-09-18 21:55:00,383 - INFO - Train Epoch 98 - Loss: 0.3198, Seg Loss: 0.0418, Offset Loss: 0.5513, IoU: 0.9136, MAE: 4.3999
2025-09-18 21:55:07,807 - INFO - Val Epoch 98 - Loss: 0.1254, Seg Loss: 0.0375, Offset Loss: 0.1904, IoU: 0.9306, MAE: 4.2037bg_MAE: 0.0291
2025-09-18 21:55:08,090 - INFO - Checkpoint saved to ./checkpoints/unet_03/latest.pth
2025-09-18 21:55:08,362 - INFO - Checkpoint saved to ./checkpoints/unet_03/best.pth
2025-09-18 21:55:08,362 - INFO - New best model! Score: 0.9203, IoU: 0.9306, MAE: 4.2037
2025-09-18 21:55:56,263 - INFO - Train Epoch 99 - Loss: 0.3040, Seg Loss: 0.0400, Offset Loss: 0.5247, IoU: 0.9195, MAE: 3.8635
2025-09-18 21:56:03,703 - INFO - Val Epoch 99 - Loss: 0.1290, Seg Loss: 0.0408, Offset Loss: 0.1962, IoU: 0.9286, MAE: 4.2679bg_MAE: 0.0285
2025-09-18 21:56:03,997 - INFO - Checkpoint saved to ./checkpoints/unet_03/latest.pth
2025-09-18 21:56:03,998 - INFO - Training completed. Best Score: 0.9203, IoU: 0.9306, MAE: 4.2037
