2025-09-22 09:12:11,861 - INFO - Experiment name: unet_06
2025-09-22 09:12:11,861 - INFO - Using config: {'data_root': './data', 'resize': [480, 640], 'num_workers': 0, 'rgb_mean': [0.18, 0.246, 0.285], 'rgb_std': [0.207, 0.202, 0.23], 'depth_mean': 2997.516, 'depth_std': 1324.941, 'offset_mean': [-0.068, -0.075], 'offset_std': [17.084, 10.471], 'n_classes': 1, 'bilinear': True, 'dropout': 0.1, 'epochs': 120, 'batch_size': 8, 'lr': '1e-5', 'weight_decay': '1e-5', 'scheduler_factor': 0.5, 'scheduler_patience': 8, 'device': 'cuda:0', 'log_root': './logs', 'checkpoint_root': './checkpoints', 'test_result_dir': './test_results', 'inference': {'input_dir': './inference_input', 'output_dir': './inference_output'}, 'hyperparam_search_space': {'lr': ['1e-4', '5e-4', '1e-3'], 'batch_size': [2, 4], 'dropout': [0.1, 0.2, 0.3], 'weight_decay': ['1e-5', '1e-4']}, 'postprocess_min_area': 500, 'postprocess_kernel_size': 3, 'dbscan_eps': 50, 'dbscan_min_samples': 10, 'inference_batch_size': 4, 'inference_split': 'test'}
2025-09-22 09:12:11,991 - INFO - Using device: cuda:0
2025-09-22 09:12:13,007 - WARNING - Checkpoint ./checkpoints/unet_06/latest.pth not found, starting from scratch
2025-09-22 09:12:13,007 - INFO - Starting training from epoch 0, total epochs: 120
2025-09-22 09:14:28,941 - INFO - Train Epoch 0 - Loss: 20.0460, Seg Loss: 2.2430, Offset Loss: 17.8030, IoU: 0.1456, MAE: 59.8770
2025-09-22 09:14:44,654 - INFO - Val Epoch 0 - Loss: 8.0120, Seg Loss: 1.3501, Offset Loss: 6.6619, IoU: 0.1992, MAE: 41.1941,bg_MAE: 35.0502, fg_MAE: 6.1439
2025-09-22 09:14:44,878 - INFO - Checkpoint saved to ./checkpoints/unet_06/latest.pth
2025-09-22 09:16:59,770 - INFO - Train Epoch 1 - Loss: 12.0461, Seg Loss: 1.5073, Offset Loss: 10.5389, IoU: 0.1635, MAE: 40.9540
2025-09-22 09:17:15,269 - INFO - Val Epoch 1 - Loss: 3.8563, Seg Loss: 0.6430, Offset Loss: 3.2133, IoU: 0.2708, MAE: 25.6165,bg_MAE: 21.5007, fg_MAE: 4.1158
2025-09-22 09:17:15,572 - INFO - Checkpoint saved to ./checkpoints/unet_06/latest.pth
2025-09-22 09:19:29,433 - INFO - Train Epoch 2 - Loss: 8.3279, Seg Loss: 1.0113, Offset Loss: 7.3166, IoU: 0.1888, MAE: 30.0701
2025-09-22 09:19:45,138 - INFO - Val Epoch 2 - Loss: 2.5943, Seg Loss: 0.4296, Offset Loss: 2.1646, IoU: 0.2460, MAE: 17.8315,bg_MAE: 14.6853, fg_MAE: 3.1462
2025-09-22 09:19:45,438 - INFO - Checkpoint saved to ./checkpoints/unet_06/latest.pth
2025-09-22 09:22:00,031 - INFO - Train Epoch 3 - Loss: 6.2266, Seg Loss: 0.7497, Offset Loss: 5.4769, IoU: 0.1864, MAE: 22.5701
2025-09-22 09:22:15,584 - INFO - Val Epoch 3 - Loss: 1.8985, Seg Loss: 0.3438, Offset Loss: 1.5547, IoU: 0.2308, MAE: 13.0386,bg_MAE: 10.6474, fg_MAE: 2.3911
2025-09-22 09:22:15,885 - INFO - Checkpoint saved to ./checkpoints/unet_06/latest.pth
2025-09-22 09:24:30,152 - INFO - Train Epoch 4 - Loss: 5.2610, Seg Loss: 0.6021, Offset Loss: 4.6589, IoU: 0.2122, MAE: 18.5550
2025-09-22 09:24:45,774 - INFO - Val Epoch 4 - Loss: 1.5686, Seg Loss: 0.3265, Offset Loss: 1.2421, IoU: 0.2670, MAE: 10.0377,bg_MAE: 8.1043, fg_MAE: 1.9334
2025-09-22 09:24:46,074 - INFO - Checkpoint saved to ./checkpoints/unet_06/latest.pth
2025-09-22 09:26:59,921 - INFO - Train Epoch 5 - Loss: 4.6392, Seg Loss: 0.5217, Offset Loss: 4.1175, IoU: 0.1989, MAE: 15.4465
2025-09-22 09:27:15,540 - INFO - Val Epoch 5 - Loss: 1.2957, Seg Loss: 0.2891, Offset Loss: 1.0066, IoU: 0.2555, MAE: 7.8264,bg_MAE: 6.1957, fg_MAE: 1.6307
2025-09-22 09:27:15,835 - INFO - Checkpoint saved to ./checkpoints/unet_06/latest.pth
2025-09-22 09:29:30,117 - INFO - Train Epoch 6 - Loss: 4.2762, Seg Loss: 0.4685, Offset Loss: 3.8077, IoU: 0.2115, MAE: 12.8501
2025-09-22 09:29:45,532 - INFO - Val Epoch 6 - Loss: 1.1728, Seg Loss: 0.2775, Offset Loss: 0.8952, IoU: 0.2834, MAE: 6.3583,bg_MAE: 4.9322, fg_MAE: 1.4260
2025-09-22 09:29:45,828 - INFO - Checkpoint saved to ./checkpoints/unet_06/latest.pth
2025-09-22 09:29:46,041 - INFO - Checkpoint saved to ./checkpoints/unet_06/best.pth
2025-09-22 09:29:46,041 - INFO - New best model! Score: 0.0849, IoU: 0.2834, MAE: 6.3583
2025-09-22 09:32:00,452 - INFO - Train Epoch 7 - Loss: 4.0842, Seg Loss: 0.4286, Offset Loss: 3.6556, IoU: 0.2282, MAE: 11.0245
2025-09-22 09:32:15,982 - INFO - Val Epoch 7 - Loss: 1.1516, Seg Loss: 0.2691, Offset Loss: 0.8826, IoU: 0.2962, MAE: 5.6036,bg_MAE: 4.3433, fg_MAE: 1.2603
2025-09-22 09:32:16,285 - INFO - Checkpoint saved to ./checkpoints/unet_06/latest.pth
2025-09-22 09:32:16,576 - INFO - Checkpoint saved to ./checkpoints/unet_06/best.pth
2025-09-22 09:32:16,576 - INFO - New best model! Score: 0.1577, IoU: 0.2962, MAE: 5.6036
2025-09-22 09:34:30,515 - INFO - Train Epoch 8 - Loss: 3.7805, Seg Loss: 0.3970, Offset Loss: 3.3835, IoU: 0.2417, MAE: 10.4679
2025-09-22 09:34:46,278 - INFO - Val Epoch 8 - Loss: 1.1212, Seg Loss: 0.2614, Offset Loss: 0.8599, IoU: 0.3328, MAE: 5.0762,bg_MAE: 3.8568, fg_MAE: 1.2194
2025-09-22 09:34:46,580 - INFO - Checkpoint saved to ./checkpoints/unet_06/latest.pth
2025-09-22 09:34:46,879 - INFO - Checkpoint saved to ./checkpoints/unet_06/best.pth
2025-09-22 09:34:46,879 - INFO - New best model! Score: 0.2299, IoU: 0.3328, MAE: 5.0762
2025-09-22 09:37:01,488 - INFO - Train Epoch 9 - Loss: 3.5653, Seg Loss: 0.3743, Offset Loss: 3.1910, IoU: 0.2615, MAE: 9.8574
2025-09-22 09:37:16,960 - INFO - Val Epoch 9 - Loss: 1.0231, Seg Loss: 0.2519, Offset Loss: 0.7712, IoU: 0.3333, MAE: 5.0198,bg_MAE: 3.8356, fg_MAE: 1.1842
2025-09-22 09:37:17,264 - INFO - Checkpoint saved to ./checkpoints/unet_06/latest.pth
2025-09-22 09:37:17,559 - INFO - Checkpoint saved to ./checkpoints/unet_06/best.pth
2025-09-22 09:37:17,559 - INFO - New best model! Score: 0.2329, IoU: 0.3333, MAE: 5.0198
2025-09-22 09:39:31,522 - INFO - Train Epoch 10 - Loss: 3.5164, Seg Loss: 0.3529, Offset Loss: 3.1635, IoU: 0.2725, MAE: 8.5761
2025-09-22 09:39:46,922 - INFO - Val Epoch 10 - Loss: 1.0373, Seg Loss: 0.2560, Offset Loss: 0.7813, IoU: 0.3647, MAE: 4.1202,bg_MAE: 3.0998, fg_MAE: 1.0204
2025-09-22 09:39:47,218 - INFO - Checkpoint saved to ./checkpoints/unet_06/latest.pth
2025-09-22 09:39:47,509 - INFO - Checkpoint saved to ./checkpoints/unet_06/best.pth
2025-09-22 09:39:47,509 - INFO - New best model! Score: 0.3312, IoU: 0.3647, MAE: 4.1202
2025-09-22 09:42:02,520 - INFO - Train Epoch 11 - Loss: 3.4045, Seg Loss: 0.3427, Offset Loss: 3.0618, IoU: 0.2862, MAE: 8.8914
2025-09-22 09:42:18,096 - INFO - Val Epoch 11 - Loss: 0.9921, Seg Loss: 0.2591, Offset Loss: 0.7330, IoU: 0.3959, MAE: 3.3277,bg_MAE: 2.4659, fg_MAE: 0.8617
2025-09-22 09:42:18,397 - INFO - Checkpoint saved to ./checkpoints/unet_06/latest.pth
2025-09-22 09:42:18,696 - INFO - Checkpoint saved to ./checkpoints/unet_06/best.pth
2025-09-22 09:42:18,696 - INFO - New best model! Score: 0.4181, IoU: 0.3959, MAE: 3.3277
2025-09-22 09:44:32,805 - INFO - Train Epoch 12 - Loss: 3.1671, Seg Loss: 0.3316, Offset Loss: 2.8355, IoU: 0.2881, MAE: 7.9058
2025-09-22 09:44:48,422 - INFO - Val Epoch 12 - Loss: 0.9529, Seg Loss: 0.2466, Offset Loss: 0.7063, IoU: 0.3927, MAE: 3.8679,bg_MAE: 2.9245, fg_MAE: 0.9434
2025-09-22 09:44:48,726 - INFO - Checkpoint saved to ./checkpoints/unet_06/latest.pth
2025-09-22 09:47:03,753 - INFO - Train Epoch 13 - Loss: 3.0957, Seg Loss: 0.3181, Offset Loss: 2.7776, IoU: 0.3199, MAE: 6.9715
2025-09-22 09:47:19,180 - INFO - Val Epoch 13 - Loss: 0.9354, Seg Loss: 0.2528, Offset Loss: 0.6826, IoU: 0.4053, MAE: 3.0153,bg_MAE: 2.2547, fg_MAE: 0.7606
2025-09-22 09:47:19,478 - INFO - Checkpoint saved to ./checkpoints/unet_06/latest.pth
2025-09-22 09:47:19,777 - INFO - Checkpoint saved to ./checkpoints/unet_06/best.pth
2025-09-22 09:47:19,777 - INFO - New best model! Score: 0.4470, IoU: 0.4053, MAE: 3.0153
2025-09-22 09:49:34,661 - INFO - Train Epoch 14 - Loss: 2.8558, Seg Loss: 0.3201, Offset Loss: 2.5357, IoU: 0.3201, MAE: 7.4954
2025-09-22 09:49:50,380 - INFO - Val Epoch 14 - Loss: 1.0473, Seg Loss: 0.2485, Offset Loss: 0.7988, IoU: 0.4024, MAE: 2.8202,bg_MAE: 2.1669, fg_MAE: 0.6532
2025-09-22 09:49:50,682 - INFO - Checkpoint saved to ./checkpoints/unet_06/latest.pth
2025-09-22 09:49:50,981 - INFO - Checkpoint saved to ./checkpoints/unet_06/best.pth
2025-09-22 09:49:50,982 - INFO - New best model! Score: 0.4563, IoU: 0.4024, MAE: 2.8202
2025-09-22 09:52:06,684 - INFO - Train Epoch 15 - Loss: 3.0137, Seg Loss: 0.3073, Offset Loss: 2.7065, IoU: 0.3161, MAE: 6.8957
2025-09-22 09:52:22,158 - INFO - Val Epoch 15 - Loss: 1.0897, Seg Loss: 0.2597, Offset Loss: 0.8300, IoU: 0.4272, MAE: 3.7858,bg_MAE: 3.0229, fg_MAE: 0.7629
2025-09-22 09:52:22,459 - INFO - Checkpoint saved to ./checkpoints/unet_06/latest.pth
2025-09-22 09:54:37,946 - INFO - Train Epoch 16 - Loss: 2.8559, Seg Loss: 0.2960, Offset Loss: 2.5599, IoU: 0.3593, MAE: 6.5803
2025-09-22 09:54:52,930 - INFO - Val Epoch 16 - Loss: 0.8883, Seg Loss: 0.2409, Offset Loss: 0.6474, IoU: 0.3920, MAE: 2.2271,bg_MAE: 1.6891, fg_MAE: 0.5380
2025-09-22 09:54:53,227 - INFO - Checkpoint saved to ./checkpoints/unet_06/latest.pth
2025-09-22 09:54:53,524 - INFO - Checkpoint saved to ./checkpoints/unet_06/best.pth
2025-09-22 09:54:53,524 - INFO - New best model! Score: 0.5048, IoU: 0.3920, MAE: 2.2271
2025-09-22 09:57:09,293 - INFO - Train Epoch 17 - Loss: 2.5960, Seg Loss: 0.2964, Offset Loss: 2.2995, IoU: 0.3467, MAE: 5.8432
2025-09-22 09:57:23,994 - INFO - Val Epoch 17 - Loss: 0.9062, Seg Loss: 0.2441, Offset Loss: 0.6621, IoU: 0.4153, MAE: 1.7752,bg_MAE: 1.2729, fg_MAE: 0.5023
2025-09-22 09:57:24,293 - INFO - Checkpoint saved to ./checkpoints/unet_06/latest.pth
2025-09-22 09:57:24,593 - INFO - Checkpoint saved to ./checkpoints/unet_06/best.pth
2025-09-22 09:57:24,594 - INFO - New best model! Score: 0.5626, IoU: 0.4153, MAE: 1.7752
2025-09-22 09:59:40,916 - INFO - Train Epoch 18 - Loss: 2.7220, Seg Loss: 0.2876, Offset Loss: 2.4343, IoU: 0.3618, MAE: 6.0959
2025-09-22 09:59:55,257 - INFO - Val Epoch 18 - Loss: 1.0669, Seg Loss: 0.2395, Offset Loss: 0.8275, IoU: 0.4158, MAE: 3.1751,bg_MAE: 2.5054, fg_MAE: 0.6697
2025-09-22 09:59:55,561 - INFO - Checkpoint saved to ./checkpoints/unet_06/latest.pth
2025-09-22 10:02:12,542 - INFO - Train Epoch 19 - Loss: 2.3902, Seg Loss: 0.2845, Offset Loss: 2.1057, IoU: 0.3691, MAE: 5.0243
2025-09-22 10:02:26,952 - INFO - Val Epoch 19 - Loss: 0.8922, Seg Loss: 0.2370, Offset Loss: 0.6553, IoU: 0.4112, MAE: 2.2479,bg_MAE: 1.7281, fg_MAE: 0.5198
2025-09-22 10:02:27,255 - INFO - Checkpoint saved to ./checkpoints/unet_06/latest.pth
2025-09-22 10:04:44,914 - INFO - Train Epoch 20 - Loss: 2.6752, Seg Loss: 0.2830, Offset Loss: 2.3921, IoU: 0.3891, MAE: 4.8794
2025-09-22 10:04:59,187 - INFO - Val Epoch 20 - Loss: 0.9026, Seg Loss: 0.2286, Offset Loss: 0.6740, IoU: 0.3967, MAE: 2.1868,bg_MAE: 1.6720, fg_MAE: 0.5148
2025-09-22 10:04:59,492 - INFO - Checkpoint saved to ./checkpoints/unet_06/latest.pth
2025-09-22 10:07:17,348 - INFO - Train Epoch 21 - Loss: 2.4900, Seg Loss: 0.2734, Offset Loss: 2.2166, IoU: 0.3897, MAE: 4.6936
2025-09-22 10:07:31,012 - INFO - Val Epoch 21 - Loss: 0.8544, Seg Loss: 0.2307, Offset Loss: 0.6237, IoU: 0.4175, MAE: 1.7469,bg_MAE: 1.2873, fg_MAE: 0.4595
2025-09-22 10:07:31,309 - INFO - Checkpoint saved to ./checkpoints/unet_06/latest.pth
2025-09-22 10:09:49,668 - INFO - Train Epoch 22 - Loss: 2.5667, Seg Loss: 0.2688, Offset Loss: 2.2980, IoU: 0.3935, MAE: 4.7685
2025-09-22 10:10:03,624 - INFO - Val Epoch 22 - Loss: 0.8816, Seg Loss: 0.2380, Offset Loss: 0.6436, IoU: 0.4181, MAE: 1.6987,bg_MAE: 1.2621, fg_MAE: 0.4366
2025-09-22 10:10:03,930 - INFO - Checkpoint saved to ./checkpoints/unet_06/latest.pth
2025-09-22 10:10:04,293 - INFO - Checkpoint saved to ./checkpoints/unet_06/best.pth
2025-09-22 10:10:04,294 - INFO - New best model! Score: 0.5658, IoU: 0.4181, MAE: 1.6987
2025-09-22 10:12:22,283 - INFO - Train Epoch 23 - Loss: 2.5591, Seg Loss: 0.2680, Offset Loss: 2.2911, IoU: 0.4037, MAE: 4.9554
2025-09-22 10:12:36,450 - INFO - Val Epoch 23 - Loss: 0.8653, Seg Loss: 0.2451, Offset Loss: 0.6202, IoU: 0.4041, MAE: 2.0004,bg_MAE: 1.5361, fg_MAE: 0.4643
2025-09-22 10:12:36,752 - INFO - Checkpoint saved to ./checkpoints/unet_06/latest.pth
2025-09-22 10:14:53,820 - INFO - Train Epoch 24 - Loss: 2.3324, Seg Loss: 0.2672, Offset Loss: 2.0652, IoU: 0.3893, MAE: 4.5863
2025-09-22 10:15:08,322 - INFO - Val Epoch 24 - Loss: 0.8443, Seg Loss: 0.2321, Offset Loss: 0.6121, IoU: 0.3911, MAE: 1.5901,bg_MAE: 1.1795, fg_MAE: 0.4106
2025-09-22 10:15:08,626 - INFO - Checkpoint saved to ./checkpoints/unet_06/latest.pth
2025-09-22 10:17:25,562 - INFO - Train Epoch 25 - Loss: 2.4945, Seg Loss: 0.2631, Offset Loss: 2.2314, IoU: 0.4081, MAE: 3.9618
2025-09-22 10:17:40,235 - INFO - Val Epoch 25 - Loss: 0.9631, Seg Loss: 0.2457, Offset Loss: 0.7174, IoU: 0.4157, MAE: 1.8065,bg_MAE: 1.3963, fg_MAE: 0.4102
2025-09-22 10:17:40,549 - INFO - Checkpoint saved to ./checkpoints/unet_06/latest.pth
2025-09-22 10:19:57,882 - INFO - Train Epoch 26 - Loss: 2.3392, Seg Loss: 0.2554, Offset Loss: 2.0838, IoU: 0.3963, MAE: 4.2994
2025-09-22 10:20:12,912 - INFO - Val Epoch 26 - Loss: 0.8493, Seg Loss: 0.2318, Offset Loss: 0.6175, IoU: 0.4186, MAE: 1.4798,bg_MAE: 1.0821, fg_MAE: 0.3977
2025-09-22 10:20:13,211 - INFO - Checkpoint saved to ./checkpoints/unet_06/latest.pth
2025-09-22 10:20:13,503 - INFO - Checkpoint saved to ./checkpoints/unet_06/best.pth
2025-09-22 10:20:13,504 - INFO - New best model! Score: 0.5863, IoU: 0.4186, MAE: 1.4798
2025-09-22 10:22:29,906 - INFO - Train Epoch 27 - Loss: 2.2571, Seg Loss: 0.2580, Offset Loss: 1.9991, IoU: 0.4210, MAE: 3.9893
2025-09-22 10:22:45,187 - INFO - Val Epoch 27 - Loss: 0.8222, Seg Loss: 0.2373, Offset Loss: 0.5849, IoU: 0.4377, MAE: 0.8587,bg_MAE: 0.4994, fg_MAE: 0.3593
2025-09-22 10:22:45,494 - INFO - Checkpoint saved to ./checkpoints/unet_06/latest.pth
2025-09-22 10:22:45,796 - INFO - Checkpoint saved to ./checkpoints/unet_06/best.pth
2025-09-22 10:22:45,796 - INFO - New best model! Score: 0.6603, IoU: 0.4377, MAE: 0.8587
2025-09-22 10:25:01,437 - INFO - Train Epoch 28 - Loss: 2.4562, Seg Loss: 0.2560, Offset Loss: 2.2002, IoU: 0.4033, MAE: 4.0783
2025-09-22 10:25:16,779 - INFO - Val Epoch 28 - Loss: 0.9871, Seg Loss: 0.2308, Offset Loss: 0.7563, IoU: 0.4325, MAE: 1.6512,bg_MAE: 1.2646, fg_MAE: 0.3866
2025-09-22 10:25:17,083 - INFO - Checkpoint saved to ./checkpoints/unet_06/latest.pth
2025-09-22 10:27:33,245 - INFO - Train Epoch 29 - Loss: 2.4317, Seg Loss: 0.2575, Offset Loss: 2.1742, IoU: 0.3935, MAE: 3.6914
2025-09-22 10:27:48,595 - INFO - Val Epoch 29 - Loss: 0.8415, Seg Loss: 0.2207, Offset Loss: 0.6208, IoU: 0.4060, MAE: 1.1447,bg_MAE: 0.7768, fg_MAE: 0.3679
2025-09-22 10:27:48,898 - INFO - Checkpoint saved to ./checkpoints/unet_06/latest.pth
2025-09-22 10:30:03,843 - INFO - Train Epoch 30 - Loss: 2.2920, Seg Loss: 0.2533, Offset Loss: 2.0387, IoU: 0.4114, MAE: 3.5795
2025-09-22 10:30:19,496 - INFO - Val Epoch 30 - Loss: 0.8265, Seg Loss: 0.2156, Offset Loss: 0.6109, IoU: 0.4062, MAE: 1.3614,bg_MAE: 0.9996, fg_MAE: 0.3617
2025-09-22 10:30:19,795 - INFO - Checkpoint saved to ./checkpoints/unet_06/latest.pth
2025-09-22 10:32:35,108 - INFO - Train Epoch 31 - Loss: 2.3300, Seg Loss: 0.2506, Offset Loss: 2.0794, IoU: 0.3920, MAE: 4.4203
2025-09-22 10:32:50,921 - INFO - Val Epoch 31 - Loss: 0.8814, Seg Loss: 0.2203, Offset Loss: 0.6610, IoU: 0.4292, MAE: 1.9003,bg_MAE: 1.4785, fg_MAE: 0.4218
2025-09-22 10:32:51,235 - INFO - Checkpoint saved to ./checkpoints/unet_06/latest.pth
2025-09-22 10:35:05,924 - INFO - Train Epoch 32 - Loss: 2.1089, Seg Loss: 0.2471, Offset Loss: 1.8618, IoU: 0.4286, MAE: 4.1235
2025-09-22 10:35:21,612 - INFO - Val Epoch 32 - Loss: 0.8906, Seg Loss: 0.2234, Offset Loss: 0.6672, IoU: 0.4263, MAE: 1.3452,bg_MAE: 0.9665, fg_MAE: 0.3787
2025-09-22 10:35:21,909 - INFO - Checkpoint saved to ./checkpoints/unet_06/latest.pth
2025-09-22 10:37:36,789 - INFO - Train Epoch 33 - Loss: 2.2009, Seg Loss: 0.2446, Offset Loss: 1.9563, IoU: 0.4092, MAE: 3.7960
2025-09-22 10:37:52,549 - INFO - Val Epoch 33 - Loss: 0.9670, Seg Loss: 0.2130, Offset Loss: 0.7540, IoU: 0.4147, MAE: 1.2965,bg_MAE: 0.9426, fg_MAE: 0.3539
2025-09-22 10:37:52,851 - INFO - Checkpoint saved to ./checkpoints/unet_06/latest.pth
2025-09-22 10:40:08,083 - INFO - Train Epoch 34 - Loss: 2.2623, Seg Loss: 0.2451, Offset Loss: 2.0173, IoU: 0.4309, MAE: 3.1637
2025-09-22 10:40:23,515 - INFO - Val Epoch 34 - Loss: 0.8689, Seg Loss: 0.2241, Offset Loss: 0.6448, IoU: 0.4395, MAE: 0.9795,bg_MAE: 0.6367, fg_MAE: 0.3428
2025-09-22 10:40:23,813 - INFO - Checkpoint saved to ./checkpoints/unet_06/latest.pth
2025-09-22 10:42:38,848 - INFO - Train Epoch 35 - Loss: 2.1174, Seg Loss: 0.2426, Offset Loss: 1.8748, IoU: 0.4052, MAE: 3.1528
2025-09-22 10:42:54,674 - INFO - Val Epoch 35 - Loss: 0.8485, Seg Loss: 0.2138, Offset Loss: 0.6347, IoU: 0.4099, MAE: 1.1201,bg_MAE: 0.7757, fg_MAE: 0.3444
2025-09-22 10:42:54,973 - INFO - Checkpoint saved to ./checkpoints/unet_06/latest.pth
2025-09-22 10:45:10,521 - INFO - Train Epoch 36 - Loss: 2.0707, Seg Loss: 0.2377, Offset Loss: 1.8330, IoU: 0.4338, MAE: 3.1464
2025-09-22 10:45:26,088 - INFO - Val Epoch 36 - Loss: 0.8677, Seg Loss: 0.2191, Offset Loss: 0.6486, IoU: 0.4509, MAE: 0.9227,bg_MAE: 0.5883, fg_MAE: 0.3344
2025-09-22 10:45:26,390 - INFO - Checkpoint saved to ./checkpoints/unet_06/latest.pth
2025-09-22 10:47:41,435 - INFO - Train Epoch 37 - Loss: 2.1182, Seg Loss: 0.2359, Offset Loss: 1.8823, IoU: 0.4089, MAE: 3.1161
2025-09-22 10:47:57,125 - INFO - Val Epoch 37 - Loss: 0.8365, Seg Loss: 0.2082, Offset Loss: 0.6283, IoU: 0.4255, MAE: 0.8354,bg_MAE: 0.5015, fg_MAE: 0.3339
2025-09-22 10:47:57,427 - INFO - Checkpoint saved to ./checkpoints/unet_06/latest.pth
2025-09-22 10:50:12,246 - INFO - Train Epoch 38 - Loss: 2.1172, Seg Loss: 0.2358, Offset Loss: 1.8814, IoU: 0.4379, MAE: 3.2512
2025-09-22 10:50:28,073 - INFO - Val Epoch 38 - Loss: 0.8297, Seg Loss: 0.2150, Offset Loss: 0.6147, IoU: 0.4355, MAE: 1.2153,bg_MAE: 0.8637, fg_MAE: 0.3516
2025-09-22 10:50:28,371 - INFO - Checkpoint saved to ./checkpoints/unet_06/latest.pth
2025-09-22 10:52:43,239 - INFO - Train Epoch 39 - Loss: 1.9444, Seg Loss: 0.2345, Offset Loss: 1.7099, IoU: 0.4222, MAE: 3.0687
2025-09-22 10:52:58,761 - INFO - Val Epoch 39 - Loss: 0.9063, Seg Loss: 0.2011, Offset Loss: 0.7052, IoU: 0.4027, MAE: 0.9282,bg_MAE: 0.5960, fg_MAE: 0.3321
2025-09-22 10:52:59,062 - INFO - Checkpoint saved to ./checkpoints/unet_06/latest.pth
2025-09-22 10:55:14,232 - INFO - Train Epoch 40 - Loss: 1.9231, Seg Loss: 0.2297, Offset Loss: 1.6934, IoU: 0.4137, MAE: 2.7610
2025-09-22 10:55:29,933 - INFO - Val Epoch 40 - Loss: 0.8526, Seg Loss: 0.2014, Offset Loss: 0.6513, IoU: 0.3986, MAE: 0.8621,bg_MAE: 0.5317, fg_MAE: 0.3303
2025-09-22 10:55:30,232 - INFO - Checkpoint saved to ./checkpoints/unet_06/latest.pth
2025-09-22 10:57:44,705 - INFO - Train Epoch 41 - Loss: 1.9870, Seg Loss: 0.2316, Offset Loss: 1.7554, IoU: 0.4164, MAE: 2.8205
2025-09-22 10:58:00,159 - INFO - Val Epoch 41 - Loss: 0.8719, Seg Loss: 0.2036, Offset Loss: 0.6682, IoU: 0.4229, MAE: 0.9457,bg_MAE: 0.6096, fg_MAE: 0.3361
2025-09-22 10:58:00,459 - INFO - Checkpoint saved to ./checkpoints/unet_06/latest.pth
2025-09-22 11:00:15,250 - INFO - Train Epoch 42 - Loss: 2.1403, Seg Loss: 0.2292, Offset Loss: 1.9111, IoU: 0.4430, MAE: 2.9443
2025-09-22 11:00:30,747 - INFO - Val Epoch 42 - Loss: 0.8714, Seg Loss: 0.1960, Offset Loss: 0.6754, IoU: 0.4083, MAE: 0.9225,bg_MAE: 0.5905, fg_MAE: 0.3321
2025-09-22 11:00:31,044 - INFO - Checkpoint saved to ./checkpoints/unet_06/latest.pth
2025-09-22 11:02:45,703 - INFO - Train Epoch 43 - Loss: 1.9560, Seg Loss: 0.2288, Offset Loss: 1.7272, IoU: 0.4308, MAE: 2.7681
2025-09-22 11:03:01,313 - INFO - Val Epoch 43 - Loss: 0.8216, Seg Loss: 0.1967, Offset Loss: 0.6249, IoU: 0.3970, MAE: 0.8115,bg_MAE: 0.4820, fg_MAE: 0.3295
2025-09-22 11:03:01,611 - INFO - Checkpoint saved to ./checkpoints/unet_06/latest.pth
2025-09-22 11:05:16,466 - INFO - Train Epoch 44 - Loss: 2.1420, Seg Loss: 0.2253, Offset Loss: 1.9166, IoU: 0.4292, MAE: 2.5916
2025-09-22 11:05:31,809 - INFO - Val Epoch 44 - Loss: 0.8305, Seg Loss: 0.1931, Offset Loss: 0.6375, IoU: 0.4026, MAE: 0.9409,bg_MAE: 0.6069, fg_MAE: 0.3340
2025-09-22 11:05:32,102 - INFO - Checkpoint saved to ./checkpoints/unet_06/latest.pth
2025-09-22 11:07:12,584 - INFO - Train Epoch 45 - Loss: 1.9293, Seg Loss: 0.2300, Offset Loss: 1.6994, IoU: 0.4440, MAE: 2.6073
2025-09-22 11:07:22,440 - INFO - Val Epoch 45 - Loss: 0.9516, Seg Loss: 0.2028, Offset Loss: 0.7488, IoU: 0.4133, MAE: 1.1614,bg_MAE: 0.8185, fg_MAE: 0.3429
2025-09-22 11:07:22,732 - INFO - Checkpoint saved to ./checkpoints/unet_06/latest.pth
2025-09-22 11:28:30,938 - INFO - Train Epoch 46 - Loss: 1.8659, Seg Loss: 0.2217, Offset Loss: 1.6441, IoU: 0.4101, MAE: 2.6518
2025-09-22 11:28:46,480 - INFO - Val Epoch 46 - Loss: 1.0060, Seg Loss: 0.1850, Offset Loss: 0.8210, IoU: 0.3862, MAE: 0.9717,bg_MAE: 0.6407, fg_MAE: 0.3310
2025-09-22 11:28:46,775 - INFO - Checkpoint saved to ./checkpoints/unet_06/latest.pth
2025-09-22 11:31:01,015 - INFO - Train Epoch 47 - Loss: 2.0005, Seg Loss: 0.2231, Offset Loss: 1.7774, IoU: 0.4440, MAE: 2.7268
2025-09-22 11:31:16,663 - INFO - Val Epoch 47 - Loss: 0.8340, Seg Loss: 0.1856, Offset Loss: 0.6485, IoU: 0.3770, MAE: 0.9667,bg_MAE: 0.6359, fg_MAE: 0.3308
2025-09-22 11:31:16,973 - INFO - Checkpoint saved to ./checkpoints/unet_06/latest.pth
2025-09-22 11:33:32,306 - INFO - Train Epoch 48 - Loss: 1.8453, Seg Loss: 0.2212, Offset Loss: 1.6241, IoU: 0.4206, MAE: 2.6766
2025-09-22 11:33:47,853 - INFO - Val Epoch 48 - Loss: 0.8868, Seg Loss: 0.1869, Offset Loss: 0.7000, IoU: 0.3942, MAE: 0.8739,bg_MAE: 0.5453, fg_MAE: 0.3286
2025-09-22 11:33:48,148 - INFO - Checkpoint saved to ./checkpoints/unet_06/latest.pth
2025-09-22 11:36:03,551 - INFO - Train Epoch 49 - Loss: 1.8287, Seg Loss: 0.2191, Offset Loss: 1.6097, IoU: 0.4544, MAE: 2.5633
2025-09-22 11:36:19,034 - INFO - Val Epoch 49 - Loss: 0.8681, Seg Loss: 0.1984, Offset Loss: 0.6697, IoU: 0.4373, MAE: 0.9313,bg_MAE: 0.6014, fg_MAE: 0.3299
2025-09-22 11:36:19,325 - INFO - Checkpoint saved to ./checkpoints/unet_06/latest.pth
2025-09-22 11:38:34,253 - INFO - Train Epoch 50 - Loss: 1.9305, Seg Loss: 0.2196, Offset Loss: 1.7108, IoU: 0.4250, MAE: 2.5561
2025-09-22 11:38:49,827 - INFO - Val Epoch 50 - Loss: 0.8808, Seg Loss: 0.1808, Offset Loss: 0.6999, IoU: 0.3709, MAE: 0.9105,bg_MAE: 0.5818, fg_MAE: 0.3287
2025-09-22 11:38:50,127 - INFO - Checkpoint saved to ./checkpoints/unet_06/latest.pth
2025-09-22 11:41:04,835 - INFO - Train Epoch 51 - Loss: 1.7988, Seg Loss: 0.2180, Offset Loss: 1.5808, IoU: 0.4281, MAE: 2.5851
2025-09-22 11:41:20,265 - INFO - Val Epoch 51 - Loss: 0.9038, Seg Loss: 0.2004, Offset Loss: 0.7034, IoU: 0.4450, MAE: 0.8669,bg_MAE: 0.5373, fg_MAE: 0.3295
2025-09-22 11:41:20,559 - INFO - Checkpoint saved to ./checkpoints/unet_06/latest.pth
2025-09-22 11:43:35,807 - INFO - Train Epoch 52 - Loss: 1.9041, Seg Loss: 0.2165, Offset Loss: 1.6877, IoU: 0.4538, MAE: 2.7949
2025-09-22 11:43:51,627 - INFO - Val Epoch 52 - Loss: 0.8614, Seg Loss: 0.1850, Offset Loss: 0.6764, IoU: 0.4029, MAE: 0.8176,bg_MAE: 0.4883, fg_MAE: 0.3294
2025-09-22 11:43:51,924 - INFO - Checkpoint saved to ./checkpoints/unet_06/latest.pth
2025-09-22 11:46:06,627 - INFO - Train Epoch 53 - Loss: 1.7807, Seg Loss: 0.2170, Offset Loss: 1.5637, IoU: 0.4158, MAE: 2.4471
2025-09-22 11:46:22,255 - INFO - Val Epoch 53 - Loss: 0.9679, Seg Loss: 0.1862, Offset Loss: 0.7817, IoU: 0.3980, MAE: 0.8762,bg_MAE: 0.5445, fg_MAE: 0.3317
2025-09-22 11:46:22,603 - INFO - Checkpoint saved to ./checkpoints/unet_06/latest.pth
2025-09-22 11:48:37,558 - INFO - Train Epoch 54 - Loss: 1.7098, Seg Loss: 0.2156, Offset Loss: 1.4942, IoU: 0.4468, MAE: 2.5082
2025-09-22 11:48:53,077 - INFO - Val Epoch 54 - Loss: 0.9621, Seg Loss: 0.1769, Offset Loss: 0.7852, IoU: 0.3854, MAE: 0.9818,bg_MAE: 0.6486, fg_MAE: 0.3333
2025-09-22 11:48:53,371 - INFO - Checkpoint saved to ./checkpoints/unet_06/latest.pth
2025-09-22 11:51:07,996 - INFO - Train Epoch 55 - Loss: 1.7548, Seg Loss: 0.2199, Offset Loss: 1.5348, IoU: 0.4194, MAE: 2.3059
2025-09-22 11:51:23,453 - INFO - Val Epoch 55 - Loss: 0.8819, Seg Loss: 0.1790, Offset Loss: 0.7030, IoU: 0.3620, MAE: 1.2065,bg_MAE: 0.8606, fg_MAE: 0.3458
2025-09-22 11:51:23,748 - INFO - Checkpoint saved to ./checkpoints/unet_06/latest.pth
2025-09-22 11:53:39,213 - INFO - Train Epoch 56 - Loss: 1.7466, Seg Loss: 0.2161, Offset Loss: 1.5305, IoU: 0.4135, MAE: 2.3674
2025-09-22 11:53:54,660 - INFO - Val Epoch 56 - Loss: 0.8378, Seg Loss: 0.1835, Offset Loss: 0.6543, IoU: 0.4012, MAE: 0.9462,bg_MAE: 0.6072, fg_MAE: 0.3390
2025-09-22 11:53:54,963 - INFO - Checkpoint saved to ./checkpoints/unet_06/latest.pth
2025-09-22 11:56:09,582 - INFO - Train Epoch 57 - Loss: 1.7125, Seg Loss: 0.2161, Offset Loss: 1.4964, IoU: 0.4473, MAE: 2.5009
2025-09-22 11:56:25,112 - INFO - Val Epoch 57 - Loss: 0.9124, Seg Loss: 0.1877, Offset Loss: 0.7248, IoU: 0.4305, MAE: 0.8115,bg_MAE: 0.4768, fg_MAE: 0.3347
2025-09-22 11:56:25,430 - INFO - Checkpoint saved to ./checkpoints/unet_06/latest.pth
2025-09-22 11:58:40,344 - INFO - Train Epoch 58 - Loss: 1.8220, Seg Loss: 0.2155, Offset Loss: 1.6066, IoU: 0.4592, MAE: 2.3627
2025-09-22 11:58:55,907 - INFO - Val Epoch 58 - Loss: 0.8834, Seg Loss: 0.1810, Offset Loss: 0.7025, IoU: 0.4156, MAE: 0.8909,bg_MAE: 0.5548, fg_MAE: 0.3361
2025-09-22 11:58:56,209 - INFO - Checkpoint saved to ./checkpoints/unet_06/latest.pth
2025-09-22 12:01:11,648 - INFO - Train Epoch 59 - Loss: 1.7868, Seg Loss: 0.2131, Offset Loss: 1.5737, IoU: 0.4132, MAE: 2.3726
2025-09-22 12:01:27,233 - INFO - Val Epoch 59 - Loss: 0.8613, Seg Loss: 0.1790, Offset Loss: 0.6822, IoU: 0.3987, MAE: 0.8525,bg_MAE: 0.5135, fg_MAE: 0.3389
2025-09-22 12:01:27,535 - INFO - Checkpoint saved to ./checkpoints/unet_06/latest.pth
2025-09-22 12:03:42,889 - INFO - Train Epoch 60 - Loss: 1.7688, Seg Loss: 0.2123, Offset Loss: 1.5565, IoU: 0.4265, MAE: 2.5501
2025-09-22 12:03:58,693 - INFO - Val Epoch 60 - Loss: 0.9059, Seg Loss: 0.1825, Offset Loss: 0.7235, IoU: 0.3973, MAE: 0.9697,bg_MAE: 0.6298, fg_MAE: 0.3398
2025-09-22 12:03:59,000 - INFO - Checkpoint saved to ./checkpoints/unet_06/latest.pth
2025-09-22 12:06:14,112 - INFO - Train Epoch 61 - Loss: 1.8381, Seg Loss: 0.2142, Offset Loss: 1.6238, IoU: 0.4218, MAE: 2.4335
2025-09-22 12:06:29,692 - INFO - Val Epoch 61 - Loss: 0.8174, Seg Loss: 0.1777, Offset Loss: 0.6398, IoU: 0.4049, MAE: 0.7236,bg_MAE: 0.3879, fg_MAE: 0.3357
2025-09-22 12:06:29,994 - INFO - Checkpoint saved to ./checkpoints/unet_06/latest.pth
2025-09-22 12:08:44,993 - INFO - Train Epoch 62 - Loss: 1.7946, Seg Loss: 0.2101, Offset Loss: 1.5845, IoU: 0.4255, MAE: 2.6097
2025-09-22 12:09:00,513 - INFO - Val Epoch 62 - Loss: 0.8737, Seg Loss: 0.1740, Offset Loss: 0.6997, IoU: 0.3684, MAE: 0.8423,bg_MAE: 0.5062, fg_MAE: 0.3361
2025-09-22 12:09:00,815 - INFO - Checkpoint saved to ./checkpoints/unet_06/latest.pth
2025-09-22 12:10:30,764 - INFO - Train Epoch 63 - Loss: 1.8091, Seg Loss: 0.2115, Offset Loss: 1.5976, IoU: 0.4144, MAE: 2.5803
2025-09-22 13:09:03,389 - INFO - Val Epoch 63 - Loss: 0.9933, Seg Loss: 0.1735, Offset Loss: 0.8198, IoU: 0.3883, MAE: 0.8979,bg_MAE: 0.5562, fg_MAE: 0.3417
2025-09-22 13:09:03,689 - INFO - Checkpoint saved to ./checkpoints/unet_06/latest.pth
2025-09-22 13:11:18,309 - INFO - Train Epoch 64 - Loss: 1.7252, Seg Loss: 0.2076, Offset Loss: 1.5176, IoU: 0.4190, MAE: 2.8132
2025-09-22 13:11:34,069 - INFO - Val Epoch 64 - Loss: 0.8389, Seg Loss: 0.1750, Offset Loss: 0.6639, IoU: 0.4060, MAE: 0.8197,bg_MAE: 0.4761, fg_MAE: 0.3436
2025-09-22 13:11:34,370 - INFO - Checkpoint saved to ./checkpoints/unet_06/latest.pth
2025-09-22 13:13:48,534 - INFO - Train Epoch 65 - Loss: 1.7436, Seg Loss: 0.2067, Offset Loss: 1.5370, IoU: 0.4166, MAE: 2.7319
2025-09-22 13:14:04,132 - INFO - Val Epoch 65 - Loss: 0.8948, Seg Loss: 0.1701, Offset Loss: 0.7247, IoU: 0.3547, MAE: 0.8939,bg_MAE: 0.5486, fg_MAE: 0.3454
2025-09-22 13:14:04,431 - INFO - Checkpoint saved to ./checkpoints/unet_06/latest.pth
2025-09-22 13:16:18,980 - INFO - Train Epoch 66 - Loss: 1.6366, Seg Loss: 0.2082, Offset Loss: 1.4284, IoU: 0.4589, MAE: 2.5698
2025-09-22 13:16:34,616 - INFO - Val Epoch 66 - Loss: 0.8442, Seg Loss: 0.1683, Offset Loss: 0.6759, IoU: 0.3656, MAE: 0.7725,bg_MAE: 0.4296, fg_MAE: 0.3428
2025-09-22 13:16:34,917 - INFO - Checkpoint saved to ./checkpoints/unet_06/latest.pth
2025-09-22 13:18:49,482 - INFO - Train Epoch 67 - Loss: 1.8027, Seg Loss: 0.2071, Offset Loss: 1.5956, IoU: 0.4019, MAE: 2.2180
2025-09-22 13:19:05,012 - INFO - Val Epoch 67 - Loss: 0.9049, Seg Loss: 0.1746, Offset Loss: 0.7303, IoU: 0.4117, MAE: 0.9142,bg_MAE: 0.5574, fg_MAE: 0.3569
2025-09-22 13:19:05,315 - INFO - Checkpoint saved to ./checkpoints/unet_06/latest.pth
2025-09-22 13:21:20,254 - INFO - Train Epoch 68 - Loss: 1.7078, Seg Loss: 0.2075, Offset Loss: 1.5004, IoU: 0.4319, MAE: 2.4416
2025-09-22 13:21:35,708 - INFO - Val Epoch 68 - Loss: 0.8299, Seg Loss: 0.1709, Offset Loss: 0.6590, IoU: 0.4047, MAE: 0.7581,bg_MAE: 0.4030, fg_MAE: 0.3550
2025-09-22 13:21:36,011 - INFO - Checkpoint saved to ./checkpoints/unet_06/latest.pth
2025-09-22 13:23:50,965 - INFO - Train Epoch 69 - Loss: 1.7205, Seg Loss: 0.2019, Offset Loss: 1.5186, IoU: 0.4273, MAE: 2.4271
2025-09-22 13:24:06,743 - INFO - Val Epoch 69 - Loss: 0.9407, Seg Loss: 0.1690, Offset Loss: 0.7717, IoU: 0.3834, MAE: 0.8922,bg_MAE: 0.5404, fg_MAE: 0.3517
2025-09-22 13:24:07,048 - INFO - Checkpoint saved to ./checkpoints/unet_06/latest.pth
2025-09-22 13:26:22,721 - INFO - Train Epoch 70 - Loss: 1.6448, Seg Loss: 0.2045, Offset Loss: 1.4403, IoU: 0.4238, MAE: 2.4244
2025-09-22 13:26:38,266 - INFO - Val Epoch 70 - Loss: 0.9748, Seg Loss: 0.1657, Offset Loss: 0.8091, IoU: 0.3641, MAE: 1.0067,bg_MAE: 0.6505, fg_MAE: 0.3562
2025-09-22 13:26:38,565 - INFO - Checkpoint saved to ./checkpoints/unet_06/latest.pth
2025-09-22 13:28:53,645 - INFO - Train Epoch 71 - Loss: 1.8727, Seg Loss: 0.2067, Offset Loss: 1.6660, IoU: 0.4052, MAE: 2.6868
2025-09-22 13:29:09,165 - INFO - Val Epoch 71 - Loss: 0.8951, Seg Loss: 0.1747, Offset Loss: 0.7204, IoU: 0.4147, MAE: 0.9917,bg_MAE: 0.6314, fg_MAE: 0.3603
2025-09-22 13:29:09,455 - INFO - Checkpoint saved to ./checkpoints/unet_06/latest.pth
2025-09-22 13:31:24,501 - INFO - Train Epoch 72 - Loss: 1.7112, Seg Loss: 0.2070, Offset Loss: 1.5042, IoU: 0.4374, MAE: 2.5505
2025-09-22 13:31:40,030 - INFO - Val Epoch 72 - Loss: 0.8196, Seg Loss: 0.1639, Offset Loss: 0.6557, IoU: 0.3734, MAE: 0.7458,bg_MAE: 0.3918, fg_MAE: 0.3540
2025-09-22 13:31:40,330 - INFO - Checkpoint saved to ./checkpoints/unet_06/latest.pth
2025-09-22 13:33:55,336 - INFO - Train Epoch 73 - Loss: 1.7421, Seg Loss: 0.2056, Offset Loss: 1.5365, IoU: 0.4284, MAE: 2.5248
2025-09-22 13:34:10,965 - INFO - Val Epoch 73 - Loss: 0.9354, Seg Loss: 0.1647, Offset Loss: 0.7707, IoU: 0.3801, MAE: 0.9756,bg_MAE: 0.6114, fg_MAE: 0.3642
2025-09-22 13:34:11,266 - INFO - Checkpoint saved to ./checkpoints/unet_06/latest.pth
2025-09-22 13:36:26,327 - INFO - Train Epoch 74 - Loss: 1.6813, Seg Loss: 0.2065, Offset Loss: 1.4747, IoU: 0.3964, MAE: 2.5765
2025-09-22 13:36:41,942 - INFO - Val Epoch 74 - Loss: 0.8339, Seg Loss: 0.1718, Offset Loss: 0.6622, IoU: 0.4174, MAE: 0.8716,bg_MAE: 0.5086, fg_MAE: 0.3630
2025-09-22 13:36:42,240 - INFO - Checkpoint saved to ./checkpoints/unet_06/latest.pth
2025-09-22 13:38:57,627 - INFO - Train Epoch 75 - Loss: 1.7372, Seg Loss: 0.2008, Offset Loss: 1.5364, IoU: 0.4212, MAE: 2.5634
2025-09-22 13:39:13,190 - INFO - Val Epoch 75 - Loss: 0.7926, Seg Loss: 0.1640, Offset Loss: 0.6286, IoU: 0.3704, MAE: 0.7756,bg_MAE: 0.4158, fg_MAE: 0.3598
2025-09-22 13:39:13,489 - INFO - Checkpoint saved to ./checkpoints/unet_06/latest.pth
