2025-09-24 14:23:04,654 - INFO - Experiment name: unet_14
2025-09-24 14:23:04,654 - INFO - Using config: {'data_root': './data', 'resize': [480, 640], 'num_workers': 0, 'rgb_mean': [0.18, 0.246, 0.285], 'rgb_std': [0.207, 0.202, 0.23], 'depth_mean': 2997.516, 'depth_std': 1324.941, 'offset_mean': [-0.068, -0.075], 'offset_std': [17.084, 10.471], 'n_classes': 1, 'bilinear': True, 'dropout': 0.1, 'epochs': 120, 'batch_size': 4, 'lr': '1e-5', 'weight_decay': '1e-5', 'scheduler_factor': 0.5, 'scheduler_patience': 8, 'device': 'cuda:0', 'log_root': './logs', 'checkpoint_root': './checkpoints', 'test_result_dir': './test_results', 'inference': {'input_dir': './inference_input', 'output_dir': './inference_output'}, 'hyperparam_search_space': {'lr': ['1e-4', '5e-4', '1e-3'], 'batch_size': [2, 4], 'dropout': [0.1, 0.2, 0.3], 'weight_decay': ['1e-5', '1e-4']}, 'postprocess_min_area': 500, 'postprocess_kernel_size': 3, 'dbscan_eps': 50, 'dbscan_min_samples': 10, 'inference_batch_size': 4, 'inference_split': 'test'}
2025-09-24 14:23:05,566 - INFO - Using device: cuda:0
2025-09-24 14:23:06,434 - WARNING - Checkpoint ./checkpoints/unet_14/latest.pth not found, starting from scratch
2025-09-24 14:23:06,434 - INFO - Starting training from epoch 0, total epochs: 120
2025-09-24 14:24:29,595 - INFO - Train Epoch 0 - Loss: 17.4390, Seg Loss: 2.0987, Offset Loss: 15.3403, IoU: 0.1317, MSE: 8433.4785, bg_MSE: 6840.2056, fg_MSE: 17807.8631, BCE Loss: 0.3778, Dice Loss: 1.1521, FP Penalty Loss: 0.5689, MSE Loss: 12.0346, BG Zero Loss: 3.3057
2025-09-24 14:24:40,388 - INFO - Val Epoch 0 - Loss: 4.8164, Seg Loss: 1.2023, Offset Loss: 3.6140, IoU: 0.3160, MSE: 1496.3325, bg_MSE: 792.3245, fg_MSE: 5248.9331, BCE Loss: 0.1293, Dice Loss: 0.8731, FP Penalty Loss: 0.1999, MSE Loss: 2.2387, BG Zero Loss: 1.3753
2025-09-24 14:24:40,390 - INFO - Epoch 0 - Current Learning Rate: 0.000010
2025-09-24 14:24:40,601 - INFO - Checkpoint saved to ./checkpoints/unet_14/latest.pth
2025-09-24 14:24:40,601 - INFO - Score: -0.0104, from_IoU: 0.1896, from_MSE: 0.0000, from_BGP: -0.2000
2025-09-24 14:24:40,806 - INFO - Checkpoint saved to ./checkpoints/unet_14/best.pth
2025-09-24 14:24:40,807 - INFO - New best model! Score: -0.0104, IoU: 0.3160, MSE: 1496.3325
2025-09-24 14:26:03,679 - INFO - Train Epoch 1 - Loss: 11.2920, Seg Loss: 1.3438, Offset Loss: 9.9482, IoU: 0.2855, MSE: 5349.1938, bg_MSE: 3064.5782, fg_MSE: 18859.1801, BCE Loss: 0.2031, Dice Loss: 0.8873, FP Penalty Loss: 0.2534, MSE Loss: 7.8285, BG Zero Loss: 2.1198
2025-09-24 14:26:14,512 - INFO - Val Epoch 1 - Loss: 2.8071, Seg Loss: 0.8192, Offset Loss: 1.9879, IoU: 0.4830, MSE: 737.7933, bg_MSE: 288.8867, fg_MSE: 3136.0694, BCE Loss: 0.1014, Dice Loss: 0.6057, FP Penalty Loss: 0.1121, MSE Loss: 1.1484, BG Zero Loss: 0.8395
2025-09-24 14:26:14,514 - INFO - Epoch 1 - Current Learning Rate: 0.000010
2025-09-24 14:26:14,798 - INFO - Checkpoint saved to ./checkpoints/unet_14/latest.pth
2025-09-24 14:26:14,798 - INFO - Score: 0.0898, from_IoU: 0.2898, from_MSE: 0.0000, from_BGP: -0.2000
2025-09-24 14:26:15,065 - INFO - Checkpoint saved to ./checkpoints/unet_14/best.pth
2025-09-24 14:26:15,066 - INFO - New best model! Score: 0.0898, IoU: 0.4830, MSE: 737.7933
2025-09-24 14:27:38,003 - INFO - Train Epoch 2 - Loss: 8.3960, Seg Loss: 0.9855, Offset Loss: 7.4104, IoU: 0.4281, MSE: 4113.1802, bg_MSE: 1976.4821, fg_MSE: 16701.0904, BCE Loss: 0.1570, Dice Loss: 0.6670, FP Penalty Loss: 0.1615, MSE Loss: 5.9309, BG Zero Loss: 1.4795
2025-09-24 14:27:48,843 - INFO - Val Epoch 2 - Loss: 1.9538, Seg Loss: 0.7010, Offset Loss: 1.2527, IoU: 0.5470, MSE: 486.0384, bg_MSE: 154.2726, fg_MSE: 2238.2764, BCE Loss: 0.1118, Dice Loss: 0.4707, FP Penalty Loss: 0.1186, MSE Loss: 0.7153, BG Zero Loss: 0.5375
2025-09-24 14:27:48,843 - INFO - Epoch 2 - Current Learning Rate: 0.000010
2025-09-24 14:27:49,131 - INFO - Checkpoint saved to ./checkpoints/unet_14/latest.pth
2025-09-24 14:27:49,132 - INFO - Score: 0.2159, from_IoU: 0.3282, from_MSE: 0.0112, from_BGP: -0.1234
2025-09-24 14:27:49,408 - INFO - Checkpoint saved to ./checkpoints/unet_14/best.pth
2025-09-24 14:27:49,408 - INFO - New best model! Score: 0.2159, IoU: 0.5470, MSE: 486.0384
2025-09-24 14:29:12,064 - INFO - Train Epoch 3 - Loss: 6.7255, Seg Loss: 0.8537, Offset Loss: 5.8718, IoU: 0.4858, MSE: 3312.4312, bg_MSE: 1772.4279, fg_MSE: 12091.1081, BCE Loss: 0.1471, Dice Loss: 0.5698, FP Penalty Loss: 0.1369, MSE Loss: 4.7058, BG Zero Loss: 1.1659
2025-09-24 14:29:22,833 - INFO - Val Epoch 3 - Loss: 1.7870, Seg Loss: 0.7174, Offset Loss: 1.0696, IoU: 0.5802, MSE: 560.2587, bg_MSE: 114.0250, fg_MSE: 2902.1174, BCE Loss: 0.1389, Dice Loss: 0.4312, FP Penalty Loss: 0.1472, MSE Loss: 0.7445, BG Zero Loss: 0.3251
2025-09-24 14:29:22,833 - INFO - Epoch 3 - Current Learning Rate: 0.000010
2025-09-24 14:29:23,119 - INFO - Checkpoint saved to ./checkpoints/unet_14/latest.pth
2025-09-24 14:29:23,119 - INFO - Score: 0.2569, from_IoU: 0.3481, from_MSE: 0.0000, from_BGP: -0.0912
2025-09-24 14:29:23,392 - INFO - Checkpoint saved to ./checkpoints/unet_14/best.pth
2025-09-24 14:29:23,392 - INFO - New best model! Score: 0.2569, IoU: 0.5802, MSE: 560.2587
2025-09-24 14:30:45,970 - INFO - Train Epoch 4 - Loss: 5.7056, Seg Loss: 0.7771, Offset Loss: 4.9285, IoU: 0.5114, MSE: 2772.7947, bg_MSE: 845.8260, fg_MSE: 13969.0420, BCE Loss: 0.1387, Dice Loss: 0.5157, FP Penalty Loss: 0.1227, MSE Loss: 4.0413, BG Zero Loss: 0.8872
2025-09-24 14:30:56,799 - INFO - Val Epoch 4 - Loss: 3.0350, Seg Loss: 0.6529, Offset Loss: 2.3821, IoU: 0.5799, MSE: 1660.0002, bg_MSE: 125.9781, fg_MSE: 9706.1109, BCE Loss: 0.1190, Dice Loss: 0.4119, FP Penalty Loss: 0.1221, MSE Loss: 2.1586, BG Zero Loss: 0.2235
2025-09-24 14:30:56,800 - INFO - Epoch 4 - Current Learning Rate: 0.000010
2025-09-24 14:30:57,087 - INFO - Checkpoint saved to ./checkpoints/unet_14/latest.pth
2025-09-24 14:30:57,088 - INFO - Score: 0.2471, from_IoU: 0.3479, from_MSE: 0.0000, from_BGP: -0.1008
2025-09-24 14:32:19,641 - INFO - Train Epoch 5 - Loss: 4.9662, Seg Loss: 0.7341, Offset Loss: 4.2321, IoU: 0.5236, MSE: 2496.2954, bg_MSE: 415.5036, fg_MSE: 14737.5355, BCE Loss: 0.1272, Dice Loss: 0.4914, FP Penalty Loss: 0.1155, MSE Loss: 3.5232, BG Zero Loss: 0.7089
2025-09-24 14:32:30,305 - INFO - Val Epoch 5 - Loss: 2.2558, Seg Loss: 0.6177, Offset Loss: 1.6381, IoU: 0.5842, MSE: 1210.8580, bg_MSE: 52.7459, fg_MSE: 7237.8164, BCE Loss: 0.1127, Dice Loss: 0.3948, FP Penalty Loss: 0.1102, MSE Loss: 1.4714, BG Zero Loss: 0.1667
2025-09-24 14:32:30,306 - INFO - Epoch 5 - Current Learning Rate: 0.000010
2025-09-24 14:32:30,585 - INFO - Checkpoint saved to ./checkpoints/unet_14/latest.pth
2025-09-24 14:32:30,585 - INFO - Score: 0.3083, from_IoU: 0.3505, from_MSE: 0.0000, from_BGP: -0.0422
2025-09-24 14:32:30,853 - INFO - Checkpoint saved to ./checkpoints/unet_14/best.pth
2025-09-24 14:32:30,854 - INFO - New best model! Score: 0.3083, IoU: 0.5842, MSE: 1210.8580
2025-09-24 14:33:53,219 - INFO - Train Epoch 6 - Loss: 4.7793, Seg Loss: 0.6956, Offset Loss: 4.0837, IoU: 0.5390, MSE: 2465.3711, bg_MSE: 372.0887, fg_MSE: 15045.0801, BCE Loss: 0.1207, Dice Loss: 0.4652, FP Penalty Loss: 0.1097, MSE Loss: 3.5037, BG Zero Loss: 0.5799
2025-09-24 14:34:03,996 - INFO - Val Epoch 6 - Loss: 2.1656, Seg Loss: 0.6066, Offset Loss: 1.5590, IoU: 0.5858, MSE: 1173.7563, bg_MSE: 79.0085, fg_MSE: 6830.9243, BCE Loss: 0.1018, Dice Loss: 0.3966, FP Penalty Loss: 0.1082, MSE Loss: 1.3983, BG Zero Loss: 0.1607
2025-09-24 14:34:03,997 - INFO - Epoch 6 - Current Learning Rate: 0.000010
2025-09-24 14:34:04,278 - INFO - Checkpoint saved to ./checkpoints/unet_14/latest.pth
2025-09-24 14:34:04,278 - INFO - Score: 0.2883, from_IoU: 0.3515, from_MSE: 0.0000, from_BGP: -0.0632
2025-09-24 14:35:27,115 - INFO - Train Epoch 7 - Loss: 4.6242, Seg Loss: 0.6774, Offset Loss: 3.9468, IoU: 0.5482, MSE: 2409.7249, bg_MSE: 258.8489, fg_MSE: 15230.2750, BCE Loss: 0.1113, Dice Loss: 0.4604, FP Penalty Loss: 0.1057, MSE Loss: 3.4538, BG Zero Loss: 0.4930
2025-09-24 14:35:37,942 - INFO - Val Epoch 7 - Loss: 2.0637, Seg Loss: 0.6113, Offset Loss: 1.4523, IoU: 0.5946, MSE: 885.2781, bg_MSE: 54.7976, fg_MSE: 5191.4727, BCE Loss: 0.1100, Dice Loss: 0.3860, FP Penalty Loss: 0.1153, MSE Loss: 1.3515, BG Zero Loss: 0.1008
2025-09-24 14:35:37,943 - INFO - Epoch 7 - Current Learning Rate: 0.000010
2025-09-24 14:35:38,231 - INFO - Checkpoint saved to ./checkpoints/unet_14/latest.pth
2025-09-24 14:35:38,232 - INFO - Score: 0.3129, from_IoU: 0.3568, from_MSE: 0.0000, from_BGP: -0.0438
2025-09-24 14:35:38,509 - INFO - Checkpoint saved to ./checkpoints/unet_14/best.pth
2025-09-24 14:35:38,510 - INFO - New best model! Score: 0.3129, IoU: 0.5946, MSE: 885.2781
2025-09-24 14:37:01,299 - INFO - Train Epoch 8 - Loss: 4.0650, Seg Loss: 0.6510, Offset Loss: 3.4140, IoU: 0.5536, MSE: 2141.7053, bg_MSE: 227.4275, fg_MSE: 13540.2080, BCE Loss: 0.1066, Dice Loss: 0.4424, FP Penalty Loss: 0.1020, MSE Loss: 2.9626, BG Zero Loss: 0.4514
2025-09-24 14:37:12,087 - INFO - Val Epoch 8 - Loss: 2.3862, Seg Loss: 0.6009, Offset Loss: 1.7853, IoU: 0.5997, MSE: 1253.9253, bg_MSE: 81.5858, fg_MSE: 7414.1770, BCE Loss: 0.1137, Dice Loss: 0.3825, FP Penalty Loss: 0.1047, MSE Loss: 1.6454, BG Zero Loss: 0.1400
2025-09-24 14:37:12,088 - INFO - Epoch 8 - Current Learning Rate: 0.000010
2025-09-24 14:37:12,374 - INFO - Checkpoint saved to ./checkpoints/unet_14/latest.pth
2025-09-24 14:37:12,374 - INFO - Score: 0.2946, from_IoU: 0.3598, from_MSE: 0.0000, from_BGP: -0.0653
2025-09-24 14:38:34,900 - INFO - Train Epoch 9 - Loss: 3.8282, Seg Loss: 0.6313, Offset Loss: 3.1969, IoU: 0.5612, MSE: 2005.6134, bg_MSE: 155.0200, fg_MSE: 12618.4558, BCE Loss: 0.0993, Dice Loss: 0.4334, FP Penalty Loss: 0.0986, MSE Loss: 2.7927, BG Zero Loss: 0.4041
2025-09-24 14:38:45,720 - INFO - Val Epoch 9 - Loss: 1.8501, Seg Loss: 0.5847, Offset Loss: 1.2654, IoU: 0.6078, MSE: 729.6219, bg_MSE: 57.0000, fg_MSE: 4226.5255, BCE Loss: 0.0989, Dice Loss: 0.3865, FP Penalty Loss: 0.0993, MSE Loss: 1.1733, BG Zero Loss: 0.0921
2025-09-24 14:38:45,721 - INFO - Epoch 9 - Current Learning Rate: 0.000010
2025-09-24 14:38:46,010 - INFO - Checkpoint saved to ./checkpoints/unet_14/latest.pth
2025-09-24 14:38:46,011 - INFO - Score: 0.3191, from_IoU: 0.3647, from_MSE: 0.0000, from_BGP: -0.0456
2025-09-24 14:38:46,285 - INFO - Checkpoint saved to ./checkpoints/unet_14/best.pth
2025-09-24 14:38:46,285 - INFO - New best model! Score: 0.3191, IoU: 0.6078, MSE: 729.6219
2025-09-24 14:40:09,053 - INFO - Train Epoch 10 - Loss: 3.4900, Seg Loss: 0.6152, Offset Loss: 2.8748, IoU: 0.5730, MSE: 1823.8505, bg_MSE: 98.2963, fg_MSE: 11758.9372, BCE Loss: 0.0975, Dice Loss: 0.4224, FP Penalty Loss: 0.0953, MSE Loss: 2.5164, BG Zero Loss: 0.3584
2025-09-24 14:40:19,967 - INFO - Val Epoch 10 - Loss: 1.2113, Seg Loss: 0.5552, Offset Loss: 0.6561, IoU: 0.5964, MSE: 415.5419, bg_MSE: 12.4753, fg_MSE: 2559.0592, BCE Loss: 0.0758, Dice Loss: 0.4091, FP Penalty Loss: 0.0703, MSE Loss: 0.6009, BG Zero Loss: 0.0552
2025-09-24 14:40:19,969 - INFO - Epoch 10 - Current Learning Rate: 0.000010
2025-09-24 14:40:20,277 - INFO - Checkpoint saved to ./checkpoints/unet_14/latest.pth
2025-09-24 14:40:20,277 - INFO - Score: 0.4154, from_IoU: 0.3578, from_MSE: 0.0676, from_BGP: -0.0100
2025-09-24 14:40:20,559 - INFO - Checkpoint saved to ./checkpoints/unet_14/best.pth
2025-09-24 14:40:20,559 - INFO - New best model! Score: 0.4154, IoU: 0.5964, MSE: 415.5419
2025-09-24 14:41:43,189 - INFO - Train Epoch 11 - Loss: 3.2061, Seg Loss: 0.6049, Offset Loss: 2.6012, IoU: 0.5762, MSE: 1584.9521, bg_MSE: 96.7628, fg_MSE: 10276.2565, BCE Loss: 0.0923, Dice Loss: 0.4194, FP Penalty Loss: 0.0932, MSE Loss: 2.2795, BG Zero Loss: 0.3217
2025-09-24 14:41:53,839 - INFO - Val Epoch 11 - Loss: 1.6761, Seg Loss: 0.5472, Offset Loss: 1.1289, IoU: 0.6154, MSE: 701.4979, bg_MSE: 39.6183, fg_MSE: 4178.1620, BCE Loss: 0.0869, Dice Loss: 0.3786, FP Penalty Loss: 0.0817, MSE Loss: 1.0684, BG Zero Loss: 0.0605
2025-09-24 14:41:53,840 - INFO - Epoch 11 - Current Learning Rate: 0.000010
2025-09-24 14:41:54,119 - INFO - Checkpoint saved to ./checkpoints/unet_14/latest.pth
2025-09-24 14:41:54,119 - INFO - Score: 0.3376, from_IoU: 0.3693, from_MSE: 0.0000, from_BGP: -0.0317
2025-09-24 14:43:16,206 - INFO - Train Epoch 12 - Loss: 3.2081, Seg Loss: 0.5833, Offset Loss: 2.6248, IoU: 0.5865, MSE: 1636.6045, bg_MSE: 99.2339, fg_MSE: 10573.4658, BCE Loss: 0.0891, Dice Loss: 0.4048, FP Penalty Loss: 0.0895, MSE Loss: 2.3341, BG Zero Loss: 0.2906
2025-09-24 14:43:26,865 - INFO - Val Epoch 12 - Loss: 1.3561, Seg Loss: 0.5242, Offset Loss: 0.8319, IoU: 0.6247, MSE: 575.2219, bg_MSE: 22.8868, fg_MSE: 3497.5609, BCE Loss: 0.0756, Dice Loss: 0.3683, FP Penalty Loss: 0.0803, MSE Loss: 0.7866, BG Zero Loss: 0.0453
2025-09-24 14:43:26,866 - INFO - Epoch 12 - Current Learning Rate: 0.000010
2025-09-24 14:43:27,145 - INFO - Checkpoint saved to ./checkpoints/unet_14/latest.pth
2025-09-24 14:43:27,146 - INFO - Score: 0.3565, from_IoU: 0.3748, from_MSE: 0.0000, from_BGP: -0.0183
2025-09-24 14:44:49,527 - INFO - Train Epoch 13 - Loss: 2.8758, Seg Loss: 0.5713, Offset Loss: 2.3045, IoU: 0.6014, MSE: 1453.2021, bg_MSE: 75.2458, fg_MSE: 9524.2143, BCE Loss: 0.0869, Dice Loss: 0.3929, FP Penalty Loss: 0.0914, MSE Loss: 2.0209, BG Zero Loss: 0.2836
2025-09-24 14:45:00,444 - INFO - Val Epoch 13 - Loss: 1.3822, Seg Loss: 0.5152, Offset Loss: 0.8670, IoU: 0.6331, MSE: 509.9252, bg_MSE: 27.3403, fg_MSE: 3074.8371, BCE Loss: 0.0807, Dice Loss: 0.3553, FP Penalty Loss: 0.0793, MSE Loss: 0.8204, BG Zero Loss: 0.0466
2025-09-24 14:45:00,445 - INFO - Epoch 13 - Current Learning Rate: 0.000010
2025-09-24 14:45:00,741 - INFO - Checkpoint saved to ./checkpoints/unet_14/latest.pth
2025-09-24 14:45:00,741 - INFO - Score: 0.3580, from_IoU: 0.3798, from_MSE: 0.0000, from_BGP: -0.0219
2025-09-24 14:46:23,203 - INFO - Train Epoch 14 - Loss: 2.7690, Seg Loss: 0.5460, Offset Loss: 2.2230, IoU: 0.6078, MSE: 1397.3994, bg_MSE: 53.6317, fg_MSE: 9385.3266, BCE Loss: 0.0829, Dice Loss: 0.3816, FP Penalty Loss: 0.0816, MSE Loss: 1.9572, BG Zero Loss: 0.2658
2025-09-24 14:46:34,064 - INFO - Val Epoch 14 - Loss: 1.5516, Seg Loss: 0.5000, Offset Loss: 1.0517, IoU: 0.6454, MSE: 756.9587, bg_MSE: 47.3103, fg_MSE: 4489.2100, BCE Loss: 0.0796, Dice Loss: 0.3434, FP Penalty Loss: 0.0770, MSE Loss: 1.0185, BG Zero Loss: 0.0332
2025-09-24 14:46:34,066 - INFO - Epoch 14 - Current Learning Rate: 0.000010
2025-09-24 14:46:34,358 - INFO - Checkpoint saved to ./checkpoints/unet_14/latest.pth
2025-09-24 14:46:34,359 - INFO - Score: 0.3494, from_IoU: 0.3872, from_MSE: 0.0000, from_BGP: -0.0378
2025-09-24 14:47:57,264 - INFO - Train Epoch 15 - Loss: 2.7240, Seg Loss: 0.5406, Offset Loss: 2.1833, IoU: 0.6101, MSE: 1378.9139, bg_MSE: 51.6393, fg_MSE: 9183.0040, BCE Loss: 0.0836, Dice Loss: 0.3753, FP Penalty Loss: 0.0818, MSE Loss: 1.9389, BG Zero Loss: 0.2444
2025-09-24 14:48:08,288 - INFO - Val Epoch 15 - Loss: 1.5705, Seg Loss: 0.4813, Offset Loss: 1.0892, IoU: 0.6576, MSE: 772.5438, bg_MSE: 47.1216, fg_MSE: 4590.2535, BCE Loss: 0.0859, Dice Loss: 0.3301, FP Penalty Loss: 0.0653, MSE Loss: 1.0484, BG Zero Loss: 0.0408
2025-09-24 14:48:08,288 - INFO - Epoch 15 - Current Learning Rate: 0.000010
2025-09-24 14:48:08,580 - INFO - Checkpoint saved to ./checkpoints/unet_14/latest.pth
2025-09-24 14:48:08,580 - INFO - Score: 0.3569, from_IoU: 0.3946, from_MSE: 0.0000, from_BGP: -0.0377
2025-09-24 14:49:31,502 - INFO - Train Epoch 16 - Loss: 2.5382, Seg Loss: 0.5162, Offset Loss: 2.0220, IoU: 0.6265, MSE: 1250.7946, bg_MSE: 44.5518, fg_MSE: 8302.5023, BCE Loss: 0.0793, Dice Loss: 0.3610, FP Penalty Loss: 0.0760, MSE Loss: 1.7829, BG Zero Loss: 0.2391
2025-09-24 14:49:42,400 - INFO - Val Epoch 16 - Loss: 3.9971, Seg Loss: 0.4931, Offset Loss: 3.5040, IoU: 0.6655, MSE: 2787.2549, bg_MSE: 266.7102, fg_MSE: 16444.7907, BCE Loss: 0.1112, Dice Loss: 0.3201, FP Penalty Loss: 0.0617, MSE Loss: 3.4313, BG Zero Loss: 0.0727
2025-09-24 14:49:42,401 - INFO - Epoch 16 - Current Learning Rate: 0.000010
2025-09-24 14:49:42,690 - INFO - Checkpoint saved to ./checkpoints/unet_14/latest.pth
2025-09-24 14:49:42,690 - INFO - Score: 0.1993, from_IoU: 0.3993, from_MSE: 0.0000, from_BGP: -0.2000
2025-09-24 14:51:05,407 - INFO - Train Epoch 17 - Loss: 2.2391, Seg Loss: 0.4848, Offset Loss: 1.7543, IoU: 0.6454, MSE: 1085.8788, bg_MSE: 47.0197, fg_MSE: 7050.2295, BCE Loss: 0.0757, Dice Loss: 0.3370, FP Penalty Loss: 0.0721, MSE Loss: 1.5137, BG Zero Loss: 0.2406
2025-09-24 14:51:16,303 - INFO - Val Epoch 17 - Loss: 1.8987, Seg Loss: 0.4601, Offset Loss: 1.4386, IoU: 0.6722, MSE: 1052.4568, bg_MSE: 65.0231, fg_MSE: 6293.7543, BCE Loss: 0.1030, Dice Loss: 0.3087, FP Penalty Loss: 0.0484, MSE Loss: 1.3985, BG Zero Loss: 0.0401
2025-09-24 14:51:16,303 - INFO - Epoch 17 - Current Learning Rate: 0.000010
2025-09-24 14:51:16,594 - INFO - Checkpoint saved to ./checkpoints/unet_14/latest.pth
2025-09-24 14:51:16,594 - INFO - Score: 0.3513, from_IoU: 0.4033, from_MSE: 0.0000, from_BGP: -0.0520
2025-09-24 14:52:39,236 - INFO - Train Epoch 18 - Loss: 2.1516, Seg Loss: 0.4809, Offset Loss: 1.6707, IoU: 0.6444, MSE: 996.7289, bg_MSE: 40.4062, fg_MSE: 6630.8796, BCE Loss: 0.0773, Dice Loss: 0.3360, FP Penalty Loss: 0.0676, MSE Loss: 1.4597, BG Zero Loss: 0.2110
2025-09-24 14:52:50,050 - INFO - Val Epoch 18 - Loss: 3.1932, Seg Loss: 0.4276, Offset Loss: 2.7656, IoU: 0.6861, MSE: 2346.2834, bg_MSE: 170.0439, fg_MSE: 14040.8346, BCE Loss: 0.0911, Dice Loss: 0.2916, FP Penalty Loss: 0.0449, MSE Loss: 2.7013, BG Zero Loss: 0.0643
2025-09-24 14:52:50,051 - INFO - Epoch 18 - Current Learning Rate: 0.000010
2025-09-24 14:52:50,339 - INFO - Checkpoint saved to ./checkpoints/unet_14/latest.pth
2025-09-24 14:52:50,339 - INFO - Score: 0.2756, from_IoU: 0.4117, from_MSE: 0.0000, from_BGP: -0.1360
2025-09-24 14:54:13,005 - INFO - Train Epoch 19 - Loss: 2.0152, Seg Loss: 0.4518, Offset Loss: 1.5634, IoU: 0.6670, MSE: 962.8019, bg_MSE: 42.3417, fg_MSE: 6288.0693, BCE Loss: 0.0720, Dice Loss: 0.3152, FP Penalty Loss: 0.0647, MSE Loss: 1.3624, BG Zero Loss: 0.2010
2025-09-24 14:54:23,749 - INFO - Val Epoch 19 - Loss: 1.2024, Seg Loss: 0.3605, Offset Loss: 0.8419, IoU: 0.7230, MSE: 624.1212, bg_MSE: 20.4047, fg_MSE: 3807.8894, BCE Loss: 0.0575, Dice Loss: 0.2608, FP Penalty Loss: 0.0421, MSE Loss: 0.8030, BG Zero Loss: 0.0389
2025-09-24 14:54:23,750 - INFO - Epoch 19 - Current Learning Rate: 0.000010
2025-09-24 14:54:24,034 - INFO - Checkpoint saved to ./checkpoints/unet_14/latest.pth
2025-09-24 14:54:24,034 - INFO - Score: 0.4175, from_IoU: 0.4338, from_MSE: 0.0000, from_BGP: -0.0163
2025-09-24 14:54:24,303 - INFO - Checkpoint saved to ./checkpoints/unet_14/best.pth
2025-09-24 14:54:24,304 - INFO - New best model! Score: 0.4175, IoU: 0.7230, MSE: 624.1212
2025-09-24 14:55:46,940 - INFO - Train Epoch 20 - Loss: 2.1491, Seg Loss: 0.4845, Offset Loss: 1.6646, IoU: 0.6608, MSE: 936.7269, bg_MSE: 581.8177, fg_MSE: 2907.1556, BCE Loss: 0.0904, Dice Loss: 0.3225, FP Penalty Loss: 0.0715, MSE Loss: 1.3375, BG Zero Loss: 0.3271
2025-09-24 14:55:57,892 - INFO - Val Epoch 20 - Loss: 0.8634, Seg Loss: 0.3525, Offset Loss: 0.5109, IoU: 0.7407, MSE: 318.8341, bg_MSE: 26.6131, fg_MSE: 1857.2452, BCE Loss: 0.0570, Dice Loss: 0.2434, FP Penalty Loss: 0.0521, MSE Loss: 0.4760, BG Zero Loss: 0.0349
2025-09-24 14:55:57,893 - INFO - Epoch 20 - Current Learning Rate: 0.000010
2025-09-24 14:55:58,180 - INFO - Checkpoint saved to ./checkpoints/unet_14/latest.pth
2025-09-24 14:55:58,181 - INFO - Score: 0.5680, from_IoU: 0.4444, from_MSE: 0.1449, from_BGP: -0.0213
2025-09-24 14:55:58,454 - INFO - Checkpoint saved to ./checkpoints/unet_14/best.pth
2025-09-24 14:55:58,455 - INFO - New best model! Score: 0.5680, IoU: 0.7407, MSE: 318.8341
2025-09-24 14:57:21,083 - INFO - Train Epoch 21 - Loss: 1.8911, Seg Loss: 0.4334, Offset Loss: 1.4578, IoU: 0.6812, MSE: 856.4673, bg_MSE: 286.3384, fg_MSE: 4080.9083, BCE Loss: 0.0743, Dice Loss: 0.2992, FP Penalty Loss: 0.0599, MSE Loss: 1.2295, BG Zero Loss: 0.2283
2025-09-24 14:57:31,940 - INFO - Val Epoch 21 - Loss: 2.0722, Seg Loss: 0.3430, Offset Loss: 1.7292, IoU: 0.7367, MSE: 1035.3491, bg_MSE: 32.1732, fg_MSE: 6415.6335, BCE Loss: 0.0563, Dice Loss: 0.2443, FP Penalty Loss: 0.0424, MSE Loss: 1.6454, BG Zero Loss: 0.0838
2025-09-24 14:57:31,941 - INFO - Epoch 21 - Current Learning Rate: 0.000010
2025-09-24 14:57:32,234 - INFO - Checkpoint saved to ./checkpoints/unet_14/latest.pth
2025-09-24 14:57:32,234 - INFO - Score: 0.4163, from_IoU: 0.4420, from_MSE: 0.0000, from_BGP: -0.0257
2025-09-24 14:58:54,518 - INFO - Train Epoch 22 - Loss: 1.8075, Seg Loss: 0.4115, Offset Loss: 1.3960, IoU: 0.6961, MSE: 832.0070, bg_MSE: 62.7235, fg_MSE: 5342.0416, BCE Loss: 0.0685, Dice Loss: 0.2856, FP Penalty Loss: 0.0574, MSE Loss: 1.2112, BG Zero Loss: 0.1848
2025-09-24 14:59:05,271 - INFO - Val Epoch 22 - Loss: 6.1574, Seg Loss: 0.3382, Offset Loss: 5.8193, IoU: 0.7459, MSE: 2748.2190, bg_MSE: 106.2010, fg_MSE: 16636.4614, BCE Loss: 0.0630, Dice Loss: 0.2309, FP Penalty Loss: 0.0442, MSE Loss: 5.7483, BG Zero Loss: 0.0710
2025-09-24 14:59:05,272 - INFO - Epoch 22 - Current Learning Rate: 0.000010
2025-09-24 14:59:05,561 - INFO - Checkpoint saved to ./checkpoints/unet_14/latest.pth
2025-09-24 14:59:05,562 - INFO - Score: 0.3626, from_IoU: 0.4476, from_MSE: 0.0000, from_BGP: -0.0850
2025-09-24 15:00:27,873 - INFO - Train Epoch 23 - Loss: 1.7095, Seg Loss: 0.3888, Offset Loss: 1.3207, IoU: 0.7107, MSE: 798.9714, bg_MSE: 25.1159, fg_MSE: 5325.3650, BCE Loss: 0.0640, Dice Loss: 0.2699, FP Penalty Loss: 0.0549, MSE Loss: 1.1498, BG Zero Loss: 0.1710
2025-09-24 15:00:38,775 - INFO - Val Epoch 23 - Loss: 2.5811, Seg Loss: 0.3635, Offset Loss: 2.2176, IoU: 0.6988, MSE: 1321.1450, bg_MSE: 17.0219, fg_MSE: 8225.4753, BCE Loss: 0.0633, Dice Loss: 0.2719, FP Penalty Loss: 0.0284, MSE Loss: 2.1826, BG Zero Loss: 0.0350
2025-09-24 15:00:38,776 - INFO - Epoch 23 - Current Learning Rate: 0.000010
2025-09-24 15:00:39,071 - INFO - Checkpoint saved to ./checkpoints/unet_14/latest.pth
2025-09-24 15:00:39,071 - INFO - Score: 0.4057, from_IoU: 0.4193, from_MSE: 0.0000, from_BGP: -0.0136
2025-09-24 15:02:01,899 - INFO - Train Epoch 24 - Loss: 1.6043, Seg Loss: 0.3748, Offset Loss: 1.2296, IoU: 0.7189, MSE: 748.0861, bg_MSE: 20.0652, fg_MSE: 4853.1783, BCE Loss: 0.0616, Dice Loss: 0.2610, FP Penalty Loss: 0.0521, MSE Loss: 1.0792, BG Zero Loss: 0.1503
2025-09-24 15:02:12,787 - INFO - Val Epoch 24 - Loss: 1.4236, Seg Loss: 0.3153, Offset Loss: 1.1083, IoU: 0.7529, MSE: 718.0692, bg_MSE: 12.0980, fg_MSE: 4473.5166, BCE Loss: 0.0554, Dice Loss: 0.2219, FP Penalty Loss: 0.0379, MSE Loss: 1.0828, BG Zero Loss: 0.0255
2025-09-24 15:02:12,788 - INFO - Epoch 24 - Current Learning Rate: 0.000010
2025-09-24 15:02:13,083 - INFO - Checkpoint saved to ./checkpoints/unet_14/latest.pth
2025-09-24 15:02:13,084 - INFO - Score: 0.4420, from_IoU: 0.4517, from_MSE: 0.0000, from_BGP: -0.0097
2025-09-24 15:03:35,668 - INFO - Train Epoch 25 - Loss: 1.5076, Seg Loss: 0.3636, Offset Loss: 1.1440, IoU: 0.7248, MSE: 676.5797, bg_MSE: 22.2485, fg_MSE: 4456.6285, BCE Loss: 0.0618, Dice Loss: 0.2502, FP Penalty Loss: 0.0516, MSE Loss: 0.9928, BG Zero Loss: 0.1512
2025-09-24 15:03:46,481 - INFO - Val Epoch 25 - Loss: 5.4592, Seg Loss: 0.3197, Offset Loss: 5.1396, IoU: 0.7763, MSE: 2257.6531, bg_MSE: 41.5495, fg_MSE: 13849.9329, BCE Loss: 0.0641, Dice Loss: 0.2026, FP Penalty Loss: 0.0530, MSE Loss: 5.1079, BG Zero Loss: 0.0317
2025-09-24 15:03:46,482 - INFO - Epoch 25 - Current Learning Rate: 0.000010
2025-09-24 15:03:46,783 - INFO - Checkpoint saved to ./checkpoints/unet_14/latest.pth
2025-09-24 15:03:46,783 - INFO - Score: 0.4325, from_IoU: 0.4658, from_MSE: 0.0000, from_BGP: -0.0332
2025-09-24 15:05:09,489 - INFO - Train Epoch 26 - Loss: 1.4230, Seg Loss: 0.3547, Offset Loss: 1.0682, IoU: 0.7339, MSE: 625.3655, bg_MSE: 13.1945, fg_MSE: 4100.9625, BCE Loss: 0.0578, Dice Loss: 0.2475, FP Penalty Loss: 0.0494, MSE Loss: 0.9279, BG Zero Loss: 0.1403
2025-09-24 15:05:20,203 - INFO - Val Epoch 26 - Loss: 2.8774, Seg Loss: 0.2883, Offset Loss: 2.5891, IoU: 0.7809, MSE: 1509.8282, bg_MSE: 47.0477, fg_MSE: 9235.4509, BCE Loss: 0.0526, Dice Loss: 0.1957, FP Penalty Loss: 0.0401, MSE Loss: 2.5621, BG Zero Loss: 0.0270
2025-09-24 15:05:20,205 - INFO - Epoch 26 - Current Learning Rate: 0.000010
2025-09-24 15:05:20,499 - INFO - Checkpoint saved to ./checkpoints/unet_14/latest.pth
2025-09-24 15:05:20,499 - INFO - Score: 0.4309, from_IoU: 0.4685, from_MSE: 0.0000, from_BGP: -0.0376
2025-09-24 15:06:42,869 - INFO - Train Epoch 27 - Loss: 1.3759, Seg Loss: 0.3485, Offset Loss: 1.0274, IoU: 0.7376, MSE: 587.9519, bg_MSE: 14.6086, fg_MSE: 3829.2573, BCE Loss: 0.0572, Dice Loss: 0.2417, FP Penalty Loss: 0.0496, MSE Loss: 0.8954, BG Zero Loss: 0.1320
2025-09-24 15:06:53,717 - INFO - Val Epoch 27 - Loss: 1.2433, Seg Loss: 0.2868, Offset Loss: 0.9565, IoU: 0.7852, MSE: 502.2825, bg_MSE: 11.9622, fg_MSE: 3136.9331, BCE Loss: 0.0523, Dice Loss: 0.1940, FP Penalty Loss: 0.0405, MSE Loss: 0.9298, BG Zero Loss: 0.0267
2025-09-24 15:06:53,718 - INFO - Epoch 27 - Current Learning Rate: 0.000010
2025-09-24 15:06:54,026 - INFO - Checkpoint saved to ./checkpoints/unet_14/latest.pth
2025-09-24 15:06:54,026 - INFO - Score: 0.4615, from_IoU: 0.4711, from_MSE: 0.0000, from_BGP: -0.0096
2025-09-24 15:08:16,579 - INFO - Train Epoch 28 - Loss: 1.2167, Seg Loss: 0.3358, Offset Loss: 0.8810, IoU: 0.7449, MSE: 493.1027, bg_MSE: 11.3360, fg_MSE: 3171.3547, BCE Loss: 0.0556, Dice Loss: 0.2337, FP Penalty Loss: 0.0464, MSE Loss: 0.7595, BG Zero Loss: 0.1215
2025-09-24 15:08:27,391 - INFO - Val Epoch 28 - Loss: 0.8802, Seg Loss: 0.2667, Offset Loss: 0.6135, IoU: 0.7919, MSE: 405.0519, bg_MSE: 6.3701, fg_MSE: 2546.1665, BCE Loss: 0.0476, Dice Loss: 0.1865, FP Penalty Loss: 0.0326, MSE Loss: 0.5805, BG Zero Loss: 0.0330
2025-09-24 15:08:27,392 - INFO - Epoch 28 - Current Learning Rate: 0.000010
2025-09-24 15:08:27,685 - INFO - Checkpoint saved to ./checkpoints/unet_14/latest.pth
2025-09-24 15:08:27,686 - INFO - Score: 0.5460, from_IoU: 0.4751, from_MSE: 0.0760, from_BGP: -0.0051
2025-09-24 15:09:50,152 - INFO - Train Epoch 29 - Loss: 1.1389, Seg Loss: 0.3201, Offset Loss: 0.8188, IoU: 0.7560, MSE: 443.2445, bg_MSE: 11.8287, fg_MSE: 2861.7548, BCE Loss: 0.0538, Dice Loss: 0.2211, FP Penalty Loss: 0.0452, MSE Loss: 0.6877, BG Zero Loss: 0.1311
2025-09-24 15:10:00,955 - INFO - Val Epoch 29 - Loss: 2.1103, Seg Loss: 0.2791, Offset Loss: 1.8312, IoU: 0.7968, MSE: 1453.2427, bg_MSE: 55.0462, fg_MSE: 8953.2905, BCE Loss: 0.0544, Dice Loss: 0.1802, FP Penalty Loss: 0.0445, MSE Loss: 1.7944, BG Zero Loss: 0.0367
2025-09-24 15:10:00,957 - INFO - Epoch 29 - Current Learning Rate: 0.000005
2025-09-24 15:10:01,248 - INFO - Checkpoint saved to ./checkpoints/unet_14/latest.pth
2025-09-24 15:10:01,249 - INFO - Score: 0.4341, from_IoU: 0.4781, from_MSE: 0.0000, from_BGP: -0.0440
2025-09-24 15:11:23,930 - INFO - Train Epoch 30 - Loss: 1.0336, Seg Loss: 0.3189, Offset Loss: 0.7148, IoU: 0.7565, MSE: 391.6092, bg_MSE: 9.1952, fg_MSE: 2468.4569, BCE Loss: 0.0538, Dice Loss: 0.2199, FP Penalty Loss: 0.0451, MSE Loss: 0.6031, BG Zero Loss: 0.1116
2025-09-24 15:11:34,840 - INFO - Val Epoch 30 - Loss: 1.1459, Seg Loss: 0.2733, Offset Loss: 0.8726, IoU: 0.7968, MSE: 630.4342, bg_MSE: 19.5986, fg_MSE: 3934.8434, BCE Loss: 0.0538, Dice Loss: 0.1779, FP Penalty Loss: 0.0416, MSE Loss: 0.8395, BG Zero Loss: 0.0331
2025-09-24 15:11:34,841 - INFO - Epoch 30 - Current Learning Rate: 0.000005
2025-09-24 15:11:35,139 - INFO - Checkpoint saved to ./checkpoints/unet_14/latest.pth
2025-09-24 15:11:35,139 - INFO - Score: 0.4624, from_IoU: 0.4781, from_MSE: 0.0000, from_BGP: -0.0157
2025-09-24 15:12:57,699 - INFO - Train Epoch 31 - Loss: 1.0398, Seg Loss: 0.2977, Offset Loss: 0.7421, IoU: 0.7687, MSE: 410.0740, bg_MSE: 7.4718, fg_MSE: 2640.8113, BCE Loss: 0.0500, Dice Loss: 0.2057, FP Penalty Loss: 0.0420, MSE Loss: 0.6359, BG Zero Loss: 0.1062
2025-09-24 15:13:08,520 - INFO - Val Epoch 31 - Loss: 1.4558, Seg Loss: 0.2727, Offset Loss: 1.1831, IoU: 0.8004, MSE: 889.3425, bg_MSE: 36.4772, fg_MSE: 5475.1745, BCE Loss: 0.0599, Dice Loss: 0.1757, FP Penalty Loss: 0.0370, MSE Loss: 1.1507, BG Zero Loss: 0.0324
2025-09-24 15:13:08,521 - INFO - Epoch 31 - Current Learning Rate: 0.000005
2025-09-24 15:13:08,815 - INFO - Checkpoint saved to ./checkpoints/unet_14/latest.pth
2025-09-24 15:13:08,815 - INFO - Score: 0.4511, from_IoU: 0.4802, from_MSE: 0.0000, from_BGP: -0.0292
2025-09-24 15:14:31,394 - INFO - Train Epoch 32 - Loss: 1.0235, Seg Loss: 0.3084, Offset Loss: 0.7151, IoU: 0.7613, MSE: 398.7861, bg_MSE: 8.3695, fg_MSE: 2560.5624, BCE Loss: 0.0518, Dice Loss: 0.2143, FP Penalty Loss: 0.0422, MSE Loss: 0.6127, BG Zero Loss: 0.1024
2025-09-24 15:14:42,328 - INFO - Val Epoch 32 - Loss: 0.9578, Seg Loss: 0.2546, Offset Loss: 0.7032, IoU: 0.7966, MSE: 517.7175, bg_MSE: 13.3593, fg_MSE: 3210.8523, BCE Loss: 0.0485, Dice Loss: 0.1795, FP Penalty Loss: 0.0266, MSE Loss: 0.6897, BG Zero Loss: 0.0135
2025-09-24 15:14:42,328 - INFO - Epoch 32 - Current Learning Rate: 0.000005
2025-09-24 15:14:42,629 - INFO - Checkpoint saved to ./checkpoints/unet_14/latest.pth
2025-09-24 15:14:42,630 - INFO - Score: 0.4673, from_IoU: 0.4780, from_MSE: 0.0000, from_BGP: -0.0107
2025-09-24 15:16:05,349 - INFO - Train Epoch 33 - Loss: 0.9776, Seg Loss: 0.2991, Offset Loss: 0.6785, IoU: 0.7663, MSE: 372.7724, bg_MSE: 6.5517, fg_MSE: 2389.5411, BCE Loss: 0.0503, Dice Loss: 0.2073, FP Penalty Loss: 0.0415, MSE Loss: 0.5808, BG Zero Loss: 0.0977
2025-09-24 15:16:16,180 - INFO - Val Epoch 33 - Loss: 1.0149, Seg Loss: 0.2493, Offset Loss: 0.7655, IoU: 0.8148, MSE: 535.6371, bg_MSE: 14.4323, fg_MSE: 3319.9469, BCE Loss: 0.0444, Dice Loss: 0.1635, FP Penalty Loss: 0.0414, MSE Loss: 0.7456, BG Zero Loss: 0.0199
2025-09-24 15:16:16,181 - INFO - Epoch 33 - Current Learning Rate: 0.000005
2025-09-24 15:16:16,469 - INFO - Checkpoint saved to ./checkpoints/unet_14/latest.pth
2025-09-24 15:16:16,469 - INFO - Score: 0.4774, from_IoU: 0.4889, from_MSE: 0.0000, from_BGP: -0.0115
2025-09-24 15:17:39,048 - INFO - Train Epoch 34 - Loss: 0.9624, Seg Loss: 0.2916, Offset Loss: 0.6708, IoU: 0.7731, MSE: 372.4172, bg_MSE: 9.4479, fg_MSE: 2382.0815, BCE Loss: 0.0484, Dice Loss: 0.2024, FP Penalty Loss: 0.0408, MSE Loss: 0.5783, BG Zero Loss: 0.0925
2025-09-24 15:17:49,851 - INFO - Val Epoch 34 - Loss: 1.1176, Seg Loss: 0.2416, Offset Loss: 0.8760, IoU: 0.8140, MSE: 606.9938, bg_MSE: 20.2850, fg_MSE: 3761.4773, BCE Loss: 0.0453, Dice Loss: 0.1634, FP Penalty Loss: 0.0329, MSE Loss: 0.8604, BG Zero Loss: 0.0156
2025-09-24 15:17:49,851 - INFO - Epoch 34 - Current Learning Rate: 0.000005
2025-09-24 15:17:50,145 - INFO - Checkpoint saved to ./checkpoints/unet_14/latest.pth
2025-09-24 15:17:50,145 - INFO - Score: 0.4722, from_IoU: 0.4884, from_MSE: 0.0000, from_BGP: -0.0162
2025-09-24 15:19:12,545 - INFO - Train Epoch 35 - Loss: 0.9577, Seg Loss: 0.2881, Offset Loss: 0.6696, IoU: 0.7781, MSE: 379.5659, bg_MSE: 9.2148, fg_MSE: 2418.4412, BCE Loss: 0.0501, Dice Loss: 0.1977, FP Penalty Loss: 0.0403, MSE Loss: 0.5808, BG Zero Loss: 0.0888
2025-09-24 15:19:23,429 - INFO - Val Epoch 35 - Loss: 0.8384, Seg Loss: 0.2341, Offset Loss: 0.6042, IoU: 0.8237, MSE: 399.1755, bg_MSE: 8.2765, fg_MSE: 2513.9385, BCE Loss: 0.0410, Dice Loss: 0.1543, FP Penalty Loss: 0.0388, MSE Loss: 0.5926, BG Zero Loss: 0.0116
2025-09-24 15:19:23,430 - INFO - Epoch 35 - Current Learning Rate: 0.000005
2025-09-24 15:19:23,727 - INFO - Checkpoint saved to ./checkpoints/unet_14/latest.pth
2025-09-24 15:19:23,728 - INFO - Score: 0.5682, from_IoU: 0.4942, from_MSE: 0.0807, from_BGP: -0.0066
2025-09-24 15:19:23,999 - INFO - Checkpoint saved to ./checkpoints/unet_14/best.pth
2025-09-24 15:19:24,000 - INFO - New best model! Score: 0.5682, IoU: 0.8237, MSE: 399.1755
2025-09-24 15:20:46,567 - INFO - Train Epoch 36 - Loss: 0.9781, Seg Loss: 0.2808, Offset Loss: 0.6973, IoU: 0.7808, MSE: 395.8714, bg_MSE: 7.1525, fg_MSE: 2530.4126, BCE Loss: 0.0476, Dice Loss: 0.1955, FP Penalty Loss: 0.0377, MSE Loss: 0.6113, BG Zero Loss: 0.0860
2025-09-24 15:20:57,370 - INFO - Val Epoch 36 - Loss: 1.1876, Seg Loss: 0.2385, Offset Loss: 0.9491, IoU: 0.8172, MSE: 649.9982, bg_MSE: 16.5844, fg_MSE: 4071.5667, BCE Loss: 0.0434, Dice Loss: 0.1590, FP Penalty Loss: 0.0361, MSE Loss: 0.9335, BG Zero Loss: 0.0156
2025-09-24 15:20:57,372 - INFO - Epoch 36 - Current Learning Rate: 0.000005
2025-09-24 15:20:57,665 - INFO - Checkpoint saved to ./checkpoints/unet_14/latest.pth
2025-09-24 15:20:57,665 - INFO - Score: 0.4771, from_IoU: 0.4903, from_MSE: 0.0000, from_BGP: -0.0133
2025-09-24 15:22:20,251 - INFO - Train Epoch 37 - Loss: 0.8922, Seg Loss: 0.2717, Offset Loss: 0.6205, IoU: 0.7889, MSE: 350.8645, bg_MSE: 5.7220, fg_MSE: 2245.5337, BCE Loss: 0.0465, Dice Loss: 0.1869, FP Penalty Loss: 0.0383, MSE Loss: 0.5391, BG Zero Loss: 0.0814
2025-09-24 15:22:31,041 - INFO - Val Epoch 37 - Loss: 0.8443, Seg Loss: 0.2303, Offset Loss: 0.6140, IoU: 0.8274, MSE: 384.3715, bg_MSE: 7.0712, fg_MSE: 2411.0601, BCE Loss: 0.0397, Dice Loss: 0.1512, FP Penalty Loss: 0.0394, MSE Loss: 0.5862, BG Zero Loss: 0.0278
2025-09-24 15:22:31,042 - INFO - Epoch 37 - Current Learning Rate: 0.000005
2025-09-24 15:22:31,334 - INFO - Checkpoint saved to ./checkpoints/unet_14/latest.pth
2025-09-24 15:22:31,335 - INFO - Score: 0.5833, from_IoU: 0.4964, from_MSE: 0.0925, from_BGP: -0.0057
2025-09-24 15:22:31,610 - INFO - Checkpoint saved to ./checkpoints/unet_14/best.pth
2025-09-24 15:22:31,611 - INFO - New best model! Score: 0.5833, IoU: 0.8274, MSE: 384.3715
2025-09-24 15:23:53,884 - INFO - Train Epoch 38 - Loss: 0.9030, Seg Loss: 0.2711, Offset Loss: 0.6319, IoU: 0.7863, MSE: 359.2505, bg_MSE: 4.3330, fg_MSE: 2317.8851, BCE Loss: 0.0473, Dice Loss: 0.1864, FP Penalty Loss: 0.0375, MSE Loss: 0.5550, BG Zero Loss: 0.0769
2025-09-24 15:24:04,679 - INFO - Val Epoch 38 - Loss: 1.4322, Seg Loss: 0.2451, Offset Loss: 1.1871, IoU: 0.8230, MSE: 736.3019, bg_MSE: 28.0643, fg_MSE: 4578.0440, BCE Loss: 0.0492, Dice Loss: 0.1550, FP Penalty Loss: 0.0410, MSE Loss: 1.1689, BG Zero Loss: 0.0182
2025-09-24 15:24:04,680 - INFO - Epoch 38 - Current Learning Rate: 0.000005
2025-09-24 15:24:04,973 - INFO - Checkpoint saved to ./checkpoints/unet_14/latest.pth
2025-09-24 15:24:04,973 - INFO - Score: 0.4713, from_IoU: 0.4938, from_MSE: 0.0000, from_BGP: -0.0225
2025-09-24 15:25:27,495 - INFO - Train Epoch 39 - Loss: 0.9151, Seg Loss: 0.2729, Offset Loss: 0.6421, IoU: 0.7879, MSE: 370.6797, bg_MSE: 8.4470, fg_MSE: 2364.1811, BCE Loss: 0.0474, Dice Loss: 0.1879, FP Penalty Loss: 0.0376, MSE Loss: 0.5697, BG Zero Loss: 0.0724
2025-09-24 15:25:38,226 - INFO - Val Epoch 39 - Loss: 1.6482, Seg Loss: 0.2233, Offset Loss: 1.4249, IoU: 0.8323, MSE: 904.7138, bg_MSE: 38.5597, fg_MSE: 5624.4755, BCE Loss: 0.0440, Dice Loss: 0.1458, FP Penalty Loss: 0.0335, MSE Loss: 1.4086, BG Zero Loss: 0.0163
2025-09-24 15:25:38,227 - INFO - Epoch 39 - Current Learning Rate: 0.000005
2025-09-24 15:25:38,519 - INFO - Checkpoint saved to ./checkpoints/unet_14/latest.pth
2025-09-24 15:25:38,519 - INFO - Score: 0.4685, from_IoU: 0.4994, from_MSE: 0.0000, from_BGP: -0.0308
2025-09-24 15:27:00,628 - INFO - Train Epoch 40 - Loss: 0.8738, Seg Loss: 0.2618, Offset Loss: 0.6121, IoU: 0.7925, MSE: 357.3923, bg_MSE: 4.3247, fg_MSE: 2276.3599, BCE Loss: 0.0456, Dice Loss: 0.1805, FP Penalty Loss: 0.0357, MSE Loss: 0.5438, BG Zero Loss: 0.0683
2025-09-24 15:27:11,362 - INFO - Val Epoch 40 - Loss: 0.7042, Seg Loss: 0.2221, Offset Loss: 0.4820, IoU: 0.8361, MSE: 302.3125, bg_MSE: 5.5636, fg_MSE: 1897.6607, BCE Loss: 0.0384, Dice Loss: 0.1440, FP Penalty Loss: 0.0397, MSE Loss: 0.4709, BG Zero Loss: 0.0112
2025-09-24 15:27:11,363 - INFO - Epoch 40 - Current Learning Rate: 0.000005
2025-09-24 15:27:11,649 - INFO - Checkpoint saved to ./checkpoints/unet_14/latest.pth
2025-09-24 15:27:11,650 - INFO - Score: 0.6554, from_IoU: 0.5017, from_MSE: 0.1582, from_BGP: -0.0045
2025-09-24 15:27:11,921 - INFO - Checkpoint saved to ./checkpoints/unet_14/best.pth
2025-09-24 15:27:11,921 - INFO - New best model! Score: 0.6554, IoU: 0.8361, MSE: 302.3125
2025-09-24 15:28:34,080 - INFO - Train Epoch 41 - Loss: 0.8606, Seg Loss: 0.2612, Offset Loss: 0.5994, IoU: 0.7985, MSE: 350.8629, bg_MSE: 5.1717, fg_MSE: 2230.8942, BCE Loss: 0.0441, Dice Loss: 0.1806, FP Penalty Loss: 0.0365, MSE Loss: 0.5330, BG Zero Loss: 0.0664
2025-09-24 15:28:44,795 - INFO - Val Epoch 41 - Loss: 0.8642, Seg Loss: 0.2042, Offset Loss: 0.6601, IoU: 0.8410, MSE: 421.3221, bg_MSE: 11.9674, fg_MSE: 2611.2357, BCE Loss: 0.0356, Dice Loss: 0.1381, FP Penalty Loss: 0.0305, MSE Loss: 0.6513, BG Zero Loss: 0.0088
2025-09-24 15:28:44,796 - INFO - Epoch 41 - Current Learning Rate: 0.000005
2025-09-24 15:28:45,082 - INFO - Checkpoint saved to ./checkpoints/unet_14/latest.pth
2025-09-24 15:28:45,083 - INFO - Score: 0.5580, from_IoU: 0.5046, from_MSE: 0.0629, from_BGP: -0.0096
2025-09-24 15:30:07,462 - INFO - Train Epoch 42 - Loss: 0.8717, Seg Loss: 0.2614, Offset Loss: 0.6103, IoU: 0.7970, MSE: 356.2435, bg_MSE: 5.3926, fg_MSE: 2265.4674, BCE Loss: 0.0449, Dice Loss: 0.1810, FP Penalty Loss: 0.0355, MSE Loss: 0.5441, BG Zero Loss: 0.0661
2025-09-24 15:30:18,212 - INFO - Val Epoch 42 - Loss: 0.6801, Seg Loss: 0.2054, Offset Loss: 0.4747, IoU: 0.8370, MSE: 292.1766, bg_MSE: 3.6642, fg_MSE: 1849.2159, BCE Loss: 0.0363, Dice Loss: 0.1405, FP Penalty Loss: 0.0286, MSE Loss: 0.4478, BG Zero Loss: 0.0269
2025-09-24 15:30:18,213 - INFO - Epoch 42 - Current Learning Rate: 0.000005
2025-09-24 15:30:18,499 - INFO - Checkpoint saved to ./checkpoints/unet_14/latest.pth
2025-09-24 15:30:18,500 - INFO - Score: 0.6655, from_IoU: 0.5022, from_MSE: 0.1663, from_BGP: -0.0029
2025-09-24 15:30:18,772 - INFO - Checkpoint saved to ./checkpoints/unet_14/best.pth
2025-09-24 15:30:18,772 - INFO - New best model! Score: 0.6655, IoU: 0.8370, MSE: 292.1766
2025-09-24 15:31:41,562 - INFO - Train Epoch 43 - Loss: 0.8553, Seg Loss: 0.2511, Offset Loss: 0.6042, IoU: 0.8034, MSE: 354.4420, bg_MSE: 5.0363, fg_MSE: 2284.8452, BCE Loss: 0.0433, Dice Loss: 0.1732, FP Penalty Loss: 0.0346, MSE Loss: 0.5432, BG Zero Loss: 0.0610
2025-09-24 15:31:52,413 - INFO - Val Epoch 43 - Loss: 0.6629, Seg Loss: 0.2038, Offset Loss: 0.4592, IoU: 0.8480, MSE: 286.7156, bg_MSE: 2.6432, fg_MSE: 1808.7621, BCE Loss: 0.0338, Dice Loss: 0.1335, FP Penalty Loss: 0.0364, MSE Loss: 0.4447, BG Zero Loss: 0.0144
2025-09-24 15:31:52,414 - INFO - Epoch 43 - Current Learning Rate: 0.000005
2025-09-24 15:31:52,726 - INFO - Checkpoint saved to ./checkpoints/unet_14/latest.pth
2025-09-24 15:31:52,727 - INFO - Score: 0.6773, from_IoU: 0.5088, from_MSE: 0.1706, from_BGP: -0.0021
2025-09-24 15:31:53,005 - INFO - Checkpoint saved to ./checkpoints/unet_14/best.pth
2025-09-24 15:31:53,006 - INFO - New best model! Score: 0.6773, IoU: 0.8480, MSE: 286.7156
2025-09-24 15:33:15,914 - INFO - Train Epoch 44 - Loss: 0.8348, Seg Loss: 0.2410, Offset Loss: 0.5939, IoU: 0.8101, MSE: 346.1134, bg_MSE: 5.9362, fg_MSE: 2193.5082, BCE Loss: 0.0424, Dice Loss: 0.1654, FP Penalty Loss: 0.0331, MSE Loss: 0.5301, BG Zero Loss: 0.0637
2025-09-24 15:33:26,881 - INFO - Val Epoch 44 - Loss: 1.0514, Seg Loss: 0.2097, Offset Loss: 0.8417, IoU: 0.8381, MSE: 522.6949, bg_MSE: 16.2606, fg_MSE: 3287.0485, BCE Loss: 0.0418, Dice Loss: 0.1392, FP Penalty Loss: 0.0287, MSE Loss: 0.8264, BG Zero Loss: 0.0153
2025-09-24 15:33:26,882 - INFO - Epoch 44 - Current Learning Rate: 0.000005
2025-09-24 15:33:27,182 - INFO - Checkpoint saved to ./checkpoints/unet_14/latest.pth
2025-09-24 15:33:27,183 - INFO - Score: 0.4898, from_IoU: 0.5028, from_MSE: 0.0000, from_BGP: -0.0130
2025-09-24 15:34:49,928 - INFO - Train Epoch 45 - Loss: 0.8384, Seg Loss: 0.2372, Offset Loss: 0.6012, IoU: 0.8127, MSE: 361.7080, bg_MSE: 4.3794, fg_MSE: 2335.2464, BCE Loss: 0.0422, Dice Loss: 0.1626, FP Penalty Loss: 0.0325, MSE Loss: 0.5467, BG Zero Loss: 0.0545
2025-09-24 15:35:00,890 - INFO - Val Epoch 45 - Loss: 1.1498, Seg Loss: 0.2084, Offset Loss: 0.9414, IoU: 0.8452, MSE: 592.3360, bg_MSE: 21.9911, fg_MSE: 3678.9226, BCE Loss: 0.0404, Dice Loss: 0.1333, FP Penalty Loss: 0.0346, MSE Loss: 0.9289, BG Zero Loss: 0.0125
2025-09-24 15:35:00,891 - INFO - Epoch 45 - Current Learning Rate: 0.000005
2025-09-24 15:35:01,190 - INFO - Checkpoint saved to ./checkpoints/unet_14/latest.pth
2025-09-24 15:35:01,190 - INFO - Score: 0.4895, from_IoU: 0.5071, from_MSE: 0.0000, from_BGP: -0.0176
2025-09-24 15:36:23,826 - INFO - Train Epoch 46 - Loss: 0.7901, Seg Loss: 0.2316, Offset Loss: 0.5584, IoU: 0.8138, MSE: 334.2659, bg_MSE: 3.9202, fg_MSE: 2131.3174, BCE Loss: 0.0402, Dice Loss: 0.1595, FP Penalty Loss: 0.0320, MSE Loss: 0.5102, BG Zero Loss: 0.0482
2025-09-24 15:36:34,738 - INFO - Val Epoch 46 - Loss: 1.1780, Seg Loss: 0.1994, Offset Loss: 0.9786, IoU: 0.8483, MSE: 590.9034, bg_MSE: 23.8147, fg_MSE: 3667.6600, BCE Loss: 0.0395, Dice Loss: 0.1305, FP Penalty Loss: 0.0294, MSE Loss: 0.9659, BG Zero Loss: 0.0126
2025-09-24 15:36:34,739 - INFO - Epoch 46 - Current Learning Rate: 0.000005
2025-09-24 15:36:35,032 - INFO - Checkpoint saved to ./checkpoints/unet_14/latest.pth
2025-09-24 15:36:35,033 - INFO - Score: 0.4899, from_IoU: 0.5090, from_MSE: 0.0000, from_BGP: -0.0191
2025-09-24 15:37:57,447 - INFO - Train Epoch 47 - Loss: 0.8109, Seg Loss: 0.2393, Offset Loss: 0.5717, IoU: 0.8122, MSE: 344.1770, bg_MSE: 2.7681, fg_MSE: 2220.9400, BCE Loss: 0.0409, Dice Loss: 0.1645, FP Penalty Loss: 0.0339, MSE Loss: 0.5265, BG Zero Loss: 0.0451
2025-09-24 15:38:08,180 - INFO - Val Epoch 47 - Loss: 1.3299, Seg Loss: 0.2032, Offset Loss: 1.1267, IoU: 0.8489, MSE: 704.3853, bg_MSE: 34.8073, fg_MSE: 4339.1158, BCE Loss: 0.0435, Dice Loss: 0.1300, FP Penalty Loss: 0.0297, MSE Loss: 1.1104, BG Zero Loss: 0.0163
2025-09-24 15:38:08,181 - INFO - Epoch 47 - Current Learning Rate: 0.000005
2025-09-24 15:38:08,474 - INFO - Checkpoint saved to ./checkpoints/unet_14/latest.pth
2025-09-24 15:38:08,475 - INFO - Score: 0.4815, from_IoU: 0.5093, from_MSE: 0.0000, from_BGP: -0.0278
2025-09-24 15:39:31,161 - INFO - Train Epoch 48 - Loss: 0.8047, Seg Loss: 0.2250, Offset Loss: 0.5797, IoU: 0.8206, MSE: 346.5756, bg_MSE: 3.6732, fg_MSE: 2202.9023, BCE Loss: 0.0391, Dice Loss: 0.1551, FP Penalty Loss: 0.0309, MSE Loss: 0.5256, BG Zero Loss: 0.0541
2025-09-24 15:39:41,914 - INFO - Val Epoch 48 - Loss: 0.9747, Seg Loss: 0.1982, Offset Loss: 0.7765, IoU: 0.8509, MSE: 494.0182, bg_MSE: 19.1129, fg_MSE: 3088.6394, BCE Loss: 0.0419, Dice Loss: 0.1271, FP Penalty Loss: 0.0292, MSE Loss: 0.7567, BG Zero Loss: 0.0199
2025-09-24 15:39:41,914 - INFO - Epoch 48 - Current Learning Rate: 0.000005
2025-09-24 15:39:42,208 - INFO - Checkpoint saved to ./checkpoints/unet_14/latest.pth
2025-09-24 15:39:42,208 - INFO - Score: 0.5000, from_IoU: 0.5105, from_MSE: 0.0048, from_BGP: -0.0153
2025-09-24 15:41:04,733 - INFO - Train Epoch 49 - Loss: 0.7796, Seg Loss: 0.2235, Offset Loss: 0.5561, IoU: 0.8222, MSE: 333.3490, bg_MSE: 6.0710, fg_MSE: 2107.0809, BCE Loss: 0.0391, Dice Loss: 0.1534, FP Penalty Loss: 0.0310, MSE Loss: 0.5042, BG Zero Loss: 0.0520
2025-09-24 15:41:15,622 - INFO - Val Epoch 49 - Loss: 0.9980, Seg Loss: 0.2007, Offset Loss: 0.7973, IoU: 0.8561, MSE: 507.8840, bg_MSE: 26.7883, fg_MSE: 3117.1433, BCE Loss: 0.0454, Dice Loss: 0.1253, FP Penalty Loss: 0.0300, MSE Loss: 0.7876, BG Zero Loss: 0.0098
2025-09-24 15:41:15,623 - INFO - Epoch 49 - Current Learning Rate: 0.000005
2025-09-24 15:41:15,917 - INFO - Checkpoint saved to ./checkpoints/unet_14/latest.pth
2025-09-24 15:41:15,917 - INFO - Score: 0.4922, from_IoU: 0.5137, from_MSE: 0.0000, from_BGP: -0.0214
2025-09-24 15:42:38,645 - INFO - Train Epoch 50 - Loss: 0.7824, Seg Loss: 0.2230, Offset Loss: 0.5595, IoU: 0.8235, MSE: 338.4262, bg_MSE: 3.9808, fg_MSE: 2158.1634, BCE Loss: 0.0395, Dice Loss: 0.1526, FP Penalty Loss: 0.0309, MSE Loss: 0.5144, BG Zero Loss: 0.0450
2025-09-24 15:42:49,394 - INFO - Val Epoch 50 - Loss: 0.9772, Seg Loss: 0.1965, Offset Loss: 0.7807, IoU: 0.8470, MSE: 492.6383, bg_MSE: 22.2173, fg_MSE: 3040.0309, BCE Loss: 0.0395, Dice Loss: 0.1310, FP Penalty Loss: 0.0260, MSE Loss: 0.7663, BG Zero Loss: 0.0145
2025-09-24 15:42:49,395 - INFO - Epoch 50 - Current Learning Rate: 0.000005
2025-09-24 15:42:49,691 - INFO - Checkpoint saved to ./checkpoints/unet_14/latest.pth
2025-09-24 15:42:49,692 - INFO - Score: 0.4963, from_IoU: 0.5082, from_MSE: 0.0059, from_BGP: -0.0178
2025-09-24 15:44:11,992 - INFO - Train Epoch 51 - Loss: 0.7558, Seg Loss: 0.2171, Offset Loss: 0.5387, IoU: 0.8272, MSE: 327.0753, bg_MSE: 1.4703, fg_MSE: 2091.4864, BCE Loss: 0.0380, Dice Loss: 0.1489, FP Penalty Loss: 0.0303, MSE Loss: 0.4994, BG Zero Loss: 0.0392
2025-09-24 15:44:22,795 - INFO - Val Epoch 51 - Loss: 0.6923, Seg Loss: 0.1766, Offset Loss: 0.5157, IoU: 0.8599, MSE: 337.2970, bg_MSE: 9.5630, fg_MSE: 2102.8118, BCE Loss: 0.0338, Dice Loss: 0.1200, FP Penalty Loss: 0.0228, MSE Loss: 0.5092, BG Zero Loss: 0.0065
2025-09-24 15:44:22,795 - INFO - Epoch 51 - Current Learning Rate: 0.000005
2025-09-24 15:44:23,062 - INFO - Checkpoint saved to ./checkpoints/unet_14/latest.pth
2025-09-24 15:44:23,063 - INFO - Score: 0.6385, from_IoU: 0.5159, from_MSE: 0.1302, from_BGP: -0.0077
2025-09-24 15:45:45,298 - INFO - Train Epoch 52 - Loss: 0.7619, Seg Loss: 0.2142, Offset Loss: 0.5477, IoU: 0.8300, MSE: 338.6764, bg_MSE: 4.6479, fg_MSE: 2165.6312, BCE Loss: 0.0383, Dice Loss: 0.1463, FP Penalty Loss: 0.0295, MSE Loss: 0.5073, BG Zero Loss: 0.0403
2025-09-24 15:45:55,984 - INFO - Val Epoch 52 - Loss: 0.7829, Seg Loss: 0.1780, Offset Loss: 0.6048, IoU: 0.8677, MSE: 388.6988, bg_MSE: 10.7459, fg_MSE: 2428.5991, BCE Loss: 0.0329, Dice Loss: 0.1146, FP Penalty Loss: 0.0305, MSE Loss: 0.5980, BG Zero Loss: 0.0069
2025-09-24 15:45:55,985 - INFO - Epoch 52 - Current Learning Rate: 0.000003
2025-09-24 15:45:56,273 - INFO - Checkpoint saved to ./checkpoints/unet_14/latest.pth
2025-09-24 15:45:56,274 - INFO - Score: 0.6010, from_IoU: 0.5206, from_MSE: 0.0890, from_BGP: -0.0086
2025-09-24 15:47:18,571 - INFO - Train Epoch 53 - Loss: 0.7513, Seg Loss: 0.2118, Offset Loss: 0.5395, IoU: 0.8312, MSE: 331.7876, bg_MSE: 3.1923, fg_MSE: 2112.8366, BCE Loss: 0.0371, Dice Loss: 0.1459, FP Penalty Loss: 0.0288, MSE Loss: 0.5034, BG Zero Loss: 0.0361
2025-09-24 15:47:29,295 - INFO - Val Epoch 53 - Loss: 0.7083, Seg Loss: 0.1741, Offset Loss: 0.5341, IoU: 0.8681, MSE: 355.9214, bg_MSE: 7.1255, fg_MSE: 2231.3726, BCE Loss: 0.0319, Dice Loss: 0.1133, FP Penalty Loss: 0.0290, MSE Loss: 0.5279, BG Zero Loss: 0.0062
2025-09-24 15:47:29,296 - INFO - Epoch 53 - Current Learning Rate: 0.000003
2025-09-24 15:47:29,587 - INFO - Checkpoint saved to ./checkpoints/unet_14/latest.pth
2025-09-24 15:47:29,587 - INFO - Score: 0.6304, from_IoU: 0.5209, from_MSE: 0.1153, from_BGP: -0.0057
2025-09-24 15:48:51,949 - INFO - Train Epoch 54 - Loss: 0.7356, Seg Loss: 0.2043, Offset Loss: 0.5313, IoU: 0.8356, MSE: 325.8186, bg_MSE: 4.9329, fg_MSE: 2059.5760, BCE Loss: 0.0360, Dice Loss: 0.1397, FP Penalty Loss: 0.0286, MSE Loss: 0.4965, BG Zero Loss: 0.0349
2025-09-24 15:49:02,750 - INFO - Val Epoch 54 - Loss: 0.6500, Seg Loss: 0.1747, Offset Loss: 0.4752, IoU: 0.8651, MSE: 309.8526, bg_MSE: 4.5697, fg_MSE: 1949.2802, BCE Loss: 0.0317, Dice Loss: 0.1150, FP Penalty Loss: 0.0280, MSE Loss: 0.4717, BG Zero Loss: 0.0035
2025-09-24 15:49:02,751 - INFO - Epoch 54 - Current Learning Rate: 0.000003
2025-09-24 15:49:03,051 - INFO - Checkpoint saved to ./checkpoints/unet_14/latest.pth
2025-09-24 15:49:03,052 - INFO - Score: 0.6675, from_IoU: 0.5191, from_MSE: 0.1521, from_BGP: -0.0037
2025-09-24 15:50:25,499 - INFO - Train Epoch 55 - Loss: 0.7307, Seg Loss: 0.2041, Offset Loss: 0.5266, IoU: 0.8363, MSE: 326.0209, bg_MSE: 2.0415, fg_MSE: 2106.2618, BCE Loss: 0.0359, Dice Loss: 0.1407, FP Penalty Loss: 0.0275, MSE Loss: 0.4930, BG Zero Loss: 0.0336
2025-09-24 15:50:36,347 - INFO - Val Epoch 55 - Loss: 0.6972, Seg Loss: 0.1756, Offset Loss: 0.5217, IoU: 0.8673, MSE: 341.8657, bg_MSE: 9.5063, fg_MSE: 2127.5807, BCE Loss: 0.0341, Dice Loss: 0.1142, FP Penalty Loss: 0.0273, MSE Loss: 0.5164, BG Zero Loss: 0.0052
2025-09-24 15:50:36,348 - INFO - Epoch 55 - Current Learning Rate: 0.000003
2025-09-24 15:50:36,643 - INFO - Checkpoint saved to ./checkpoints/unet_14/latest.pth
2025-09-24 15:50:36,644 - INFO - Score: 0.6393, from_IoU: 0.5204, from_MSE: 0.1265, from_BGP: -0.0076
2025-09-24 15:51:59,286 - INFO - Train Epoch 56 - Loss: 0.7064, Seg Loss: 0.1993, Offset Loss: 0.5071, IoU: 0.8401, MSE: 313.4861, bg_MSE: 2.1497, fg_MSE: 1993.2564, BCE Loss: 0.0354, Dice Loss: 0.1351, FP Penalty Loss: 0.0288, MSE Loss: 0.4724, BG Zero Loss: 0.0346
2025-09-24 15:52:10,008 - INFO - Val Epoch 56 - Loss: 0.6246, Seg Loss: 0.1715, Offset Loss: 0.4531, IoU: 0.8669, MSE: 296.0621, bg_MSE: 4.8682, fg_MSE: 1854.7026, BCE Loss: 0.0325, Dice Loss: 0.1130, FP Penalty Loss: 0.0259, MSE Loss: 0.4464, BG Zero Loss: 0.0068
2025-09-24 15:52:10,009 - INFO - Epoch 56 - Current Learning Rate: 0.000003
2025-09-24 15:52:10,299 - INFO - Checkpoint saved to ./checkpoints/unet_14/latest.pth
2025-09-24 15:52:10,300 - INFO - Score: 0.6794, from_IoU: 0.5201, from_MSE: 0.1632, from_BGP: -0.0039
2025-09-24 15:52:10,576 - INFO - Checkpoint saved to ./checkpoints/unet_14/best.pth
2025-09-24 15:52:10,576 - INFO - New best model! Score: 0.6794, IoU: 0.8669, MSE: 296.0621
2025-09-24 15:53:32,934 - INFO - Train Epoch 57 - Loss: 0.7352, Seg Loss: 0.1998, Offset Loss: 0.5354, IoU: 0.8401, MSE: 332.3365, bg_MSE: 1.8181, fg_MSE: 2143.5761, BCE Loss: 0.0350, Dice Loss: 0.1366, FP Penalty Loss: 0.0281, MSE Loss: 0.5055, BG Zero Loss: 0.0299
2025-09-24 15:53:43,678 - INFO - Val Epoch 57 - Loss: 0.6651, Seg Loss: 0.1731, Offset Loss: 0.4920, IoU: 0.8692, MSE: 323.8460, bg_MSE: 8.9847, fg_MSE: 2012.4951, BCE Loss: 0.0349, Dice Loss: 0.1108, FP Penalty Loss: 0.0274, MSE Loss: 0.4829, BG Zero Loss: 0.0091
2025-09-24 15:53:43,679 - INFO - Epoch 57 - Current Learning Rate: 0.000003
2025-09-24 15:53:43,971 - INFO - Checkpoint saved to ./checkpoints/unet_14/latest.pth
2025-09-24 15:53:43,972 - INFO - Score: 0.6553, from_IoU: 0.5215, from_MSE: 0.1409, from_BGP: -0.0072
2025-09-24 15:55:06,404 - INFO - Train Epoch 58 - Loss: 0.7106, Seg Loss: 0.2003, Offset Loss: 0.5103, IoU: 0.8387, MSE: 320.3707, bg_MSE: 1.6382, fg_MSE: 2048.4330, BCE Loss: 0.0351, Dice Loss: 0.1375, FP Penalty Loss: 0.0277, MSE Loss: 0.4810, BG Zero Loss: 0.0292
2025-09-24 15:55:17,347 - INFO - Val Epoch 58 - Loss: 0.7386, Seg Loss: 0.1738, Offset Loss: 0.5648, IoU: 0.8629, MSE: 383.0821, bg_MSE: 11.8924, fg_MSE: 2374.8039, BCE Loss: 0.0336, Dice Loss: 0.1174, FP Penalty Loss: 0.0228, MSE Loss: 0.5592, BG Zero Loss: 0.0055
2025-09-24 15:55:17,348 - INFO - Epoch 58 - Current Learning Rate: 0.000003
2025-09-24 15:55:17,641 - INFO - Checkpoint saved to ./checkpoints/unet_14/latest.pth
2025-09-24 15:55:17,642 - INFO - Score: 0.6017, from_IoU: 0.5177, from_MSE: 0.0935, from_BGP: -0.0095
2025-09-24 15:56:40,277 - INFO - Train Epoch 59 - Loss: 0.7060, Seg Loss: 0.2007, Offset Loss: 0.5053, IoU: 0.8393, MSE: 314.4800, bg_MSE: 2.2842, fg_MSE: 1998.5403, BCE Loss: 0.0354, Dice Loss: 0.1372, FP Penalty Loss: 0.0281, MSE Loss: 0.4739, BG Zero Loss: 0.0314
2025-09-24 15:56:51,097 - INFO - Val Epoch 59 - Loss: 0.6317, Seg Loss: 0.1655, Offset Loss: 0.4661, IoU: 0.8695, MSE: 310.9645, bg_MSE: 7.8421, fg_MSE: 1937.4760, BCE Loss: 0.0323, Dice Loss: 0.1105, FP Penalty Loss: 0.0228, MSE Loss: 0.4601, BG Zero Loss: 0.0061
2025-09-24 15:56:51,098 - INFO - Epoch 59 - Current Learning Rate: 0.000003
2025-09-24 15:56:51,391 - INFO - Checkpoint saved to ./checkpoints/unet_14/latest.pth
2025-09-24 15:56:51,392 - INFO - Score: 0.6667, from_IoU: 0.5217, from_MSE: 0.1512, from_BGP: -0.0063
2025-09-24 15:58:14,006 - INFO - Train Epoch 60 - Loss: 0.7193, Seg Loss: 0.1995, Offset Loss: 0.5197, IoU: 0.8392, MSE: 324.4945, bg_MSE: 3.2224, fg_MSE: 2084.4368, BCE Loss: 0.0359, Dice Loss: 0.1358, FP Penalty Loss: 0.0279, MSE Loss: 0.4916, BG Zero Loss: 0.0281
2025-09-24 15:58:24,845 - INFO - Val Epoch 60 - Loss: 0.5830, Seg Loss: 0.1666, Offset Loss: 0.4165, IoU: 0.8735, MSE: 276.5030, bg_MSE: 6.5563, fg_MSE: 1720.3236, BCE Loss: 0.0298, Dice Loss: 0.1089, FP Penalty Loss: 0.0279, MSE Loss: 0.4102, BG Zero Loss: 0.0063
2025-09-24 15:58:24,846 - INFO - Epoch 60 - Current Learning Rate: 0.000003
2025-09-24 15:58:25,159 - INFO - Checkpoint saved to ./checkpoints/unet_14/latest.pth
2025-09-24 15:58:25,160 - INFO - Score: 0.6977, from_IoU: 0.5241, from_MSE: 0.1788, from_BGP: -0.0052
2025-09-24 15:58:25,432 - INFO - Checkpoint saved to ./checkpoints/unet_14/best.pth
2025-09-24 15:58:25,433 - INFO - New best model! Score: 0.6977, IoU: 0.8735, MSE: 276.5030
2025-09-24 15:59:47,718 - INFO - Train Epoch 61 - Loss: 0.7203, Seg Loss: 0.1933, Offset Loss: 0.5270, IoU: 0.8450, MSE: 321.2753, bg_MSE: 4.0608, fg_MSE: 2060.8374, BCE Loss: 0.0347, Dice Loss: 0.1315, FP Penalty Loss: 0.0271, MSE Loss: 0.4887, BG Zero Loss: 0.0383
2025-09-24 15:59:58,668 - INFO - Val Epoch 61 - Loss: 0.6231, Seg Loss: 0.1686, Offset Loss: 0.4545, IoU: 0.8753, MSE: 305.1564, bg_MSE: 8.6862, fg_MSE: 1895.9128, BCE Loss: 0.0325, Dice Loss: 0.1061, FP Penalty Loss: 0.0300, MSE Loss: 0.4487, BG Zero Loss: 0.0057
2025-09-24 15:59:58,669 - INFO - Epoch 61 - Current Learning Rate: 0.000003
2025-09-24 15:59:58,963 - INFO - Checkpoint saved to ./checkpoints/unet_14/latest.pth
2025-09-24 15:59:58,964 - INFO - Score: 0.6741, from_IoU: 0.5252, from_MSE: 0.1559, from_BGP: -0.0069
2025-09-24 16:01:21,719 - INFO - Train Epoch 62 - Loss: 0.7074, Seg Loss: 0.1938, Offset Loss: 0.5136, IoU: 0.8442, MSE: 319.9440, bg_MSE: 3.1074, fg_MSE: 2045.2650, BCE Loss: 0.0347, Dice Loss: 0.1324, FP Penalty Loss: 0.0267, MSE Loss: 0.4851, BG Zero Loss: 0.0285
2025-09-24 16:01:32,572 - INFO - Val Epoch 62 - Loss: 0.5889, Seg Loss: 0.1609, Offset Loss: 0.4279, IoU: 0.8778, MSE: 288.0703, bg_MSE: 6.4371, fg_MSE: 1798.1317, BCE Loss: 0.0307, Dice Loss: 0.1039, FP Penalty Loss: 0.0264, MSE Loss: 0.4203, BG Zero Loss: 0.0076
2025-09-24 16:01:32,572 - INFO - Epoch 62 - Current Learning Rate: 0.000003
2025-09-24 16:01:32,867 - INFO - Checkpoint saved to ./checkpoints/unet_14/latest.pth
2025-09-24 16:01:32,868 - INFO - Score: 0.6911, from_IoU: 0.5267, from_MSE: 0.1695, from_BGP: -0.0051
2025-09-24 16:02:55,196 - INFO - Train Epoch 63 - Loss: 0.6965, Seg Loss: 0.1906, Offset Loss: 0.5059, IoU: 0.8480, MSE: 314.5410, bg_MSE: 1.7143, fg_MSE: 2022.0021, BCE Loss: 0.0338, Dice Loss: 0.1299, FP Penalty Loss: 0.0270, MSE Loss: 0.4776, BG Zero Loss: 0.0283
2025-09-24 16:03:06,055 - INFO - Val Epoch 63 - Loss: 1.1830, Seg Loss: 0.1650, Offset Loss: 1.0181, IoU: 0.8779, MSE: 693.5154, bg_MSE: 37.7747, fg_MSE: 4249.1385, BCE Loss: 0.0374, Dice Loss: 0.1035, FP Penalty Loss: 0.0240, MSE Loss: 0.9991, BG Zero Loss: 0.0190
2025-09-24 16:03:06,056 - INFO - Epoch 63 - Current Learning Rate: 0.000003
2025-09-24 16:03:06,380 - INFO - Checkpoint saved to ./checkpoints/unet_14/latest.pth
2025-09-24 16:03:06,381 - INFO - Score: 0.4965, from_IoU: 0.5267, from_MSE: 0.0000, from_BGP: -0.0302
2025-09-24 16:04:29,366 - INFO - Train Epoch 64 - Loss: 0.6922, Seg Loss: 0.1911, Offset Loss: 0.5011, IoU: 0.8455, MSE: 312.1229, bg_MSE: 2.9103, fg_MSE: 2002.3679, BCE Loss: 0.0343, Dice Loss: 0.1302, FP Penalty Loss: 0.0266, MSE Loss: 0.4720, BG Zero Loss: 0.0291
2025-09-24 16:04:40,322 - INFO - Val Epoch 64 - Loss: 0.6266, Seg Loss: 0.1589, Offset Loss: 0.4676, IoU: 0.8795, MSE: 321.3316, bg_MSE: 9.3521, fg_MSE: 1998.5479, BCE Loss: 0.0312, Dice Loss: 0.1023, FP Penalty Loss: 0.0255, MSE Loss: 0.4612, BG Zero Loss: 0.0064
2025-09-24 16:04:40,323 - INFO - Epoch 64 - Current Learning Rate: 0.000003
2025-09-24 16:04:40,616 - INFO - Checkpoint saved to ./checkpoints/unet_14/latest.pth
2025-09-24 16:04:40,617 - INFO - Score: 0.6632, from_IoU: 0.5277, from_MSE: 0.1429, from_BGP: -0.0075
2025-09-24 16:06:03,519 - INFO - Train Epoch 65 - Loss: 0.7085, Seg Loss: 0.1916, Offset Loss: 0.5169, IoU: 0.8470, MSE: 318.9910, bg_MSE: 3.5661, fg_MSE: 2033.5086, BCE Loss: 0.0340, Dice Loss: 0.1301, FP Penalty Loss: 0.0276, MSE Loss: 0.4825, BG Zero Loss: 0.0344
2025-09-24 16:06:14,389 - INFO - Val Epoch 65 - Loss: 0.6356, Seg Loss: 0.1584, Offset Loss: 0.4772, IoU: 0.8810, MSE: 323.1892, bg_MSE: 8.2506, fg_MSE: 2020.3815, BCE Loss: 0.0309, Dice Loss: 0.1008, FP Penalty Loss: 0.0267, MSE Loss: 0.4723, BG Zero Loss: 0.0049
2025-09-24 16:06:14,390 - INFO - Epoch 65 - Current Learning Rate: 0.000003
2025-09-24 16:06:14,683 - INFO - Checkpoint saved to ./checkpoints/unet_14/latest.pth
2025-09-24 16:06:14,683 - INFO - Score: 0.6635, from_IoU: 0.5286, from_MSE: 0.1414, from_BGP: -0.0066
2025-09-24 16:07:37,136 - INFO - Train Epoch 66 - Loss: 0.6808, Seg Loss: 0.1874, Offset Loss: 0.4934, IoU: 0.8518, MSE: 310.0315, bg_MSE: 2.9016, fg_MSE: 1975.0166, BCE Loss: 0.0329, Dice Loss: 0.1291, FP Penalty Loss: 0.0254, MSE Loss: 0.4677, BG Zero Loss: 0.0256
2025-09-24 16:07:47,919 - INFO - Val Epoch 66 - Loss: 0.6230, Seg Loss: 0.1667, Offset Loss: 0.4563, IoU: 0.8770, MSE: 314.6769, bg_MSE: 6.9389, fg_MSE: 1970.2382, BCE Loss: 0.0309, Dice Loss: 0.1053, FP Penalty Loss: 0.0304, MSE Loss: 0.4518, BG Zero Loss: 0.0046
2025-09-24 16:07:47,920 - INFO - Epoch 66 - Current Learning Rate: 0.000003
2025-09-24 16:07:48,213 - INFO - Checkpoint saved to ./checkpoints/unet_14/latest.pth
2025-09-24 16:07:48,213 - INFO - Score: 0.6689, from_IoU: 0.5262, from_MSE: 0.1483, from_BGP: -0.0056
2025-09-24 16:09:10,847 - INFO - Train Epoch 67 - Loss: 0.6738, Seg Loss: 0.1823, Offset Loss: 0.4914, IoU: 0.8532, MSE: 310.3748, bg_MSE: 2.2103, fg_MSE: 1981.3089, BCE Loss: 0.0326, Dice Loss: 0.1238, FP Penalty Loss: 0.0259, MSE Loss: 0.4682, BG Zero Loss: 0.0232
2025-09-24 16:09:21,623 - INFO - Val Epoch 67 - Loss: 0.8167, Seg Loss: 0.1581, Offset Loss: 0.6587, IoU: 0.8797, MSE: 441.7217, bg_MSE: 20.9652, fg_MSE: 2717.0560, BCE Loss: 0.0317, Dice Loss: 0.1026, FP Penalty Loss: 0.0238, MSE Loss: 0.6461, BG Zero Loss: 0.0125
2025-09-24 16:09:21,625 - INFO - Epoch 67 - Current Learning Rate: 0.000003
2025-09-24 16:09:21,920 - INFO - Checkpoint saved to ./checkpoints/unet_14/latest.pth
2025-09-24 16:09:21,920 - INFO - Score: 0.5577, from_IoU: 0.5278, from_MSE: 0.0466, from_BGP: -0.0168
2025-09-24 16:10:44,672 - INFO - Train Epoch 68 - Loss: 0.6780, Seg Loss: 0.1775, Offset Loss: 0.5005, IoU: 0.8547, MSE: 317.9937, bg_MSE: 1.2908, fg_MSE: 2039.3572, BCE Loss: 0.0316, Dice Loss: 0.1208, FP Penalty Loss: 0.0250, MSE Loss: 0.4782, BG Zero Loss: 0.0224
2025-09-24 16:10:55,525 - INFO - Val Epoch 68 - Loss: 0.8495, Seg Loss: 0.1567, Offset Loss: 0.6928, IoU: 0.8792, MSE: 482.1263, bg_MSE: 21.4963, fg_MSE: 2973.6800, BCE Loss: 0.0321, Dice Loss: 0.1020, FP Penalty Loss: 0.0225, MSE Loss: 0.6865, BG Zero Loss: 0.0062
2025-09-24 16:10:55,526 - INFO - Epoch 68 - Current Learning Rate: 0.000003
2025-09-24 16:10:55,825 - INFO - Checkpoint saved to ./checkpoints/unet_14/latest.pth
2025-09-24 16:10:55,826 - INFO - Score: 0.5246, from_IoU: 0.5275, from_MSE: 0.0143, from_BGP: -0.0172
2025-09-24 16:12:18,628 - INFO - Train Epoch 69 - Loss: 0.6607, Seg Loss: 0.1838, Offset Loss: 0.4769, IoU: 0.8534, MSE: 303.0836, bg_MSE: 1.8045, fg_MSE: 1932.6444, BCE Loss: 0.0328, Dice Loss: 0.1254, FP Penalty Loss: 0.0257, MSE Loss: 0.4553, BG Zero Loss: 0.0216
2025-09-24 16:12:29,535 - INFO - Val Epoch 69 - Loss: 0.6712, Seg Loss: 0.1623, Offset Loss: 0.5089, IoU: 0.8796, MSE: 346.7610, bg_MSE: 12.6589, fg_MSE: 2142.7415, BCE Loss: 0.0308, Dice Loss: 0.1024, FP Penalty Loss: 0.0291, MSE Loss: 0.5024, BG Zero Loss: 0.0065
2025-09-24 16:12:29,536 - INFO - Epoch 69 - Current Learning Rate: 0.000001
2025-09-24 16:12:29,837 - INFO - Checkpoint saved to ./checkpoints/unet_14/latest.pth
2025-09-24 16:12:29,837 - INFO - Score: 0.6402, from_IoU: 0.5278, from_MSE: 0.1226, from_BGP: -0.0101
2025-09-24 16:13:51,925 - INFO - Train Epoch 70 - Loss: 0.6643, Seg Loss: 0.1811, Offset Loss: 0.4833, IoU: 0.8551, MSE: 307.1561, bg_MSE: 2.1149, fg_MSE: 1969.5001, BCE Loss: 0.0323, Dice Loss: 0.1235, FP Penalty Loss: 0.0253, MSE Loss: 0.4623, BG Zero Loss: 0.0210
2025-09-24 16:14:02,764 - INFO - Val Epoch 70 - Loss: 0.8920, Seg Loss: 0.1665, Offset Loss: 0.7255, IoU: 0.8828, MSE: 504.4957, bg_MSE: 37.1957, fg_MSE: 3027.6251, BCE Loss: 0.0365, Dice Loss: 0.1003, FP Penalty Loss: 0.0297, MSE Loss: 0.7181, BG Zero Loss: 0.0074
2025-09-24 16:14:02,765 - INFO - Epoch 70 - Current Learning Rate: 0.000001
2025-09-24 16:14:03,055 - INFO - Checkpoint saved to ./checkpoints/unet_14/latest.pth
2025-09-24 16:14:03,056 - INFO - Score: 0.4999, from_IoU: 0.5297, from_MSE: 0.0000, from_BGP: -0.0298
2025-09-24 16:15:25,347 - INFO - Train Epoch 71 - Loss: 0.6912, Seg Loss: 0.1844, Offset Loss: 0.5068, IoU: 0.8525, MSE: 320.5967, bg_MSE: 4.1274, fg_MSE: 2039.8177, BCE Loss: 0.0332, Dice Loss: 0.1259, FP Penalty Loss: 0.0253, MSE Loss: 0.4842, BG Zero Loss: 0.0226
2025-09-24 16:15:36,203 - INFO - Val Epoch 71 - Loss: 0.9546, Seg Loss: 0.1560, Offset Loss: 0.7986, IoU: 0.8808, MSE: 573.5826, bg_MSE: 36.4638, fg_MSE: 3484.6916, BCE Loss: 0.0328, Dice Loss: 0.1009, FP Penalty Loss: 0.0223, MSE Loss: 0.7886, BG Zero Loss: 0.0100
2025-09-24 16:15:36,204 - INFO - Epoch 71 - Current Learning Rate: 0.000001
2025-09-24 16:15:36,505 - INFO - Checkpoint saved to ./checkpoints/unet_14/latest.pth
2025-09-24 16:15:36,506 - INFO - Score: 0.4993, from_IoU: 0.5285, from_MSE: 0.0000, from_BGP: -0.0292
2025-09-24 16:16:58,988 - INFO - Train Epoch 72 - Loss: 0.6769, Seg Loss: 0.1751, Offset Loss: 0.5018, IoU: 0.8589, MSE: 317.2224, bg_MSE: 2.9778, fg_MSE: 2031.1007, BCE Loss: 0.0316, Dice Loss: 0.1186, FP Penalty Loss: 0.0249, MSE Loss: 0.4753, BG Zero Loss: 0.0265
2025-09-24 16:17:09,758 - INFO - Val Epoch 72 - Loss: 0.7045, Seg Loss: 0.1543, Offset Loss: 0.5502, IoU: 0.8828, MSE: 380.3270, bg_MSE: 15.3629, fg_MSE: 2344.1515, BCE Loss: 0.0299, Dice Loss: 0.0997, FP Penalty Loss: 0.0247, MSE Loss: 0.5422, BG Zero Loss: 0.0080
2025-09-24 16:17:09,759 - INFO - Epoch 72 - Current Learning Rate: 0.000001
2025-09-24 16:17:10,056 - INFO - Checkpoint saved to ./checkpoints/unet_14/latest.pth
2025-09-24 16:17:10,057 - INFO - Score: 0.6131, from_IoU: 0.5297, from_MSE: 0.0957, from_BGP: -0.0123
2025-09-24 16:18:32,612 - INFO - Train Epoch 73 - Loss: 0.6626, Seg Loss: 0.1755, Offset Loss: 0.4872, IoU: 0.8570, MSE: 307.4721, bg_MSE: 3.3555, fg_MSE: 1977.1047, BCE Loss: 0.0318, Dice Loss: 0.1189, FP Penalty Loss: 0.0248, MSE Loss: 0.4663, BG Zero Loss: 0.0209
2025-09-24 16:18:43,412 - INFO - Val Epoch 73 - Loss: 0.5905, Seg Loss: 0.1507, Offset Loss: 0.4399, IoU: 0.8831, MSE: 295.3214, bg_MSE: 7.1113, fg_MSE: 1841.3620, BCE Loss: 0.0280, Dice Loss: 0.0989, FP Penalty Loss: 0.0238, MSE Loss: 0.4302, BG Zero Loss: 0.0097
2025-09-24 16:18:43,414 - INFO - Epoch 73 - Current Learning Rate: 0.000001
2025-09-24 16:18:43,705 - INFO - Checkpoint saved to ./checkpoints/unet_14/latest.pth
2025-09-24 16:18:43,706 - INFO - Score: 0.6879, from_IoU: 0.5299, from_MSE: 0.1637, from_BGP: -0.0057
2025-09-24 16:20:05,741 - INFO - Train Epoch 74 - Loss: 0.6635, Seg Loss: 0.1723, Offset Loss: 0.4912, IoU: 0.8585, MSE: 309.1696, bg_MSE: 3.6399, fg_MSE: 1970.8141, BCE Loss: 0.0306, Dice Loss: 0.1178, FP Penalty Loss: 0.0239, MSE Loss: 0.4695, BG Zero Loss: 0.0218
2025-09-24 16:20:16,386 - INFO - Val Epoch 74 - Loss: 0.7858, Seg Loss: 0.1734, Offset Loss: 0.6124, IoU: 0.8815, MSE: 424.6967, bg_MSE: 31.5209, fg_MSE: 2538.9473, BCE Loss: 0.0428, Dice Loss: 0.1003, FP Penalty Loss: 0.0303, MSE Loss: 0.6040, BG Zero Loss: 0.0085
2025-09-24 16:20:16,387 - INFO - Epoch 74 - Current Learning Rate: 0.000001
2025-09-24 16:20:16,677 - INFO - Checkpoint saved to ./checkpoints/unet_14/latest.pth
2025-09-24 16:20:16,677 - INFO - Score: 0.5639, from_IoU: 0.5289, from_MSE: 0.0602, from_BGP: -0.0252
2025-09-24 16:21:38,767 - INFO - Train Epoch 75 - Loss: 0.6694, Seg Loss: 0.1749, Offset Loss: 0.4946, IoU: 0.8570, MSE: 316.7307, bg_MSE: 2.2950, fg_MSE: 2037.9600, BCE Loss: 0.0316, Dice Loss: 0.1185, FP Penalty Loss: 0.0247, MSE Loss: 0.4722, BG Zero Loss: 0.0224
2025-09-24 16:21:49,803 - INFO - Val Epoch 75 - Loss: 0.5665, Seg Loss: 0.1635, Offset Loss: 0.4030, IoU: 0.8847, MSE: 280.6477, bg_MSE: 10.4815, fg_MSE: 1728.3261, BCE Loss: 0.0345, Dice Loss: 0.0982, FP Penalty Loss: 0.0308, MSE Loss: 0.3976, BG Zero Loss: 0.0054
2025-09-24 16:21:49,804 - INFO - Epoch 75 - Current Learning Rate: 0.000001
2025-09-24 16:21:50,104 - INFO - Checkpoint saved to ./checkpoints/unet_14/latest.pth
2025-09-24 16:21:50,105 - INFO - Score: 0.6979, from_IoU: 0.5308, from_MSE: 0.1755, from_BGP: -0.0084
2025-09-24 16:21:50,380 - INFO - Checkpoint saved to ./checkpoints/unet_14/best.pth
2025-09-24 16:21:50,381 - INFO - New best model! Score: 0.6979, IoU: 0.8847, MSE: 280.6477
2025-09-24 16:23:12,857 - INFO - Train Epoch 76 - Loss: 0.6581, Seg Loss: 0.1721, Offset Loss: 0.4860, IoU: 0.8609, MSE: 310.2670, bg_MSE: 2.9048, fg_MSE: 1982.5926, BCE Loss: 0.0313, Dice Loss: 0.1168, FP Penalty Loss: 0.0240, MSE Loss: 0.4655, BG Zero Loss: 0.0205
2025-09-24 16:23:23,612 - INFO - Val Epoch 76 - Loss: 0.6557, Seg Loss: 0.1598, Offset Loss: 0.4959, IoU: 0.8846, MSE: 345.9379, bg_MSE: 15.1220, fg_MSE: 2124.5664, BCE Loss: 0.0306, Dice Loss: 0.0984, FP Penalty Loss: 0.0308, MSE Loss: 0.4901, BG Zero Loss: 0.0059
2025-09-24 16:23:23,613 - INFO - Epoch 76 - Current Learning Rate: 0.000001
2025-09-24 16:23:23,898 - INFO - Checkpoint saved to ./checkpoints/unet_14/latest.pth
2025-09-24 16:23:23,899 - INFO - Score: 0.6419, from_IoU: 0.5308, from_MSE: 0.1232, from_BGP: -0.0121
2025-09-24 16:24:46,013 - INFO - Train Epoch 77 - Loss: 0.6535, Seg Loss: 0.1755, Offset Loss: 0.4780, IoU: 0.8574, MSE: 300.2411, bg_MSE: 1.5285, fg_MSE: 1907.2377, BCE Loss: 0.0319, Dice Loss: 0.1190, FP Penalty Loss: 0.0246, MSE Loss: 0.4566, BG Zero Loss: 0.0214
2025-09-24 16:24:56,837 - INFO - Val Epoch 77 - Loss: 0.6841, Seg Loss: 0.1537, Offset Loss: 0.5304, IoU: 0.8818, MSE: 371.9834, bg_MSE: 15.2543, fg_MSE: 2294.9355, BCE Loss: 0.0335, Dice Loss: 0.0984, FP Penalty Loss: 0.0219, MSE Loss: 0.5200, BG Zero Loss: 0.0104
2025-09-24 16:24:56,838 - INFO - Epoch 77 - Current Learning Rate: 0.000001
2025-09-24 16:24:57,144 - INFO - Checkpoint saved to ./checkpoints/unet_14/latest.pth
2025-09-24 16:24:57,145 - INFO - Score: 0.6193, from_IoU: 0.5291, from_MSE: 0.1024, from_BGP: -0.0122
2025-09-24 16:26:19,807 - INFO - Train Epoch 78 - Loss: 0.6760, Seg Loss: 0.1758, Offset Loss: 0.5002, IoU: 0.8589, MSE: 316.7785, bg_MSE: 2.8111, fg_MSE: 2027.3911, BCE Loss: 0.0320, Dice Loss: 0.1192, FP Penalty Loss: 0.0246, MSE Loss: 0.4777, BG Zero Loss: 0.0225
2025-09-24 16:26:30,661 - INFO - Val Epoch 78 - Loss: 0.5430, Seg Loss: 0.1513, Offset Loss: 0.3916, IoU: 0.8850, MSE: 269.4666, bg_MSE: 6.7382, fg_MSE: 1677.1707, BCE Loss: 0.0295, Dice Loss: 0.0972, FP Penalty Loss: 0.0246, MSE Loss: 0.3878, BG Zero Loss: 0.0038
2025-09-24 16:26:30,663 - INFO - Epoch 78 - Current Learning Rate: 0.000001
2025-09-24 16:26:30,956 - INFO - Checkpoint saved to ./checkpoints/unet_14/latest.pth
2025-09-24 16:26:30,957 - INFO - Score: 0.7100, from_IoU: 0.5310, from_MSE: 0.1844, from_BGP: -0.0054
2025-09-24 16:26:31,242 - INFO - Checkpoint saved to ./checkpoints/unet_14/best.pth
2025-09-24 16:26:31,242 - INFO - New best model! Score: 0.7100, IoU: 0.8850, MSE: 269.4666
2025-09-24 16:27:53,862 - INFO - Train Epoch 79 - Loss: 0.6519, Seg Loss: 0.1725, Offset Loss: 0.4795, IoU: 0.8613, MSE: 306.1716, bg_MSE: 2.4812, fg_MSE: 1963.5444, BCE Loss: 0.0316, Dice Loss: 0.1166, FP Penalty Loss: 0.0242, MSE Loss: 0.4613, BG Zero Loss: 0.0182
2025-09-24 16:28:04,767 - INFO - Val Epoch 79 - Loss: 0.5174, Seg Loss: 0.1443, Offset Loss: 0.3731, IoU: 0.8879, MSE: 253.1789, bg_MSE: 3.8816, fg_MSE: 1584.9214, BCE Loss: 0.0261, Dice Loss: 0.0946, FP Penalty Loss: 0.0236, MSE Loss: 0.3695, BG Zero Loss: 0.0036
2025-09-24 16:28:04,769 - INFO - Epoch 79 - Current Learning Rate: 0.000001
2025-09-24 16:28:05,062 - INFO - Checkpoint saved to ./checkpoints/unet_14/latest.pth
2025-09-24 16:28:05,063 - INFO - Score: 0.7271, from_IoU: 0.5328, from_MSE: 0.1975, from_BGP: -0.0031
2025-09-24 16:28:05,346 - INFO - Checkpoint saved to ./checkpoints/unet_14/best.pth
2025-09-24 16:28:05,346 - INFO - New best model! Score: 0.7271, IoU: 0.8879, MSE: 253.1789
2025-09-24 16:29:28,089 - INFO - Train Epoch 80 - Loss: 0.6579, Seg Loss: 0.1766, Offset Loss: 0.4812, IoU: 0.8589, MSE: 305.0803, bg_MSE: 3.9878, fg_MSE: 1936.4588, BCE Loss: 0.0318, Dice Loss: 0.1206, FP Penalty Loss: 0.0242, MSE Loss: 0.4610, BG Zero Loss: 0.0202
2025-09-24 16:29:39,025 - INFO - Val Epoch 80 - Loss: 0.5392, Seg Loss: 0.1486, Offset Loss: 0.3906, IoU: 0.8841, MSE: 264.6519, bg_MSE: 6.6883, fg_MSE: 1645.7114, BCE Loss: 0.0293, Dice Loss: 0.0971, FP Penalty Loss: 0.0223, MSE Loss: 0.3807, BG Zero Loss: 0.0099
2025-09-24 16:29:39,026 - INFO - Epoch 80 - Current Learning Rate: 0.000001
2025-09-24 16:29:39,323 - INFO - Checkpoint saved to ./checkpoints/unet_14/latest.pth
2025-09-24 16:29:39,324 - INFO - Score: 0.7134, from_IoU: 0.5304, from_MSE: 0.1883, from_BGP: -0.0054
2025-09-24 16:31:01,898 - INFO - Train Epoch 81 - Loss: 0.6568, Seg Loss: 0.1694, Offset Loss: 0.4874, IoU: 0.8625, MSE: 311.7431, bg_MSE: 2.2823, fg_MSE: 1987.7715, BCE Loss: 0.0311, Dice Loss: 0.1140, FP Penalty Loss: 0.0243, MSE Loss: 0.4688, BG Zero Loss: 0.0186
2025-09-24 16:31:12,636 - INFO - Val Epoch 81 - Loss: 0.7569, Seg Loss: 0.1572, Offset Loss: 0.5997, IoU: 0.8816, MSE: 422.8084, bg_MSE: 24.6931, fg_MSE: 2572.8766, BCE Loss: 0.0341, Dice Loss: 0.0996, FP Penalty Loss: 0.0235, MSE Loss: 0.5908, BG Zero Loss: 0.0089
2025-09-24 16:31:12,637 - INFO - Epoch 81 - Current Learning Rate: 0.000001
2025-09-24 16:31:12,926 - INFO - Checkpoint saved to ./checkpoints/unet_14/latest.pth
2025-09-24 16:31:12,926 - INFO - Score: 0.5710, from_IoU: 0.5290, from_MSE: 0.0618, from_BGP: -0.0198
2025-09-24 16:32:35,276 - INFO - Train Epoch 82 - Loss: 0.6620, Seg Loss: 0.1707, Offset Loss: 0.4913, IoU: 0.8608, MSE: 311.8195, bg_MSE: 2.2973, fg_MSE: 2002.8659, BCE Loss: 0.0309, Dice Loss: 0.1157, FP Penalty Loss: 0.0240, MSE Loss: 0.4729, BG Zero Loss: 0.0184
2025-09-24 16:32:46,055 - INFO - Val Epoch 82 - Loss: 0.7354, Seg Loss: 0.1574, Offset Loss: 0.5779, IoU: 0.8859, MSE: 412.4207, bg_MSE: 27.8179, fg_MSE: 2489.1924, BCE Loss: 0.0380, Dice Loss: 0.0958, FP Penalty Loss: 0.0236, MSE Loss: 0.5706, BG Zero Loss: 0.0073
2025-09-24 16:32:46,055 - INFO - Epoch 82 - Current Learning Rate: 0.000001
2025-09-24 16:32:46,342 - INFO - Checkpoint saved to ./checkpoints/unet_14/latest.pth
2025-09-24 16:32:46,342 - INFO - Score: 0.5793, from_IoU: 0.5315, from_MSE: 0.0701, from_BGP: -0.0223
2025-09-24 16:34:08,478 - INFO - Train Epoch 83 - Loss: 0.6350, Seg Loss: 0.1668, Offset Loss: 0.4682, IoU: 0.8656, MSE: 300.7491, bg_MSE: 1.3170, fg_MSE: 1912.6277, BCE Loss: 0.0295, Dice Loss: 0.1138, FP Penalty Loss: 0.0235, MSE Loss: 0.4502, BG Zero Loss: 0.0180
2025-09-24 16:34:19,166 - INFO - Val Epoch 83 - Loss: 0.7442, Seg Loss: 0.1516, Offset Loss: 0.5926, IoU: 0.8903, MSE: 439.1880, bg_MSE: 30.6900, fg_MSE: 2647.5129, BCE Loss: 0.0349, Dice Loss: 0.0920, FP Penalty Loss: 0.0247, MSE Loss: 0.5861, BG Zero Loss: 0.0065
2025-09-24 16:34:19,167 - INFO - Epoch 83 - Current Learning Rate: 0.000001
2025-09-24 16:34:19,455 - INFO - Checkpoint saved to ./checkpoints/unet_14/latest.pth
2025-09-24 16:34:19,455 - INFO - Score: 0.5583, from_IoU: 0.5342, from_MSE: 0.0486, from_BGP: -0.0246
2025-09-24 16:35:41,723 - INFO - Train Epoch 84 - Loss: 0.6420, Seg Loss: 0.1690, Offset Loss: 0.4730, IoU: 0.8615, MSE: 304.0426, bg_MSE: 2.2962, fg_MSE: 1950.3956, BCE Loss: 0.0306, Dice Loss: 0.1146, FP Penalty Loss: 0.0238, MSE Loss: 0.4539, BG Zero Loss: 0.0190
2025-09-24 16:35:52,534 - INFO - Val Epoch 84 - Loss: 0.6295, Seg Loss: 0.1446, Offset Loss: 0.4849, IoU: 0.8846, MSE: 330.8927, bg_MSE: 10.2462, fg_MSE: 2046.2316, BCE Loss: 0.0278, Dice Loss: 0.0965, FP Penalty Loss: 0.0203, MSE Loss: 0.4777, BG Zero Loss: 0.0072
2025-09-24 16:35:52,535 - INFO - Epoch 84 - Current Learning Rate: 0.000001
2025-09-24 16:35:52,829 - INFO - Checkpoint saved to ./checkpoints/unet_14/latest.pth
2025-09-24 16:35:52,830 - INFO - Score: 0.6578, from_IoU: 0.5307, from_MSE: 0.1353, from_BGP: -0.0082
2025-09-24 16:37:15,306 - INFO - Train Epoch 85 - Loss: 0.6513, Seg Loss: 0.1671, Offset Loss: 0.4842, IoU: 0.8644, MSE: 307.7893, bg_MSE: 1.6551, fg_MSE: 1973.8947, BCE Loss: 0.0292, Dice Loss: 0.1132, FP Penalty Loss: 0.0247, MSE Loss: 0.4654, BG Zero Loss: 0.0188
2025-09-24 16:37:26,167 - INFO - Val Epoch 85 - Loss: 0.4939, Seg Loss: 0.1406, Offset Loss: 0.3533, IoU: 0.8917, MSE: 239.3293, bg_MSE: 2.7860, fg_MSE: 1502.3331, BCE Loss: 0.0242, Dice Loss: 0.0917, FP Penalty Loss: 0.0247, MSE Loss: 0.3505, BG Zero Loss: 0.0028
2025-09-24 16:37:26,168 - INFO - Epoch 85 - Current Learning Rate: 0.000001
2025-09-24 16:37:26,462 - INFO - Checkpoint saved to ./checkpoints/unet_14/latest.pth
2025-09-24 16:37:26,463 - INFO - Score: 0.7413, from_IoU: 0.5350, from_MSE: 0.2085, from_BGP: -0.0022
2025-09-24 16:37:26,734 - INFO - Checkpoint saved to ./checkpoints/unet_14/best.pth
2025-09-24 16:37:26,734 - INFO - New best model! Score: 0.7413, IoU: 0.8917, MSE: 239.3293
2025-09-24 16:38:49,417 - INFO - Train Epoch 86 - Loss: 0.6302, Seg Loss: 0.1686, Offset Loss: 0.4616, IoU: 0.8629, MSE: 295.0275, bg_MSE: 1.9039, fg_MSE: 1885.6464, BCE Loss: 0.0303, Dice Loss: 0.1143, FP Penalty Loss: 0.0240, MSE Loss: 0.4403, BG Zero Loss: 0.0213
2025-09-24 16:39:00,331 - INFO - Val Epoch 86 - Loss: 0.5668, Seg Loss: 0.1530, Offset Loss: 0.4138, IoU: 0.8898, MSE: 290.4899, bg_MSE: 9.5489, fg_MSE: 1798.6522, BCE Loss: 0.0295, Dice Loss: 0.0931, FP Penalty Loss: 0.0303, MSE Loss: 0.4088, BG Zero Loss: 0.0050
2025-09-24 16:39:00,332 - INFO - Epoch 86 - Current Learning Rate: 0.000001
2025-09-24 16:39:00,633 - INFO - Checkpoint saved to ./checkpoints/unet_14/latest.pth
2025-09-24 16:39:00,633 - INFO - Score: 0.6939, from_IoU: 0.5339, from_MSE: 0.1676, from_BGP: -0.0076
2025-09-24 16:40:23,519 - INFO - Train Epoch 87 - Loss: 0.6624, Seg Loss: 0.1735, Offset Loss: 0.4890, IoU: 0.8593, MSE: 310.2224, bg_MSE: 1.8390, fg_MSE: 1973.8160, BCE Loss: 0.0316, Dice Loss: 0.1174, FP Penalty Loss: 0.0245, MSE Loss: 0.4682, BG Zero Loss: 0.0207
2025-09-24 16:40:34,311 - INFO - Val Epoch 87 - Loss: 0.4988, Seg Loss: 0.1475, Offset Loss: 0.3513, IoU: 0.8863, MSE: 237.4448, bg_MSE: 4.5327, fg_MSE: 1482.8247, BCE Loss: 0.0294, Dice Loss: 0.0952, FP Penalty Loss: 0.0229, MSE Loss: 0.3449, BG Zero Loss: 0.0063
2025-09-24 16:40:34,312 - INFO - Epoch 87 - Current Learning Rate: 0.000001
2025-09-24 16:40:34,601 - INFO - Checkpoint saved to ./checkpoints/unet_14/latest.pth
2025-09-24 16:40:34,602 - INFO - Score: 0.7382, from_IoU: 0.5318, from_MSE: 0.2100, from_BGP: -0.0036
2025-09-24 16:41:56,929 - INFO - Train Epoch 88 - Loss: 0.6288, Seg Loss: 0.1651, Offset Loss: 0.4637, IoU: 0.8661, MSE: 295.6537, bg_MSE: 1.3775, fg_MSE: 1899.0624, BCE Loss: 0.0300, Dice Loss: 0.1118, FP Penalty Loss: 0.0234, MSE Loss: 0.4464, BG Zero Loss: 0.0173
2025-09-24 16:42:07,639 - INFO - Val Epoch 88 - Loss: 0.5363, Seg Loss: 0.1437, Offset Loss: 0.3926, IoU: 0.8882, MSE: 271.6288, bg_MSE: 7.5494, fg_MSE: 1686.2790, BCE Loss: 0.0277, Dice Loss: 0.0937, FP Penalty Loss: 0.0223, MSE Loss: 0.3898, BG Zero Loss: 0.0028
2025-09-24 16:42:07,640 - INFO - Epoch 88 - Current Learning Rate: 0.000001
2025-09-24 16:42:07,928 - INFO - Checkpoint saved to ./checkpoints/unet_14/latest.pth
2025-09-24 16:42:07,929 - INFO - Score: 0.7096, from_IoU: 0.5329, from_MSE: 0.1827, from_BGP: -0.0060
2025-09-24 16:43:29,958 - INFO - Train Epoch 89 - Loss: 0.6299, Seg Loss: 0.1668, Offset Loss: 0.4631, IoU: 0.8661, MSE: 297.9402, bg_MSE: 1.7855, fg_MSE: 1894.1513, BCE Loss: 0.0299, Dice Loss: 0.1132, FP Penalty Loss: 0.0236, MSE Loss: 0.4470, BG Zero Loss: 0.0161
2025-09-24 16:43:40,701 - INFO - Val Epoch 89 - Loss: 0.6783, Seg Loss: 0.1503, Offset Loss: 0.5280, IoU: 0.8883, MSE: 366.9521, bg_MSE: 17.0490, fg_MSE: 2251.3021, BCE Loss: 0.0300, Dice Loss: 0.0934, FP Penalty Loss: 0.0268, MSE Loss: 0.5191, BG Zero Loss: 0.0089
2025-09-24 16:43:40,702 - INFO - Epoch 89 - Current Learning Rate: 0.000001
2025-09-24 16:43:40,991 - INFO - Checkpoint saved to ./checkpoints/unet_14/latest.pth
2025-09-24 16:43:40,992 - INFO - Score: 0.6257, from_IoU: 0.5330, from_MSE: 0.1064, from_BGP: -0.0136
2025-09-24 16:45:03,389 - INFO - Train Epoch 90 - Loss: 0.6370, Seg Loss: 0.1689, Offset Loss: 0.4681, IoU: 0.8646, MSE: 302.5316, bg_MSE: 1.2143, fg_MSE: 1943.2835, BCE Loss: 0.0299, Dice Loss: 0.1149, FP Penalty Loss: 0.0241, MSE Loss: 0.4522, BG Zero Loss: 0.0159
2025-09-24 16:45:14,266 - INFO - Val Epoch 90 - Loss: 0.6921, Seg Loss: 0.1522, Offset Loss: 0.5399, IoU: 0.8878, MSE: 388.0456, bg_MSE: 25.2209, fg_MSE: 2344.7453, BCE Loss: 0.0329, Dice Loss: 0.0942, FP Penalty Loss: 0.0251, MSE Loss: 0.5340, BG Zero Loss: 0.0059
2025-09-24 16:45:14,267 - INFO - Epoch 90 - Current Learning Rate: 0.000001
2025-09-24 16:45:14,568 - INFO - Checkpoint saved to ./checkpoints/unet_14/latest.pth
2025-09-24 16:45:14,569 - INFO - Score: 0.6021, from_IoU: 0.5327, from_MSE: 0.0896, from_BGP: -0.0202
2025-09-24 16:46:37,189 - INFO - Train Epoch 91 - Loss: 0.6271, Seg Loss: 0.1666, Offset Loss: 0.4606, IoU: 0.8650, MSE: 296.0523, bg_MSE: 1.5410, fg_MSE: 1869.6051, BCE Loss: 0.0293, Dice Loss: 0.1135, FP Penalty Loss: 0.0237, MSE Loss: 0.4432, BG Zero Loss: 0.0174
2025-09-24 16:46:48,132 - INFO - Val Epoch 91 - Loss: 0.5033, Seg Loss: 0.1404, Offset Loss: 0.3629, IoU: 0.8906, MSE: 250.0433, bg_MSE: 5.4965, fg_MSE: 1556.5190, BCE Loss: 0.0265, Dice Loss: 0.0914, FP Penalty Loss: 0.0225, MSE Loss: 0.3591, BG Zero Loss: 0.0038
2025-09-24 16:46:48,133 - INFO - Epoch 91 - Current Learning Rate: 0.000001
2025-09-24 16:46:48,433 - INFO - Checkpoint saved to ./checkpoints/unet_14/latest.pth
2025-09-24 16:46:48,433 - INFO - Score: 0.7299, from_IoU: 0.5344, from_MSE: 0.2000, from_BGP: -0.0044
2025-09-24 16:48:11,413 - INFO - Train Epoch 92 - Loss: 0.6295, Seg Loss: 0.1675, Offset Loss: 0.4620, IoU: 0.8652, MSE: 298.5638, bg_MSE: 1.5847, fg_MSE: 1912.3273, BCE Loss: 0.0299, Dice Loss: 0.1143, FP Penalty Loss: 0.0233, MSE Loss: 0.4463, BG Zero Loss: 0.0157
2025-09-24 16:48:22,331 - INFO - Val Epoch 92 - Loss: 0.5769, Seg Loss: 0.1405, Offset Loss: 0.4364, IoU: 0.8922, MSE: 300.7032, bg_MSE: 12.7196, fg_MSE: 1844.2541, BCE Loss: 0.0277, Dice Loss: 0.0907, FP Penalty Loss: 0.0222, MSE Loss: 0.4297, BG Zero Loss: 0.0067
2025-09-24 16:48:22,332 - INFO - Epoch 92 - Current Learning Rate: 0.000001
2025-09-24 16:48:22,631 - INFO - Checkpoint saved to ./checkpoints/unet_14/latest.pth
2025-09-24 16:48:22,632 - INFO - Score: 0.6846, from_IoU: 0.5353, from_MSE: 0.1594, from_BGP: -0.0102
2025-09-24 16:49:44,689 - INFO - Train Epoch 93 - Loss: 0.6238, Seg Loss: 0.1621, Offset Loss: 0.4617, IoU: 0.8682, MSE: 296.9871, bg_MSE: 3.2609, fg_MSE: 1885.1767, BCE Loss: 0.0295, Dice Loss: 0.1098, FP Penalty Loss: 0.0229, MSE Loss: 0.4417, BG Zero Loss: 0.0200
2025-09-24 16:49:55,479 - INFO - Val Epoch 93 - Loss: 0.6813, Seg Loss: 0.1469, Offset Loss: 0.5343, IoU: 0.8909, MSE: 398.8542, bg_MSE: 24.9015, fg_MSE: 2409.7116, BCE Loss: 0.0313, Dice Loss: 0.0917, FP Penalty Loss: 0.0240, MSE Loss: 0.5289, BG Zero Loss: 0.0054
2025-09-24 16:49:55,480 - INFO - Epoch 93 - Current Learning Rate: 0.000001
2025-09-24 16:49:55,791 - INFO - Checkpoint saved to ./checkpoints/unet_14/latest.pth
2025-09-24 16:49:55,791 - INFO - Score: 0.5955, from_IoU: 0.5346, from_MSE: 0.0809, from_BGP: -0.0199
2025-09-24 16:51:18,358 - INFO - Train Epoch 94 - Loss: 0.6180, Seg Loss: 0.1616, Offset Loss: 0.4565, IoU: 0.8695, MSE: 294.2321, bg_MSE: 1.8914, fg_MSE: 1888.5983, BCE Loss: 0.0290, Dice Loss: 0.1101, FP Penalty Loss: 0.0224, MSE Loss: 0.4403, BG Zero Loss: 0.0162
2025-09-24 16:51:29,242 - INFO - Val Epoch 94 - Loss: 0.5827, Seg Loss: 0.1448, Offset Loss: 0.4379, IoU: 0.8877, MSE: 309.4115, bg_MSE: 10.1363, fg_MSE: 1916.6083, BCE Loss: 0.0293, Dice Loss: 0.0947, FP Penalty Loss: 0.0207, MSE Loss: 0.4308, BG Zero Loss: 0.0071
2025-09-24 16:51:29,242 - INFO - Epoch 94 - Current Learning Rate: 0.000001
2025-09-24 16:51:29,537 - INFO - Checkpoint saved to ./checkpoints/unet_14/latest.pth
2025-09-24 16:51:29,538 - INFO - Score: 0.6770, from_IoU: 0.5326, from_MSE: 0.1525, from_BGP: -0.0081
2025-09-24 16:52:52,069 - INFO - Train Epoch 95 - Loss: 0.6257, Seg Loss: 0.1625, Offset Loss: 0.4632, IoU: 0.8673, MSE: 296.8634, bg_MSE: 1.2795, fg_MSE: 1883.0996, BCE Loss: 0.0290, Dice Loss: 0.1104, FP Penalty Loss: 0.0231, MSE Loss: 0.4456, BG Zero Loss: 0.0176
2025-09-24 16:53:02,885 - INFO - Val Epoch 95 - Loss: 0.5157, Seg Loss: 0.1352, Offset Loss: 0.3804, IoU: 0.8961, MSE: 264.6509, bg_MSE: 5.1452, fg_MSE: 1654.5535, BCE Loss: 0.0251, Dice Loss: 0.0868, FP Penalty Loss: 0.0233, MSE Loss: 0.3770, BG Zero Loss: 0.0035
2025-09-24 16:53:02,886 - INFO - Epoch 95 - Current Learning Rate: 0.000001
2025-09-24 16:53:03,181 - INFO - Checkpoint saved to ./checkpoints/unet_14/latest.pth
2025-09-24 16:53:03,181 - INFO - Score: 0.7218, from_IoU: 0.5376, from_MSE: 0.1883, from_BGP: -0.0041
2025-09-24 16:54:25,649 - INFO - Train Epoch 96 - Loss: 0.6258, Seg Loss: 0.1620, Offset Loss: 0.4638, IoU: 0.8676, MSE: 298.1205, bg_MSE: 1.3472, fg_MSE: 1907.8187, BCE Loss: 0.0289, Dice Loss: 0.1104, FP Penalty Loss: 0.0227, MSE Loss: 0.4475, BG Zero Loss: 0.0163
2025-09-24 16:54:36,516 - INFO - Val Epoch 96 - Loss: 0.5482, Seg Loss: 0.1421, Offset Loss: 0.4060, IoU: 0.8931, MSE: 286.5855, bg_MSE: 8.4413, fg_MSE: 1776.5064, BCE Loss: 0.0269, Dice Loss: 0.0903, FP Penalty Loss: 0.0250, MSE Loss: 0.4004, BG Zero Loss: 0.0056
2025-09-24 16:54:36,517 - INFO - Epoch 96 - Current Learning Rate: 0.000001
2025-09-24 16:54:36,811 - INFO - Checkpoint saved to ./checkpoints/unet_14/latest.pth
2025-09-24 16:54:36,812 - INFO - Score: 0.6998, from_IoU: 0.5359, from_MSE: 0.1707, from_BGP: -0.0068
2025-09-24 16:55:59,368 - INFO - Train Epoch 97 - Loss: 0.6121, Seg Loss: 0.1641, Offset Loss: 0.4480, IoU: 0.8665, MSE: 289.0396, bg_MSE: 1.7304, fg_MSE: 1828.0479, BCE Loss: 0.0298, Dice Loss: 0.1115, FP Penalty Loss: 0.0228, MSE Loss: 0.4320, BG Zero Loss: 0.0160
2025-09-24 16:56:10,214 - INFO - Val Epoch 97 - Loss: 0.5108, Seg Loss: 0.1385, Offset Loss: 0.3723, IoU: 0.8932, MSE: 259.2753, bg_MSE: 5.3332, fg_MSE: 1619.1664, BCE Loss: 0.0268, Dice Loss: 0.0892, FP Penalty Loss: 0.0225, MSE Loss: 0.3693, BG Zero Loss: 0.0030
2025-09-24 16:56:10,214 - INFO - Epoch 97 - Current Learning Rate: 0.000001
2025-09-24 16:56:10,508 - INFO - Checkpoint saved to ./checkpoints/unet_14/latest.pth
2025-09-24 16:56:10,509 - INFO - Score: 0.7242, from_IoU: 0.5359, from_MSE: 0.1926, from_BGP: -0.0043
2025-09-24 16:57:33,315 - INFO - Train Epoch 98 - Loss: 0.6047, Seg Loss: 0.1567, Offset Loss: 0.4480, IoU: 0.8719, MSE: 290.3916, bg_MSE: 1.4499, fg_MSE: 1847.4260, BCE Loss: 0.0279, Dice Loss: 0.1060, FP Penalty Loss: 0.0227, MSE Loss: 0.4333, BG Zero Loss: 0.0147
2025-09-24 16:57:44,028 - INFO - Val Epoch 98 - Loss: 0.5165, Seg Loss: 0.1397, Offset Loss: 0.3768, IoU: 0.8903, MSE: 261.9099, bg_MSE: 4.5102, fg_MSE: 1639.1219, BCE Loss: 0.0260, Dice Loss: 0.0915, FP Penalty Loss: 0.0222, MSE Loss: 0.3733, BG Zero Loss: 0.0034
2025-09-24 16:57:44,029 - INFO - Epoch 98 - Current Learning Rate: 0.000001
2025-09-24 16:57:44,319 - INFO - Checkpoint saved to ./checkpoints/unet_14/latest.pth
2025-09-24 16:57:44,320 - INFO - Score: 0.7210, from_IoU: 0.5342, from_MSE: 0.1905, from_BGP: -0.0036
2025-09-24 16:59:06,328 - INFO - Train Epoch 99 - Loss: 0.6155, Seg Loss: 0.1615, Offset Loss: 0.4540, IoU: 0.8694, MSE: 292.7087, bg_MSE: 2.1536, fg_MSE: 1853.6477, BCE Loss: 0.0291, Dice Loss: 0.1099, FP Penalty Loss: 0.0226, MSE Loss: 0.4362, BG Zero Loss: 0.0178
2025-09-24 16:59:17,098 - INFO - Val Epoch 99 - Loss: 0.7902, Seg Loss: 0.1494, Offset Loss: 0.6408, IoU: 0.8919, MSE: 474.0636, bg_MSE: 29.0123, fg_MSE: 2886.8165, BCE Loss: 0.0337, Dice Loss: 0.0906, FP Penalty Loss: 0.0252, MSE Loss: 0.6214, BG Zero Loss: 0.0194
2025-09-24 16:59:17,099 - INFO - Epoch 99 - Current Learning Rate: 0.000001
2025-09-24 16:59:17,387 - INFO - Checkpoint saved to ./checkpoints/unet_14/latest.pth
2025-09-24 16:59:17,388 - INFO - Score: 0.5327, from_IoU: 0.5351, from_MSE: 0.0207, from_BGP: -0.0232
2025-09-24 17:00:40,369 - INFO - Train Epoch 100 - Loss: 0.6127, Seg Loss: 0.1598, Offset Loss: 0.4530, IoU: 0.8714, MSE: 290.8555, bg_MSE: 1.0358, fg_MSE: 1856.6952, BCE Loss: 0.0284, Dice Loss: 0.1082, FP Penalty Loss: 0.0233, MSE Loss: 0.4377, BG Zero Loss: 0.0153
2025-09-24 17:00:51,274 - INFO - Val Epoch 100 - Loss: 0.4838, Seg Loss: 0.1370, Offset Loss: 0.3468, IoU: 0.8940, MSE: 239.5817, bg_MSE: 2.9092, fg_MSE: 1504.3466, BCE Loss: 0.0249, Dice Loss: 0.0887, FP Penalty Loss: 0.0234, MSE Loss: 0.3426, BG Zero Loss: 0.0041
2025-09-24 17:00:51,276 - INFO - Epoch 100 - Current Learning Rate: 0.000001
2025-09-24 17:00:51,573 - INFO - Checkpoint saved to ./checkpoints/unet_14/latest.pth
2025-09-24 17:00:51,574 - INFO - Score: 0.7424, from_IoU: 0.5364, from_MSE: 0.2083, from_BGP: -0.0023
2025-09-24 17:00:51,859 - INFO - Checkpoint saved to ./checkpoints/unet_14/best.pth
2025-09-24 17:00:51,859 - INFO - New best model! Score: 0.7424, IoU: 0.8940, MSE: 239.5817
2025-09-24 17:02:13,896 - INFO - Train Epoch 101 - Loss: 0.6140, Seg Loss: 0.1605, Offset Loss: 0.4535, IoU: 0.8687, MSE: 291.1009, bg_MSE: 1.6274, fg_MSE: 1854.4252, BCE Loss: 0.0296, Dice Loss: 0.1085, FP Penalty Loss: 0.0223, MSE Loss: 0.4378, BG Zero Loss: 0.0157
2025-09-24 17:02:24,782 - INFO - Val Epoch 101 - Loss: 0.5095, Seg Loss: 0.1370, Offset Loss: 0.3725, IoU: 0.8937, MSE: 262.1191, bg_MSE: 4.8342, fg_MSE: 1640.6158, BCE Loss: 0.0262, Dice Loss: 0.0886, FP Penalty Loss: 0.0222, MSE Loss: 0.3685, BG Zero Loss: 0.0040
2025-09-24 17:02:24,783 - INFO - Epoch 101 - Current Learning Rate: 0.000001
2025-09-24 17:02:25,082 - INFO - Checkpoint saved to ./checkpoints/unet_14/latest.pth
2025-09-24 17:02:25,083 - INFO - Score: 0.7227, from_IoU: 0.5362, from_MSE: 0.1903, from_BGP: -0.0039
2025-09-24 17:03:47,541 - INFO - Train Epoch 102 - Loss: 0.6024, Seg Loss: 0.1648, Offset Loss: 0.4376, IoU: 0.8663, MSE: 282.0096, bg_MSE: 2.1295, fg_MSE: 1779.7989, BCE Loss: 0.0298, Dice Loss: 0.1118, FP Penalty Loss: 0.0232, MSE Loss: 0.4214, BG Zero Loss: 0.0162
2025-09-24 17:03:58,423 - INFO - Val Epoch 102 - Loss: 0.4818, Seg Loss: 0.1350, Offset Loss: 0.3468, IoU: 0.8918, MSE: 238.6879, bg_MSE: 2.7250, fg_MSE: 1499.7103, BCE Loss: 0.0257, Dice Loss: 0.0898, FP Penalty Loss: 0.0195, MSE Loss: 0.3416, BG Zero Loss: 0.0051
2025-09-24 17:03:58,424 - INFO - Epoch 102 - Current Learning Rate: 0.000001
2025-09-24 17:03:58,719 - INFO - Checkpoint saved to ./checkpoints/unet_14/latest.pth
2025-09-24 17:03:58,719 - INFO - Score: 0.7419, from_IoU: 0.5351, from_MSE: 0.2090, from_BGP: -0.0022
2025-09-24 17:05:21,535 - INFO - Train Epoch 103 - Loss: 0.6071, Seg Loss: 0.1633, Offset Loss: 0.4438, IoU: 0.8676, MSE: 286.6513, bg_MSE: 1.4203, fg_MSE: 1829.1835, BCE Loss: 0.0296, Dice Loss: 0.1107, FP Penalty Loss: 0.0230, MSE Loss: 0.4273, BG Zero Loss: 0.0165
2025-09-24 17:05:32,481 - INFO - Val Epoch 103 - Loss: 0.5707, Seg Loss: 0.1462, Offset Loss: 0.4245, IoU: 0.8928, MSE: 300.3944, bg_MSE: 9.1467, fg_MSE: 1863.5290, BCE Loss: 0.0291, Dice Loss: 0.0902, FP Penalty Loss: 0.0269, MSE Loss: 0.4186, BG Zero Loss: 0.0059
2025-09-24 17:05:32,481 - INFO - Epoch 103 - Current Learning Rate: 0.000001
2025-09-24 17:05:32,774 - INFO - Checkpoint saved to ./checkpoints/unet_14/latest.pth
2025-09-24 17:05:32,775 - INFO - Score: 0.6880, from_IoU: 0.5357, from_MSE: 0.1597, from_BGP: -0.0073
2025-09-24 17:06:54,874 - INFO - Train Epoch 104 - Loss: 0.6052, Seg Loss: 0.1557, Offset Loss: 0.4495, IoU: 0.8720, MSE: 291.9397, bg_MSE: 1.4898, fg_MSE: 1867.1397, BCE Loss: 0.0286, Dice Loss: 0.1052, FP Penalty Loss: 0.0219, MSE Loss: 0.4352, BG Zero Loss: 0.0143
2025-09-24 17:07:05,726 - INFO - Val Epoch 104 - Loss: 0.4668, Seg Loss: 0.1322, Offset Loss: 0.3346, IoU: 0.8956, MSE: 230.0788, bg_MSE: 1.9610, fg_MSE: 1447.1661, BCE Loss: 0.0241, Dice Loss: 0.0869, FP Penalty Loss: 0.0211, MSE Loss: 0.3310, BG Zero Loss: 0.0035
2025-09-24 17:07:05,726 - INFO - Epoch 104 - Current Learning Rate: 0.000001
2025-09-24 17:07:06,023 - INFO - Checkpoint saved to ./checkpoints/unet_14/latest.pth
2025-09-24 17:07:06,024 - INFO - Score: 0.7517, from_IoU: 0.5373, from_MSE: 0.2159, from_BGP: -0.0016
2025-09-24 17:07:06,312 - INFO - Checkpoint saved to ./checkpoints/unet_14/best.pth
2025-09-24 17:07:06,312 - INFO - New best model! Score: 0.7517, IoU: 0.8956, MSE: 230.0788
2025-09-24 17:08:28,577 - INFO - Train Epoch 105 - Loss: 0.6006, Seg Loss: 0.1580, Offset Loss: 0.4427, IoU: 0.8719, MSE: 287.8571, bg_MSE: 0.7241, fg_MSE: 1832.4539, BCE Loss: 0.0283, Dice Loss: 0.1070, FP Penalty Loss: 0.0226, MSE Loss: 0.4279, BG Zero Loss: 0.0148
2025-09-24 17:08:39,334 - INFO - Val Epoch 105 - Loss: 0.4688, Seg Loss: 0.1396, Offset Loss: 0.3291, IoU: 0.8910, MSE: 221.8718, bg_MSE: 1.0773, fg_MSE: 1398.7215, BCE Loss: 0.0264, Dice Loss: 0.0900, FP Penalty Loss: 0.0232, MSE Loss: 0.3208, BG Zero Loss: 0.0083
2025-09-24 17:08:39,335 - INFO - Epoch 105 - Current Learning Rate: 0.000001
2025-09-24 17:08:39,624 - INFO - Checkpoint saved to ./checkpoints/unet_14/latest.pth
2025-09-24 17:08:39,624 - INFO - Score: 0.7563, from_IoU: 0.5346, from_MSE: 0.2225, from_BGP: -0.0009
2025-09-24 17:08:39,907 - INFO - Checkpoint saved to ./checkpoints/unet_14/best.pth
2025-09-24 17:08:39,907 - INFO - New best model! Score: 0.7563, IoU: 0.8910, MSE: 221.8718
2025-09-24 17:10:02,343 - INFO - Train Epoch 106 - Loss: 0.6050, Seg Loss: 0.1602, Offset Loss: 0.4448, IoU: 0.8697, MSE: 286.7329, bg_MSE: 0.6969, fg_MSE: 1833.5928, BCE Loss: 0.0284, Dice Loss: 0.1088, FP Penalty Loss: 0.0230, MSE Loss: 0.4300, BG Zero Loss: 0.0147
2025-09-24 17:10:13,144 - INFO - Val Epoch 106 - Loss: 0.6015, Seg Loss: 0.1369, Offset Loss: 0.4645, IoU: 0.8948, MSE: 334.6408, bg_MSE: 10.0535, fg_MSE: 2078.3502, BCE Loss: 0.0265, Dice Loss: 0.0876, FP Penalty Loss: 0.0228, MSE Loss: 0.4613, BG Zero Loss: 0.0033
2025-09-24 17:10:13,145 - INFO - Epoch 106 - Current Learning Rate: 0.000001
2025-09-24 17:10:13,441 - INFO - Checkpoint saved to ./checkpoints/unet_14/latest.pth
2025-09-24 17:10:13,441 - INFO - Score: 0.6611, from_IoU: 0.5369, from_MSE: 0.1323, from_BGP: -0.0080
2025-09-24 17:11:36,042 - INFO - Train Epoch 107 - Loss: 0.6020, Seg Loss: 0.1589, Offset Loss: 0.4431, IoU: 0.8700, MSE: 287.5786, bg_MSE: 2.7139, fg_MSE: 1811.2270, BCE Loss: 0.0283, Dice Loss: 0.1081, FP Penalty Loss: 0.0225, MSE Loss: 0.4287, BG Zero Loss: 0.0144
2025-09-24 17:11:46,983 - INFO - Val Epoch 107 - Loss: 0.4996, Seg Loss: 0.1357, Offset Loss: 0.3639, IoU: 0.8950, MSE: 255.0598, bg_MSE: 3.9187, fg_MSE: 1598.7182, BCE Loss: 0.0253, Dice Loss: 0.0878, FP Penalty Loss: 0.0226, MSE Loss: 0.3596, BG Zero Loss: 0.0044
2025-09-24 17:11:46,985 - INFO - Epoch 107 - Current Learning Rate: 0.000001
2025-09-24 17:11:47,279 - INFO - Checkpoint saved to ./checkpoints/unet_14/latest.pth
2025-09-24 17:11:47,280 - INFO - Score: 0.7298, from_IoU: 0.5370, from_MSE: 0.1960, from_BGP: -0.0031
2025-09-24 17:13:09,955 - INFO - Train Epoch 108 - Loss: 0.5872, Seg Loss: 0.1544, Offset Loss: 0.4328, IoU: 0.8737, MSE: 281.7515, bg_MSE: 1.8343, fg_MSE: 1784.9012, BCE Loss: 0.0277, Dice Loss: 0.1050, FP Penalty Loss: 0.0217, MSE Loss: 0.4185, BG Zero Loss: 0.0143
2025-09-24 17:13:20,718 - INFO - Val Epoch 108 - Loss: 0.4899, Seg Loss: 0.1310, Offset Loss: 0.3589, IoU: 0.8964, MSE: 250.4905, bg_MSE: 3.7800, fg_MSE: 1569.2224, BCE Loss: 0.0250, Dice Loss: 0.0856, FP Penalty Loss: 0.0204, MSE Loss: 0.3549, BG Zero Loss: 0.0040
2025-09-24 17:13:20,719 - INFO - Epoch 108 - Current Learning Rate: 0.000001
2025-09-24 17:13:21,013 - INFO - Checkpoint saved to ./checkpoints/unet_14/latest.pth
2025-09-24 17:13:21,014 - INFO - Score: 0.7344, from_IoU: 0.5378, from_MSE: 0.1996, from_BGP: -0.0030
2025-09-24 17:14:43,438 - INFO - Train Epoch 109 - Loss: 0.5849, Seg Loss: 0.1569, Offset Loss: 0.4279, IoU: 0.8702, MSE: 280.1874, bg_MSE: 0.9666, fg_MSE: 1804.4929, BCE Loss: 0.0283, Dice Loss: 0.1065, FP Penalty Loss: 0.0221, MSE Loss: 0.4148, BG Zero Loss: 0.0131
2025-09-24 17:14:54,186 - INFO - Val Epoch 109 - Loss: 0.5008, Seg Loss: 0.1366, Offset Loss: 0.3642, IoU: 0.8961, MSE: 255.2509, bg_MSE: 4.3109, fg_MSE: 1599.7265, BCE Loss: 0.0253, Dice Loss: 0.0873, FP Penalty Loss: 0.0240, MSE Loss: 0.3590, BG Zero Loss: 0.0051
2025-09-24 17:14:54,187 - INFO - Epoch 109 - Current Learning Rate: 0.000001
2025-09-24 17:14:54,478 - INFO - Checkpoint saved to ./checkpoints/unet_14/latest.pth
2025-09-24 17:14:54,479 - INFO - Score: 0.7300, from_IoU: 0.5376, from_MSE: 0.1958, from_BGP: -0.0034
2025-09-24 17:16:16,787 - INFO - Train Epoch 110 - Loss: 0.5917, Seg Loss: 0.1592, Offset Loss: 0.4325, IoU: 0.8709, MSE: 278.6289, bg_MSE: 1.1372, fg_MSE: 1771.4346, BCE Loss: 0.0286, Dice Loss: 0.1083, FP Penalty Loss: 0.0223, MSE Loss: 0.4175, BG Zero Loss: 0.0150
2025-09-24 17:16:27,689 - INFO - Val Epoch 110 - Loss: 0.4960, Seg Loss: 0.1376, Offset Loss: 0.3585, IoU: 0.8961, MSE: 251.8601, bg_MSE: 4.0708, fg_MSE: 1578.4351, BCE Loss: 0.0256, Dice Loss: 0.0868, FP Penalty Loss: 0.0252, MSE Loss: 0.3552, BG Zero Loss: 0.0032
2025-09-24 17:16:27,690 - INFO - Epoch 110 - Current Learning Rate: 0.000001
2025-09-24 17:16:28,003 - INFO - Checkpoint saved to ./checkpoints/unet_14/latest.pth
2025-09-24 17:16:28,004 - INFO - Score: 0.7329, from_IoU: 0.5377, from_MSE: 0.1985, from_BGP: -0.0033
2025-09-24 17:17:50,102 - INFO - Train Epoch 111 - Loss: 0.5951, Seg Loss: 0.1556, Offset Loss: 0.4394, IoU: 0.8736, MSE: 282.5429, bg_MSE: 1.5760, fg_MSE: 1795.3581, BCE Loss: 0.0274, Dice Loss: 0.1056, FP Penalty Loss: 0.0227, MSE Loss: 0.4225, BG Zero Loss: 0.0170
2025-09-24 17:18:00,876 - INFO - Val Epoch 111 - Loss: 0.5243, Seg Loss: 0.1362, Offset Loss: 0.3881, IoU: 0.8931, MSE: 273.1765, bg_MSE: 5.1596, fg_MSE: 1710.1690, BCE Loss: 0.0268, Dice Loss: 0.0891, FP Penalty Loss: 0.0204, MSE Loss: 0.3805, BG Zero Loss: 0.0076
2025-09-24 17:18:00,877 - INFO - Epoch 111 - Current Learning Rate: 0.000001
2025-09-24 17:18:01,174 - INFO - Checkpoint saved to ./checkpoints/unet_14/latest.pth
2025-09-24 17:18:01,175 - INFO - Score: 0.7132, from_IoU: 0.5359, from_MSE: 0.1815, from_BGP: -0.0041
2025-09-24 17:19:23,820 - INFO - Train Epoch 112 - Loss: 0.6230, Seg Loss: 0.1577, Offset Loss: 0.4653, IoU: 0.8726, MSE: 299.3460, bg_MSE: 1.9654, fg_MSE: 1908.1273, BCE Loss: 0.0286, Dice Loss: 0.1065, FP Penalty Loss: 0.0226, MSE Loss: 0.4487, BG Zero Loss: 0.0166
2025-09-24 17:19:34,737 - INFO - Val Epoch 112 - Loss: 0.5122, Seg Loss: 0.1340, Offset Loss: 0.3781, IoU: 0.8954, MSE: 267.4107, bg_MSE: 4.7406, fg_MSE: 1675.4741, BCE Loss: 0.0252, Dice Loss: 0.0876, FP Penalty Loss: 0.0213, MSE Loss: 0.3710, BG Zero Loss: 0.0072
2025-09-24 17:19:34,738 - INFO - Epoch 112 - Current Learning Rate: 0.000001
2025-09-24 17:19:35,037 - INFO - Checkpoint saved to ./checkpoints/unet_14/latest.pth
2025-09-24 17:19:35,038 - INFO - Score: 0.7195, from_IoU: 0.5373, from_MSE: 0.1861, from_BGP: -0.0038
2025-09-24 17:20:57,668 - INFO - Train Epoch 113 - Loss: 0.6092, Seg Loss: 0.1579, Offset Loss: 0.4513, IoU: 0.8719, MSE: 294.8145, bg_MSE: 1.4557, fg_MSE: 1873.7192, BCE Loss: 0.0286, Dice Loss: 0.1072, FP Penalty Loss: 0.0221, MSE Loss: 0.4347, BG Zero Loss: 0.0166
2025-09-24 17:21:08,508 - INFO - Val Epoch 113 - Loss: 0.5717, Seg Loss: 0.1415, Offset Loss: 0.4303, IoU: 0.8943, MSE: 309.8389, bg_MSE: 10.7333, fg_MSE: 1917.9295, BCE Loss: 0.0304, Dice Loss: 0.0881, FP Penalty Loss: 0.0229, MSE Loss: 0.4227, BG Zero Loss: 0.0075
2025-09-24 17:21:08,509 - INFO - Epoch 113 - Current Learning Rate: 0.000000
2025-09-24 17:21:08,805 - INFO - Checkpoint saved to ./checkpoints/unet_14/latest.pth
2025-09-24 17:21:08,806 - INFO - Score: 0.6801, from_IoU: 0.5366, from_MSE: 0.1521, from_BGP: -0.0086
2025-09-24 17:22:31,210 - INFO - Train Epoch 114 - Loss: 0.6055, Seg Loss: 0.1585, Offset Loss: 0.4470, IoU: 0.8724, MSE: 292.5102, bg_MSE: 0.8923, fg_MSE: 1881.0374, BCE Loss: 0.0283, Dice Loss: 0.1074, FP Penalty Loss: 0.0228, MSE Loss: 0.4320, BG Zero Loss: 0.0150
2025-09-24 17:22:42,013 - INFO - Val Epoch 114 - Loss: 0.5307, Seg Loss: 0.1343, Offset Loss: 0.3963, IoU: 0.8976, MSE: 283.3366, bg_MSE: 5.4076, fg_MSE: 1776.0444, BCE Loss: 0.0251, Dice Loss: 0.0854, FP Penalty Loss: 0.0238, MSE Loss: 0.3909, BG Zero Loss: 0.0055
2025-09-24 17:22:42,014 - INFO - Epoch 114 - Current Learning Rate: 0.000000
2025-09-24 17:22:42,309 - INFO - Checkpoint saved to ./checkpoints/unet_14/latest.pth
2025-09-24 17:22:42,309 - INFO - Score: 0.7076, from_IoU: 0.5386, from_MSE: 0.1733, from_BGP: -0.0043
