2025-09-23 09:25:16,453 - INFO - Experiment name: unet_10
2025-09-23 09:25:16,453 - INFO - Using config: {'data_root': './data', 'resize': [480, 640], 'num_workers': 0, 'rgb_mean': [0.18, 0.246, 0.285], 'rgb_std': [0.207, 0.202, 0.23], 'depth_mean': 2997.516, 'depth_std': 1324.941, 'offset_mean': [-0.068, -0.075], 'offset_std': [17.084, 10.471], 'n_classes': 1, 'bilinear': True, 'dropout': 0.1, 'epochs': 120, 'batch_size': 4, 'lr': '1e-5', 'weight_decay': '1e-5', 'scheduler_factor': 0.5, 'scheduler_patience': 8, 'device': 'cuda:0', 'log_root': './logs', 'checkpoint_root': './checkpoints', 'test_result_dir': './test_results', 'inference': {'input_dir': './inference_input', 'output_dir': './inference_output'}, 'hyperparam_search_space': {'lr': ['1e-4', '5e-4', '1e-3'], 'batch_size': [2, 4], 'dropout': [0.1, 0.2, 0.3], 'weight_decay': ['1e-5', '1e-4']}, 'postprocess_min_area': 500, 'postprocess_kernel_size': 3, 'dbscan_eps': 50, 'dbscan_min_samples': 10, 'inference_batch_size': 4, 'inference_split': 'test'}
2025-09-23 09:25:17,341 - INFO - Using device: cuda:0
2025-09-23 09:27:28,338 - INFO - Experiment name: unet_10
2025-09-23 09:27:28,338 - INFO - Using config: {'data_root': './data', 'resize': [480, 640], 'num_workers': 0, 'rgb_mean': [0.18, 0.246, 0.285], 'rgb_std': [0.207, 0.202, 0.23], 'depth_mean': 2997.516, 'depth_std': 1324.941, 'offset_mean': [-0.068, -0.075], 'offset_std': [17.084, 10.471], 'n_classes': 1, 'bilinear': True, 'dropout': 0.1, 'epochs': 120, 'batch_size': 4, 'lr': '1e-5', 'weight_decay': '1e-5', 'scheduler_factor': 0.5, 'scheduler_patience': 8, 'device': 'cuda:0', 'log_root': './logs', 'checkpoint_root': './checkpoints', 'test_result_dir': './test_results', 'inference': {'input_dir': './inference_input', 'output_dir': './inference_output'}, 'hyperparam_search_space': {'lr': ['1e-4', '5e-4', '1e-3'], 'batch_size': [2, 4], 'dropout': [0.1, 0.2, 0.3], 'weight_decay': ['1e-5', '1e-4']}, 'postprocess_min_area': 500, 'postprocess_kernel_size': 3, 'dbscan_eps': 50, 'dbscan_min_samples': 10, 'inference_batch_size': 4, 'inference_split': 'test'}
2025-09-23 09:27:29,272 - INFO - Using device: cuda:0
2025-09-23 09:27:30,156 - WARNING - Checkpoint ./checkpoints/unet_10/latest.pth not found, starting from scratch
2025-09-23 09:27:30,156 - INFO - Starting training from epoch 0, total epochs: 120
2025-09-23 09:28:47,662 - INFO - Train Epoch 0 - Loss: 2.7773, Seg Loss: 1.4240, Offset Loss: 1.3533, IoU: 0.2103, MAE: 31.0131
2025-09-23 09:28:57,906 - INFO - Val Epoch 0 - Loss: 0.9019, Seg Loss: 0.5755, Offset Loss: 0.3263, IoU: 0.4238, MAE: 5.6320,bg_MAE: 4.2785, fg_MAE: 1.3535,fp_penalty_loss: 0.1969
2025-09-23 09:28:58,110 - INFO - Checkpoint saved to ./checkpoints/unet_10/latest.pth
2025-09-23 09:28:58,313 - INFO - Checkpoint saved to ./checkpoints/unet_10/best.pth
2025-09-23 09:28:58,314 - INFO - New best model! Score: 0.1489, IoU: 0.4238, MAE: 5.6320
2025-09-23 09:30:15,058 - INFO - Train Epoch 1 - Loss: 1.2694, Seg Loss: 0.6405, Offset Loss: 0.6289, IoU: 0.3473, MAE: 13.0351
2025-09-23 09:30:25,152 - INFO - Val Epoch 1 - Loss: 0.5774, Seg Loss: 0.3497, Offset Loss: 0.2277, IoU: 0.5250, MAE: 2.9320,bg_MAE: 2.0062, fg_MAE: 0.9258,fp_penalty_loss: 0.1069
2025-09-23 09:30:25,427 - INFO - Checkpoint saved to ./checkpoints/unet_10/latest.pth
2025-09-23 09:30:25,701 - INFO - Checkpoint saved to ./checkpoints/unet_10/best.pth
2025-09-23 09:30:25,701 - INFO - New best model! Score: 0.4924, IoU: 0.5250, MAE: 2.9320
2025-09-23 09:31:42,042 - INFO - Train Epoch 2 - Loss: 0.7645, Seg Loss: 0.3652, Offset Loss: 0.3992, IoU: 0.4294, MAE: 7.9886
2025-09-23 09:31:52,083 - INFO - Val Epoch 2 - Loss: 0.4301, Seg Loss: 0.2391, Offset Loss: 0.1910, IoU: 0.5840, MAE: 1.8686,bg_MAE: 1.2875, fg_MAE: 0.5811,fp_penalty_loss: 0.0629
2025-09-23 09:31:52,351 - INFO - Checkpoint saved to ./checkpoints/unet_10/latest.pth
2025-09-23 09:31:52,602 - INFO - Checkpoint saved to ./checkpoints/unet_10/best.pth
2025-09-23 09:31:52,603 - INFO - New best model! Score: 0.6190, IoU: 0.5840, MAE: 1.8686
2025-09-23 09:33:08,970 - INFO - Train Epoch 3 - Loss: 0.5890, Seg Loss: 0.2619, Offset Loss: 0.3271, IoU: 0.4974, MAE: 5.6422
2025-09-23 09:33:19,199 - INFO - Val Epoch 3 - Loss: 0.3641, Seg Loss: 0.1931, Offset Loss: 0.1710, IoU: 0.6270, MAE: 1.3298,bg_MAE: 0.8556, fg_MAE: 0.4741,fp_penalty_loss: 0.0452
2025-09-23 09:33:19,478 - INFO - Checkpoint saved to ./checkpoints/unet_10/latest.pth
2025-09-23 09:33:19,750 - INFO - Checkpoint saved to ./checkpoints/unet_10/best.pth
2025-09-23 09:33:19,750 - INFO - New best model! Score: 0.6967, IoU: 0.6270, MAE: 1.3298
2025-09-23 09:34:35,990 - INFO - Train Epoch 4 - Loss: 0.4909, Seg Loss: 0.2102, Offset Loss: 0.2808, IoU: 0.5838, MAE: 3.8061
2025-09-23 09:34:46,006 - INFO - Val Epoch 4 - Loss: 0.3183, Seg Loss: 0.1533, Offset Loss: 0.1649, IoU: 0.6168, MAE: 1.1372,bg_MAE: 0.7293, fg_MAE: 0.4080,fp_penalty_loss: 0.0275
2025-09-23 09:34:46,283 - INFO - Checkpoint saved to ./checkpoints/unet_10/latest.pth
2025-09-23 09:34:46,554 - INFO - Checkpoint saved to ./checkpoints/unet_10/best.pth
2025-09-23 09:34:46,555 - INFO - New best model! Score: 0.7088, IoU: 0.6168, MAE: 1.1372
2025-09-23 09:36:02,727 - INFO - Train Epoch 5 - Loss: 0.4372, Seg Loss: 0.1856, Offset Loss: 0.2516, IoU: 0.5961, MAE: 3.4854
2025-09-23 09:36:12,693 - INFO - Val Epoch 5 - Loss: 0.2802, Seg Loss: 0.1182, Offset Loss: 0.1620, IoU: 0.6632, MAE: 1.0164,bg_MAE: 0.6491, fg_MAE: 0.3673,fp_penalty_loss: 0.0173
2025-09-23 09:36:12,971 - INFO - Checkpoint saved to ./checkpoints/unet_10/latest.pth
2025-09-23 09:36:13,241 - INFO - Checkpoint saved to ./checkpoints/unet_10/best.pth
2025-09-23 09:36:13,241 - INFO - New best model! Score: 0.7428, IoU: 0.6632, MAE: 1.0164
2025-09-23 09:37:29,381 - INFO - Train Epoch 6 - Loss: 0.4053, Seg Loss: 0.1684, Offset Loss: 0.2369, IoU: 0.6154, MAE: 2.7336
2025-09-23 09:37:39,511 - INFO - Val Epoch 6 - Loss: 0.2690, Seg Loss: 0.1146, Offset Loss: 0.1544, IoU: 0.6489, MAE: 0.8589,bg_MAE: 0.5092, fg_MAE: 0.3497,fp_penalty_loss: 0.0133
2025-09-23 09:37:39,794 - INFO - Checkpoint saved to ./checkpoints/unet_10/latest.pth
2025-09-23 09:37:40,073 - INFO - Checkpoint saved to ./checkpoints/unet_10/best.pth
2025-09-23 09:37:40,073 - INFO - New best model! Score: 0.7535, IoU: 0.6489, MAE: 0.8589
2025-09-23 09:38:56,354 - INFO - Train Epoch 7 - Loss: 0.3707, Seg Loss: 0.1552, Offset Loss: 0.2155, IoU: 0.6588, MAE: 2.3731
2025-09-23 09:39:06,396 - INFO - Val Epoch 7 - Loss: 0.2598, Seg Loss: 0.1068, Offset Loss: 0.1530, IoU: 0.6961, MAE: 0.7877,bg_MAE: 0.4345, fg_MAE: 0.3532,fp_penalty_loss: 0.0169
2025-09-23 09:39:06,680 - INFO - Checkpoint saved to ./checkpoints/unet_10/latest.pth
2025-09-23 09:39:06,951 - INFO - Checkpoint saved to ./checkpoints/unet_10/best.pth
2025-09-23 09:39:06,951 - INFO - New best model! Score: 0.7864, IoU: 0.6961, MAE: 0.7877
2025-09-23 09:40:23,255 - INFO - Train Epoch 8 - Loss: 0.3472, Seg Loss: 0.1422, Offset Loss: 0.2050, IoU: 0.6614, MAE: 2.0728
2025-09-23 09:40:33,566 - INFO - Val Epoch 8 - Loss: 0.2486, Seg Loss: 0.0979, Offset Loss: 0.1507, IoU: 0.7109, MAE: 0.7358,bg_MAE: 0.3970, fg_MAE: 0.3388,fp_penalty_loss: 0.0158
2025-09-23 09:40:33,860 - INFO - Checkpoint saved to ./checkpoints/unet_10/latest.pth
2025-09-23 09:40:34,143 - INFO - Checkpoint saved to ./checkpoints/unet_10/best.pth
2025-09-23 09:40:34,144 - INFO - New best model! Score: 0.7988, IoU: 0.7109, MAE: 0.7358
2025-09-23 09:41:50,683 - INFO - Train Epoch 9 - Loss: 0.3282, Seg Loss: 0.1329, Offset Loss: 0.1953, IoU: 0.6679, MAE: 1.9495
2025-09-23 09:42:00,959 - INFO - Val Epoch 9 - Loss: 0.2401, Seg Loss: 0.0962, Offset Loss: 0.1439, IoU: 0.7531, MAE: 0.5803,bg_MAE: 0.2404, fg_MAE: 0.3399,fp_penalty_loss: 0.0211
2025-09-23 09:42:01,249 - INFO - Checkpoint saved to ./checkpoints/unet_10/latest.pth
2025-09-23 09:42:01,528 - INFO - Checkpoint saved to ./checkpoints/unet_10/best.pth
2025-09-23 09:42:01,528 - INFO - New best model! Score: 0.8394, IoU: 0.7531, MAE: 0.5803
2025-09-23 09:43:17,913 - INFO - Train Epoch 10 - Loss: 0.3078, Seg Loss: 0.1215, Offset Loss: 0.1863, IoU: 0.7128, MAE: 1.5497
2025-09-23 09:43:28,170 - INFO - Val Epoch 10 - Loss: 0.2313, Seg Loss: 0.0853, Offset Loss: 0.1460, IoU: 0.7370, MAE: 0.6271,bg_MAE: 0.2906, fg_MAE: 0.3365,fp_penalty_loss: 0.0137
2025-09-23 09:43:28,461 - INFO - Checkpoint saved to ./checkpoints/unet_10/latest.pth
2025-09-23 09:44:45,004 - INFO - Train Epoch 11 - Loss: 0.3034, Seg Loss: 0.1174, Offset Loss: 0.1860, IoU: 0.7376, MAE: 1.6023
2025-09-23 09:44:55,171 - INFO - Val Epoch 11 - Loss: 0.2331, Seg Loss: 0.0932, Offset Loss: 0.1399, IoU: 0.7663, MAE: 0.5013,bg_MAE: 0.1732, fg_MAE: 0.3281,fp_penalty_loss: 0.0226
2025-09-23 09:44:55,477 - INFO - Checkpoint saved to ./checkpoints/unet_10/latest.pth
2025-09-23 09:44:55,747 - INFO - Checkpoint saved to ./checkpoints/unet_10/best.pth
2025-09-23 09:44:55,748 - INFO - New best model! Score: 0.8547, IoU: 0.7663, MAE: 0.5013
2025-09-23 09:46:12,297 - INFO - Train Epoch 12 - Loss: 0.2911, Seg Loss: 0.1119, Offset Loss: 0.1791, IoU: 0.7211, MAE: 1.4962
2025-09-23 09:46:22,543 - INFO - Val Epoch 12 - Loss: 0.2213, Seg Loss: 0.0821, Offset Loss: 0.1392, IoU: 0.7755, MAE: 0.4790,bg_MAE: 0.1476, fg_MAE: 0.3315,fp_penalty_loss: 0.0180
2025-09-23 09:46:22,833 - INFO - Checkpoint saved to ./checkpoints/unet_10/latest.pth
2025-09-23 09:46:23,110 - INFO - Checkpoint saved to ./checkpoints/unet_10/best.pth
2025-09-23 09:46:23,111 - INFO - New best model! Score: 0.8624, IoU: 0.7755, MAE: 0.4790
2025-09-23 09:47:39,777 - INFO - Train Epoch 13 - Loss: 0.2751, Seg Loss: 0.1014, Offset Loss: 0.1737, IoU: 0.7316, MAE: 1.4205
2025-09-23 09:47:50,005 - INFO - Val Epoch 13 - Loss: 0.2228, Seg Loss: 0.0809, Offset Loss: 0.1419, IoU: 0.8098, MAE: 0.5555,bg_MAE: 0.2247, fg_MAE: 0.3308,fp_penalty_loss: 0.0238
2025-09-23 09:47:50,302 - INFO - Checkpoint saved to ./checkpoints/unet_10/latest.pth
2025-09-23 09:47:50,591 - INFO - Checkpoint saved to ./checkpoints/unet_10/best.pth
2025-09-23 09:47:50,591 - INFO - New best model! Score: 0.8699, IoU: 0.8098, MAE: 0.5555
2025-09-23 09:49:07,167 - INFO - Train Epoch 14 - Loss: 0.2681, Seg Loss: 0.0990, Offset Loss: 0.1691, IoU: 0.7389, MAE: 1.3440
2025-09-23 09:49:17,276 - INFO - Val Epoch 14 - Loss: 0.2142, Seg Loss: 0.0751, Offset Loss: 0.1390, IoU: 0.7827, MAE: 0.4905,bg_MAE: 0.1625, fg_MAE: 0.3280,fp_penalty_loss: 0.0159
2025-09-23 09:49:17,579 - INFO - Checkpoint saved to ./checkpoints/unet_10/latest.pth
2025-09-23 09:50:34,020 - INFO - Train Epoch 15 - Loss: 0.2598, Seg Loss: 0.0931, Offset Loss: 0.1666, IoU: 0.7574, MAE: 1.2216
2025-09-23 09:50:44,164 - INFO - Val Epoch 15 - Loss: 0.2217, Seg Loss: 0.0665, Offset Loss: 0.1552, IoU: 0.7989, MAE: 0.8536,bg_MAE: 0.5152, fg_MAE: 0.3383,fp_penalty_loss: 0.0131
2025-09-23 09:50:44,453 - INFO - Checkpoint saved to ./checkpoints/unet_10/latest.pth
2025-09-23 09:52:00,864 - INFO - Train Epoch 16 - Loss: 0.2539, Seg Loss: 0.0916, Offset Loss: 0.1624, IoU: 0.7745, MAE: 1.0840
2025-09-23 09:52:10,962 - INFO - Val Epoch 16 - Loss: 0.2012, Seg Loss: 0.0650, Offset Loss: 0.1363, IoU: 0.7937, MAE: 0.4753,bg_MAE: 0.1247, fg_MAE: 0.3506,fp_penalty_loss: 0.0109
2025-09-23 09:52:11,254 - INFO - Checkpoint saved to ./checkpoints/unet_10/latest.pth
2025-09-23 09:52:11,529 - INFO - Checkpoint saved to ./checkpoints/unet_10/best.pth
2025-09-23 09:52:11,529 - INFO - New best model! Score: 0.8740, IoU: 0.7937, MAE: 0.4753
2025-09-23 09:53:27,984 - INFO - Train Epoch 17 - Loss: 0.2462, Seg Loss: 0.0862, Offset Loss: 0.1600, IoU: 0.7839, MAE: 1.2008
2025-09-23 09:53:38,093 - INFO - Val Epoch 17 - Loss: 0.2046, Seg Loss: 0.0623, Offset Loss: 0.1423, IoU: 0.8217, MAE: 0.6330,bg_MAE: 0.2702, fg_MAE: 0.3628,fp_penalty_loss: 0.0143
2025-09-23 09:53:38,381 - INFO - Checkpoint saved to ./checkpoints/unet_10/latest.pth
2025-09-23 09:54:54,649 - INFO - Train Epoch 18 - Loss: 0.2416, Seg Loss: 0.0814, Offset Loss: 0.1602, IoU: 0.8015, MAE: 1.1700
2025-09-23 09:55:04,679 - INFO - Val Epoch 18 - Loss: 0.1945, Seg Loss: 0.0580, Offset Loss: 0.1365, IoU: 0.8403, MAE: 0.5793,bg_MAE: 0.1782, fg_MAE: 0.4012,fp_penalty_loss: 0.0150
2025-09-23 09:55:04,955 - INFO - Checkpoint saved to ./checkpoints/unet_10/latest.pth
2025-09-23 09:55:05,228 - INFO - Checkpoint saved to ./checkpoints/unet_10/best.pth
2025-09-23 09:55:05,228 - INFO - New best model! Score: 0.8895, IoU: 0.8403, MAE: 0.5793
2025-09-23 09:56:21,332 - INFO - Train Epoch 19 - Loss: 0.2342, Seg Loss: 0.0789, Offset Loss: 0.1553, IoU: 0.7993, MAE: 1.0201
2025-09-23 09:56:31,460 - INFO - Val Epoch 19 - Loss: 0.1945, Seg Loss: 0.0593, Offset Loss: 0.1353, IoU: 0.8433, MAE: 0.5580,bg_MAE: 0.1577, fg_MAE: 0.4003,fp_penalty_loss: 0.0157
2025-09-23 09:56:31,751 - INFO - Checkpoint saved to ./checkpoints/unet_10/latest.pth
2025-09-23 09:56:32,032 - INFO - Checkpoint saved to ./checkpoints/unet_10/best.pth
2025-09-23 09:56:32,033 - INFO - New best model! Score: 0.8936, IoU: 0.8433, MAE: 0.5580
2025-09-23 09:57:48,344 - INFO - Train Epoch 20 - Loss: 0.2266, Seg Loss: 0.0746, Offset Loss: 0.1520, IoU: 0.7866, MAE: 1.0704
2025-09-23 09:57:58,473 - INFO - Val Epoch 20 - Loss: 0.1929, Seg Loss: 0.0563, Offset Loss: 0.1366, IoU: 0.8280, MAE: 0.6312,bg_MAE: 0.2096, fg_MAE: 0.4216,fp_penalty_loss: 0.0125
2025-09-23 09:57:58,767 - INFO - Checkpoint saved to ./checkpoints/unet_10/latest.pth
2025-09-23 09:59:15,185 - INFO - Train Epoch 21 - Loss: 0.2245, Seg Loss: 0.0734, Offset Loss: 0.1511, IoU: 0.8039, MAE: 1.0037
2025-09-23 09:59:25,310 - INFO - Val Epoch 21 - Loss: 0.1916, Seg Loss: 0.0601, Offset Loss: 0.1316, IoU: 0.8555, MAE: 0.6362,bg_MAE: 0.1527, fg_MAE: 0.4836,fp_penalty_loss: 0.0177
2025-09-23 09:59:25,604 - INFO - Checkpoint saved to ./checkpoints/unet_10/latest.pth
2025-09-23 09:59:25,892 - INFO - Checkpoint saved to ./checkpoints/unet_10/best.pth
2025-09-23 09:59:25,892 - INFO - New best model! Score: 0.8986, IoU: 0.8555, MAE: 0.6362
2025-09-23 10:00:42,227 - INFO - Train Epoch 22 - Loss: 0.2194, Seg Loss: 0.0710, Offset Loss: 0.1484, IoU: 0.8095, MAE: 1.0697
2025-09-23 10:00:52,368 - INFO - Val Epoch 22 - Loss: 0.1874, Seg Loss: 0.0565, Offset Loss: 0.1309, IoU: 0.8561, MAE: 0.6642,bg_MAE: 0.1494, fg_MAE: 0.5148,fp_penalty_loss: 0.0156
2025-09-23 10:00:52,660 - INFO - Checkpoint saved to ./checkpoints/unet_10/latest.pth
2025-09-23 10:00:52,945 - INFO - Checkpoint saved to ./checkpoints/unet_10/best.pth
2025-09-23 10:00:52,946 - INFO - New best model! Score: 0.8987, IoU: 0.8561, MAE: 0.6642
2025-09-23 10:02:09,486 - INFO - Train Epoch 23 - Loss: 0.2115, Seg Loss: 0.0659, Offset Loss: 0.1456, IoU: 0.8446, MAE: 1.0368
2025-09-23 10:02:19,649 - INFO - Val Epoch 23 - Loss: 0.1893, Seg Loss: 0.0523, Offset Loss: 0.1370, IoU: 0.8565, MAE: 0.6938,bg_MAE: 0.2438, fg_MAE: 0.4501,fp_penalty_loss: 0.0137
2025-09-23 10:02:19,952 - INFO - Checkpoint saved to ./checkpoints/unet_10/latest.pth
2025-09-23 10:03:36,735 - INFO - Train Epoch 24 - Loss: 0.2114, Seg Loss: 0.0657, Offset Loss: 0.1456, IoU: 0.8284, MAE: 1.1606
2025-09-23 10:03:46,890 - INFO - Val Epoch 24 - Loss: 0.1772, Seg Loss: 0.0501, Offset Loss: 0.1271, IoU: 0.8584, MAE: 0.6697,bg_MAE: 0.1232, fg_MAE: 0.5466,fp_penalty_loss: 0.0121
2025-09-23 10:03:47,181 - INFO - Checkpoint saved to ./checkpoints/unet_10/latest.pth
2025-09-23 10:03:47,469 - INFO - Checkpoint saved to ./checkpoints/unet_10/best.pth
2025-09-23 10:03:47,469 - INFO - New best model! Score: 0.9024, IoU: 0.8584, MAE: 0.6697
2025-09-23 10:05:03,778 - INFO - Train Epoch 25 - Loss: 0.2054, Seg Loss: 0.0644, Offset Loss: 0.1409, IoU: 0.8352, MAE: 1.0563
2025-09-23 10:05:13,779 - INFO - Val Epoch 25 - Loss: 0.1832, Seg Loss: 0.0567, Offset Loss: 0.1266, IoU: 0.8646, MAE: 0.9603,bg_MAE: 0.2165, fg_MAE: 0.7438,fp_penalty_loss: 0.0175
2025-09-23 10:05:14,069 - INFO - Checkpoint saved to ./checkpoints/unet_10/latest.pth
2025-09-23 10:06:30,071 - INFO - Train Epoch 26 - Loss: 0.2027, Seg Loss: 0.0608, Offset Loss: 0.1420, IoU: 0.8399, MAE: 1.2283
2025-09-23 10:06:40,040 - INFO - Val Epoch 26 - Loss: 0.1684, Seg Loss: 0.0484, Offset Loss: 0.1200, IoU: 0.8833, MAE: 0.9706,bg_MAE: 0.1292, fg_MAE: 0.8415,fp_penalty_loss: 0.0151
2025-09-23 10:06:40,328 - INFO - Checkpoint saved to ./checkpoints/unet_10/latest.pth
2025-09-23 10:06:40,618 - INFO - Checkpoint saved to ./checkpoints/unet_10/best.pth
2025-09-23 10:06:40,619 - INFO - New best model! Score: 0.9080, IoU: 0.8833, MAE: 0.9706
2025-09-23 10:07:57,030 - INFO - Train Epoch 27 - Loss: 0.1968, Seg Loss: 0.0596, Offset Loss: 0.1371, IoU: 0.8485, MAE: 1.2912
2025-09-23 10:08:07,117 - INFO - Val Epoch 27 - Loss: 0.1695, Seg Loss: 0.0521, Offset Loss: 0.1174, IoU: 0.8880, MAE: 1.0420,bg_MAE: 0.1247, fg_MAE: 0.9173,fp_penalty_loss: 0.0189
2025-09-23 10:08:07,413 - INFO - Checkpoint saved to ./checkpoints/unet_10/latest.pth
2025-09-23 10:08:07,707 - INFO - Checkpoint saved to ./checkpoints/unet_10/best.pth
2025-09-23 10:08:07,707 - INFO - New best model! Score: 0.9093, IoU: 0.8880, MAE: 1.0420
2025-09-23 10:09:23,969 - INFO - Train Epoch 28 - Loss: 0.1936, Seg Loss: 0.0575, Offset Loss: 0.1361, IoU: 0.8515, MAE: 1.3541
2025-09-23 10:09:34,240 - INFO - Val Epoch 28 - Loss: 0.1617, Seg Loss: 0.0436, Offset Loss: 0.1182, IoU: 0.8829, MAE: 0.9468,bg_MAE: 0.1209, fg_MAE: 0.8259,fp_penalty_loss: 0.0119
2025-09-23 10:09:34,553 - INFO - Checkpoint saved to ./checkpoints/unet_10/latest.pth
2025-09-23 10:10:51,165 - INFO - Train Epoch 29 - Loss: 0.1877, Seg Loss: 0.0561, Offset Loss: 0.1316, IoU: 0.8482, MAE: 1.3916
2025-09-23 10:11:01,421 - INFO - Val Epoch 29 - Loss: 0.1603, Seg Loss: 0.0456, Offset Loss: 0.1147, IoU: 0.9007, MAE: 1.3086,bg_MAE: 0.1471, fg_MAE: 1.1615,fp_penalty_loss: 0.0168
2025-09-23 10:11:01,709 - INFO - Checkpoint saved to ./checkpoints/unet_10/latest.pth
2025-09-23 10:12:18,099 - INFO - Train Epoch 30 - Loss: 0.1852, Seg Loss: 0.0533, Offset Loss: 0.1319, IoU: 0.8557, MAE: 1.3571
2025-09-23 10:12:28,125 - INFO - Val Epoch 30 - Loss: 0.1593, Seg Loss: 0.0440, Offset Loss: 0.1153, IoU: 0.8926, MAE: 1.0459,bg_MAE: 0.1236, fg_MAE: 0.9223,fp_penalty_loss: 0.0142
2025-09-23 10:12:28,412 - INFO - Checkpoint saved to ./checkpoints/unet_10/latest.pth
2025-09-23 10:12:28,699 - INFO - Checkpoint saved to ./checkpoints/unet_10/best.pth
2025-09-23 10:12:28,700 - INFO - New best model! Score: 0.9116, IoU: 0.8926, MAE: 1.0459
2025-09-23 10:13:44,795 - INFO - Train Epoch 31 - Loss: 0.1810, Seg Loss: 0.0523, Offset Loss: 0.1287, IoU: 0.8634, MAE: 1.3820
2025-09-23 10:13:54,718 - INFO - Val Epoch 31 - Loss: 0.1585, Seg Loss: 0.0426, Offset Loss: 0.1160, IoU: 0.8888, MAE: 1.3013,bg_MAE: 0.1887, fg_MAE: 1.1125,fp_penalty_loss: 0.0125
2025-09-23 10:13:55,005 - INFO - Checkpoint saved to ./checkpoints/unet_10/latest.pth
2025-09-23 10:15:11,149 - INFO - Train Epoch 32 - Loss: 0.1776, Seg Loss: 0.0507, Offset Loss: 0.1269, IoU: 0.8713, MAE: 1.4140
2025-09-23 10:15:21,209 - INFO - Val Epoch 32 - Loss: 0.1556, Seg Loss: 0.0431, Offset Loss: 0.1124, IoU: 0.9023, MAE: 1.1173,bg_MAE: 0.1093, fg_MAE: 1.0081,fp_penalty_loss: 0.0153
2025-09-23 10:15:21,489 - INFO - Checkpoint saved to ./checkpoints/unet_10/latest.pth
2025-09-23 10:15:21,776 - INFO - Checkpoint saved to ./checkpoints/unet_10/best.pth
2025-09-23 10:15:21,777 - INFO - New best model! Score: 0.9165, IoU: 0.9023, MAE: 1.1173
2025-09-23 10:16:38,003 - INFO - Train Epoch 33 - Loss: 0.1747, Seg Loss: 0.0489, Offset Loss: 0.1259, IoU: 0.8710, MAE: 1.4276
2025-09-23 10:16:48,057 - INFO - Val Epoch 33 - Loss: 0.1534, Seg Loss: 0.0428, Offset Loss: 0.1106, IoU: 0.8977, MAE: 1.3336,bg_MAE: 0.1194, fg_MAE: 1.2141,fp_penalty_loss: 0.0139
2025-09-23 10:16:48,344 - INFO - Checkpoint saved to ./checkpoints/unet_10/latest.pth
2025-09-23 10:18:05,077 - INFO - Train Epoch 34 - Loss: 0.1711, Seg Loss: 0.0470, Offset Loss: 0.1241, IoU: 0.9032, MAE: 1.5211
2025-09-23 10:18:15,087 - INFO - Val Epoch 34 - Loss: 0.1663, Seg Loss: 0.0526, Offset Loss: 0.1137, IoU: 0.9043, MAE: 1.3208,bg_MAE: 0.2046, fg_MAE: 1.1162,fp_penalty_loss: 0.0224
2025-09-23 10:18:15,378 - INFO - Checkpoint saved to ./checkpoints/unet_10/latest.pth
2025-09-23 10:19:31,807 - INFO - Train Epoch 35 - Loss: 0.1705, Seg Loss: 0.0471, Offset Loss: 0.1234, IoU: 0.8918, MAE: 1.6166
2025-09-23 10:19:42,107 - INFO - Val Epoch 35 - Loss: 0.1466, Seg Loss: 0.0376, Offset Loss: 0.1091, IoU: 0.9066, MAE: 1.2963,bg_MAE: 0.1148, fg_MAE: 1.1815,fp_penalty_loss: 0.0119
2025-09-23 10:19:42,395 - INFO - Checkpoint saved to ./checkpoints/unet_10/latest.pth
2025-09-23 10:20:58,726 - INFO - Train Epoch 36 - Loss: 0.1653, Seg Loss: 0.0433, Offset Loss: 0.1220, IoU: 0.8841, MAE: 1.4803
2025-09-23 10:21:08,738 - INFO - Val Epoch 36 - Loss: 0.1424, Seg Loss: 0.0358, Offset Loss: 0.1066, IoU: 0.9124, MAE: 1.3108,bg_MAE: 0.0949, fg_MAE: 1.2159,fp_penalty_loss: 0.0116
2025-09-23 10:21:09,028 - INFO - Checkpoint saved to ./checkpoints/unet_10/latest.pth
2025-09-23 10:21:09,314 - INFO - Checkpoint saved to ./checkpoints/unet_10/best.pth
2025-09-23 10:21:09,315 - INFO - New best model! Score: 0.9190, IoU: 0.9124, MAE: 1.3108
2025-09-23 10:22:25,570 - INFO - Train Epoch 37 - Loss: 0.1643, Seg Loss: 0.0430, Offset Loss: 0.1213, IoU: 0.8854, MAE: 1.5074
2025-09-23 10:22:35,590 - INFO - Val Epoch 37 - Loss: 0.1470, Seg Loss: 0.0396, Offset Loss: 0.1073, IoU: 0.9151, MAE: 1.3816,bg_MAE: 0.1143, fg_MAE: 1.2673,fp_penalty_loss: 0.0155
2025-09-23 10:22:35,878 - INFO - Checkpoint saved to ./checkpoints/unet_10/latest.pth
2025-09-23 10:23:52,340 - INFO - Train Epoch 38 - Loss: 0.1612, Seg Loss: 0.0412, Offset Loss: 0.1200, IoU: 0.8819, MAE: 1.5480
2025-09-23 10:24:02,460 - INFO - Val Epoch 38 - Loss: 0.1431, Seg Loss: 0.0354, Offset Loss: 0.1077, IoU: 0.9174, MAE: 1.5143,bg_MAE: 0.1622, fg_MAE: 1.3522,fp_penalty_loss: 0.0125
2025-09-23 10:24:02,748 - INFO - Checkpoint saved to ./checkpoints/unet_10/latest.pth
2025-09-23 10:25:18,907 - INFO - Train Epoch 39 - Loss: 0.1609, Seg Loss: 0.0413, Offset Loss: 0.1196, IoU: 0.9000, MAE: 1.6250
2025-09-23 10:25:28,925 - INFO - Val Epoch 39 - Loss: 0.1444, Seg Loss: 0.0386, Offset Loss: 0.1058, IoU: 0.9139, MAE: 1.5597,bg_MAE: 0.1471, fg_MAE: 1.4126,fp_penalty_loss: 0.0145
2025-09-23 10:25:29,214 - INFO - Checkpoint saved to ./checkpoints/unet_10/latest.pth
2025-09-23 10:26:45,689 - INFO - Train Epoch 40 - Loss: 0.1583, Seg Loss: 0.0399, Offset Loss: 0.1184, IoU: 0.8966, MAE: 1.7703
2025-09-23 10:26:55,745 - INFO - Val Epoch 40 - Loss: 0.1396, Seg Loss: 0.0361, Offset Loss: 0.1035, IoU: 0.9205, MAE: 1.5201,bg_MAE: 0.1334, fg_MAE: 1.3867,fp_penalty_loss: 0.0136
2025-09-23 10:26:56,035 - INFO - Checkpoint saved to ./checkpoints/unet_10/latest.pth
2025-09-23 10:28:12,106 - INFO - Train Epoch 41 - Loss: 0.1541, Seg Loss: 0.0387, Offset Loss: 0.1153, IoU: 0.9087, MAE: 1.8401
2025-09-23 10:28:22,161 - INFO - Val Epoch 41 - Loss: 0.1368, Seg Loss: 0.0363, Offset Loss: 0.1004, IoU: 0.9182, MAE: 1.6239,bg_MAE: 0.1053, fg_MAE: 1.5186,fp_penalty_loss: 0.0134
2025-09-23 10:28:22,449 - INFO - Checkpoint saved to ./checkpoints/unet_10/latest.pth
2025-09-23 10:29:38,737 - INFO - Train Epoch 42 - Loss: 0.1494, Seg Loss: 0.0375, Offset Loss: 0.1119, IoU: 0.9028, MAE: 1.7613
2025-09-23 10:29:48,770 - INFO - Val Epoch 42 - Loss: 0.1372, Seg Loss: 0.0403, Offset Loss: 0.0969, IoU: 0.9178, MAE: 1.9165,bg_MAE: 0.1410, fg_MAE: 1.7754,fp_penalty_loss: 0.0165
2025-09-23 10:29:49,059 - INFO - Checkpoint saved to ./checkpoints/unet_10/latest.pth
2025-09-23 10:31:05,607 - INFO - Train Epoch 43 - Loss: 0.1465, Seg Loss: 0.0363, Offset Loss: 0.1102, IoU: 0.9031, MAE: 2.0626
2025-09-23 10:31:15,911 - INFO - Val Epoch 43 - Loss: 0.1276, Seg Loss: 0.0349, Offset Loss: 0.0927, IoU: 0.9216, MAE: 2.2588,bg_MAE: 0.1676, fg_MAE: 2.0912,fp_penalty_loss: 0.0128
2025-09-23 10:31:16,197 - INFO - Checkpoint saved to ./checkpoints/unet_10/latest.pth
2025-09-23 10:32:32,501 - INFO - Train Epoch 44 - Loss: 0.1466, Seg Loss: 0.0384, Offset Loss: 0.1082, IoU: 0.8960, MAE: 2.2859
2025-09-23 10:32:42,727 - INFO - Val Epoch 44 - Loss: 0.1237, Seg Loss: 0.0348, Offset Loss: 0.0889, IoU: 0.9101, MAE: 2.4803,bg_MAE: 0.1646, fg_MAE: 2.3157,fp_penalty_loss: 0.0094
2025-09-23 10:32:43,015 - INFO - Checkpoint saved to ./checkpoints/unet_10/latest.pth
2025-09-23 10:33:59,416 - INFO - Train Epoch 45 - Loss: 0.1418, Seg Loss: 0.0363, Offset Loss: 0.1055, IoU: 0.9030, MAE: 2.4921
2025-09-23 10:34:09,482 - INFO - Val Epoch 45 - Loss: 0.1271, Seg Loss: 0.0386, Offset Loss: 0.0885, IoU: 0.9187, MAE: 2.5690,bg_MAE: 0.2091, fg_MAE: 2.3599,fp_penalty_loss: 0.0153
2025-09-23 10:34:09,776 - INFO - Checkpoint saved to ./checkpoints/unet_10/latest.pth
2025-09-23 10:35:26,070 - INFO - Train Epoch 46 - Loss: 0.1349, Seg Loss: 0.0337, Offset Loss: 0.1013, IoU: 0.9116, MAE: 2.6888
2025-09-23 10:35:36,262 - INFO - Val Epoch 46 - Loss: 0.1135, Seg Loss: 0.0331, Offset Loss: 0.0804, IoU: 0.9214, MAE: 2.7356,bg_MAE: 0.1498, fg_MAE: 2.5858,fp_penalty_loss: 0.0118
2025-09-23 10:35:36,575 - INFO - Checkpoint saved to ./checkpoints/unet_10/latest.pth
2025-09-23 10:36:53,245 - INFO - Train Epoch 47 - Loss: 0.1322, Seg Loss: 0.0337, Offset Loss: 0.0985, IoU: 0.9138, MAE: 3.1640
2025-09-23 10:37:03,369 - INFO - Val Epoch 47 - Loss: 0.1127, Seg Loss: 0.0337, Offset Loss: 0.0789, IoU: 0.9251, MAE: 2.9884,bg_MAE: 0.1912, fg_MAE: 2.7972,fp_penalty_loss: 0.0129
2025-09-23 10:37:03,670 - INFO - Checkpoint saved to ./checkpoints/unet_10/latest.pth
2025-09-23 10:38:19,858 - INFO - Train Epoch 48 - Loss: 0.1288, Seg Loss: 0.0339, Offset Loss: 0.0949, IoU: 0.9102, MAE: 3.0438
2025-09-23 10:38:29,881 - INFO - Val Epoch 48 - Loss: 0.1088, Seg Loss: 0.0318, Offset Loss: 0.0770, IoU: 0.9252, MAE: 3.0561,bg_MAE: 0.1870, fg_MAE: 2.8691,fp_penalty_loss: 0.0113
2025-09-23 10:38:30,183 - INFO - Checkpoint saved to ./checkpoints/unet_10/latest.pth
2025-09-23 10:39:46,302 - INFO - Train Epoch 49 - Loss: 0.1264, Seg Loss: 0.0330, Offset Loss: 0.0934, IoU: 0.9158, MAE: 3.0077
2025-09-23 10:39:56,485 - INFO - Val Epoch 49 - Loss: 0.1059, Seg Loss: 0.0323, Offset Loss: 0.0736, IoU: 0.9231, MAE: 3.0269,bg_MAE: 0.1460, fg_MAE: 2.8809,fp_penalty_loss: 0.0112
2025-09-23 10:39:56,782 - INFO - Checkpoint saved to ./checkpoints/unet_10/latest.pth
2025-09-23 10:41:13,081 - INFO - Train Epoch 50 - Loss: 0.1239, Seg Loss: 0.0324, Offset Loss: 0.0915, IoU: 0.8906, MAE: 3.0385
2025-09-23 10:41:23,279 - INFO - Val Epoch 50 - Loss: 0.1093, Seg Loss: 0.0339, Offset Loss: 0.0754, IoU: 0.9286, MAE: 3.1346,bg_MAE: 0.2479, fg_MAE: 2.8866,fp_penalty_loss: 0.0139
2025-09-23 10:41:23,578 - INFO - Checkpoint saved to ./checkpoints/unet_10/latest.pth
2025-09-23 10:42:39,830 - INFO - Train Epoch 51 - Loss: 0.1193, Seg Loss: 0.0302, Offset Loss: 0.0891, IoU: 0.9109, MAE: 3.1413
2025-09-23 10:42:49,962 - INFO - Val Epoch 51 - Loss: 0.1048, Seg Loss: 0.0322, Offset Loss: 0.0726, IoU: 0.9271, MAE: 3.0452,bg_MAE: 0.1741, fg_MAE: 2.8711,fp_penalty_loss: 0.0121
2025-09-23 10:42:50,260 - INFO - Checkpoint saved to ./checkpoints/unet_10/latest.pth
2025-09-23 10:44:06,712 - INFO - Train Epoch 52 - Loss: 0.1188, Seg Loss: 0.0305, Offset Loss: 0.0883, IoU: 0.9177, MAE: 3.6056
2025-09-23 10:44:17,093 - INFO - Val Epoch 52 - Loss: 0.0980, Seg Loss: 0.0285, Offset Loss: 0.0695, IoU: 0.9264, MAE: 3.0560,bg_MAE: 0.1498, fg_MAE: 2.9062,fp_penalty_loss: 0.0087
2025-09-23 10:44:17,396 - INFO - Checkpoint saved to ./checkpoints/unet_10/latest.pth
2025-09-23 10:45:34,147 - INFO - Train Epoch 53 - Loss: 0.1155, Seg Loss: 0.0290, Offset Loss: 0.0865, IoU: 0.9225, MAE: 3.2680
2025-09-23 10:45:44,348 - INFO - Val Epoch 53 - Loss: 0.0995, Seg Loss: 0.0317, Offset Loss: 0.0678, IoU: 0.9278, MAE: 3.3789,bg_MAE: 0.1888, fg_MAE: 3.1902,fp_penalty_loss: 0.0117
2025-09-23 10:45:44,622 - INFO - Checkpoint saved to ./checkpoints/unet_10/latest.pth
2025-09-23 10:47:00,989 - INFO - Train Epoch 54 - Loss: 0.1148, Seg Loss: 0.0292, Offset Loss: 0.0856, IoU: 0.9254, MAE: 3.1817
2025-09-23 10:47:11,004 - INFO - Val Epoch 54 - Loss: 0.1035, Seg Loss: 0.0304, Offset Loss: 0.0731, IoU: 0.9302, MAE: 3.1245,bg_MAE: 0.2661, fg_MAE: 2.8584,fp_penalty_loss: 0.0112
2025-09-23 10:47:11,293 - INFO - Checkpoint saved to ./checkpoints/unet_10/latest.pth
2025-09-23 10:48:27,705 - INFO - Train Epoch 55 - Loss: 0.1142, Seg Loss: 0.0286, Offset Loss: 0.0856, IoU: 0.9229, MAE: 3.3211
2025-09-23 10:48:37,867 - INFO - Val Epoch 55 - Loss: 0.0928, Seg Loss: 0.0274, Offset Loss: 0.0654, IoU: 0.9307, MAE: 2.9840,bg_MAE: 0.1120, fg_MAE: 2.8720,fp_penalty_loss: 0.0088
2025-09-23 10:48:38,165 - INFO - Checkpoint saved to ./checkpoints/unet_10/latest.pth
2025-09-23 10:49:54,879 - INFO - Train Epoch 56 - Loss: 0.1139, Seg Loss: 0.0289, Offset Loss: 0.0849, IoU: 0.9235, MAE: 3.2911
2025-09-23 10:50:05,118 - INFO - Val Epoch 56 - Loss: 0.0918, Seg Loss: 0.0274, Offset Loss: 0.0643, IoU: 0.9338, MAE: 3.2105,bg_MAE: 0.1451, fg_MAE: 3.0655,fp_penalty_loss: 0.0094
2025-09-23 10:50:05,420 - INFO - Checkpoint saved to ./checkpoints/unet_10/latest.pth
2025-09-23 10:51:21,805 - INFO - Train Epoch 57 - Loss: 0.1102, Seg Loss: 0.0281, Offset Loss: 0.0820, IoU: 0.9275, MAE: 3.3242
2025-09-23 10:51:31,989 - INFO - Val Epoch 57 - Loss: 0.0891, Seg Loss: 0.0257, Offset Loss: 0.0634, IoU: 0.9282, MAE: 3.2349,bg_MAE: 0.1251, fg_MAE: 3.1098,fp_penalty_loss: 0.0071
2025-09-23 10:51:32,286 - INFO - Checkpoint saved to ./checkpoints/unet_10/latest.pth
2025-09-23 10:52:48,870 - INFO - Train Epoch 58 - Loss: 0.1086, Seg Loss: 0.0281, Offset Loss: 0.0805, IoU: 0.9118, MAE: 2.9169
2025-09-23 10:52:58,987 - INFO - Val Epoch 58 - Loss: 0.0931, Seg Loss: 0.0281, Offset Loss: 0.0650, IoU: 0.9324, MAE: 3.0450,bg_MAE: 0.1377, fg_MAE: 2.9073,fp_penalty_loss: 0.0099
2025-09-23 10:52:59,277 - INFO - Checkpoint saved to ./checkpoints/unet_10/latest.pth
2025-09-23 10:54:15,555 - INFO - Train Epoch 59 - Loss: 0.1070, Seg Loss: 0.0269, Offset Loss: 0.0802, IoU: 0.9214, MAE: 3.4079
2025-09-23 10:54:25,745 - INFO - Val Epoch 59 - Loss: 0.0902, Seg Loss: 0.0274, Offset Loss: 0.0628, IoU: 0.9353, MAE: 3.1793,bg_MAE: 0.1510, fg_MAE: 3.0283,fp_penalty_loss: 0.0101
2025-09-23 10:54:26,042 - INFO - Checkpoint saved to ./checkpoints/unet_10/latest.pth
2025-09-23 10:55:42,399 - INFO - Train Epoch 60 - Loss: 0.1060, Seg Loss: 0.0269, Offset Loss: 0.0791, IoU: 0.9344, MAE: 3.3350
2025-09-23 10:55:52,476 - INFO - Val Epoch 60 - Loss: 0.0941, Seg Loss: 0.0293, Offset Loss: 0.0648, IoU: 0.9327, MAE: 3.4685,bg_MAE: 0.2452, fg_MAE: 3.2233,fp_penalty_loss: 0.0112
2025-09-23 10:55:52,771 - INFO - Checkpoint saved to ./checkpoints/unet_10/latest.pth
2025-09-23 10:57:09,019 - INFO - Train Epoch 61 - Loss: 0.1034, Seg Loss: 0.0261, Offset Loss: 0.0773, IoU: 0.9310, MAE: 3.4440
2025-09-23 10:57:19,140 - INFO - Val Epoch 61 - Loss: 0.0903, Seg Loss: 0.0286, Offset Loss: 0.0617, IoU: 0.9361, MAE: 3.1720,bg_MAE: 0.1546, fg_MAE: 3.0173,fp_penalty_loss: 0.0112
2025-09-23 10:57:19,438 - INFO - Checkpoint saved to ./checkpoints/unet_10/latest.pth
2025-09-23 10:58:35,583 - INFO - Train Epoch 62 - Loss: 0.1022, Seg Loss: 0.0251, Offset Loss: 0.0771, IoU: 0.9341, MAE: 3.6259
2025-09-23 10:58:45,645 - INFO - Val Epoch 62 - Loss: 0.0877, Seg Loss: 0.0277, Offset Loss: 0.0601, IoU: 0.9368, MAE: 3.1483,bg_MAE: 0.1362, fg_MAE: 3.0120,fp_penalty_loss: 0.0106
2025-09-23 10:58:45,934 - INFO - Checkpoint saved to ./checkpoints/unet_10/latest.pth
2025-09-23 11:00:02,233 - INFO - Train Epoch 63 - Loss: 0.1010, Seg Loss: 0.0253, Offset Loss: 0.0757, IoU: 0.9286, MAE: 3.3052
2025-09-23 11:00:12,380 - INFO - Val Epoch 63 - Loss: 0.0859, Seg Loss: 0.0254, Offset Loss: 0.0605, IoU: 0.9355, MAE: 3.3975,bg_MAE: 0.1866, fg_MAE: 3.2110,fp_penalty_loss: 0.0086
2025-09-23 11:00:12,675 - INFO - Checkpoint saved to ./checkpoints/unet_10/latest.pth
2025-09-23 11:01:29,077 - INFO - Train Epoch 64 - Loss: 0.1055, Seg Loss: 0.0266, Offset Loss: 0.0788, IoU: 0.9167, MAE: 3.3629
2025-09-23 11:01:39,278 - INFO - Val Epoch 64 - Loss: 0.0862, Seg Loss: 0.0277, Offset Loss: 0.0585, IoU: 0.9332, MAE: 3.4688,bg_MAE: 0.1562, fg_MAE: 3.3126,fp_penalty_loss: 0.0100
2025-09-23 11:01:39,584 - INFO - Checkpoint saved to ./checkpoints/unet_10/latest.pth
2025-09-23 11:02:56,063 - INFO - Train Epoch 65 - Loss: 0.0998, Seg Loss: 0.0245, Offset Loss: 0.0752, IoU: 0.9319, MAE: 3.2917
2025-09-23 11:03:06,125 - INFO - Val Epoch 65 - Loss: 0.0848, Seg Loss: 0.0277, Offset Loss: 0.0571, IoU: 0.9360, MAE: 3.5130,bg_MAE: 0.1564, fg_MAE: 3.3566,fp_penalty_loss: 0.0104
2025-09-23 11:03:06,416 - INFO - Checkpoint saved to ./checkpoints/unet_10/latest.pth
2025-09-23 11:04:22,612 - INFO - Train Epoch 66 - Loss: 0.0982, Seg Loss: 0.0240, Offset Loss: 0.0743, IoU: 0.9313, MAE: 3.3570
2025-09-23 11:04:32,718 - INFO - Val Epoch 66 - Loss: 0.0923, Seg Loss: 0.0275, Offset Loss: 0.0648, IoU: 0.9359, MAE: 3.4908,bg_MAE: 0.2724, fg_MAE: 3.2184,fp_penalty_loss: 0.0100
2025-09-23 11:04:33,010 - INFO - Checkpoint saved to ./checkpoints/unet_10/latest.pth
2025-09-23 11:05:49,352 - INFO - Train Epoch 67 - Loss: 0.0974, Seg Loss: 0.0243, Offset Loss: 0.0731, IoU: 0.9278, MAE: 2.9968
2025-09-23 11:05:59,382 - INFO - Val Epoch 67 - Loss: 0.0837, Seg Loss: 0.0264, Offset Loss: 0.0574, IoU: 0.9369, MAE: 3.4230,bg_MAE: 0.1655, fg_MAE: 3.2575,fp_penalty_loss: 0.0097
2025-09-23 11:05:59,675 - INFO - Checkpoint saved to ./checkpoints/unet_10/latest.pth
2025-09-23 11:07:16,081 - INFO - Train Epoch 68 - Loss: 0.0957, Seg Loss: 0.0234, Offset Loss: 0.0723, IoU: 0.9364, MAE: 3.0964
2025-09-23 11:07:26,170 - INFO - Val Epoch 68 - Loss: 0.0804, Seg Loss: 0.0258, Offset Loss: 0.0547, IoU: 0.9387, MAE: 3.5928,bg_MAE: 0.1606, fg_MAE: 3.4322,fp_penalty_loss: 0.0095
2025-09-23 11:07:26,459 - INFO - Checkpoint saved to ./checkpoints/unet_10/latest.pth
2025-09-23 11:08:42,856 - INFO - Train Epoch 69 - Loss: 0.0939, Seg Loss: 0.0226, Offset Loss: 0.0713, IoU: 0.9305, MAE: 3.8185
2025-09-23 11:08:53,035 - INFO - Val Epoch 69 - Loss: 0.0827, Seg Loss: 0.0267, Offset Loss: 0.0560, IoU: 0.9371, MAE: 3.5059,bg_MAE: 0.1653, fg_MAE: 3.3406,fp_penalty_loss: 0.0101
2025-09-23 11:08:53,328 - INFO - Checkpoint saved to ./checkpoints/unet_10/latest.pth
2025-09-23 11:10:09,885 - INFO - Train Epoch 70 - Loss: 0.0930, Seg Loss: 0.0224, Offset Loss: 0.0707, IoU: 0.9394, MAE: 3.5850
2025-09-23 11:10:20,009 - INFO - Val Epoch 70 - Loss: 0.0788, Seg Loss: 0.0241, Offset Loss: 0.0547, IoU: 0.9383, MAE: 3.5285,bg_MAE: 0.1570, fg_MAE: 3.3715,fp_penalty_loss: 0.0080
2025-09-23 11:10:20,304 - INFO - Checkpoint saved to ./checkpoints/unet_10/latest.pth
2025-09-23 11:11:36,794 - INFO - Train Epoch 71 - Loss: 0.0936, Seg Loss: 0.0233, Offset Loss: 0.0703, IoU: 0.9406, MAE: 3.3950
2025-09-23 11:11:47,003 - INFO - Val Epoch 71 - Loss: 0.0815, Seg Loss: 0.0255, Offset Loss: 0.0560, IoU: 0.9367, MAE: 3.8452,bg_MAE: 0.2001, fg_MAE: 3.6451,fp_penalty_loss: 0.0089
2025-09-23 11:11:47,293 - INFO - Checkpoint saved to ./checkpoints/unet_10/latest.pth
2025-09-23 11:13:03,507 - INFO - Train Epoch 72 - Loss: 0.0933, Seg Loss: 0.0226, Offset Loss: 0.0706, IoU: 0.9374, MAE: 3.5167
2025-09-23 11:13:13,694 - INFO - Val Epoch 72 - Loss: 0.0782, Seg Loss: 0.0241, Offset Loss: 0.0541, IoU: 0.9379, MAE: 3.3956,bg_MAE: 0.1401, fg_MAE: 3.2555,fp_penalty_loss: 0.0078
2025-09-23 11:13:13,991 - INFO - Checkpoint saved to ./checkpoints/unet_10/latest.pth
2025-09-23 11:14:30,243 - INFO - Train Epoch 73 - Loss: 0.0902, Seg Loss: 0.0214, Offset Loss: 0.0688, IoU: 0.9465, MAE: 3.3310
2025-09-23 11:14:40,445 - INFO - Val Epoch 73 - Loss: 0.0775, Seg Loss: 0.0241, Offset Loss: 0.0534, IoU: 0.9378, MAE: 3.3878,bg_MAE: 0.1325, fg_MAE: 3.2553,fp_penalty_loss: 0.0077
2025-09-23 11:14:40,742 - INFO - Checkpoint saved to ./checkpoints/unet_10/latest.pth
2025-09-23 11:15:56,687 - INFO - Train Epoch 74 - Loss: 0.0909, Seg Loss: 0.0221, Offset Loss: 0.0688, IoU: 0.9358, MAE: 3.5949
2025-09-23 11:16:06,820 - INFO - Val Epoch 74 - Loss: 0.0771, Seg Loss: 0.0230, Offset Loss: 0.0541, IoU: 0.9395, MAE: 3.3967,bg_MAE: 0.1449, fg_MAE: 3.2517,fp_penalty_loss: 0.0075
2025-09-23 11:16:07,115 - INFO - Checkpoint saved to ./checkpoints/unet_10/latest.pth
2025-09-23 11:17:23,343 - INFO - Train Epoch 75 - Loss: 0.0886, Seg Loss: 0.0216, Offset Loss: 0.0670, IoU: 0.9349, MAE: 3.6417
2025-09-23 11:17:33,661 - INFO - Val Epoch 75 - Loss: 0.0760, Seg Loss: 0.0244, Offset Loss: 0.0516, IoU: 0.9360, MAE: 3.4624,bg_MAE: 0.1328, fg_MAE: 3.3295,fp_penalty_loss: 0.0080
2025-09-23 11:17:33,953 - INFO - Checkpoint saved to ./checkpoints/unet_10/latest.pth
2025-09-23 11:18:50,145 - INFO - Train Epoch 76 - Loss: 0.0886, Seg Loss: 0.0220, Offset Loss: 0.0666, IoU: 0.9439, MAE: 3.9356
2025-09-23 11:19:00,223 - INFO - Val Epoch 76 - Loss: 0.0775, Seg Loss: 0.0230, Offset Loss: 0.0545, IoU: 0.9387, MAE: 3.6831,bg_MAE: 0.2144, fg_MAE: 3.4687,fp_penalty_loss: 0.0072
2025-09-23 11:19:00,505 - INFO - Checkpoint saved to ./checkpoints/unet_10/latest.pth
2025-09-23 11:20:16,724 - INFO - Train Epoch 77 - Loss: 0.0874, Seg Loss: 0.0212, Offset Loss: 0.0662, IoU: 0.9367, MAE: 3.3664
2025-09-23 11:20:26,832 - INFO - Val Epoch 77 - Loss: 0.0756, Seg Loss: 0.0241, Offset Loss: 0.0515, IoU: 0.9419, MAE: 3.3046,bg_MAE: 0.1250, fg_MAE: 3.1796,fp_penalty_loss: 0.0091
2025-09-23 11:20:27,123 - INFO - Checkpoint saved to ./checkpoints/unet_10/latest.pth
2025-09-23 11:21:43,221 - INFO - Train Epoch 78 - Loss: 0.0862, Seg Loss: 0.0211, Offset Loss: 0.0651, IoU: 0.9429, MAE: 3.6417
2025-09-23 11:21:53,360 - INFO - Val Epoch 78 - Loss: 0.0733, Seg Loss: 0.0230, Offset Loss: 0.0503, IoU: 0.9414, MAE: 3.5689,bg_MAE: 0.1268, fg_MAE: 3.4421,fp_penalty_loss: 0.0079
2025-09-23 11:21:53,652 - INFO - Checkpoint saved to ./checkpoints/unet_10/latest.pth
2025-09-23 11:23:09,923 - INFO - Train Epoch 79 - Loss: 0.0860, Seg Loss: 0.0209, Offset Loss: 0.0651, IoU: 0.9459, MAE: 3.5069
2025-09-23 11:23:19,974 - INFO - Val Epoch 79 - Loss: 0.0742, Seg Loss: 0.0226, Offset Loss: 0.0516, IoU: 0.9408, MAE: 3.4616,bg_MAE: 0.1297, fg_MAE: 3.3319,fp_penalty_loss: 0.0074
2025-09-23 11:23:20,266 - INFO - Checkpoint saved to ./checkpoints/unet_10/latest.pth
2025-09-23 11:24:36,447 - INFO - Train Epoch 80 - Loss: 0.0853, Seg Loss: 0.0210, Offset Loss: 0.0644, IoU: 0.9503, MAE: 3.8783
2025-09-23 11:24:46,622 - INFO - Val Epoch 80 - Loss: 0.0724, Seg Loss: 0.0231, Offset Loss: 0.0493, IoU: 0.9423, MAE: 3.5778,bg_MAE: 0.1228, fg_MAE: 3.4550,fp_penalty_loss: 0.0083
2025-09-23 11:24:46,916 - INFO - Checkpoint saved to ./checkpoints/unet_10/latest.pth
2025-09-23 11:26:02,994 - INFO - Train Epoch 81 - Loss: 0.0847, Seg Loss: 0.0207, Offset Loss: 0.0641, IoU: 0.9493, MAE: 3.3562
2025-09-23 11:26:12,995 - INFO - Val Epoch 81 - Loss: 0.0741, Seg Loss: 0.0238, Offset Loss: 0.0503, IoU: 0.9420, MAE: 3.4413,bg_MAE: 0.1451, fg_MAE: 3.2961,fp_penalty_loss: 0.0088
2025-09-23 11:26:13,287 - INFO - Checkpoint saved to ./checkpoints/unet_10/latest.pth
2025-09-23 11:27:29,433 - INFO - Train Epoch 82 - Loss: 0.0840, Seg Loss: 0.0205, Offset Loss: 0.0634, IoU: 0.9391, MAE: 3.2918
2025-09-23 11:27:39,695 - INFO - Val Epoch 82 - Loss: 0.0723, Seg Loss: 0.0218, Offset Loss: 0.0505, IoU: 0.9416, MAE: 3.5153,bg_MAE: 0.1302, fg_MAE: 3.3850,fp_penalty_loss: 0.0071
2025-09-23 11:27:40,008 - INFO - Checkpoint saved to ./checkpoints/unet_10/latest.pth
2025-09-23 11:28:56,565 - INFO - Train Epoch 83 - Loss: 0.0820, Seg Loss: 0.0197, Offset Loss: 0.0623, IoU: 0.9491, MAE: 3.4996
2025-09-23 11:29:06,829 - INFO - Val Epoch 83 - Loss: 0.0725, Seg Loss: 0.0229, Offset Loss: 0.0496, IoU: 0.9426, MAE: 3.4874,bg_MAE: 0.1531, fg_MAE: 3.3343,fp_penalty_loss: 0.0081
2025-09-23 11:29:07,127 - INFO - Checkpoint saved to ./checkpoints/unet_10/latest.pth
2025-09-23 11:30:23,433 - INFO - Train Epoch 84 - Loss: 0.0817, Seg Loss: 0.0197, Offset Loss: 0.0620, IoU: 0.9451, MAE: 3.5582
2025-09-23 11:30:33,591 - INFO - Val Epoch 84 - Loss: 0.0727, Seg Loss: 0.0243, Offset Loss: 0.0484, IoU: 0.9385, MAE: 3.7637,bg_MAE: 0.1498, fg_MAE: 3.6139,fp_penalty_loss: 0.0083
2025-09-23 11:30:33,890 - INFO - Checkpoint saved to ./checkpoints/unet_10/latest.pth
2025-09-23 11:31:50,305 - INFO - Train Epoch 85 - Loss: 0.0819, Seg Loss: 0.0201, Offset Loss: 0.0619, IoU: 0.9417, MAE: 3.5307
2025-09-23 11:32:00,457 - INFO - Val Epoch 85 - Loss: 0.0711, Seg Loss: 0.0227, Offset Loss: 0.0484, IoU: 0.9432, MAE: 3.6234,bg_MAE: 0.1328, fg_MAE: 3.4906,fp_penalty_loss: 0.0080
2025-09-23 11:32:00,751 - INFO - Checkpoint saved to ./checkpoints/unet_10/latest.pth
2025-09-23 11:33:17,331 - INFO - Train Epoch 86 - Loss: 0.0796, Seg Loss: 0.0189, Offset Loss: 0.0606, IoU: 0.9444, MAE: 3.9076
2025-09-23 11:33:27,434 - INFO - Val Epoch 86 - Loss: 0.0716, Seg Loss: 0.0231, Offset Loss: 0.0485, IoU: 0.9422, MAE: 3.8187,bg_MAE: 0.1632, fg_MAE: 3.6555,fp_penalty_loss: 0.0081
2025-09-23 11:33:27,724 - INFO - Checkpoint saved to ./checkpoints/unet_10/latest.pth
2025-09-23 11:34:43,903 - INFO - Train Epoch 87 - Loss: 0.0799, Seg Loss: 0.0193, Offset Loss: 0.0607, IoU: 0.9430, MAE: 3.4767
2025-09-23 11:34:54,080 - INFO - Val Epoch 87 - Loss: 0.0692, Seg Loss: 0.0213, Offset Loss: 0.0479, IoU: 0.9452, MAE: 3.6464,bg_MAE: 0.1339, fg_MAE: 3.5125,fp_penalty_loss: 0.0073
2025-09-23 11:34:54,370 - INFO - Checkpoint saved to ./checkpoints/unet_10/latest.pth
2025-09-23 11:36:10,657 - INFO - Train Epoch 88 - Loss: 0.0786, Seg Loss: 0.0186, Offset Loss: 0.0600, IoU: 0.9376, MAE: 3.4687
2025-09-23 11:36:20,676 - INFO - Val Epoch 88 - Loss: 0.0689, Seg Loss: 0.0211, Offset Loss: 0.0478, IoU: 0.9429, MAE: 3.4483,bg_MAE: 0.1169, fg_MAE: 3.3314,fp_penalty_loss: 0.0067
2025-09-23 11:36:20,966 - INFO - Checkpoint saved to ./checkpoints/unet_10/latest.pth
2025-09-23 11:37:37,154 - INFO - Train Epoch 89 - Loss: 0.0789, Seg Loss: 0.0188, Offset Loss: 0.0601, IoU: 0.9474, MAE: 3.5502
2025-09-23 11:37:47,152 - INFO - Val Epoch 89 - Loss: 0.0653, Seg Loss: 0.0202, Offset Loss: 0.0451, IoU: 0.9431, MAE: 3.8037,bg_MAE: 0.1138, fg_MAE: 3.6899,fp_penalty_loss: 0.0058
2025-09-23 11:37:47,444 - INFO - Checkpoint saved to ./checkpoints/unet_10/latest.pth
2025-09-23 11:39:03,521 - INFO - Train Epoch 90 - Loss: 0.0779, Seg Loss: 0.0189, Offset Loss: 0.0590, IoU: 0.9516, MAE: 3.8217
2025-09-23 11:39:13,603 - INFO - Val Epoch 90 - Loss: 0.0673, Seg Loss: 0.0219, Offset Loss: 0.0454, IoU: 0.9393, MAE: 3.7257,bg_MAE: 0.1147, fg_MAE: 3.6109,fp_penalty_loss: 0.0062
2025-09-23 11:39:13,880 - INFO - Checkpoint saved to ./checkpoints/unet_10/latest.pth
2025-09-23 11:40:30,007 - INFO - Train Epoch 91 - Loss: 0.0774, Seg Loss: 0.0187, Offset Loss: 0.0587, IoU: 0.9475, MAE: 3.7922
2025-09-23 11:40:40,143 - INFO - Val Epoch 91 - Loss: 0.0685, Seg Loss: 0.0218, Offset Loss: 0.0467, IoU: 0.9423, MAE: 3.6260,bg_MAE: 0.1156, fg_MAE: 3.5104,fp_penalty_loss: 0.0069
2025-09-23 11:40:40,436 - INFO - Checkpoint saved to ./checkpoints/unet_10/latest.pth
2025-09-23 11:41:56,599 - INFO - Train Epoch 92 - Loss: 0.0769, Seg Loss: 0.0185, Offset Loss: 0.0584, IoU: 0.9515, MAE: 3.2770
2025-09-23 11:42:06,791 - INFO - Val Epoch 92 - Loss: 0.0682, Seg Loss: 0.0215, Offset Loss: 0.0466, IoU: 0.9445, MAE: 3.4171,bg_MAE: 0.1164, fg_MAE: 3.3007,fp_penalty_loss: 0.0074
2025-09-23 11:42:07,093 - INFO - Checkpoint saved to ./checkpoints/unet_10/latest.pth
2025-09-23 11:43:23,488 - INFO - Train Epoch 93 - Loss: 0.0764, Seg Loss: 0.0183, Offset Loss: 0.0581, IoU: 0.9464, MAE: 3.6087
2025-09-23 11:43:33,697 - INFO - Val Epoch 93 - Loss: 0.0672, Seg Loss: 0.0226, Offset Loss: 0.0446, IoU: 0.9436, MAE: 3.7716,bg_MAE: 0.1322, fg_MAE: 3.6395,fp_penalty_loss: 0.0081
2025-09-23 11:43:33,994 - INFO - Checkpoint saved to ./checkpoints/unet_10/latest.pth
2025-09-23 11:44:50,575 - INFO - Train Epoch 94 - Loss: 0.0745, Seg Loss: 0.0176, Offset Loss: 0.0568, IoU: 0.9454, MAE: 3.3004
2025-09-23 11:45:00,700 - INFO - Val Epoch 94 - Loss: 0.0692, Seg Loss: 0.0228, Offset Loss: 0.0464, IoU: 0.9449, MAE: 3.6590,bg_MAE: 0.1317, fg_MAE: 3.5272,fp_penalty_loss: 0.0083
2025-09-23 11:45:00,994 - INFO - Checkpoint saved to ./checkpoints/unet_10/latest.pth
2025-09-23 11:46:17,435 - INFO - Train Epoch 95 - Loss: 0.0738, Seg Loss: 0.0178, Offset Loss: 0.0560, IoU: 0.9502, MAE: 4.1399
2025-09-23 11:46:27,522 - INFO - Val Epoch 95 - Loss: 0.0645, Seg Loss: 0.0212, Offset Loss: 0.0433, IoU: 0.9441, MAE: 3.7771,bg_MAE: 0.1200, fg_MAE: 3.6571,fp_penalty_loss: 0.0069
2025-09-23 11:46:27,814 - INFO - Checkpoint saved to ./checkpoints/unet_10/latest.pth
2025-09-23 11:47:44,541 - INFO - Train Epoch 96 - Loss: 0.0740, Seg Loss: 0.0176, Offset Loss: 0.0564, IoU: 0.9484, MAE: 3.2992
2025-09-23 11:47:54,775 - INFO - Val Epoch 96 - Loss: 0.0656, Seg Loss: 0.0217, Offset Loss: 0.0438, IoU: 0.9443, MAE: 3.7287,bg_MAE: 0.1163, fg_MAE: 3.6124,fp_penalty_loss: 0.0072
2025-09-23 11:47:55,078 - INFO - Checkpoint saved to ./checkpoints/unet_10/latest.pth
2025-09-23 11:49:11,530 - INFO - Train Epoch 97 - Loss: 0.0764, Seg Loss: 0.0180, Offset Loss: 0.0585, IoU: 0.9522, MAE: 3.8168
2025-09-23 11:49:21,665 - INFO - Val Epoch 97 - Loss: 0.0655, Seg Loss: 0.0214, Offset Loss: 0.0442, IoU: 0.9446, MAE: 3.7790,bg_MAE: 0.1177, fg_MAE: 3.6612,fp_penalty_loss: 0.0073
2025-09-23 11:49:21,962 - INFO - Checkpoint saved to ./checkpoints/unet_10/latest.pth
2025-09-23 11:50:38,007 - INFO - Train Epoch 98 - Loss: 0.0745, Seg Loss: 0.0176, Offset Loss: 0.0569, IoU: 0.9475, MAE: 3.7601
2025-09-23 11:50:48,016 - INFO - Val Epoch 98 - Loss: 0.0636, Seg Loss: 0.0201, Offset Loss: 0.0435, IoU: 0.9453, MAE: 3.6026,bg_MAE: 0.1054, fg_MAE: 3.4972,fp_penalty_loss: 0.0064
2025-09-23 11:50:48,311 - INFO - Checkpoint saved to ./checkpoints/unet_10/latest.pth
2025-09-23 11:52:04,669 - INFO - Train Epoch 99 - Loss: 0.0732, Seg Loss: 0.0175, Offset Loss: 0.0557, IoU: 0.9507, MAE: 3.8795
2025-09-23 11:52:14,913 - INFO - Val Epoch 99 - Loss: 0.0659, Seg Loss: 0.0224, Offset Loss: 0.0435, IoU: 0.9445, MAE: 3.5808,bg_MAE: 0.1120, fg_MAE: 3.4688,fp_penalty_loss: 0.0079
2025-09-23 11:52:15,205 - INFO - Checkpoint saved to ./checkpoints/unet_10/latest.pth
2025-09-23 11:53:31,558 - INFO - Train Epoch 100 - Loss: 0.0721, Seg Loss: 0.0172, Offset Loss: 0.0549, IoU: 0.9493, MAE: 3.4847
2025-09-23 11:53:41,557 - INFO - Val Epoch 100 - Loss: 0.0639, Seg Loss: 0.0211, Offset Loss: 0.0428, IoU: 0.9446, MAE: 3.6597,bg_MAE: 0.1079, fg_MAE: 3.5519,fp_penalty_loss: 0.0067
2025-09-23 11:53:41,865 - INFO - Checkpoint saved to ./checkpoints/unet_10/latest.pth
2025-09-23 11:54:58,014 - INFO - Train Epoch 101 - Loss: 0.0714, Seg Loss: 0.0169, Offset Loss: 0.0545, IoU: 0.9509, MAE: 3.5682
2025-09-23 11:55:08,185 - INFO - Val Epoch 101 - Loss: 0.0650, Seg Loss: 0.0220, Offset Loss: 0.0430, IoU: 0.9455, MAE: 3.7053,bg_MAE: 0.1178, fg_MAE: 3.5876,fp_penalty_loss: 0.0077
2025-09-23 11:55:08,483 - INFO - Checkpoint saved to ./checkpoints/unet_10/latest.pth
2025-09-23 11:56:25,189 - INFO - Train Epoch 102 - Loss: 0.0724, Seg Loss: 0.0177, Offset Loss: 0.0547, IoU: 0.9423, MAE: 3.3108
2025-09-23 11:56:35,419 - INFO - Val Epoch 102 - Loss: 0.0643, Seg Loss: 0.0217, Offset Loss: 0.0426, IoU: 0.9442, MAE: 3.7087,bg_MAE: 0.1177, fg_MAE: 3.5909,fp_penalty_loss: 0.0071
2025-09-23 11:56:35,711 - INFO - Checkpoint saved to ./checkpoints/unet_10/latest.pth
2025-09-23 11:57:51,886 - INFO - Train Epoch 103 - Loss: 0.0721, Seg Loss: 0.0169, Offset Loss: 0.0552, IoU: 0.9558, MAE: 3.9603
2025-09-23 11:58:02,138 - INFO - Val Epoch 103 - Loss: 0.0617, Seg Loss: 0.0202, Offset Loss: 0.0414, IoU: 0.9449, MAE: 3.8951,bg_MAE: 0.1087, fg_MAE: 3.7864,fp_penalty_loss: 0.0062
2025-09-23 11:58:02,439 - INFO - Checkpoint saved to ./checkpoints/unet_10/latest.pth
2025-09-23 11:59:18,649 - INFO - Train Epoch 104 - Loss: 0.0704, Seg Loss: 0.0166, Offset Loss: 0.0538, IoU: 0.9484, MAE: 3.5352
2025-09-23 11:59:28,835 - INFO - Val Epoch 104 - Loss: 0.0639, Seg Loss: 0.0211, Offset Loss: 0.0428, IoU: 0.9469, MAE: 3.5706,bg_MAE: 0.1084, fg_MAE: 3.4621,fp_penalty_loss: 0.0073
2025-09-23 11:59:29,126 - INFO - Checkpoint saved to ./checkpoints/unet_10/latest.pth
2025-09-23 12:00:45,867 - INFO - Train Epoch 105 - Loss: 0.0705, Seg Loss: 0.0167, Offset Loss: 0.0538, IoU: 0.9507, MAE: 3.7150
2025-09-23 12:00:56,147 - INFO - Val Epoch 105 - Loss: 0.0605, Seg Loss: 0.0193, Offset Loss: 0.0413, IoU: 0.9473, MAE: 3.6809,bg_MAE: 0.1054, fg_MAE: 3.5755,fp_penalty_loss: 0.0060
2025-09-23 12:00:56,449 - INFO - Checkpoint saved to ./checkpoints/unet_10/latest.pth
2025-09-23 12:02:12,856 - INFO - Train Epoch 106 - Loss: 0.0699, Seg Loss: 0.0163, Offset Loss: 0.0536, IoU: 0.9543, MAE: 3.8575
2025-09-23 12:02:23,075 - INFO - Val Epoch 106 - Loss: 0.0643, Seg Loss: 0.0215, Offset Loss: 0.0429, IoU: 0.9460, MAE: 3.5224,bg_MAE: 0.1058, fg_MAE: 3.4166,fp_penalty_loss: 0.0076
2025-09-23 12:02:23,375 - INFO - Checkpoint saved to ./checkpoints/unet_10/latest.pth
2025-09-23 12:03:39,858 - INFO - Train Epoch 107 - Loss: 0.0691, Seg Loss: 0.0163, Offset Loss: 0.0528, IoU: 0.9509, MAE: 3.9458
2025-09-23 12:03:50,107 - INFO - Val Epoch 107 - Loss: 0.0614, Seg Loss: 0.0203, Offset Loss: 0.0411, IoU: 0.9480, MAE: 3.8122,bg_MAE: 0.1077, fg_MAE: 3.7045,fp_penalty_loss: 0.0070
2025-09-23 12:03:50,409 - INFO - Checkpoint saved to ./checkpoints/unet_10/latest.pth
2025-09-23 12:05:07,141 - INFO - Train Epoch 108 - Loss: 0.0693, Seg Loss: 0.0161, Offset Loss: 0.0532, IoU: 0.9542, MAE: 2.9388
2025-09-23 12:05:17,321 - INFO - Val Epoch 108 - Loss: 0.0627, Seg Loss: 0.0199, Offset Loss: 0.0428, IoU: 0.9475, MAE: 3.5355,bg_MAE: 0.1068, fg_MAE: 3.4286,fp_penalty_loss: 0.0066
2025-09-23 12:05:17,625 - INFO - Checkpoint saved to ./checkpoints/unet_10/latest.pth
2025-09-23 12:06:33,956 - INFO - Train Epoch 109 - Loss: 0.0690, Seg Loss: 0.0162, Offset Loss: 0.0528, IoU: 0.9551, MAE: 3.7944
2025-09-23 12:06:43,958 - INFO - Val Epoch 109 - Loss: 0.0630, Seg Loss: 0.0207, Offset Loss: 0.0424, IoU: 0.9445, MAE: 3.4940,bg_MAE: 0.0941, fg_MAE: 3.3998,fp_penalty_loss: 0.0065
2025-09-23 12:06:44,250 - INFO - Checkpoint saved to ./checkpoints/unet_10/latest.pth
2025-09-23 12:08:00,299 - INFO - Train Epoch 110 - Loss: 0.0683, Seg Loss: 0.0158, Offset Loss: 0.0525, IoU: 0.9556, MAE: 4.0053
2025-09-23 12:08:10,406 - INFO - Val Epoch 110 - Loss: 0.0612, Seg Loss: 0.0202, Offset Loss: 0.0410, IoU: 0.9479, MAE: 3.7450,bg_MAE: 0.1004, fg_MAE: 3.6446,fp_penalty_loss: 0.0068
2025-09-23 12:08:10,698 - INFO - Checkpoint saved to ./checkpoints/unet_10/latest.pth
2025-09-23 13:09:27,312 - INFO - Train Epoch 111 - Loss: 0.0677, Seg Loss: 0.0158, Offset Loss: 0.0519, IoU: 0.9526, MAE: 4.0909
2025-09-23 13:09:37,362 - INFO - Val Epoch 111 - Loss: 0.0606, Seg Loss: 0.0206, Offset Loss: 0.0400, IoU: 0.9472, MAE: 3.8020,bg_MAE: 0.1167, fg_MAE: 3.6853,fp_penalty_loss: 0.0071
2025-09-23 13:09:37,654 - INFO - Checkpoint saved to ./checkpoints/unet_10/latest.pth
2025-09-23 13:10:54,188 - INFO - Train Epoch 112 - Loss: 0.0687, Seg Loss: 0.0162, Offset Loss: 0.0524, IoU: 0.9566, MAE: 3.4827
2025-09-23 13:11:04,189 - INFO - Val Epoch 112 - Loss: 0.0626, Seg Loss: 0.0219, Offset Loss: 0.0407, IoU: 0.9448, MAE: 3.7922,bg_MAE: 0.1186, fg_MAE: 3.6736,fp_penalty_loss: 0.0076
2025-09-23 13:11:04,487 - INFO - Checkpoint saved to ./checkpoints/unet_10/latest.pth
2025-09-23 13:12:20,426 - INFO - Train Epoch 113 - Loss: 0.0671, Seg Loss: 0.0157, Offset Loss: 0.0514, IoU: 0.9554, MAE: 3.5111
2025-09-23 13:12:30,490 - INFO - Val Epoch 113 - Loss: 0.0597, Seg Loss: 0.0200, Offset Loss: 0.0396, IoU: 0.9474, MAE: 3.8016,bg_MAE: 0.1116, fg_MAE: 3.6900,fp_penalty_loss: 0.0066
2025-09-23 13:12:30,787 - INFO - Checkpoint saved to ./checkpoints/unet_10/latest.pth
2025-09-23 13:13:47,113 - INFO - Train Epoch 114 - Loss: 0.0669, Seg Loss: 0.0155, Offset Loss: 0.0513, IoU: 0.9547, MAE: 3.5687
2025-09-23 13:13:57,232 - INFO - Val Epoch 114 - Loss: 0.0592, Seg Loss: 0.0190, Offset Loss: 0.0402, IoU: 0.9489, MAE: 3.5528,bg_MAE: 0.0963, fg_MAE: 3.4564,fp_penalty_loss: 0.0062
2025-09-23 13:13:57,530 - INFO - Checkpoint saved to ./checkpoints/unet_10/latest.pth
2025-09-23 13:15:13,664 - INFO - Train Epoch 115 - Loss: 0.0663, Seg Loss: 0.0155, Offset Loss: 0.0508, IoU: 0.9480, MAE: 3.8983
2025-09-23 13:15:23,758 - INFO - Val Epoch 115 - Loss: 0.0587, Seg Loss: 0.0197, Offset Loss: 0.0389, IoU: 0.9474, MAE: 3.9285,bg_MAE: 0.1093, fg_MAE: 3.8192,fp_penalty_loss: 0.0063
2025-09-23 13:15:24,052 - INFO - Checkpoint saved to ./checkpoints/unet_10/latest.pth
2025-09-23 13:16:40,628 - INFO - Train Epoch 116 - Loss: 0.0669, Seg Loss: 0.0157, Offset Loss: 0.0512, IoU: 0.9554, MAE: 3.2308
2025-09-23 13:16:50,721 - INFO - Val Epoch 116 - Loss: 0.0601, Seg Loss: 0.0206, Offset Loss: 0.0395, IoU: 0.9473, MAE: 3.7434,bg_MAE: 0.1005, fg_MAE: 3.6429,fp_penalty_loss: 0.0068
2025-09-23 13:16:51,012 - INFO - Checkpoint saved to ./checkpoints/unet_10/latest.pth
2025-09-23 13:18:07,290 - INFO - Train Epoch 117 - Loss: 0.0665, Seg Loss: 0.0155, Offset Loss: 0.0510, IoU: 0.9561, MAE: 3.6412
2025-09-23 13:18:17,414 - INFO - Val Epoch 117 - Loss: 0.0578, Seg Loss: 0.0191, Offset Loss: 0.0388, IoU: 0.9479, MAE: 3.6820,bg_MAE: 0.0948, fg_MAE: 3.5872,fp_penalty_loss: 0.0058
2025-09-23 13:18:17,727 - INFO - Checkpoint saved to ./checkpoints/unet_10/latest.pth
2025-09-23 13:19:34,036 - INFO - Train Epoch 118 - Loss: 0.0649, Seg Loss: 0.0152, Offset Loss: 0.0497, IoU: 0.9569, MAE: 3.7813
2025-09-23 13:19:44,060 - INFO - Val Epoch 118 - Loss: 0.0601, Seg Loss: 0.0201, Offset Loss: 0.0401, IoU: 0.9481, MAE: 3.5815,bg_MAE: 0.0987, fg_MAE: 3.4828,fp_penalty_loss: 0.0067
2025-09-23 13:19:44,356 - INFO - Checkpoint saved to ./checkpoints/unet_10/latest.pth
2025-09-23 13:21:00,749 - INFO - Train Epoch 119 - Loss: 0.0653, Seg Loss: 0.0151, Offset Loss: 0.0502, IoU: 0.9565, MAE: 3.9324
2025-09-23 13:21:11,040 - INFO - Val Epoch 119 - Loss: 0.0625, Seg Loss: 0.0191, Offset Loss: 0.0434, IoU: 0.9475, MAE: 3.2695,bg_MAE: 0.0887, fg_MAE: 3.1808,fp_penalty_loss: 0.0059
2025-09-23 13:21:11,340 - INFO - Checkpoint saved to ./checkpoints/unet_10/latest.pth
2025-09-23 13:21:11,340 - INFO - Training completed. Best Score: 0.9190, IoU: 0.9124, MAE: 1.3108
