2025-09-19 09:50:31,840 - INFO - Experiment name: unet_04
2025-09-19 09:50:31,840 - INFO - Using config: {'data_root': './data', 'resize': [480, 640], 'num_workers': 0, 'rgb_mean': [0.18, 0.246, 0.285], 'rgb_std': [0.207, 0.202, 0.23], 'depth_mean': 2997.516, 'depth_std': 1324.941, 'offset_mean': [-0.068, -0.075], 'offset_std': [17.084, 10.471], 'n_classes': 1, 'bilinear': True, 'dropout': 0.1, 'epochs': 160, 'batch_size': 4, 'lr': '1e-5', 'weight_decay': '1e-5', 'scheduler_factor': 0.5, 'scheduler_patience': 8, 'device': 'cuda:0', 'log_root': './logs', 'checkpoint_root': './checkpoints', 'test_result_dir': './test_results', 'inference': {'input_dir': './inference_input', 'output_dir': './inference_output'}, 'hyperparam_search_space': {'lr': ['1e-4', '5e-4', '1e-3'], 'batch_size': [2, 4], 'dropout': [0.1, 0.2, 0.3], 'weight_decay': ['1e-5', '1e-4']}}
2025-09-19 09:50:32,754 - INFO - Using device: cuda:0
2025-09-19 09:50:33,608 - WARNING - Checkpoint ./checkpoints/unet_04/latest.pth not found, starting from scratch
2025-09-19 09:50:33,608 - INFO - Starting training from epoch 0, total epochs: 160
2025-09-19 09:51:22,517 - INFO - Train Epoch 0 - Loss: 16.4529, Seg Loss: 0.8592, Offset Loss: 15.5937, IoU: 0.1290, MAE: 51.3670
2025-09-19 09:51:30,215 - INFO - Val Epoch 0 - Loss: 5.0943, Seg Loss: 0.5711, Offset Loss: 4.5232, IoU: 0.1465, MAE: 26.9148,bg_MAE: 22.2700, fg_MAE: 4.6448
2025-09-19 09:51:30,415 - INFO - Checkpoint saved to ./checkpoints/unet_04/latest.pth
2025-09-19 09:52:18,676 - INFO - Train Epoch 1 - Loss: 10.3704, Seg Loss: 0.5678, Offset Loss: 9.8026, IoU: 0.1937, MAE: 38.6332
2025-09-19 09:52:26,513 - INFO - Val Epoch 1 - Loss: 2.5175, Seg Loss: 0.3212, Offset Loss: 2.1963, IoU: 0.3182, MAE: 15.3970,bg_MAE: 12.5719, fg_MAE: 2.8252
2025-09-19 09:52:26,781 - INFO - Checkpoint saved to ./checkpoints/unet_04/latest.pth
2025-09-19 09:53:14,782 - INFO - Train Epoch 2 - Loss: 7.6336, Seg Loss: 0.4214, Offset Loss: 7.2122, IoU: 0.2503, MAE: 28.3183
2025-09-19 09:53:22,502 - INFO - Val Epoch 2 - Loss: 1.7420, Seg Loss: 0.2636, Offset Loss: 1.4784, IoU: 0.4056, MAE: 10.2075,bg_MAE: 8.5269, fg_MAE: 1.6807
2025-09-19 09:53:22,776 - INFO - Checkpoint saved to ./checkpoints/unet_04/latest.pth
2025-09-19 09:54:10,691 - INFO - Train Epoch 3 - Loss: 6.3710, Seg Loss: 0.3404, Offset Loss: 6.0306, IoU: 0.2964, MAE: 24.1272
2025-09-19 09:54:18,215 - INFO - Val Epoch 3 - Loss: 1.3619, Seg Loss: 0.2028, Offset Loss: 1.1591, IoU: 0.4513, MAE: 8.1911,bg_MAE: 6.7379, fg_MAE: 1.4532
2025-09-19 09:54:18,479 - INFO - Checkpoint saved to ./checkpoints/unet_04/latest.pth
2025-09-19 09:55:06,448 - INFO - Train Epoch 4 - Loss: 5.6831, Seg Loss: 0.2840, Offset Loss: 5.3991, IoU: 0.3179, MAE: 20.8715
2025-09-19 09:55:14,137 - INFO - Val Epoch 4 - Loss: 1.4037, Seg Loss: 0.1810, Offset Loss: 1.2227, IoU: 0.4769, MAE: 7.5334,bg_MAE: 6.2752, fg_MAE: 1.2582
2025-09-19 09:55:14,405 - INFO - Checkpoint saved to ./checkpoints/unet_04/latest.pth
2025-09-19 09:55:14,596 - INFO - Checkpoint saved to ./checkpoints/unet_04/best.pth
2025-09-19 09:55:14,596 - INFO - New best model! Score: 0.0356, IoU: 0.4769, MAE: 7.5334
2025-09-19 09:56:02,509 - INFO - Train Epoch 5 - Loss: 5.0130, Seg Loss: 0.2474, Offset Loss: 4.7656, IoU: 0.3571, MAE: 19.1516
2025-09-19 09:56:10,116 - INFO - Val Epoch 5 - Loss: 1.0879, Seg Loss: 0.1666, Offset Loss: 0.9213, IoU: 0.4884, MAE: 5.9891,bg_MAE: 4.9405, fg_MAE: 1.0486
2025-09-19 09:56:10,382 - INFO - Checkpoint saved to ./checkpoints/unet_04/latest.pth
2025-09-19 09:56:10,635 - INFO - Checkpoint saved to ./checkpoints/unet_04/best.pth
2025-09-19 09:56:10,636 - INFO - New best model! Score: 0.1903, IoU: 0.4884, MAE: 5.9891
2025-09-19 09:56:58,533 - INFO - Train Epoch 6 - Loss: 4.4595, Seg Loss: 0.2254, Offset Loss: 4.2341, IoU: 0.3679, MAE: 17.0065
2025-09-19 09:57:06,307 - INFO - Val Epoch 6 - Loss: 0.9936, Seg Loss: 0.1620, Offset Loss: 0.8316, IoU: 0.4959, MAE: 5.3636,bg_MAE: 4.3827, fg_MAE: 0.9809
2025-09-19 09:57:06,575 - INFO - Checkpoint saved to ./checkpoints/unet_04/latest.pth
2025-09-19 09:57:06,829 - INFO - Checkpoint saved to ./checkpoints/unet_04/best.pth
2025-09-19 09:57:06,829 - INFO - New best model! Score: 0.2561, IoU: 0.4959, MAE: 5.3636
2025-09-19 09:57:54,927 - INFO - Train Epoch 7 - Loss: 4.0315, Seg Loss: 0.2093, Offset Loss: 3.8222, IoU: 0.4017, MAE: 15.5260
2025-09-19 09:58:02,534 - INFO - Val Epoch 7 - Loss: 0.9808, Seg Loss: 0.1580, Offset Loss: 0.8227, IoU: 0.4961, MAE: 4.8575,bg_MAE: 3.9658, fg_MAE: 0.8917
2025-09-19 09:58:02,800 - INFO - Checkpoint saved to ./checkpoints/unet_04/latest.pth
2025-09-19 09:58:03,053 - INFO - Checkpoint saved to ./checkpoints/unet_04/best.pth
2025-09-19 09:58:03,053 - INFO - New best model! Score: 0.3029, IoU: 0.4961, MAE: 4.8575
2025-09-19 09:58:51,240 - INFO - Train Epoch 8 - Loss: 4.0014, Seg Loss: 0.1995, Offset Loss: 3.8019, IoU: 0.4041, MAE: 14.2596
2025-09-19 09:58:59,034 - INFO - Val Epoch 8 - Loss: 0.9036, Seg Loss: 0.1526, Offset Loss: 0.7510, IoU: 0.5131, MAE: 4.6917,bg_MAE: 3.8889, fg_MAE: 0.8028
2025-09-19 09:58:59,306 - INFO - Checkpoint saved to ./checkpoints/unet_04/latest.pth
2025-09-19 09:58:59,556 - INFO - Checkpoint saved to ./checkpoints/unet_04/best.pth
2025-09-19 09:58:59,556 - INFO - New best model! Score: 0.3208, IoU: 0.5131, MAE: 4.6917
2025-09-19 09:59:47,921 - INFO - Train Epoch 9 - Loss: 3.6106, Seg Loss: 0.1875, Offset Loss: 3.4231, IoU: 0.4213, MAE: 13.2337
2025-09-19 09:59:55,610 - INFO - Val Epoch 9 - Loss: 0.8741, Seg Loss: 0.1470, Offset Loss: 0.7270, IoU: 0.5250, MAE: 4.2185,bg_MAE: 3.4280, fg_MAE: 0.7905
2025-09-19 09:59:55,880 - INFO - Checkpoint saved to ./checkpoints/unet_04/latest.pth
2025-09-19 09:59:56,134 - INFO - Checkpoint saved to ./checkpoints/unet_04/best.pth
2025-09-19 09:59:56,135 - INFO - New best model! Score: 0.3775, IoU: 0.5250, MAE: 4.2185
2025-09-19 10:00:44,213 - INFO - Train Epoch 10 - Loss: 3.4006, Seg Loss: 0.1790, Offset Loss: 3.2215, IoU: 0.4542, MAE: 12.2689
2025-09-19 10:00:51,974 - INFO - Val Epoch 10 - Loss: 0.8373, Seg Loss: 0.1438, Offset Loss: 0.6935, IoU: 0.5279, MAE: 3.7726,bg_MAE: 3.0350, fg_MAE: 0.7376
2025-09-19 10:00:52,249 - INFO - Checkpoint saved to ./checkpoints/unet_04/latest.pth
2025-09-19 10:00:52,506 - INFO - Checkpoint saved to ./checkpoints/unet_04/best.pth
2025-09-19 10:00:52,506 - INFO - New best model! Score: 0.4227, IoU: 0.5279, MAE: 3.7726
2025-09-19 10:01:40,453 - INFO - Train Epoch 11 - Loss: 3.3473, Seg Loss: 0.1734, Offset Loss: 3.1738, IoU: 0.4742, MAE: 11.7924
2025-09-19 10:01:48,189 - INFO - Val Epoch 11 - Loss: 1.0000, Seg Loss: 0.1407, Offset Loss: 0.8593, IoU: 0.5461, MAE: 5.0393,bg_MAE: 4.2773, fg_MAE: 0.7620
2025-09-19 10:01:48,463 - INFO - Checkpoint saved to ./checkpoints/unet_04/latest.pth
2025-09-19 10:02:36,349 - INFO - Train Epoch 12 - Loss: 2.9193, Seg Loss: 0.1693, Offset Loss: 2.7501, IoU: 0.4622, MAE: 10.8921
2025-09-19 10:02:44,021 - INFO - Val Epoch 12 - Loss: 0.8230, Seg Loss: 0.1391, Offset Loss: 0.6839, IoU: 0.5433, MAE: 3.7173,bg_MAE: 3.0650, fg_MAE: 0.6523
2025-09-19 10:02:44,292 - INFO - Checkpoint saved to ./checkpoints/unet_04/latest.pth
2025-09-19 10:02:44,548 - INFO - Checkpoint saved to ./checkpoints/unet_04/best.pth
2025-09-19 10:02:44,548 - INFO - New best model! Score: 0.4280, IoU: 0.5433, MAE: 3.7173
2025-09-19 10:03:32,831 - INFO - Train Epoch 13 - Loss: 2.8616, Seg Loss: 0.1673, Offset Loss: 2.6942, IoU: 0.5062, MAE: 10.0650
2025-09-19 10:03:40,404 - INFO - Val Epoch 13 - Loss: 0.8350, Seg Loss: 0.1386, Offset Loss: 0.6964, IoU: 0.5430, MAE: 3.2397,bg_MAE: 2.6402, fg_MAE: 0.5995
2025-09-19 10:03:40,672 - INFO - Checkpoint saved to ./checkpoints/unet_04/latest.pth
2025-09-19 10:03:40,924 - INFO - Checkpoint saved to ./checkpoints/unet_04/best.pth
2025-09-19 10:03:40,924 - INFO - New best model! Score: 0.4751, IoU: 0.5430, MAE: 3.2397
2025-09-19 10:04:28,878 - INFO - Train Epoch 14 - Loss: 2.7879, Seg Loss: 0.1643, Offset Loss: 2.6236, IoU: 0.4641, MAE: 9.5307
2025-09-19 10:04:36,418 - INFO - Val Epoch 14 - Loss: 0.8020, Seg Loss: 0.1339, Offset Loss: 0.6682, IoU: 0.5535, MAE: 2.8252,bg_MAE: 2.2710, fg_MAE: 0.5542
2025-09-19 10:04:36,685 - INFO - Checkpoint saved to ./checkpoints/unet_04/latest.pth
2025-09-19 10:04:36,937 - INFO - Checkpoint saved to ./checkpoints/unet_04/best.pth
2025-09-19 10:04:36,937 - INFO - New best model! Score: 0.5214, IoU: 0.5535, MAE: 2.8252
2025-09-19 10:05:24,877 - INFO - Train Epoch 15 - Loss: 2.7102, Seg Loss: 0.1605, Offset Loss: 2.5497, IoU: 0.5052, MAE: 9.0975
2025-09-19 10:05:32,559 - INFO - Val Epoch 15 - Loss: 0.7842, Seg Loss: 0.1344, Offset Loss: 0.6498, IoU: 0.5566, MAE: 3.1917,bg_MAE: 2.5321, fg_MAE: 0.6596
2025-09-19 10:05:32,827 - INFO - Checkpoint saved to ./checkpoints/unet_04/latest.pth
2025-09-19 10:06:20,643 - INFO - Train Epoch 16 - Loss: 2.7560, Seg Loss: 0.1583, Offset Loss: 2.5977, IoU: 0.5185, MAE: 8.1756
2025-09-19 10:06:28,211 - INFO - Val Epoch 16 - Loss: 0.8260, Seg Loss: 0.1321, Offset Loss: 0.6939, IoU: 0.5623, MAE: 3.5729,bg_MAE: 2.8993, fg_MAE: 0.6736
2025-09-19 10:06:28,481 - INFO - Checkpoint saved to ./checkpoints/unet_04/latest.pth
2025-09-19 10:07:16,389 - INFO - Train Epoch 17 - Loss: 2.5288, Seg Loss: 0.1558, Offset Loss: 2.3730, IoU: 0.5087, MAE: 8.2800
2025-09-19 10:07:23,997 - INFO - Val Epoch 17 - Loss: 0.8036, Seg Loss: 0.1320, Offset Loss: 0.6716, IoU: 0.5628, MAE: 3.1516,bg_MAE: 2.4999, fg_MAE: 0.6517
2025-09-19 10:07:24,265 - INFO - Checkpoint saved to ./checkpoints/unet_04/latest.pth
2025-09-19 10:08:12,126 - INFO - Train Epoch 18 - Loss: 2.4925, Seg Loss: 0.1521, Offset Loss: 2.3405, IoU: 0.5235, MAE: 8.0982
2025-09-19 10:08:19,743 - INFO - Val Epoch 18 - Loss: 0.8773, Seg Loss: 0.1299, Offset Loss: 0.7474, IoU: 0.5694, MAE: 3.0061,bg_MAE: 2.3723, fg_MAE: 0.6338
2025-09-19 10:08:20,016 - INFO - Checkpoint saved to ./checkpoints/unet_04/latest.pth
2025-09-19 10:09:07,894 - INFO - Train Epoch 19 - Loss: 2.3800, Seg Loss: 0.1493, Offset Loss: 2.2307, IoU: 0.5130, MAE: 7.1642
2025-09-19 10:09:15,393 - INFO - Val Epoch 19 - Loss: 0.7874, Seg Loss: 0.1276, Offset Loss: 0.6598, IoU: 0.5685, MAE: 2.6302,bg_MAE: 1.9988, fg_MAE: 0.6314
2025-09-19 10:09:15,661 - INFO - Checkpoint saved to ./checkpoints/unet_04/latest.pth
2025-09-19 10:09:15,914 - INFO - Checkpoint saved to ./checkpoints/unet_04/best.pth
2025-09-19 10:09:15,914 - INFO - New best model! Score: 0.5581, IoU: 0.5685, MAE: 2.6302
2025-09-19 10:10:03,861 - INFO - Train Epoch 20 - Loss: 2.3081, Seg Loss: 0.1448, Offset Loss: 2.1633, IoU: 0.5405, MAE: 7.1423
2025-09-19 10:10:11,529 - INFO - Val Epoch 20 - Loss: 0.7651, Seg Loss: 0.1283, Offset Loss: 0.6368, IoU: 0.5688, MAE: 2.3924,bg_MAE: 1.7869, fg_MAE: 0.6055
2025-09-19 10:10:11,802 - INFO - Checkpoint saved to ./checkpoints/unet_04/latest.pth
2025-09-19 10:10:12,054 - INFO - Checkpoint saved to ./checkpoints/unet_04/best.pth
2025-09-19 10:10:12,054 - INFO - New best model! Score: 0.5818, IoU: 0.5688, MAE: 2.3924
2025-09-19 10:10:59,951 - INFO - Train Epoch 21 - Loss: 2.2633, Seg Loss: 0.1472, Offset Loss: 2.1161, IoU: 0.5250, MAE: 7.1743
2025-09-19 10:11:07,599 - INFO - Val Epoch 21 - Loss: 0.7773, Seg Loss: 0.1252, Offset Loss: 0.6521, IoU: 0.5758, MAE: 2.4565,bg_MAE: 1.8398, fg_MAE: 0.6167
2025-09-19 10:11:07,870 - INFO - Checkpoint saved to ./checkpoints/unet_04/latest.pth
2025-09-19 10:11:55,808 - INFO - Train Epoch 22 - Loss: 2.2901, Seg Loss: 0.1433, Offset Loss: 2.1468, IoU: 0.5382, MAE: 6.4500
2025-09-19 10:12:03,334 - INFO - Val Epoch 22 - Loss: 0.7562, Seg Loss: 0.1241, Offset Loss: 0.6321, IoU: 0.5782, MAE: 2.4393,bg_MAE: 1.7668, fg_MAE: 0.6724
2025-09-19 10:12:03,607 - INFO - Checkpoint saved to ./checkpoints/unet_04/latest.pth
2025-09-19 10:12:03,866 - INFO - Checkpoint saved to ./checkpoints/unet_04/best.pth
2025-09-19 10:12:03,867 - INFO - New best model! Score: 0.5880, IoU: 0.5782, MAE: 2.4393
2025-09-19 10:12:51,681 - INFO - Train Epoch 23 - Loss: 2.2091, Seg Loss: 0.1424, Offset Loss: 2.0667, IoU: 0.5562, MAE: 6.3515
2025-09-19 10:12:59,314 - INFO - Val Epoch 23 - Loss: 0.7490, Seg Loss: 0.1263, Offset Loss: 0.6227, IoU: 0.5750, MAE: 2.3425,bg_MAE: 1.7040, fg_MAE: 0.6384
2025-09-19 10:12:59,586 - INFO - Checkpoint saved to ./checkpoints/unet_04/latest.pth
2025-09-19 10:12:59,845 - INFO - Checkpoint saved to ./checkpoints/unet_04/best.pth
2025-09-19 10:12:59,845 - INFO - New best model! Score: 0.5937, IoU: 0.5750, MAE: 2.3425
2025-09-19 10:13:47,610 - INFO - Train Epoch 24 - Loss: 2.1646, Seg Loss: 0.1383, Offset Loss: 2.0263, IoU: 0.5381, MAE: 5.9979
2025-09-19 10:13:55,102 - INFO - Val Epoch 24 - Loss: 0.7198, Seg Loss: 0.1206, Offset Loss: 0.5991, IoU: 0.5890, MAE: 2.1173,bg_MAE: 1.4117, fg_MAE: 0.7056
2025-09-19 10:13:55,373 - INFO - Checkpoint saved to ./checkpoints/unet_04/latest.pth
2025-09-19 10:13:55,633 - INFO - Checkpoint saved to ./checkpoints/unet_04/best.pth
2025-09-19 10:13:55,633 - INFO - New best model! Score: 0.6322, IoU: 0.5890, MAE: 2.1173
2025-09-19 10:14:43,745 - INFO - Train Epoch 25 - Loss: 1.9256, Seg Loss: 0.1376, Offset Loss: 1.7880, IoU: 0.5596, MAE: 5.5234
2025-09-19 10:14:51,256 - INFO - Val Epoch 25 - Loss: 0.7687, Seg Loss: 0.1205, Offset Loss: 0.6481, IoU: 0.5936, MAE: 2.1779,bg_MAE: 1.4222, fg_MAE: 0.7557
2025-09-19 10:14:51,528 - INFO - Checkpoint saved to ./checkpoints/unet_04/latest.pth
2025-09-19 10:14:51,790 - INFO - Checkpoint saved to ./checkpoints/unet_04/best.pth
2025-09-19 10:14:51,790 - INFO - New best model! Score: 0.6328, IoU: 0.5936, MAE: 2.1779
2025-09-19 10:15:39,646 - INFO - Train Epoch 26 - Loss: 1.7912, Seg Loss: 0.1330, Offset Loss: 1.6582, IoU: 0.5748, MAE: 5.5403
2025-09-19 10:15:47,185 - INFO - Val Epoch 26 - Loss: 0.6875, Seg Loss: 0.1163, Offset Loss: 0.5712, IoU: 0.6074, MAE: 2.0264,bg_MAE: 1.3213, fg_MAE: 0.7051
2025-09-19 10:15:47,464 - INFO - Checkpoint saved to ./checkpoints/unet_04/latest.pth
2025-09-19 10:15:47,728 - INFO - Checkpoint saved to ./checkpoints/unet_04/best.pth
2025-09-19 10:15:47,729 - INFO - New best model! Score: 0.6513, IoU: 0.6074, MAE: 2.0264
2025-09-19 10:16:35,594 - INFO - Train Epoch 27 - Loss: 1.9072, Seg Loss: 0.1312, Offset Loss: 1.7759, IoU: 0.5437, MAE: 5.4030
2025-09-19 10:16:43,254 - INFO - Val Epoch 27 - Loss: 0.6641, Seg Loss: 0.1102, Offset Loss: 0.5538, IoU: 0.6320, MAE: 1.9715,bg_MAE: 1.2083, fg_MAE: 0.7632
2025-09-19 10:16:43,553 - INFO - Checkpoint saved to ./checkpoints/unet_04/latest.pth
2025-09-19 10:16:43,819 - INFO - Checkpoint saved to ./checkpoints/unet_04/best.pth
2025-09-19 10:16:43,820 - INFO - New best model! Score: 0.6755, IoU: 0.6320, MAE: 1.9715
2025-09-19 10:17:31,778 - INFO - Train Epoch 28 - Loss: 1.7617, Seg Loss: 0.1269, Offset Loss: 1.6348, IoU: 0.5981, MAE: 5.1331
2025-09-19 10:17:39,423 - INFO - Val Epoch 28 - Loss: 0.6750, Seg Loss: 0.1097, Offset Loss: 0.5652, IoU: 0.6339, MAE: 2.1221,bg_MAE: 1.2380, fg_MAE: 0.8841
2025-09-19 10:17:39,702 - INFO - Checkpoint saved to ./checkpoints/unet_04/latest.pth
2025-09-19 10:18:27,793 - INFO - Train Epoch 29 - Loss: 1.8186, Seg Loss: 0.1299, Offset Loss: 1.6886, IoU: 0.5756, MAE: 5.6931
2025-09-19 10:18:35,500 - INFO - Val Epoch 29 - Loss: 0.6686, Seg Loss: 0.1036, Offset Loss: 0.5650, IoU: 0.6558, MAE: 2.0342,bg_MAE: 1.1646, fg_MAE: 0.8697
2025-09-19 10:18:35,778 - INFO - Checkpoint saved to ./checkpoints/unet_04/latest.pth
2025-09-19 10:18:36,043 - INFO - Checkpoint saved to ./checkpoints/unet_04/best.pth
2025-09-19 10:18:36,043 - INFO - New best model! Score: 0.6911, IoU: 0.6558, MAE: 2.0342
2025-09-19 10:19:24,028 - INFO - Train Epoch 30 - Loss: 1.6821, Seg Loss: 0.1200, Offset Loss: 1.5622, IoU: 0.6229, MAE: 5.2340
2025-09-19 10:19:31,668 - INFO - Val Epoch 30 - Loss: 0.6762, Seg Loss: 0.1040, Offset Loss: 0.5722, IoU: 0.6549, MAE: 1.9735,bg_MAE: 1.1759, fg_MAE: 0.7976
2025-09-19 10:19:31,951 - INFO - Checkpoint saved to ./checkpoints/unet_04/latest.pth
2025-09-19 10:20:20,109 - INFO - Train Epoch 31 - Loss: 1.5892, Seg Loss: 0.1183, Offset Loss: 1.4709, IoU: 0.6259, MAE: 4.9182
2025-09-19 10:20:27,769 - INFO - Val Epoch 31 - Loss: 0.6233, Seg Loss: 0.0950, Offset Loss: 0.5283, IoU: 0.6902, MAE: 2.0508,bg_MAE: 1.1241, fg_MAE: 0.9267
2025-09-19 10:20:28,046 - INFO - Checkpoint saved to ./checkpoints/unet_04/latest.pth
2025-09-19 10:20:28,307 - INFO - Checkpoint saved to ./checkpoints/unet_04/best.pth
2025-09-19 10:20:28,308 - INFO - New best model! Score: 0.7122, IoU: 0.6902, MAE: 2.0508
2025-09-19 10:21:16,246 - INFO - Train Epoch 32 - Loss: 1.6552, Seg Loss: 0.1146, Offset Loss: 1.5406, IoU: 0.6266, MAE: 5.2552
2025-09-19 10:21:23,985 - INFO - Val Epoch 32 - Loss: 0.5905, Seg Loss: 0.0906, Offset Loss: 0.5000, IoU: 0.7014, MAE: 1.8903,bg_MAE: 0.9912, fg_MAE: 0.8991
2025-09-19 10:21:24,259 - INFO - Checkpoint saved to ./checkpoints/unet_04/latest.pth
2025-09-19 10:21:24,525 - INFO - Checkpoint saved to ./checkpoints/unet_04/best.pth
2025-09-19 10:21:24,525 - INFO - New best model! Score: 0.7327, IoU: 0.7014, MAE: 1.8903
2025-09-19 10:22:12,553 - INFO - Train Epoch 33 - Loss: 1.6849, Seg Loss: 0.1082, Offset Loss: 1.5767, IoU: 0.6535, MAE: 4.6903
2025-09-19 10:22:20,226 - INFO - Val Epoch 33 - Loss: 0.6550, Seg Loss: 0.0865, Offset Loss: 0.5684, IoU: 0.7156, MAE: 2.3990,bg_MAE: 1.2998, fg_MAE: 1.0992
2025-09-19 10:22:20,514 - INFO - Checkpoint saved to ./checkpoints/unet_04/latest.pth
2025-09-19 10:23:08,344 - INFO - Train Epoch 34 - Loss: 1.6142, Seg Loss: 0.1037, Offset Loss: 1.5105, IoU: 0.6822, MAE: 4.9508
2025-09-19 10:23:15,843 - INFO - Val Epoch 34 - Loss: 0.5704, Seg Loss: 0.0828, Offset Loss: 0.4876, IoU: 0.7283, MAE: 2.0688,bg_MAE: 0.9525, fg_MAE: 1.1163
2025-09-19 10:23:16,114 - INFO - Checkpoint saved to ./checkpoints/unet_04/latest.pth
2025-09-19 10:23:16,375 - INFO - Checkpoint saved to ./checkpoints/unet_04/best.pth
2025-09-19 10:23:16,376 - INFO - New best model! Score: 0.7482, IoU: 0.7283, MAE: 2.0688
2025-09-19 10:24:04,269 - INFO - Train Epoch 35 - Loss: 1.5967, Seg Loss: 0.0997, Offset Loss: 1.4970, IoU: 0.6753, MAE: 4.6167
2025-09-19 10:24:11,883 - INFO - Val Epoch 35 - Loss: 0.5943, Seg Loss: 0.0810, Offset Loss: 0.5133, IoU: 0.7376, MAE: 2.2697,bg_MAE: 1.1703, fg_MAE: 1.0994
2025-09-19 10:24:12,154 - INFO - Checkpoint saved to ./checkpoints/unet_04/latest.pth
2025-09-19 10:25:00,010 - INFO - Train Epoch 36 - Loss: 1.6094, Seg Loss: 0.0976, Offset Loss: 1.5118, IoU: 0.6865, MAE: 4.8308
2025-09-19 10:25:07,610 - INFO - Val Epoch 36 - Loss: 0.8944, Seg Loss: 0.0802, Offset Loss: 0.8141, IoU: 0.7396, MAE: 2.7469,bg_MAE: 1.4884, fg_MAE: 1.2584
2025-09-19 10:25:07,883 - INFO - Checkpoint saved to ./checkpoints/unet_04/latest.pth
2025-09-19 10:25:55,797 - INFO - Train Epoch 37 - Loss: 1.4631, Seg Loss: 0.0925, Offset Loss: 1.3706, IoU: 0.6840, MAE: 5.1208
2025-09-19 10:26:03,327 - INFO - Val Epoch 37 - Loss: 0.5174, Seg Loss: 0.0791, Offset Loss: 0.4384, IoU: 0.7445, MAE: 2.4949,bg_MAE: 1.0427, fg_MAE: 1.4522
2025-09-19 10:26:03,601 - INFO - Checkpoint saved to ./checkpoints/unet_04/latest.pth
2025-09-19 10:26:51,833 - INFO - Train Epoch 38 - Loss: 1.5118, Seg Loss: 0.0919, Offset Loss: 1.4199, IoU: 0.7002, MAE: 5.1219
2025-09-19 10:26:59,503 - INFO - Val Epoch 38 - Loss: 0.5361, Seg Loss: 0.0734, Offset Loss: 0.4627, IoU: 0.7631, MAE: 2.9225,bg_MAE: 1.3743, fg_MAE: 1.5481
2025-09-19 10:26:59,778 - INFO - Checkpoint saved to ./checkpoints/unet_04/latest.pth
2025-09-19 10:27:47,691 - INFO - Train Epoch 39 - Loss: 1.4627, Seg Loss: 0.0873, Offset Loss: 1.3753, IoU: 0.7073, MAE: 5.2613
2025-09-19 10:27:55,420 - INFO - Val Epoch 39 - Loss: 0.5189, Seg Loss: 0.0696, Offset Loss: 0.4494, IoU: 0.7758, MAE: 3.0107,bg_MAE: 1.2385, fg_MAE: 1.7722
2025-09-19 10:27:55,697 - INFO - Checkpoint saved to ./checkpoints/unet_04/latest.pth
2025-09-19 10:28:43,730 - INFO - Train Epoch 40 - Loss: 1.4388, Seg Loss: 0.0856, Offset Loss: 1.3532, IoU: 0.7368, MAE: 5.2253
2025-09-19 10:28:51,350 - INFO - Val Epoch 40 - Loss: 0.4377, Seg Loss: 0.0671, Offset Loss: 0.3706, IoU: 0.7829, MAE: 2.9097,bg_MAE: 0.9459, fg_MAE: 1.9637
2025-09-19 10:28:51,626 - INFO - Checkpoint saved to ./checkpoints/unet_04/latest.pth
2025-09-19 10:28:51,890 - INFO - Checkpoint saved to ./checkpoints/unet_04/best.pth
2025-09-19 10:28:51,891 - INFO - New best model! Score: 0.7677, IoU: 0.7829, MAE: 2.9097
2025-09-19 10:29:39,939 - INFO - Train Epoch 41 - Loss: 1.4992, Seg Loss: 0.0801, Offset Loss: 1.4191, IoU: 0.7397, MAE: 5.3496
2025-09-19 10:29:47,565 - INFO - Val Epoch 41 - Loss: 0.4482, Seg Loss: 0.0694, Offset Loss: 0.3788, IoU: 0.7741, MAE: 3.0659,bg_MAE: 1.0328, fg_MAE: 2.0331
2025-09-19 10:29:47,842 - INFO - Checkpoint saved to ./checkpoints/unet_04/latest.pth
2025-09-19 10:30:35,784 - INFO - Train Epoch 42 - Loss: 1.3651, Seg Loss: 0.0794, Offset Loss: 1.2858, IoU: 0.7345, MAE: 5.7517
2025-09-19 10:30:43,516 - INFO - Val Epoch 42 - Loss: 0.4637, Seg Loss: 0.0698, Offset Loss: 0.3939, IoU: 0.7755, MAE: 3.7857,bg_MAE: 1.3217, fg_MAE: 2.4640
2025-09-19 10:30:43,792 - INFO - Checkpoint saved to ./checkpoints/unet_04/latest.pth
2025-09-19 10:31:31,605 - INFO - Train Epoch 43 - Loss: 1.3322, Seg Loss: 0.0774, Offset Loss: 1.2548, IoU: 0.7459, MAE: 5.5043
2025-09-19 10:31:39,169 - INFO - Val Epoch 43 - Loss: 0.4359, Seg Loss: 0.0639, Offset Loss: 0.3720, IoU: 0.7913, MAE: 3.9406,bg_MAE: 1.2926, fg_MAE: 2.6480
2025-09-19 10:31:39,446 - INFO - Checkpoint saved to ./checkpoints/unet_04/latest.pth
2025-09-19 10:32:27,215 - INFO - Train Epoch 44 - Loss: 1.3525, Seg Loss: 0.0738, Offset Loss: 1.2787, IoU: 0.7604, MAE: 5.9239
2025-09-19 10:32:34,823 - INFO - Val Epoch 44 - Loss: 0.4763, Seg Loss: 0.0640, Offset Loss: 0.4123, IoU: 0.7955, MAE: 4.3951,bg_MAE: 1.4687, fg_MAE: 2.9263
2025-09-19 10:32:35,098 - INFO - Checkpoint saved to ./checkpoints/unet_04/latest.pth
2025-09-19 10:33:22,779 - INFO - Train Epoch 45 - Loss: 1.3293, Seg Loss: 0.0732, Offset Loss: 1.2562, IoU: 0.7649, MAE: 6.0239
2025-09-19 10:33:30,399 - INFO - Val Epoch 45 - Loss: 0.4230, Seg Loss: 0.0603, Offset Loss: 0.3627, IoU: 0.8024, MAE: 4.1783,bg_MAE: 1.3481, fg_MAE: 2.8302
2025-09-19 10:33:30,675 - INFO - Checkpoint saved to ./checkpoints/unet_04/latest.pth
2025-09-19 10:34:18,387 - INFO - Train Epoch 46 - Loss: 1.3952, Seg Loss: 0.0691, Offset Loss: 1.3261, IoU: 0.7518, MAE: 5.7531
2025-09-19 10:34:25,875 - INFO - Val Epoch 46 - Loss: 0.4713, Seg Loss: 0.0573, Offset Loss: 0.4140, IoU: 0.8122, MAE: 4.0326,bg_MAE: 1.2464, fg_MAE: 2.7862
2025-09-19 10:34:26,145 - INFO - Checkpoint saved to ./checkpoints/unet_04/latest.pth
2025-09-19 10:35:13,964 - INFO - Train Epoch 47 - Loss: 1.2347, Seg Loss: 0.0672, Offset Loss: 1.1675, IoU: 0.7637, MAE: 5.7001
2025-09-19 10:35:21,592 - INFO - Val Epoch 47 - Loss: 0.4073, Seg Loss: 0.0582, Offset Loss: 0.3491, IoU: 0.8126, MAE: 4.2026,bg_MAE: 1.3099, fg_MAE: 2.8927
2025-09-19 10:35:21,868 - INFO - Checkpoint saved to ./checkpoints/unet_04/latest.pth
2025-09-19 10:36:09,659 - INFO - Train Epoch 48 - Loss: 1.1976, Seg Loss: 0.0672, Offset Loss: 1.1304, IoU: 0.7814, MAE: 5.9215
2025-09-19 10:36:17,172 - INFO - Val Epoch 48 - Loss: 0.3920, Seg Loss: 0.0534, Offset Loss: 0.3386, IoU: 0.8244, MAE: 4.0881,bg_MAE: 1.2570, fg_MAE: 2.8311
2025-09-19 10:36:17,442 - INFO - Checkpoint saved to ./checkpoints/unet_04/latest.pth
2025-09-19 10:37:05,244 - INFO - Train Epoch 49 - Loss: 1.3509, Seg Loss: 0.0635, Offset Loss: 1.2874, IoU: 0.8048, MAE: 5.8185
2025-09-19 10:37:12,767 - INFO - Val Epoch 49 - Loss: 0.4058, Seg Loss: 0.0569, Offset Loss: 0.3489, IoU: 0.8137, MAE: 4.3715,bg_MAE: 1.3325, fg_MAE: 3.0390
2025-09-19 10:37:13,034 - INFO - Checkpoint saved to ./checkpoints/unet_04/latest.pth
2025-09-19 10:38:00,841 - INFO - Train Epoch 50 - Loss: 1.2776, Seg Loss: 0.0636, Offset Loss: 1.2139, IoU: 0.8158, MAE: 6.1785
2025-09-19 10:38:08,420 - INFO - Val Epoch 50 - Loss: 0.3620, Seg Loss: 0.0542, Offset Loss: 0.3078, IoU: 0.8247, MAE: 4.0978,bg_MAE: 1.1782, fg_MAE: 2.9196
2025-09-19 10:38:08,691 - INFO - Checkpoint saved to ./checkpoints/unet_04/latest.pth
2025-09-19 10:38:56,464 - INFO - Train Epoch 51 - Loss: 1.1845, Seg Loss: 0.0609, Offset Loss: 1.1237, IoU: 0.8025, MAE: 6.0608
2025-09-19 10:39:03,964 - INFO - Val Epoch 51 - Loss: 0.4201, Seg Loss: 0.0519, Offset Loss: 0.3682, IoU: 0.8320, MAE: 4.0459,bg_MAE: 1.2519, fg_MAE: 2.7940
2025-09-19 10:39:04,232 - INFO - Checkpoint saved to ./checkpoints/unet_04/latest.pth
2025-09-19 10:39:52,207 - INFO - Train Epoch 52 - Loss: 1.1612, Seg Loss: 0.0584, Offset Loss: 1.1028, IoU: 0.8256, MAE: 6.2541
2025-09-19 10:39:59,741 - INFO - Val Epoch 52 - Loss: 0.4071, Seg Loss: 0.0491, Offset Loss: 0.3580, IoU: 0.8387, MAE: 4.3658,bg_MAE: 1.2433, fg_MAE: 3.1226
2025-09-19 10:40:00,011 - INFO - Checkpoint saved to ./checkpoints/unet_04/latest.pth
2025-09-19 10:40:47,911 - INFO - Train Epoch 53 - Loss: 1.1214, Seg Loss: 0.0607, Offset Loss: 1.0607, IoU: 0.7757, MAE: 5.9182
2025-09-19 10:40:55,477 - INFO - Val Epoch 53 - Loss: 0.3499, Seg Loss: 0.0490, Offset Loss: 0.3009, IoU: 0.8386, MAE: 4.3968,bg_MAE: 1.2011, fg_MAE: 3.1957
2025-09-19 10:40:55,764 - INFO - Checkpoint saved to ./checkpoints/unet_04/latest.pth
2025-09-19 10:41:43,628 - INFO - Train Epoch 54 - Loss: 1.1104, Seg Loss: 0.0572, Offset Loss: 1.0532, IoU: 0.8019, MAE: 6.0722
2025-09-19 10:41:51,141 - INFO - Val Epoch 54 - Loss: 0.4515, Seg Loss: 0.0462, Offset Loss: 0.4053, IoU: 0.8486, MAE: 4.3499,bg_MAE: 1.3975, fg_MAE: 2.9524
2025-09-19 10:41:51,416 - INFO - Checkpoint saved to ./checkpoints/unet_04/latest.pth
2025-09-19 10:42:39,195 - INFO - Train Epoch 55 - Loss: 1.0561, Seg Loss: 0.0575, Offset Loss: 0.9986, IoU: 0.7932, MAE: 6.2841
2025-09-19 10:42:46,976 - INFO - Val Epoch 55 - Loss: 0.3605, Seg Loss: 0.0466, Offset Loss: 0.3139, IoU: 0.8434, MAE: 4.4018,bg_MAE: 1.2795, fg_MAE: 3.1222
2025-09-19 10:42:47,253 - INFO - Checkpoint saved to ./checkpoints/unet_04/latest.pth
2025-09-19 10:43:35,145 - INFO - Train Epoch 56 - Loss: 1.0721, Seg Loss: 0.0556, Offset Loss: 1.0165, IoU: 0.8135, MAE: 5.9309
2025-09-19 10:43:42,699 - INFO - Val Epoch 56 - Loss: 0.3204, Seg Loss: 0.0472, Offset Loss: 0.2732, IoU: 0.8447, MAE: 4.6412,bg_MAE: 1.3360, fg_MAE: 3.3052
2025-09-19 10:43:42,974 - INFO - Checkpoint saved to ./checkpoints/unet_04/latest.pth
2025-09-19 10:44:30,957 - INFO - Train Epoch 57 - Loss: 1.0053, Seg Loss: 0.0554, Offset Loss: 0.9499, IoU: 0.8011, MAE: 6.1629
2025-09-19 10:44:38,611 - INFO - Val Epoch 57 - Loss: 0.3032, Seg Loss: 0.0420, Offset Loss: 0.2612, IoU: 0.8595, MAE: 4.1781,bg_MAE: 1.0400, fg_MAE: 3.1381
2025-09-19 10:44:38,885 - INFO - Checkpoint saved to ./checkpoints/unet_04/latest.pth
2025-09-19 10:44:39,147 - INFO - Checkpoint saved to ./checkpoints/unet_04/best.pth
2025-09-19 10:44:39,147 - INFO - New best model! Score: 0.7840, IoU: 0.8595, MAE: 4.1781
2025-09-19 10:45:27,095 - INFO - Train Epoch 58 - Loss: 1.0275, Seg Loss: 0.0541, Offset Loss: 0.9734, IoU: 0.7981, MAE: 6.2085
2025-09-19 10:45:34,798 - INFO - Val Epoch 58 - Loss: 0.3096, Seg Loss: 0.0423, Offset Loss: 0.2673, IoU: 0.8572, MAE: 4.2848,bg_MAE: 1.1489, fg_MAE: 3.1359
2025-09-19 10:45:35,073 - INFO - Checkpoint saved to ./checkpoints/unet_04/latest.pth
2025-09-19 10:46:22,936 - INFO - Train Epoch 59 - Loss: 0.9304, Seg Loss: 0.0517, Offset Loss: 0.8786, IoU: 0.8484, MAE: 5.9991
2025-09-19 10:46:30,429 - INFO - Val Epoch 59 - Loss: 0.3253, Seg Loss: 0.0435, Offset Loss: 0.2817, IoU: 0.8559, MAE: 4.3359,bg_MAE: 1.1801, fg_MAE: 3.1558
2025-09-19 10:46:30,680 - INFO - Checkpoint saved to ./checkpoints/unet_04/latest.pth
2025-09-19 10:47:18,632 - INFO - Train Epoch 60 - Loss: 0.9455, Seg Loss: 0.0504, Offset Loss: 0.8951, IoU: 0.8499, MAE: 6.0169
2025-09-19 10:47:26,287 - INFO - Val Epoch 60 - Loss: 0.2925, Seg Loss: 0.0417, Offset Loss: 0.2507, IoU: 0.8591, MAE: 4.3059,bg_MAE: 1.0999, fg_MAE: 3.2060
2025-09-19 10:47:26,565 - INFO - Checkpoint saved to ./checkpoints/unet_04/latest.pth
2025-09-19 10:48:14,282 - INFO - Train Epoch 61 - Loss: 0.9578, Seg Loss: 0.0518, Offset Loss: 0.9060, IoU: 0.8348, MAE: 5.8247
2025-09-19 10:48:21,973 - INFO - Val Epoch 61 - Loss: 0.3448, Seg Loss: 0.0422, Offset Loss: 0.3026, IoU: 0.8605, MAE: 4.3919,bg_MAE: 1.0968, fg_MAE: 3.2951
2025-09-19 10:48:22,249 - INFO - Checkpoint saved to ./checkpoints/unet_04/latest.pth
2025-09-19 10:49:10,080 - INFO - Train Epoch 62 - Loss: 0.8944, Seg Loss: 0.0492, Offset Loss: 0.8451, IoU: 0.8626, MAE: 5.8018
2025-09-19 10:49:17,677 - INFO - Val Epoch 62 - Loss: 0.2944, Seg Loss: 0.0391, Offset Loss: 0.2553, IoU: 0.8676, MAE: 4.1701,bg_MAE: 0.9252, fg_MAE: 3.2448
2025-09-19 10:49:17,955 - INFO - Checkpoint saved to ./checkpoints/unet_04/latest.pth
2025-09-19 10:49:18,221 - INFO - Checkpoint saved to ./checkpoints/unet_04/best.pth
2025-09-19 10:49:18,222 - INFO - New best model! Score: 0.7996, IoU: 0.8676, MAE: 4.1701
2025-09-19 10:50:05,973 - INFO - Train Epoch 63 - Loss: 0.9216, Seg Loss: 0.0479, Offset Loss: 0.8737, IoU: 0.8428, MAE: 5.4166
2025-09-19 10:50:13,552 - INFO - Val Epoch 63 - Loss: 0.3086, Seg Loss: 0.0412, Offset Loss: 0.2674, IoU: 0.8631, MAE: 4.4359,bg_MAE: 0.9877, fg_MAE: 3.4482
2025-09-19 10:50:13,828 - INFO - Checkpoint saved to ./checkpoints/unet_04/latest.pth
2025-09-19 10:51:01,714 - INFO - Train Epoch 64 - Loss: 0.8426, Seg Loss: 0.0504, Offset Loss: 0.7922, IoU: 0.8021, MAE: 5.3170
2025-09-19 10:51:09,324 - INFO - Val Epoch 64 - Loss: 0.2873, Seg Loss: 0.0404, Offset Loss: 0.2470, IoU: 0.8634, MAE: 4.5141,bg_MAE: 1.0887, fg_MAE: 3.4254
2025-09-19 10:51:09,599 - INFO - Checkpoint saved to ./checkpoints/unet_04/latest.pth
2025-09-19 10:51:57,479 - INFO - Train Epoch 65 - Loss: 0.8188, Seg Loss: 0.0454, Offset Loss: 0.7734, IoU: 0.8458, MAE: 5.4054
2025-09-19 10:52:04,997 - INFO - Val Epoch 65 - Loss: 0.2463, Seg Loss: 0.0365, Offset Loss: 0.2097, IoU: 0.8754, MAE: 4.1913,bg_MAE: 0.8691, fg_MAE: 3.3222
2025-09-19 10:52:05,268 - INFO - Checkpoint saved to ./checkpoints/unet_04/latest.pth
2025-09-19 10:52:05,533 - INFO - Checkpoint saved to ./checkpoints/unet_04/best.pth
2025-09-19 10:52:05,533 - INFO - New best model! Score: 0.8089, IoU: 0.8754, MAE: 4.1913
2025-09-19 10:52:53,442 - INFO - Train Epoch 66 - Loss: 0.7848, Seg Loss: 0.0452, Offset Loss: 0.7396, IoU: 0.8311, MAE: 5.5957
2025-09-19 10:53:00,947 - INFO - Val Epoch 66 - Loss: 0.2610, Seg Loss: 0.0395, Offset Loss: 0.2215, IoU: 0.8671, MAE: 4.3580,bg_MAE: 0.9166, fg_MAE: 3.4414
2025-09-19 10:53:01,217 - INFO - Checkpoint saved to ./checkpoints/unet_04/latest.pth
2025-09-19 10:53:49,144 - INFO - Train Epoch 67 - Loss: 0.8385, Seg Loss: 0.0456, Offset Loss: 0.7930, IoU: 0.8225, MAE: 5.5506
2025-09-19 10:53:56,654 - INFO - Val Epoch 67 - Loss: 0.2540, Seg Loss: 0.0375, Offset Loss: 0.2164, IoU: 0.8772, MAE: 4.3113,bg_MAE: 0.9692, fg_MAE: 3.3421
2025-09-19 10:53:56,925 - INFO - Checkpoint saved to ./checkpoints/unet_04/latest.pth
2025-09-19 10:54:44,692 - INFO - Train Epoch 68 - Loss: 0.7202, Seg Loss: 0.0463, Offset Loss: 0.6739, IoU: 0.8377, MAE: 5.2708
2025-09-19 10:54:52,310 - INFO - Val Epoch 68 - Loss: 0.2740, Seg Loss: 0.0403, Offset Loss: 0.2337, IoU: 0.8728, MAE: 4.6637,bg_MAE: 1.2224, fg_MAE: 3.4413
2025-09-19 10:54:52,585 - INFO - Checkpoint saved to ./checkpoints/unet_04/latest.pth
2025-09-19 10:55:40,444 - INFO - Train Epoch 69 - Loss: 0.7312, Seg Loss: 0.0439, Offset Loss: 0.6873, IoU: 0.8487, MAE: 5.2359
2025-09-19 10:55:48,134 - INFO - Val Epoch 69 - Loss: 0.2676, Seg Loss: 0.0363, Offset Loss: 0.2313, IoU: 0.8795, MAE: 4.4630,bg_MAE: 1.1363, fg_MAE: 3.3267
2025-09-19 10:55:48,411 - INFO - Checkpoint saved to ./checkpoints/unet_04/latest.pth
2025-09-19 10:56:36,464 - INFO - Train Epoch 70 - Loss: 0.6801, Seg Loss: 0.0453, Offset Loss: 0.6349, IoU: 0.8213, MAE: 5.3531
2025-09-19 10:56:44,264 - INFO - Val Epoch 70 - Loss: 0.2471, Seg Loss: 0.0345, Offset Loss: 0.2125, IoU: 0.8849, MAE: 4.2761,bg_MAE: 0.9720, fg_MAE: 3.3041
2025-09-19 10:56:44,543 - INFO - Checkpoint saved to ./checkpoints/unet_04/latest.pth
2025-09-19 10:57:32,255 - INFO - Train Epoch 71 - Loss: 0.6316, Seg Loss: 0.0430, Offset Loss: 0.5886, IoU: 0.8585, MAE: 5.2067
2025-09-19 10:57:39,833 - INFO - Val Epoch 71 - Loss: 0.2715, Seg Loss: 0.0364, Offset Loss: 0.2350, IoU: 0.8840, MAE: 4.3104,bg_MAE: 0.9445, fg_MAE: 3.3659
2025-09-19 10:57:40,111 - INFO - Checkpoint saved to ./checkpoints/unet_04/latest.pth
2025-09-19 10:58:27,766 - INFO - Train Epoch 72 - Loss: 0.6794, Seg Loss: 0.0417, Offset Loss: 0.6377, IoU: 0.8600, MAE: 5.1956
2025-09-19 10:58:35,320 - INFO - Val Epoch 72 - Loss: 0.2364, Seg Loss: 0.0346, Offset Loss: 0.2018, IoU: 0.8849, MAE: 4.2637,bg_MAE: 0.8182, fg_MAE: 3.4455
2025-09-19 10:58:35,597 - INFO - Checkpoint saved to ./checkpoints/unet_04/latest.pth
2025-09-19 10:58:35,863 - INFO - Checkpoint saved to ./checkpoints/unet_04/best.pth
2025-09-19 10:58:35,863 - INFO - New best model! Score: 0.8180, IoU: 0.8849, MAE: 4.2637
2025-09-19 10:59:23,616 - INFO - Train Epoch 73 - Loss: 0.6287, Seg Loss: 0.0411, Offset Loss: 0.5876, IoU: 0.8550, MAE: 5.1150
2025-09-19 10:59:31,372 - INFO - Val Epoch 73 - Loss: 0.2521, Seg Loss: 0.0315, Offset Loss: 0.2206, IoU: 0.8887, MAE: 4.3965,bg_MAE: 0.8014, fg_MAE: 3.5952
2025-09-19 10:59:31,649 - INFO - Checkpoint saved to ./checkpoints/unet_04/latest.pth
2025-09-19 10:59:31,920 - INFO - Checkpoint saved to ./checkpoints/unet_04/best.pth
2025-09-19 10:59:31,920 - INFO - New best model! Score: 0.8203, IoU: 0.8887, MAE: 4.3965
2025-09-19 11:00:19,603 - INFO - Train Epoch 74 - Loss: 0.6314, Seg Loss: 0.0406, Offset Loss: 0.5909, IoU: 0.8559, MAE: 5.1935
2025-09-19 11:00:27,275 - INFO - Val Epoch 74 - Loss: 0.2537, Seg Loss: 0.0325, Offset Loss: 0.2212, IoU: 0.8866, MAE: 4.4578,bg_MAE: 0.9221, fg_MAE: 3.5358
2025-09-19 11:00:27,550 - INFO - Checkpoint saved to ./checkpoints/unet_04/latest.pth
2025-09-19 11:01:15,733 - INFO - Train Epoch 75 - Loss: 0.6398, Seg Loss: 0.0403, Offset Loss: 0.5994, IoU: 0.8637, MAE: 5.3279
2025-09-19 11:01:23,384 - INFO - Val Epoch 75 - Loss: 0.2363, Seg Loss: 0.0320, Offset Loss: 0.2043, IoU: 0.8879, MAE: 4.5269,bg_MAE: 0.8900, fg_MAE: 3.6368
2025-09-19 11:01:23,667 - INFO - Checkpoint saved to ./checkpoints/unet_04/latest.pth
2025-09-19 11:02:11,878 - INFO - Train Epoch 76 - Loss: 0.6153, Seg Loss: 0.0384, Offset Loss: 0.5769, IoU: 0.8561, MAE: 5.1181
2025-09-19 11:02:19,549 - INFO - Val Epoch 76 - Loss: 0.2213, Seg Loss: 0.0331, Offset Loss: 0.1883, IoU: 0.8903, MAE: 4.1565,bg_MAE: 0.6788, fg_MAE: 3.4776
2025-09-19 11:02:19,827 - INFO - Checkpoint saved to ./checkpoints/unet_04/latest.pth
2025-09-19 11:02:20,102 - INFO - Checkpoint saved to ./checkpoints/unet_04/best.pth
2025-09-19 11:02:20,102 - INFO - New best model! Score: 0.8357, IoU: 0.8903, MAE: 4.1565
2025-09-19 11:03:08,200 - INFO - Train Epoch 77 - Loss: 0.5904, Seg Loss: 0.0394, Offset Loss: 0.5510, IoU: 0.8552, MAE: 4.9333
2025-09-19 11:03:15,725 - INFO - Val Epoch 77 - Loss: 0.3584, Seg Loss: 0.0350, Offset Loss: 0.3234, IoU: 0.8821, MAE: 4.5849,bg_MAE: 0.9042, fg_MAE: 3.6807
2025-09-19 11:03:16,002 - INFO - Checkpoint saved to ./checkpoints/unet_04/latest.pth
2025-09-19 11:04:04,152 - INFO - Train Epoch 78 - Loss: 0.6002, Seg Loss: 0.0391, Offset Loss: 0.5611, IoU: 0.8658, MAE: 4.6968
2025-09-19 11:04:11,877 - INFO - Val Epoch 78 - Loss: 0.2027, Seg Loss: 0.0311, Offset Loss: 0.1717, IoU: 0.8950, MAE: 4.2320,bg_MAE: 0.6019, fg_MAE: 3.6300
2025-09-19 11:04:12,160 - INFO - Checkpoint saved to ./checkpoints/unet_04/latest.pth
2025-09-19 11:04:12,430 - INFO - Checkpoint saved to ./checkpoints/unet_04/best.pth
2025-09-19 11:04:12,431 - INFO - New best model! Score: 0.8450, IoU: 0.8950, MAE: 4.2320
2025-09-19 11:05:00,542 - INFO - Train Epoch 79 - Loss: 0.5536, Seg Loss: 0.0375, Offset Loss: 0.5161, IoU: 0.8929, MAE: 5.0124
2025-09-19 11:05:08,237 - INFO - Val Epoch 79 - Loss: 0.2046, Seg Loss: 0.0341, Offset Loss: 0.1705, IoU: 0.8916, MAE: 4.2772,bg_MAE: 0.6558, fg_MAE: 3.6214
2025-09-19 11:05:08,531 - INFO - Checkpoint saved to ./checkpoints/unet_04/latest.pth
2025-09-19 11:05:56,574 - INFO - Train Epoch 80 - Loss: 0.5497, Seg Loss: 0.0392, Offset Loss: 0.5104, IoU: 0.8815, MAE: 4.8364
2025-09-19 11:06:04,253 - INFO - Val Epoch 80 - Loss: 0.2011, Seg Loss: 0.0336, Offset Loss: 0.1675, IoU: 0.8879, MAE: 4.4700,bg_MAE: 0.7952, fg_MAE: 3.6749
2025-09-19 11:06:04,528 - INFO - Checkpoint saved to ./checkpoints/unet_04/latest.pth
2025-09-19 11:06:52,326 - INFO - Train Epoch 81 - Loss: 0.5824, Seg Loss: 0.0371, Offset Loss: 0.5453, IoU: 0.8696, MAE: 4.9296
2025-09-19 11:06:59,983 - INFO - Val Epoch 81 - Loss: 0.1968, Seg Loss: 0.0306, Offset Loss: 0.1662, IoU: 0.8965, MAE: 4.1178,bg_MAE: 0.5925, fg_MAE: 3.5253
2025-09-19 11:07:00,259 - INFO - Checkpoint saved to ./checkpoints/unet_04/latest.pth
2025-09-19 11:07:00,529 - INFO - Checkpoint saved to ./checkpoints/unet_04/best.pth
2025-09-19 11:07:00,530 - INFO - New best model! Score: 0.8478, IoU: 0.8965, MAE: 4.1178
2025-09-19 11:07:48,364 - INFO - Train Epoch 82 - Loss: 0.5518, Seg Loss: 0.0374, Offset Loss: 0.5144, IoU: 0.8690, MAE: 4.6231
2025-09-19 11:07:55,930 - INFO - Val Epoch 82 - Loss: 0.1979, Seg Loss: 0.0332, Offset Loss: 0.1647, IoU: 0.8936, MAE: 4.0416,bg_MAE: 0.5302, fg_MAE: 3.5114
2025-09-19 11:07:56,206 - INFO - Checkpoint saved to ./checkpoints/unet_04/latest.pth
2025-09-19 11:07:56,528 - INFO - Checkpoint saved to ./checkpoints/unet_04/best.pth
2025-09-19 11:07:56,529 - INFO - New best model! Score: 0.8534, IoU: 0.8936, MAE: 4.0416
2025-09-19 11:08:44,420 - INFO - Train Epoch 83 - Loss: 0.5487, Seg Loss: 0.0365, Offset Loss: 0.5122, IoU: 0.8609, MAE: 4.9435
2025-09-19 11:08:51,987 - INFO - Val Epoch 83 - Loss: 0.1939, Seg Loss: 0.0302, Offset Loss: 0.1637, IoU: 0.8968, MAE: 3.9977,bg_MAE: 0.6119, fg_MAE: 3.3858
2025-09-19 11:08:52,259 - INFO - Checkpoint saved to ./checkpoints/unet_04/latest.pth
2025-09-19 11:09:40,295 - INFO - Train Epoch 84 - Loss: 0.5282, Seg Loss: 0.0354, Offset Loss: 0.4928, IoU: 0.8829, MAE: 4.7629
2025-09-19 11:09:47,954 - INFO - Val Epoch 84 - Loss: 0.1976, Seg Loss: 0.0334, Offset Loss: 0.1643, IoU: 0.8922, MAE: 4.2025,bg_MAE: 0.5653, fg_MAE: 3.6372
2025-09-19 11:09:48,230 - INFO - Checkpoint saved to ./checkpoints/unet_04/latest.pth
2025-09-19 11:10:36,189 - INFO - Train Epoch 85 - Loss: 0.5107, Seg Loss: 0.0351, Offset Loss: 0.4756, IoU: 0.8915, MAE: 5.2904
2025-09-19 11:10:43,969 - INFO - Val Epoch 85 - Loss: 0.1921, Seg Loss: 0.0278, Offset Loss: 0.1642, IoU: 0.9022, MAE: 4.4511,bg_MAE: 0.6060, fg_MAE: 3.8451
2025-09-19 11:10:44,244 - INFO - Checkpoint saved to ./checkpoints/unet_04/latest.pth
2025-09-19 11:11:32,593 - INFO - Train Epoch 86 - Loss: 0.5011, Seg Loss: 0.0332, Offset Loss: 0.4679, IoU: 0.8740, MAE: 4.8605
2025-09-19 11:11:40,316 - INFO - Val Epoch 86 - Loss: 0.1943, Seg Loss: 0.0278, Offset Loss: 0.1665, IoU: 0.9026, MAE: 4.3325,bg_MAE: 0.5528, fg_MAE: 3.7797
2025-09-19 11:11:40,581 - INFO - Checkpoint saved to ./checkpoints/unet_04/latest.pth
2025-09-19 11:12:28,540 - INFO - Train Epoch 87 - Loss: 0.4737, Seg Loss: 0.0340, Offset Loss: 0.4397, IoU: 0.8806, MAE: 4.8086
2025-09-19 11:12:36,146 - INFO - Val Epoch 87 - Loss: 0.1847, Seg Loss: 0.0301, Offset Loss: 0.1546, IoU: 0.9022, MAE: 4.3369,bg_MAE: 0.6854, fg_MAE: 3.6515
2025-09-19 11:12:36,423 - INFO - Checkpoint saved to ./checkpoints/unet_04/latest.pth
2025-09-19 11:13:24,286 - INFO - Train Epoch 88 - Loss: 0.4234, Seg Loss: 0.0336, Offset Loss: 0.3899, IoU: 0.8783, MAE: 4.5494
2025-09-19 11:13:31,919 - INFO - Val Epoch 88 - Loss: 0.1766, Seg Loss: 0.0286, Offset Loss: 0.1480, IoU: 0.9064, MAE: 4.5046,bg_MAE: 0.6244, fg_MAE: 3.8802
2025-09-19 11:13:32,196 - INFO - Checkpoint saved to ./checkpoints/unet_04/latest.pth
2025-09-19 11:14:20,108 - INFO - Train Epoch 89 - Loss: 0.3706, Seg Loss: 0.0331, Offset Loss: 0.3376, IoU: 0.8933, MAE: 4.6177
2025-09-19 11:14:27,737 - INFO - Val Epoch 89 - Loss: 0.1699, Seg Loss: 0.0253, Offset Loss: 0.1446, IoU: 0.9093, MAE: 4.4385,bg_MAE: 0.5792, fg_MAE: 3.8593
2025-09-19 11:14:28,015 - INFO - Checkpoint saved to ./checkpoints/unet_04/latest.pth
2025-09-19 11:15:15,981 - INFO - Train Epoch 90 - Loss: 0.3131, Seg Loss: 0.0317, Offset Loss: 0.2813, IoU: 0.8880, MAE: 4.3238
2025-09-19 11:15:23,734 - INFO - Val Epoch 90 - Loss: 0.1686, Seg Loss: 0.0261, Offset Loss: 0.1424, IoU: 0.9051, MAE: 4.5567,bg_MAE: 0.5837, fg_MAE: 3.9730
2025-09-19 11:15:24,010 - INFO - Checkpoint saved to ./checkpoints/unet_04/latest.pth
2025-09-19 11:16:11,924 - INFO - Train Epoch 91 - Loss: 0.2619, Seg Loss: 0.0308, Offset Loss: 0.2311, IoU: 0.8947, MAE: 4.2015
2025-09-19 11:16:19,543 - INFO - Val Epoch 91 - Loss: 0.1627, Seg Loss: 0.0261, Offset Loss: 0.1366, IoU: 0.9063, MAE: 4.0054,bg_MAE: 0.5603, fg_MAE: 3.4451
2025-09-19 11:16:19,814 - INFO - Checkpoint saved to ./checkpoints/unet_04/latest.pth
2025-09-19 11:16:20,082 - INFO - Checkpoint saved to ./checkpoints/unet_04/best.pth
2025-09-19 11:16:20,082 - INFO - New best model! Score: 0.8570, IoU: 0.9063, MAE: 4.0054
2025-09-19 11:17:08,037 - INFO - Train Epoch 92 - Loss: 0.2490, Seg Loss: 0.0299, Offset Loss: 0.2191, IoU: 0.8940, MAE: 4.2554
2025-09-19 11:17:15,626 - INFO - Val Epoch 92 - Loss: 0.1625, Seg Loss: 0.0269, Offset Loss: 0.1357, IoU: 0.9028, MAE: 4.3413,bg_MAE: 0.5479, fg_MAE: 3.7934
2025-09-19 11:17:15,903 - INFO - Checkpoint saved to ./checkpoints/unet_04/latest.pth
2025-09-19 11:18:03,756 - INFO - Train Epoch 93 - Loss: 0.2477, Seg Loss: 0.0311, Offset Loss: 0.2166, IoU: 0.8869, MAE: 4.0292
2025-09-19 11:18:11,497 - INFO - Val Epoch 93 - Loss: 0.1519, Seg Loss: 0.0244, Offset Loss: 0.1275, IoU: 0.9121, MAE: 4.0968,bg_MAE: 0.4411, fg_MAE: 3.6557
2025-09-19 11:18:11,775 - INFO - Checkpoint saved to ./checkpoints/unet_04/latest.pth
2025-09-19 11:18:12,044 - INFO - Checkpoint saved to ./checkpoints/unet_04/best.pth
2025-09-19 11:18:12,044 - INFO - New best model! Score: 0.8710, IoU: 0.9121, MAE: 4.0968
2025-09-19 11:18:59,911 - INFO - Train Epoch 94 - Loss: 0.2368, Seg Loss: 0.0298, Offset Loss: 0.2070, IoU: 0.8832, MAE: 3.9890
2025-09-19 11:19:07,544 - INFO - Val Epoch 94 - Loss: 0.1558, Seg Loss: 0.0255, Offset Loss: 0.1303, IoU: 0.9063, MAE: 4.4688,bg_MAE: 0.5113, fg_MAE: 3.9575
2025-09-19 11:19:07,822 - INFO - Checkpoint saved to ./checkpoints/unet_04/latest.pth
2025-09-19 11:19:55,689 - INFO - Train Epoch 95 - Loss: 0.2366, Seg Loss: 0.0315, Offset Loss: 0.2051, IoU: 0.8886, MAE: 4.0464
2025-09-19 11:20:03,298 - INFO - Val Epoch 95 - Loss: 0.1503, Seg Loss: 0.0254, Offset Loss: 0.1249, IoU: 0.9104, MAE: 4.1687,bg_MAE: 0.4000, fg_MAE: 3.7687
2025-09-19 11:20:03,573 - INFO - Checkpoint saved to ./checkpoints/unet_04/latest.pth
2025-09-19 11:20:03,844 - INFO - Checkpoint saved to ./checkpoints/unet_04/best.pth
2025-09-19 11:20:03,844 - INFO - New best model! Score: 0.8735, IoU: 0.9104, MAE: 4.1687
2025-09-19 11:20:51,724 - INFO - Train Epoch 96 - Loss: 0.2252, Seg Loss: 0.0294, Offset Loss: 0.1958, IoU: 0.8957, MAE: 3.9249
2025-09-19 11:20:59,410 - INFO - Val Epoch 96 - Loss: 0.1479, Seg Loss: 0.0230, Offset Loss: 0.1249, IoU: 0.9155, MAE: 4.2759,bg_MAE: 0.3585, fg_MAE: 3.9174
2025-09-19 11:20:59,689 - INFO - Checkpoint saved to ./checkpoints/unet_04/latest.pth
2025-09-19 11:20:59,960 - INFO - Checkpoint saved to ./checkpoints/unet_04/best.pth
2025-09-19 11:20:59,960 - INFO - New best model! Score: 0.8791, IoU: 0.9155, MAE: 4.2759
2025-09-19 11:21:47,889 - INFO - Train Epoch 97 - Loss: 0.2259, Seg Loss: 0.0293, Offset Loss: 0.1966, IoU: 0.9045, MAE: 3.6394
2025-09-19 11:21:55,629 - INFO - Val Epoch 97 - Loss: 0.1471, Seg Loss: 0.0243, Offset Loss: 0.1228, IoU: 0.9123, MAE: 4.1215,bg_MAE: 0.3855, fg_MAE: 3.7359
2025-09-19 11:21:55,905 - INFO - Checkpoint saved to ./checkpoints/unet_04/latest.pth
2025-09-19 11:22:43,928 - INFO - Train Epoch 98 - Loss: 0.2169, Seg Loss: 0.0277, Offset Loss: 0.1892, IoU: 0.8993, MAE: 3.7894
2025-09-19 11:22:51,775 - INFO - Val Epoch 98 - Loss: 0.1478, Seg Loss: 0.0248, Offset Loss: 0.1230, IoU: 0.9101, MAE: 4.2646,bg_MAE: 0.4180, fg_MAE: 3.8466
2025-09-19 11:22:52,051 - INFO - Checkpoint saved to ./checkpoints/unet_04/latest.pth
2025-09-19 11:23:40,008 - INFO - Train Epoch 99 - Loss: 0.2146, Seg Loss: 0.0270, Offset Loss: 0.1876, IoU: 0.9024, MAE: 3.8588
2025-09-19 11:23:47,655 - INFO - Val Epoch 99 - Loss: 0.1398, Seg Loss: 0.0225, Offset Loss: 0.1173, IoU: 0.9172, MAE: 4.1838,bg_MAE: 0.3617, fg_MAE: 3.8220
2025-09-19 11:23:47,934 - INFO - Checkpoint saved to ./checkpoints/unet_04/latest.pth
2025-09-19 11:23:48,203 - INFO - Checkpoint saved to ./checkpoints/unet_04/best.pth
2025-09-19 11:23:48,203 - INFO - New best model! Score: 0.8806, IoU: 0.9172, MAE: 4.1838
2025-09-19 11:24:36,025 - INFO - Train Epoch 100 - Loss: 0.2095, Seg Loss: 0.0269, Offset Loss: 0.1826, IoU: 0.9139, MAE: 4.1603
2025-09-19 11:24:43,687 - INFO - Val Epoch 100 - Loss: 0.1405, Seg Loss: 0.0233, Offset Loss: 0.1172, IoU: 0.9169, MAE: 4.1448,bg_MAE: 0.3765, fg_MAE: 3.7682
2025-09-19 11:24:43,964 - INFO - Checkpoint saved to ./checkpoints/unet_04/latest.pth
2025-09-19 11:25:32,106 - INFO - Train Epoch 101 - Loss: 0.2061, Seg Loss: 0.0267, Offset Loss: 0.1795, IoU: 0.8908, MAE: 3.5606
2025-09-19 11:25:39,670 - INFO - Val Epoch 101 - Loss: 0.1328, Seg Loss: 0.0211, Offset Loss: 0.1117, IoU: 0.9229, MAE: 4.0626,bg_MAE: 0.3045, fg_MAE: 3.7581
2025-09-19 11:25:39,945 - INFO - Checkpoint saved to ./checkpoints/unet_04/latest.pth
2025-09-19 11:25:40,211 - INFO - Checkpoint saved to ./checkpoints/unet_04/best.pth
2025-09-19 11:25:40,211 - INFO - New best model! Score: 0.8904, IoU: 0.9229, MAE: 4.0626
2025-09-19 11:26:28,144 - INFO - Train Epoch 102 - Loss: 0.2010, Seg Loss: 0.0253, Offset Loss: 0.1757, IoU: 0.9147, MAE: 4.1686
2025-09-19 11:26:35,741 - INFO - Val Epoch 102 - Loss: 0.1371, Seg Loss: 0.0228, Offset Loss: 0.1142, IoU: 0.9170, MAE: 4.1637,bg_MAE: 0.3653, fg_MAE: 3.7984
2025-09-19 11:26:36,011 - INFO - Checkpoint saved to ./checkpoints/unet_04/latest.pth
2025-09-19 11:27:23,895 - INFO - Train Epoch 103 - Loss: 0.2003, Seg Loss: 0.0254, Offset Loss: 0.1749, IoU: 0.9066, MAE: 3.8806
2025-09-19 11:27:31,466 - INFO - Val Epoch 103 - Loss: 0.1323, Seg Loss: 0.0212, Offset Loss: 0.1110, IoU: 0.9222, MAE: 4.2579,bg_MAE: 0.3160, fg_MAE: 3.9419
2025-09-19 11:27:31,738 - INFO - Checkpoint saved to ./checkpoints/unet_04/latest.pth
2025-09-19 11:28:19,702 - INFO - Train Epoch 104 - Loss: 0.2015, Seg Loss: 0.0254, Offset Loss: 0.1761, IoU: 0.9065, MAE: 4.2609
2025-09-19 11:28:27,234 - INFO - Val Epoch 104 - Loss: 0.1305, Seg Loss: 0.0211, Offset Loss: 0.1094, IoU: 0.9217, MAE: 4.0248,bg_MAE: 0.2994, fg_MAE: 3.7254
2025-09-19 11:28:27,528 - INFO - Checkpoint saved to ./checkpoints/unet_04/latest.pth
2025-09-19 11:28:27,792 - INFO - Checkpoint saved to ./checkpoints/unet_04/best.pth
2025-09-19 11:28:27,793 - INFO - New best model! Score: 0.8907, IoU: 0.9217, MAE: 4.0248
2025-09-19 11:29:15,790 - INFO - Train Epoch 105 - Loss: 0.2046, Seg Loss: 0.0245, Offset Loss: 0.1801, IoU: 0.9165, MAE: 3.9723
2025-09-19 11:29:23,420 - INFO - Val Epoch 105 - Loss: 0.1305, Seg Loss: 0.0207, Offset Loss: 0.1098, IoU: 0.9231, MAE: 3.7633,bg_MAE: 0.3220, fg_MAE: 3.4413
2025-09-19 11:29:23,696 - INFO - Checkpoint saved to ./checkpoints/unet_04/latest.pth
2025-09-19 11:29:23,966 - INFO - Checkpoint saved to ./checkpoints/unet_04/best.pth
2025-09-19 11:29:23,967 - INFO - New best model! Score: 0.8917, IoU: 0.9231, MAE: 3.7633
2025-09-19 11:30:11,960 - INFO - Train Epoch 106 - Loss: 0.1933, Seg Loss: 0.0249, Offset Loss: 0.1684, IoU: 0.9146, MAE: 4.3321
2025-09-19 11:30:19,507 - INFO - Val Epoch 106 - Loss: 0.1259, Seg Loss: 0.0204, Offset Loss: 0.1054, IoU: 0.9245, MAE: 4.0265,bg_MAE: 0.3102, fg_MAE: 3.7162
2025-09-19 11:30:19,779 - INFO - Checkpoint saved to ./checkpoints/unet_04/latest.pth
2025-09-19 11:31:07,775 - INFO - Train Epoch 107 - Loss: 0.1874, Seg Loss: 0.0242, Offset Loss: 0.1632, IoU: 0.9216, MAE: 3.8626
2025-09-19 11:31:15,368 - INFO - Val Epoch 107 - Loss: 0.1268, Seg Loss: 0.0197, Offset Loss: 0.1071, IoU: 0.9258, MAE: 3.9090,bg_MAE: 0.2935, fg_MAE: 3.6155
2025-09-19 11:31:15,639 - INFO - Checkpoint saved to ./checkpoints/unet_04/latest.pth
2025-09-19 11:31:15,901 - INFO - Checkpoint saved to ./checkpoints/unet_04/best.pth
2025-09-19 11:31:15,902 - INFO - New best model! Score: 0.8945, IoU: 0.9258, MAE: 3.9090
2025-09-19 11:32:03,942 - INFO - Train Epoch 108 - Loss: 0.1820, Seg Loss: 0.0230, Offset Loss: 0.1590, IoU: 0.9158, MAE: 3.7251
2025-09-19 11:32:11,457 - INFO - Val Epoch 108 - Loss: 0.1289, Seg Loss: 0.0211, Offset Loss: 0.1078, IoU: 0.9219, MAE: 4.2924,bg_MAE: 0.3339, fg_MAE: 3.9584
2025-09-19 11:32:11,726 - INFO - Checkpoint saved to ./checkpoints/unet_04/latest.pth
2025-09-19 11:32:59,826 - INFO - Train Epoch 109 - Loss: 0.1816, Seg Loss: 0.0227, Offset Loss: 0.1589, IoU: 0.9242, MAE: 3.9417
2025-09-19 11:33:07,316 - INFO - Val Epoch 109 - Loss: 0.1262, Seg Loss: 0.0208, Offset Loss: 0.1054, IoU: 0.9232, MAE: 4.2313,bg_MAE: 0.3306, fg_MAE: 3.9007
2025-09-19 11:33:07,587 - INFO - Checkpoint saved to ./checkpoints/unet_04/latest.pth
2025-09-19 11:33:55,529 - INFO - Train Epoch 110 - Loss: 0.1766, Seg Loss: 0.0221, Offset Loss: 0.1545, IoU: 0.9297, MAE: 4.1409
2025-09-19 11:34:03,144 - INFO - Val Epoch 110 - Loss: 0.1188, Seg Loss: 0.0192, Offset Loss: 0.0997, IoU: 0.9283, MAE: 4.1959,bg_MAE: 0.2885, fg_MAE: 3.9073
2025-09-19 11:34:03,413 - INFO - Checkpoint saved to ./checkpoints/unet_04/latest.pth
2025-09-19 11:34:51,372 - INFO - Train Epoch 111 - Loss: 0.1750, Seg Loss: 0.0221, Offset Loss: 0.1529, IoU: 0.9174, MAE: 3.9637
2025-09-19 11:34:59,086 - INFO - Val Epoch 111 - Loss: 0.1263, Seg Loss: 0.0203, Offset Loss: 0.1059, IoU: 0.9236, MAE: 3.7028,bg_MAE: 0.2899, fg_MAE: 3.4129
2025-09-19 11:34:59,362 - INFO - Checkpoint saved to ./checkpoints/unet_04/latest.pth
2025-09-19 11:34:59,633 - INFO - Checkpoint saved to ./checkpoints/unet_04/best.pth
2025-09-19 11:34:59,633 - INFO - New best model! Score: 0.8958, IoU: 0.9236, MAE: 3.7028
2025-09-19 11:35:47,574 - INFO - Train Epoch 112 - Loss: 0.1741, Seg Loss: 0.0218, Offset Loss: 0.1522, IoU: 0.9202, MAE: 3.8437
2025-09-19 11:35:55,223 - INFO - Val Epoch 112 - Loss: 0.1185, Seg Loss: 0.0194, Offset Loss: 0.0991, IoU: 0.9274, MAE: 4.1498,bg_MAE: 0.3139, fg_MAE: 3.8359
2025-09-19 11:35:55,497 - INFO - Checkpoint saved to ./checkpoints/unet_04/latest.pth
2025-09-19 11:36:43,504 - INFO - Train Epoch 113 - Loss: 0.1680, Seg Loss: 0.0220, Offset Loss: 0.1460, IoU: 0.9330, MAE: 3.9158
2025-09-19 11:36:51,187 - INFO - Val Epoch 113 - Loss: 0.1185, Seg Loss: 0.0199, Offset Loss: 0.0985, IoU: 0.9274, MAE: 4.1017,bg_MAE: 0.2783, fg_MAE: 3.8234
2025-09-19 11:36:51,464 - INFO - Checkpoint saved to ./checkpoints/unet_04/latest.pth
2025-09-19 11:37:39,595 - INFO - Train Epoch 114 - Loss: 0.1670, Seg Loss: 0.0215, Offset Loss: 0.1454, IoU: 0.9156, MAE: 3.8901
2025-09-19 11:37:47,221 - INFO - Val Epoch 114 - Loss: 0.1151, Seg Loss: 0.0185, Offset Loss: 0.0967, IoU: 0.9300, MAE: 4.1654,bg_MAE: 0.2931, fg_MAE: 3.8723
2025-09-19 11:37:47,498 - INFO - Checkpoint saved to ./checkpoints/unet_04/latest.pth
2025-09-19 11:38:35,286 - INFO - Train Epoch 115 - Loss: 0.1676, Seg Loss: 0.0204, Offset Loss: 0.1472, IoU: 0.9302, MAE: 3.8598
2025-09-19 11:38:42,880 - INFO - Val Epoch 115 - Loss: 0.1237, Seg Loss: 0.0218, Offset Loss: 0.1019, IoU: 0.9215, MAE: 4.1462,bg_MAE: 0.3469, fg_MAE: 3.7992
2025-09-19 11:38:43,151 - INFO - Checkpoint saved to ./checkpoints/unet_04/latest.pth
2025-09-19 11:39:31,190 - INFO - Train Epoch 116 - Loss: 0.1634, Seg Loss: 0.0203, Offset Loss: 0.1431, IoU: 0.9319, MAE: 4.1140
2025-09-19 11:39:38,887 - INFO - Val Epoch 116 - Loss: 0.1144, Seg Loss: 0.0185, Offset Loss: 0.0959, IoU: 0.9311, MAE: 4.1307,bg_MAE: 0.2889, fg_MAE: 3.8418
2025-09-19 11:39:39,163 - INFO - Checkpoint saved to ./checkpoints/unet_04/latest.pth
2025-09-19 11:40:27,053 - INFO - Train Epoch 117 - Loss: 0.1578, Seg Loss: 0.0203, Offset Loss: 0.1375, IoU: 0.9308, MAE: 3.7673
2025-09-19 11:40:34,634 - INFO - Val Epoch 117 - Loss: 0.1106, Seg Loss: 0.0184, Offset Loss: 0.0922, IoU: 0.9313, MAE: 3.9486,bg_MAE: 0.2837, fg_MAE: 3.6649
2025-09-19 11:40:34,908 - INFO - Checkpoint saved to ./checkpoints/unet_04/latest.pth
2025-09-19 11:40:35,175 - INFO - Checkpoint saved to ./checkpoints/unet_04/best.pth
2025-09-19 11:40:35,175 - INFO - New best model! Score: 0.8978, IoU: 0.9313, MAE: 3.9486
2025-09-19 11:41:22,837 - INFO - Train Epoch 118 - Loss: 0.1558, Seg Loss: 0.0195, Offset Loss: 0.1364, IoU: 0.9268, MAE: 4.0385
2025-09-19 11:41:30,497 - INFO - Val Epoch 118 - Loss: 0.1108, Seg Loss: 0.0178, Offset Loss: 0.0930, IoU: 0.9331, MAE: 3.8550,bg_MAE: 0.2798, fg_MAE: 3.5752
2025-09-19 11:41:30,771 - INFO - Checkpoint saved to ./checkpoints/unet_04/latest.pth
2025-09-19 11:41:31,037 - INFO - Checkpoint saved to ./checkpoints/unet_04/best.pth
2025-09-19 11:41:31,038 - INFO - New best model! Score: 0.9000, IoU: 0.9331, MAE: 3.8550
2025-09-19 11:42:18,884 - INFO - Train Epoch 119 - Loss: 0.1558, Seg Loss: 0.0197, Offset Loss: 0.1361, IoU: 0.9250, MAE: 3.6476
2025-09-19 11:42:26,531 - INFO - Val Epoch 119 - Loss: 0.1095, Seg Loss: 0.0182, Offset Loss: 0.0913, IoU: 0.9308, MAE: 4.2364,bg_MAE: 0.2979, fg_MAE: 3.9384
2025-09-19 11:42:26,808 - INFO - Checkpoint saved to ./checkpoints/unet_04/latest.pth
2025-09-19 11:43:14,786 - INFO - Train Epoch 120 - Loss: 0.1533, Seg Loss: 0.0192, Offset Loss: 0.1341, IoU: 0.9316, MAE: 3.5692
2025-09-19 11:43:22,457 - INFO - Val Epoch 120 - Loss: 0.1067, Seg Loss: 0.0173, Offset Loss: 0.0894, IoU: 0.9350, MAE: 3.9546,bg_MAE: 0.2737, fg_MAE: 3.6809
2025-09-19 11:43:22,734 - INFO - Checkpoint saved to ./checkpoints/unet_04/latest.pth
2025-09-19 11:43:23,008 - INFO - Checkpoint saved to ./checkpoints/unet_04/best.pth
2025-09-19 11:43:23,008 - INFO - New best model! Score: 0.9006, IoU: 0.9350, MAE: 3.9546
2025-09-19 11:44:11,162 - INFO - Train Epoch 121 - Loss: 0.1527, Seg Loss: 0.0192, Offset Loss: 0.1335, IoU: 0.9322, MAE: 3.6317
2025-09-19 11:44:18,721 - INFO - Val Epoch 121 - Loss: 0.1079, Seg Loss: 0.0177, Offset Loss: 0.0902, IoU: 0.9324, MAE: 4.3500,bg_MAE: 0.3015, fg_MAE: 4.0485
2025-09-19 11:44:18,997 - INFO - Checkpoint saved to ./checkpoints/unet_04/latest.pth
2025-09-19 11:45:06,882 - INFO - Train Epoch 122 - Loss: 0.1516, Seg Loss: 0.0188, Offset Loss: 0.1328, IoU: 0.9245, MAE: 3.7967
2025-09-19 11:45:14,489 - INFO - Val Epoch 122 - Loss: 0.1067, Seg Loss: 0.0180, Offset Loss: 0.0887, IoU: 0.9330, MAE: 4.0485,bg_MAE: 0.2646, fg_MAE: 3.7839
2025-09-19 11:45:14,765 - INFO - Checkpoint saved to ./checkpoints/unet_04/latest.pth
2025-09-19 11:46:02,529 - INFO - Train Epoch 123 - Loss: 0.1487, Seg Loss: 0.0186, Offset Loss: 0.1301, IoU: 0.9315, MAE: 4.1097
2025-09-19 11:46:10,096 - INFO - Val Epoch 123 - Loss: 0.1035, Seg Loss: 0.0171, Offset Loss: 0.0864, IoU: 0.9359, MAE: 4.0028,bg_MAE: 0.2608, fg_MAE: 3.7420
2025-09-19 11:46:10,372 - INFO - Checkpoint saved to ./checkpoints/unet_04/latest.pth
2025-09-19 11:46:10,643 - INFO - Checkpoint saved to ./checkpoints/unet_04/best.pth
2025-09-19 11:46:10,643 - INFO - New best model! Score: 0.9018, IoU: 0.9359, MAE: 4.0028
2025-09-19 11:46:58,480 - INFO - Train Epoch 124 - Loss: 0.1461, Seg Loss: 0.0179, Offset Loss: 0.1281, IoU: 0.9337, MAE: 3.7935
2025-09-19 11:47:06,173 - INFO - Val Epoch 124 - Loss: 0.1091, Seg Loss: 0.0172, Offset Loss: 0.0919, IoU: 0.9346, MAE: 3.8073,bg_MAE: 0.2807, fg_MAE: 3.5266
2025-09-19 11:47:06,450 - INFO - Checkpoint saved to ./checkpoints/unet_04/latest.pth
2025-09-19 11:47:54,291 - INFO - Train Epoch 125 - Loss: 0.1426, Seg Loss: 0.0172, Offset Loss: 0.1254, IoU: 0.9368, MAE: 4.1567
2025-09-19 11:48:01,820 - INFO - Val Epoch 125 - Loss: 0.1077, Seg Loss: 0.0176, Offset Loss: 0.0902, IoU: 0.9338, MAE: 4.1487,bg_MAE: 0.2992, fg_MAE: 3.8495
2025-09-19 11:48:02,092 - INFO - Checkpoint saved to ./checkpoints/unet_04/latest.pth
2025-09-19 11:48:50,035 - INFO - Train Epoch 126 - Loss: 0.1433, Seg Loss: 0.0174, Offset Loss: 0.1258, IoU: 0.9326, MAE: 4.2587
2025-09-19 11:48:57,530 - INFO - Val Epoch 126 - Loss: 0.1025, Seg Loss: 0.0164, Offset Loss: 0.0861, IoU: 0.9377, MAE: 3.8763,bg_MAE: 0.2594, fg_MAE: 3.6170
2025-09-19 11:48:57,802 - INFO - Checkpoint saved to ./checkpoints/unet_04/latest.pth
2025-09-19 11:48:58,069 - INFO - Checkpoint saved to ./checkpoints/unet_04/best.pth
2025-09-19 11:48:58,069 - INFO - New best model! Score: 0.9041, IoU: 0.9377, MAE: 3.8763
2025-09-19 11:49:46,086 - INFO - Train Epoch 127 - Loss: 0.1475, Seg Loss: 0.0182, Offset Loss: 0.1293, IoU: 0.9368, MAE: 3.8510
2025-09-19 11:49:53,637 - INFO - Val Epoch 127 - Loss: 0.1042, Seg Loss: 0.0174, Offset Loss: 0.0868, IoU: 0.9362, MAE: 4.0910,bg_MAE: 0.2519, fg_MAE: 3.8391
2025-09-19 11:49:53,910 - INFO - Checkpoint saved to ./checkpoints/unet_04/latest.pth
2025-09-19 11:50:41,978 - INFO - Train Epoch 128 - Loss: 0.1400, Seg Loss: 0.0178, Offset Loss: 0.1223, IoU: 0.9283, MAE: 3.9037
2025-09-19 11:50:49,514 - INFO - Val Epoch 128 - Loss: 0.1017, Seg Loss: 0.0173, Offset Loss: 0.0844, IoU: 0.9344, MAE: 4.1982,bg_MAE: 0.2974, fg_MAE: 3.9007
2025-09-19 11:50:49,789 - INFO - Checkpoint saved to ./checkpoints/unet_04/latest.pth
2025-09-19 11:51:37,628 - INFO - Train Epoch 129 - Loss: 0.1365, Seg Loss: 0.0171, Offset Loss: 0.1194, IoU: 0.9232, MAE: 4.0228
2025-09-19 11:51:45,130 - INFO - Val Epoch 129 - Loss: 0.1014, Seg Loss: 0.0165, Offset Loss: 0.0849, IoU: 0.9381, MAE: 4.0077,bg_MAE: 0.2660, fg_MAE: 3.7416
2025-09-19 11:51:45,402 - INFO - Checkpoint saved to ./checkpoints/unet_04/latest.pth
2025-09-19 11:52:33,376 - INFO - Train Epoch 130 - Loss: 0.1388, Seg Loss: 0.0168, Offset Loss: 0.1221, IoU: 0.9296, MAE: 3.7001
2025-09-19 11:52:40,846 - INFO - Val Epoch 130 - Loss: 0.1002, Seg Loss: 0.0167, Offset Loss: 0.0835, IoU: 0.9377, MAE: 4.0355,bg_MAE: 0.2726, fg_MAE: 3.7629
2025-09-19 11:52:41,140 - INFO - Checkpoint saved to ./checkpoints/unet_04/latest.pth
2025-09-19 11:53:28,894 - INFO - Train Epoch 131 - Loss: 0.1368, Seg Loss: 0.0166, Offset Loss: 0.1202, IoU: 0.9425, MAE: 4.3462
2025-09-19 11:53:36,500 - INFO - Val Epoch 131 - Loss: 0.1012, Seg Loss: 0.0161, Offset Loss: 0.0851, IoU: 0.9389, MAE: 3.8118,bg_MAE: 0.2458, fg_MAE: 3.5661
2025-09-19 11:53:36,776 - INFO - Checkpoint saved to ./checkpoints/unet_04/latest.pth
2025-09-19 11:53:37,047 - INFO - Checkpoint saved to ./checkpoints/unet_04/best.pth
2025-09-19 11:53:37,048 - INFO - New best model! Score: 0.9068, IoU: 0.9389, MAE: 3.8118
2025-09-19 11:54:24,857 - INFO - Train Epoch 132 - Loss: 0.1342, Seg Loss: 0.0167, Offset Loss: 0.1176, IoU: 0.9370, MAE: 4.0391
2025-09-19 11:54:32,483 - INFO - Val Epoch 132 - Loss: 0.0971, Seg Loss: 0.0158, Offset Loss: 0.0813, IoU: 0.9394, MAE: 4.1534,bg_MAE: 0.2608, fg_MAE: 3.8926
2025-09-19 11:54:32,759 - INFO - Checkpoint saved to ./checkpoints/unet_04/latest.pth
2025-09-19 11:55:20,434 - INFO - Train Epoch 133 - Loss: 0.1345, Seg Loss: 0.0167, Offset Loss: 0.1177, IoU: 0.9403, MAE: 3.8881
2025-09-19 11:55:28,019 - INFO - Val Epoch 133 - Loss: 0.1080, Seg Loss: 0.0195, Offset Loss: 0.0885, IoU: 0.9304, MAE: 4.0602,bg_MAE: 0.3149, fg_MAE: 3.7452
2025-09-19 11:55:28,296 - INFO - Checkpoint saved to ./checkpoints/unet_04/latest.pth
2025-09-19 11:56:16,059 - INFO - Train Epoch 134 - Loss: 0.1333, Seg Loss: 0.0162, Offset Loss: 0.1171, IoU: 0.9352, MAE: 4.2166
2025-09-19 11:56:23,765 - INFO - Val Epoch 134 - Loss: 0.0991, Seg Loss: 0.0163, Offset Loss: 0.0828, IoU: 0.9390, MAE: 3.9727,bg_MAE: 0.2611, fg_MAE: 3.7116
2025-09-19 11:56:24,042 - INFO - Checkpoint saved to ./checkpoints/unet_04/latest.pth
2025-09-19 11:57:11,992 - INFO - Train Epoch 135 - Loss: 0.1306, Seg Loss: 0.0161, Offset Loss: 0.1145, IoU: 0.9476, MAE: 3.8941
2025-09-19 11:57:19,557 - INFO - Val Epoch 135 - Loss: 0.0953, Seg Loss: 0.0156, Offset Loss: 0.0797, IoU: 0.9411, MAE: 3.9768,bg_MAE: 0.2604, fg_MAE: 3.7165
2025-09-19 11:57:19,833 - INFO - Checkpoint saved to ./checkpoints/unet_04/latest.pth
2025-09-19 11:58:07,587 - INFO - Train Epoch 136 - Loss: 0.1285, Seg Loss: 0.0157, Offset Loss: 0.1127, IoU: 0.9441, MAE: 3.9365
2025-09-19 11:58:15,143 - INFO - Val Epoch 136 - Loss: 0.0942, Seg Loss: 0.0157, Offset Loss: 0.0785, IoU: 0.9415, MAE: 3.9428,bg_MAE: 0.2492, fg_MAE: 3.6936
2025-09-19 11:58:15,419 - INFO - Checkpoint saved to ./checkpoints/unet_04/latest.pth
2025-09-19 11:59:03,291 - INFO - Train Epoch 137 - Loss: 0.1237, Seg Loss: 0.0152, Offset Loss: 0.1085, IoU: 0.9439, MAE: 3.8969
2025-09-19 11:59:10,979 - INFO - Val Epoch 137 - Loss: 0.0991, Seg Loss: 0.0167, Offset Loss: 0.0824, IoU: 0.9379, MAE: 4.2656,bg_MAE: 0.2768, fg_MAE: 3.9888
2025-09-19 11:59:11,260 - INFO - Checkpoint saved to ./checkpoints/unet_04/latest.pth
2025-09-19 11:59:59,260 - INFO - Train Epoch 138 - Loss: 0.1240, Seg Loss: 0.0152, Offset Loss: 0.1087, IoU: 0.9445, MAE: 3.8892
2025-09-19 12:00:06,831 - INFO - Val Epoch 138 - Loss: 0.0939, Seg Loss: 0.0157, Offset Loss: 0.0782, IoU: 0.9408, MAE: 4.2570,bg_MAE: 0.2561, fg_MAE: 4.0009
2025-09-19 12:00:07,104 - INFO - Checkpoint saved to ./checkpoints/unet_04/latest.pth
2025-09-19 12:00:55,024 - INFO - Train Epoch 139 - Loss: 0.1242, Seg Loss: 0.0156, Offset Loss: 0.1085, IoU: 0.9417, MAE: 4.1067
2025-09-19 12:01:02,556 - INFO - Val Epoch 139 - Loss: 0.0953, Seg Loss: 0.0157, Offset Loss: 0.0796, IoU: 0.9408, MAE: 4.2789,bg_MAE: 0.2631, fg_MAE: 4.0158
2025-09-19 12:01:02,826 - INFO - Checkpoint saved to ./checkpoints/unet_04/latest.pth
2025-09-19 12:01:50,712 - INFO - Train Epoch 140 - Loss: 0.1236, Seg Loss: 0.0150, Offset Loss: 0.1086, IoU: 0.9398, MAE: 3.9915
2025-09-19 12:01:58,306 - INFO - Val Epoch 140 - Loss: 0.1023, Seg Loss: 0.0163, Offset Loss: 0.0859, IoU: 0.9398, MAE: 4.6577,bg_MAE: 0.3115, fg_MAE: 4.3462
2025-09-19 12:01:58,578 - INFO - Checkpoint saved to ./checkpoints/unet_04/latest.pth
2025-09-19 12:02:46,787 - INFO - Train Epoch 141 - Loss: 0.1237, Seg Loss: 0.0155, Offset Loss: 0.1082, IoU: 0.9401, MAE: 3.9813
2025-09-19 12:02:54,451 - INFO - Val Epoch 141 - Loss: 0.0944, Seg Loss: 0.0158, Offset Loss: 0.0786, IoU: 0.9404, MAE: 4.1822,bg_MAE: 0.2703, fg_MAE: 3.9119
2025-09-19 12:02:54,725 - INFO - Checkpoint saved to ./checkpoints/unet_04/latest.pth
2025-09-19 12:03:42,729 - INFO - Train Epoch 142 - Loss: 0.1216, Seg Loss: 0.0148, Offset Loss: 0.1068, IoU: 0.9425, MAE: 3.9178
2025-09-19 12:03:50,312 - INFO - Val Epoch 142 - Loss: 0.0917, Seg Loss: 0.0152, Offset Loss: 0.0766, IoU: 0.9430, MAE: 3.9084,bg_MAE: 0.2355, fg_MAE: 3.6729
2025-09-19 12:03:50,590 - INFO - Checkpoint saved to ./checkpoints/unet_04/latest.pth
2025-09-19 12:03:50,862 - INFO - Checkpoint saved to ./checkpoints/unet_04/best.pth
2025-09-19 12:03:50,863 - INFO - New best model! Score: 0.9089, IoU: 0.9430, MAE: 3.9084
2025-09-19 12:04:38,906 - INFO - Train Epoch 143 - Loss: 0.1201, Seg Loss: 0.0142, Offset Loss: 0.1059, IoU: 0.9444, MAE: 4.0147
2025-09-19 12:04:46,520 - INFO - Val Epoch 143 - Loss: 0.0912, Seg Loss: 0.0152, Offset Loss: 0.0760, IoU: 0.9434, MAE: 4.1948,bg_MAE: 0.2441, fg_MAE: 3.9506
2025-09-19 12:04:46,795 - INFO - Checkpoint saved to ./checkpoints/unet_04/latest.pth
2025-09-19 12:05:35,015 - INFO - Train Epoch 144 - Loss: 0.1187, Seg Loss: 0.0145, Offset Loss: 0.1043, IoU: 0.9442, MAE: 3.9713
2025-09-19 12:05:42,673 - INFO - Val Epoch 144 - Loss: 0.0908, Seg Loss: 0.0153, Offset Loss: 0.0756, IoU: 0.9430, MAE: 3.9384,bg_MAE: 0.2471, fg_MAE: 3.6914
2025-09-19 12:05:42,948 - INFO - Checkpoint saved to ./checkpoints/unet_04/latest.pth
2025-09-19 12:06:30,999 - INFO - Train Epoch 145 - Loss: 0.1188, Seg Loss: 0.0147, Offset Loss: 0.1041, IoU: 0.9440, MAE: 4.1957
2025-09-19 12:06:38,520 - INFO - Val Epoch 145 - Loss: 0.0877, Seg Loss: 0.0146, Offset Loss: 0.0731, IoU: 0.9443, MAE: 4.0231,bg_MAE: 0.2393, fg_MAE: 3.7837
2025-09-19 12:06:38,795 - INFO - Checkpoint saved to ./checkpoints/unet_04/latest.pth
2025-09-19 12:07:26,899 - INFO - Train Epoch 146 - Loss: 0.1185, Seg Loss: 0.0142, Offset Loss: 0.1043, IoU: 0.9468, MAE: 4.3447
2025-09-19 12:07:34,543 - INFO - Val Epoch 146 - Loss: 0.0919, Seg Loss: 0.0152, Offset Loss: 0.0767, IoU: 0.9426, MAE: 4.3390,bg_MAE: 0.2700, fg_MAE: 4.0690
2025-09-19 12:07:34,819 - INFO - Checkpoint saved to ./checkpoints/unet_04/latest.pth
2025-09-19 12:08:22,846 - INFO - Train Epoch 147 - Loss: 0.1176, Seg Loss: 0.0138, Offset Loss: 0.1038, IoU: 0.9471, MAE: 3.7244
2025-09-19 12:08:30,393 - INFO - Val Epoch 147 - Loss: 0.0934, Seg Loss: 0.0157, Offset Loss: 0.0777, IoU: 0.9412, MAE: 4.3188,bg_MAE: 0.2804, fg_MAE: 4.0384
2025-09-19 12:08:30,665 - INFO - Checkpoint saved to ./checkpoints/unet_04/latest.pth
2025-09-19 12:09:18,580 - INFO - Train Epoch 148 - Loss: 0.1150, Seg Loss: 0.0139, Offset Loss: 0.1011, IoU: 0.9523, MAE: 4.2995
2025-09-19 12:09:26,191 - INFO - Val Epoch 148 - Loss: 0.0916, Seg Loss: 0.0157, Offset Loss: 0.0759, IoU: 0.9407, MAE: 3.9687,bg_MAE: 0.2502, fg_MAE: 3.7185
2025-09-19 12:09:26,468 - INFO - Checkpoint saved to ./checkpoints/unet_04/latest.pth
2025-09-19 12:10:14,353 - INFO - Train Epoch 149 - Loss: 0.1167, Seg Loss: 0.0135, Offset Loss: 0.1032, IoU: 0.9483, MAE: 3.5553
2025-09-19 12:10:21,943 - INFO - Val Epoch 149 - Loss: 0.0903, Seg Loss: 0.0149, Offset Loss: 0.0755, IoU: 0.9432, MAE: 4.1580,bg_MAE: 0.2558, fg_MAE: 3.9022
2025-09-19 12:10:22,218 - INFO - Checkpoint saved to ./checkpoints/unet_04/latest.pth
2025-09-19 12:11:10,195 - INFO - Train Epoch 150 - Loss: 0.1146, Seg Loss: 0.0139, Offset Loss: 0.1006, IoU: 0.9466, MAE: 4.4443
2025-09-19 12:11:17,764 - INFO - Val Epoch 150 - Loss: 0.0967, Seg Loss: 0.0177, Offset Loss: 0.0790, IoU: 0.9359, MAE: 4.1894,bg_MAE: 0.3194, fg_MAE: 3.8700
2025-09-19 12:11:18,042 - INFO - Checkpoint saved to ./checkpoints/unet_04/latest.pth
2025-09-19 12:12:06,210 - INFO - Train Epoch 151 - Loss: 0.1122, Seg Loss: 0.0136, Offset Loss: 0.0986, IoU: 0.9480, MAE: 3.9018
2025-09-19 12:12:13,832 - INFO - Val Epoch 151 - Loss: 0.0872, Seg Loss: 0.0149, Offset Loss: 0.0723, IoU: 0.9445, MAE: 3.9362,bg_MAE: 0.2288, fg_MAE: 3.7074
2025-09-19 12:12:14,109 - INFO - Checkpoint saved to ./checkpoints/unet_04/latest.pth
2025-09-19 12:12:14,376 - INFO - Checkpoint saved to ./checkpoints/unet_04/best.pth
2025-09-19 12:12:14,377 - INFO - New best model! Score: 0.9100, IoU: 0.9445, MAE: 3.9362
2025-09-19 12:13:02,328 - INFO - Train Epoch 152 - Loss: 0.1121, Seg Loss: 0.0140, Offset Loss: 0.0981, IoU: 0.9479, MAE: 4.1763
2025-09-19 12:13:09,932 - INFO - Val Epoch 152 - Loss: 0.0908, Seg Loss: 0.0156, Offset Loss: 0.0752, IoU: 0.9414, MAE: 4.2347,bg_MAE: 0.2789, fg_MAE: 3.9558
2025-09-19 12:13:10,209 - INFO - Checkpoint saved to ./checkpoints/unet_04/latest.pth
2025-09-19 12:13:58,050 - INFO - Train Epoch 153 - Loss: 0.1138, Seg Loss: 0.0141, Offset Loss: 0.0997, IoU: 0.9530, MAE: 3.9017
2025-09-19 12:14:05,626 - INFO - Val Epoch 153 - Loss: 0.0867, Seg Loss: 0.0144, Offset Loss: 0.0723, IoU: 0.9458, MAE: 4.1779,bg_MAE: 0.2544, fg_MAE: 3.9235
2025-09-19 12:14:05,901 - INFO - Checkpoint saved to ./checkpoints/unet_04/latest.pth
2025-09-19 12:14:53,702 - INFO - Train Epoch 154 - Loss: 0.1130, Seg Loss: 0.0134, Offset Loss: 0.0996, IoU: 0.9449, MAE: 3.1596
2025-09-19 12:15:01,253 - INFO - Val Epoch 154 - Loss: 0.0855, Seg Loss: 0.0144, Offset Loss: 0.0711, IoU: 0.9458, MAE: 3.9082,bg_MAE: 0.2242, fg_MAE: 3.6841
2025-09-19 12:15:01,529 - INFO - Checkpoint saved to ./checkpoints/unet_04/latest.pth
2025-09-19 12:15:01,797 - INFO - Checkpoint saved to ./checkpoints/unet_04/best.pth
2025-09-19 12:15:01,798 - INFO - New best model! Score: 0.9114, IoU: 0.9458, MAE: 3.9082
2025-09-19 12:15:49,880 - INFO - Train Epoch 155 - Loss: 0.1096, Seg Loss: 0.0131, Offset Loss: 0.0965, IoU: 0.9459, MAE: 3.5960
2025-09-19 12:15:57,539 - INFO - Val Epoch 155 - Loss: 0.0896, Seg Loss: 0.0144, Offset Loss: 0.0752, IoU: 0.9458, MAE: 3.7226,bg_MAE: 0.2348, fg_MAE: 3.4878
2025-09-19 12:15:57,812 - INFO - Checkpoint saved to ./checkpoints/unet_04/latest.pth
2025-09-19 12:15:58,073 - INFO - Checkpoint saved to ./checkpoints/unet_04/best.pth
2025-09-19 12:15:58,073 - INFO - New best model! Score: 0.9122, IoU: 0.9458, MAE: 3.7226
2025-09-19 12:16:46,011 - INFO - Train Epoch 156 - Loss: 0.1076, Seg Loss: 0.0126, Offset Loss: 0.0950, IoU: 0.9474, MAE: 3.8647
2025-09-19 12:16:53,593 - INFO - Val Epoch 156 - Loss: 0.0840, Seg Loss: 0.0139, Offset Loss: 0.0700, IoU: 0.9472, MAE: 4.0058,bg_MAE: 0.2358, fg_MAE: 3.7700
2025-09-19 12:16:53,881 - INFO - Checkpoint saved to ./checkpoints/unet_04/latest.pth
2025-09-19 12:17:41,703 - INFO - Train Epoch 157 - Loss: 0.1077, Seg Loss: 0.0129, Offset Loss: 0.0948, IoU: 0.9546, MAE: 4.0177
2025-09-19 12:17:49,191 - INFO - Val Epoch 157 - Loss: 0.0865, Seg Loss: 0.0148, Offset Loss: 0.0718, IoU: 0.9446, MAE: 3.9649,bg_MAE: 0.2571, fg_MAE: 3.7079
2025-09-19 12:17:49,466 - INFO - Checkpoint saved to ./checkpoints/unet_04/latest.pth
2025-09-19 12:18:37,377 - INFO - Train Epoch 158 - Loss: 0.1048, Seg Loss: 0.0127, Offset Loss: 0.0921, IoU: 0.9452, MAE: 3.8411
2025-09-19 12:18:45,002 - INFO - Val Epoch 158 - Loss: 0.0854, Seg Loss: 0.0145, Offset Loss: 0.0709, IoU: 0.9455, MAE: 4.0801,bg_MAE: 0.2515, fg_MAE: 3.8286
2025-09-19 12:18:45,277 - INFO - Checkpoint saved to ./checkpoints/unet_04/latest.pth
2025-09-19 12:19:33,272 - INFO - Train Epoch 159 - Loss: 0.1047, Seg Loss: 0.0126, Offset Loss: 0.0922, IoU: 0.9489, MAE: 3.8099
2025-09-19 12:19:40,909 - INFO - Val Epoch 159 - Loss: 0.0851, Seg Loss: 0.0147, Offset Loss: 0.0704, IoU: 0.9440, MAE: 4.2347,bg_MAE: 0.2537, fg_MAE: 3.9811
2025-09-19 12:19:41,184 - INFO - Checkpoint saved to ./checkpoints/unet_04/latest.pth
2025-09-19 12:19:41,184 - INFO - Training completed. Best Score: 0.9122, IoU: 0.9458, MAE: 3.7226
