2025-09-23 19:24:30,535 - INFO - Experiment name: unet_12
2025-09-23 19:24:30,535 - INFO - Using config: {'data_root': './data', 'resize': [480, 640], 'num_workers': 0, 'rgb_mean': [0.18, 0.246, 0.285], 'rgb_std': [0.207, 0.202, 0.23], 'depth_mean': 2997.516, 'depth_std': 1324.941, 'offset_mean': [-0.068, -0.075], 'offset_std': [17.084, 10.471], 'n_classes': 1, 'bilinear': True, 'dropout': 0.1, 'epochs': 120, 'batch_size': 4, 'lr': '1e-5', 'weight_decay': '1e-5', 'scheduler_factor': 0.5, 'scheduler_patience': 8, 'device': 'cuda:0', 'log_root': './logs', 'checkpoint_root': './checkpoints', 'test_result_dir': './test_results', 'inference': {'input_dir': './inference_input', 'output_dir': './inference_output'}, 'hyperparam_search_space': {'lr': ['1e-4', '5e-4', '1e-3'], 'batch_size': [2, 4], 'dropout': [0.1, 0.2, 0.3], 'weight_decay': ['1e-5', '1e-4']}, 'postprocess_min_area': 500, 'postprocess_kernel_size': 3, 'dbscan_eps': 50, 'dbscan_min_samples': 10, 'inference_batch_size': 4, 'inference_split': 'test'}
2025-09-23 19:24:31,469 - INFO - Using device: cuda:0
2025-09-23 19:24:32,358 - WARNING - Checkpoint ./checkpoints/unet_12/latest.pth not found, starting from scratch
2025-09-23 19:24:32,359 - INFO - Starting training from epoch 0, total epochs: 120
2025-09-23 19:25:49,809 - INFO - Train Epoch 0 - Loss: 15.6424, Seg Loss: 2.3669, Offset Loss: 13.2754, IoU: 0.2156, MSE: 7129.3408,BCE Loss: 0.4926, Dice Loss: 1.0291, FP Penalty Loss: 0.8453,MSE Loss: 12.9781, BG Zero Loss: 0.2973,
2025-09-23 19:26:00,420 - INFO - Val Epoch 0 - Loss: 3.8004, Seg Loss: 1.2969, Offset Loss: 2.5035, IoU: 0.3484, MSE: 1219.0280,bg_MSE: 1038.0920, fg_MSE: 182.0158,fp_penalty_loss: 0.2632
2025-09-23 19:26:00,633 - INFO - Checkpoint saved to ./checkpoints/unet_12/latest.pth
2025-09-23 19:26:00,633 - INFO - Score: 0.0091, IoU: 0.2091, MSE: -0.2000, BGP: -0.2000
2025-09-23 19:26:00,842 - INFO - Checkpoint saved to ./checkpoints/unet_12/best.pth
2025-09-23 19:26:00,842 - INFO - New best model! Score: 0.0091, IoU: 0.3484, MSE: 1219.0280
2025-09-23 19:27:17,942 - INFO - Train Epoch 1 - Loss: 10.7012, Seg Loss: 1.5902, Offset Loss: 9.1110, IoU: 0.3146, MSE: 3897.7964,BCE Loss: 0.3311, Dice Loss: 0.8679, FP Penalty Loss: 0.3911,MSE Loss: 8.9024, BG Zero Loss: 0.2087,
2025-09-23 19:27:28,513 - INFO - Val Epoch 1 - Loss: 2.2603, Seg Loss: 1.0213, Offset Loss: 1.2390, IoU: 0.4486, MSE: 451.3522,bg_MSE: 395.7556, fg_MSE: 56.6767,fp_penalty_loss: 0.1778
2025-09-23 19:27:28,796 - INFO - Checkpoint saved to ./checkpoints/unet_12/latest.pth
2025-09-23 19:27:28,797 - INFO - Score: 0.0691, IoU: 0.2691, MSE: -0.2000, BGP: -0.2000
2025-09-23 19:27:29,069 - INFO - Checkpoint saved to ./checkpoints/unet_12/best.pth
2025-09-23 19:27:29,070 - INFO - New best model! Score: 0.0691, IoU: 0.4486, MSE: 451.3522
2025-09-23 19:28:45,408 - INFO - Train Epoch 2 - Loss: 8.0241, Seg Loss: 1.1868, Offset Loss: 6.8373, IoU: 0.3915, MSE: 3160.4810,BCE Loss: 0.2340, Dice Loss: 0.7206, FP Penalty Loss: 0.2323,MSE Loss: 6.6851, BG Zero Loss: 0.1522,
2025-09-23 19:28:55,936 - INFO - Val Epoch 2 - Loss: 1.8523, Seg Loss: 0.9669, Offset Loss: 0.8854, IoU: 0.5154, MSE: 243.7288,bg_MSE: 210.9902, fg_MSE: 33.8186,fp_penalty_loss: 0.1802
2025-09-23 19:28:56,219 - INFO - Checkpoint saved to ./checkpoints/unet_12/latest.pth
2025-09-23 19:28:56,219 - INFO - Score: 0.1092, IoU: 0.3092, MSE: -0.2000, BGP: -0.2000
2025-09-23 19:28:56,490 - INFO - Checkpoint saved to ./checkpoints/unet_12/best.pth
2025-09-23 19:28:56,491 - INFO - New best model! Score: 0.1092, IoU: 0.5154, MSE: 243.7288
2025-09-23 19:30:12,686 - INFO - Train Epoch 3 - Loss: 6.6393, Seg Loss: 0.9534, Offset Loss: 5.6859, IoU: 0.4679, MSE: 2541.6331,BCE Loss: 0.1852, Dice Loss: 0.6018, FP Penalty Loss: 0.1665,MSE Loss: 5.5632, BG Zero Loss: 0.1227,
2025-09-23 19:30:23,219 - INFO - Val Epoch 3 - Loss: 1.5138, Seg Loss: 0.8197, Offset Loss: 0.6941, IoU: 0.5406, MSE: 125.3553,bg_MSE: 111.7957, fg_MSE: 14.6396,fp_penalty_loss: 0.1491
2025-09-23 19:30:23,502 - INFO - Checkpoint saved to ./checkpoints/unet_12/latest.pth
2025-09-23 19:30:23,503 - INFO - Score: 0.1244, IoU: 0.3244, MSE: -0.2000, BGP: -0.2000
2025-09-23 19:30:23,778 - INFO - Checkpoint saved to ./checkpoints/unet_12/best.pth
2025-09-23 19:30:23,779 - INFO - New best model! Score: 0.1244, IoU: 0.5406, MSE: 125.3553
2025-09-23 19:31:39,989 - INFO - Train Epoch 4 - Loss: 5.8219, Seg Loss: 0.8490, Offset Loss: 4.9728, IoU: 0.5171, MSE: 2020.6077,BCE Loss: 0.1614, Dice Loss: 0.5458, FP Penalty Loss: 0.1419,MSE Loss: 4.8704, BG Zero Loss: 0.1024,
2025-09-23 19:31:50,507 - INFO - Val Epoch 4 - Loss: 1.3509, Seg Loss: 0.7392, Offset Loss: 0.6118, IoU: 0.5579, MSE: 88.5046,bg_MSE: 77.6824, fg_MSE: 11.9021,fp_penalty_loss: 0.1333
2025-09-23 19:31:50,792 - INFO - Checkpoint saved to ./checkpoints/unet_12/latest.pth
2025-09-23 19:31:50,792 - INFO - Score: 0.1348, IoU: 0.3348, MSE: -0.2000, BGP: -0.2000
2025-09-23 19:31:51,066 - INFO - Checkpoint saved to ./checkpoints/unet_12/best.pth
2025-09-23 19:31:51,067 - INFO - New best model! Score: 0.1348, IoU: 0.5579, MSE: 88.5046
2025-09-23 19:33:07,313 - INFO - Train Epoch 5 - Loss: 5.3980, Seg Loss: 0.7768, Offset Loss: 4.6212, IoU: 0.5211, MSE: 2309.1548,BCE Loss: 0.1419, Dice Loss: 0.5032, FP Penalty Loss: 0.1317,MSE Loss: 4.5308, BG Zero Loss: 0.0904,
2025-09-23 19:33:17,951 - INFO - Val Epoch 5 - Loss: 1.2671, Seg Loss: 0.6964, Offset Loss: 0.5706, IoU: 0.5699, MSE: 67.1210,bg_MSE: 60.6298, fg_MSE: 7.5711,fp_penalty_loss: 0.1305
2025-09-23 19:33:18,246 - INFO - Checkpoint saved to ./checkpoints/unet_12/latest.pth
2025-09-23 19:33:18,246 - INFO - Score: 0.1419, IoU: 0.3419, MSE: -0.2000, BGP: -0.2000
2025-09-23 19:33:18,531 - INFO - Checkpoint saved to ./checkpoints/unet_12/best.pth
2025-09-23 19:33:18,532 - INFO - New best model! Score: 0.1419, IoU: 0.5699, MSE: 67.1210
2025-09-23 19:34:35,100 - INFO - Train Epoch 6 - Loss: 5.2983, Seg Loss: 0.7463, Offset Loss: 4.5520, IoU: 0.5366, MSE: 2113.5767,BCE Loss: 0.1322, Dice Loss: 0.4904, FP Penalty Loss: 0.1237,MSE Loss: 4.4709, BG Zero Loss: 0.0811,
2025-09-23 19:34:45,729 - INFO - Val Epoch 6 - Loss: 1.2281, Seg Loss: 0.6792, Offset Loss: 0.5489, IoU: 0.5787, MSE: 61.6483,bg_MSE: 57.2764, fg_MSE: 5.4519,fp_penalty_loss: 0.1341
2025-09-23 19:34:46,018 - INFO - Checkpoint saved to ./checkpoints/unet_12/latest.pth
2025-09-23 19:34:46,019 - INFO - Score: 0.1472, IoU: 0.3472, MSE: -0.2000, BGP: -0.2000
2025-09-23 19:34:46,297 - INFO - Checkpoint saved to ./checkpoints/unet_12/best.pth
2025-09-23 19:34:46,298 - INFO - New best model! Score: 0.1472, IoU: 0.5787, MSE: 61.6483
2025-09-23 19:36:02,653 - INFO - Train Epoch 7 - Loss: 4.9176, Seg Loss: 0.7123, Offset Loss: 4.2053, IoU: 0.5556, MSE: 1918.4729,BCE Loss: 0.1190, Dice Loss: 0.4726, FP Penalty Loss: 0.1207,MSE Loss: 4.1333, BG Zero Loss: 0.0721,
2025-09-23 19:36:13,176 - INFO - Val Epoch 7 - Loss: 1.1714, Seg Loss: 0.6647, Offset Loss: 0.5067, IoU: 0.5855, MSE: 36.0012,bg_MSE: 32.9733, fg_MSE: 4.1078,fp_penalty_loss: 0.1331
2025-09-23 19:36:13,467 - INFO - Checkpoint saved to ./checkpoints/unet_12/latest.pth
2025-09-23 19:36:13,467 - INFO - Score: 0.1513, IoU: 0.3513, MSE: -0.2000, BGP: -0.2000
2025-09-23 19:36:13,748 - INFO - Checkpoint saved to ./checkpoints/unet_12/best.pth
2025-09-23 19:36:13,749 - INFO - New best model! Score: 0.1513, IoU: 0.5855, MSE: 36.0012
2025-09-23 19:37:30,105 - INFO - Train Epoch 8 - Loss: 4.7286, Seg Loss: 0.6717, Offset Loss: 4.0569, IoU: 0.5515, MSE: 1784.5522,BCE Loss: 0.1095, Dice Loss: 0.4509, FP Penalty Loss: 0.1113,MSE Loss: 3.9903, BG Zero Loss: 0.0666,
2025-09-23 19:37:40,772 - INFO - Val Epoch 8 - Loss: 1.0893, Seg Loss: 0.6012, Offset Loss: 0.4880, IoU: 0.5855, MSE: 22.4450,bg_MSE: 20.4195, fg_MSE: 3.1056,fp_penalty_loss: 0.0850
2025-09-23 19:37:41,065 - INFO - Checkpoint saved to ./checkpoints/unet_12/latest.pth
2025-09-23 19:37:41,066 - INFO - Score: 0.1772, IoU: 0.3513, MSE: -0.1741, BGP: -0.2000
2025-09-23 19:37:41,350 - INFO - Checkpoint saved to ./checkpoints/unet_12/best.pth
2025-09-23 19:37:41,350 - INFO - New best model! Score: 0.1772, IoU: 0.5855, MSE: 22.4450
2025-09-23 19:38:58,059 - INFO - Train Epoch 9 - Loss: 4.6972, Seg Loss: 0.6525, Offset Loss: 4.0448, IoU: 0.5762, MSE: 1745.2112,BCE Loss: 0.1017, Dice Loss: 0.4426, FP Penalty Loss: 0.1082,MSE Loss: 3.9831, BG Zero Loss: 0.0616,
2025-09-23 19:39:08,749 - INFO - Val Epoch 9 - Loss: 1.1299, Seg Loss: 0.6034, Offset Loss: 0.5265, IoU: 0.6021, MSE: 45.0196,bg_MSE: 42.8120, fg_MSE: 3.2876,fp_penalty_loss: 0.1110
2025-09-23 19:39:09,041 - INFO - Checkpoint saved to ./checkpoints/unet_12/latest.pth
2025-09-23 19:39:09,042 - INFO - Score: 0.1613, IoU: 0.3613, MSE: -0.2000, BGP: -0.2000
2025-09-23 19:40:25,689 - INFO - Train Epoch 10 - Loss: 4.6985, Seg Loss: 0.6341, Offset Loss: 4.0644, IoU: 0.5611, MSE: 1952.9800,BCE Loss: 0.0976, Dice Loss: 0.4301, FP Penalty Loss: 0.1065,MSE Loss: 4.0061, BG Zero Loss: 0.0583,
2025-09-23 19:40:36,367 - INFO - Val Epoch 10 - Loss: 1.1619, Seg Loss: 0.5980, Offset Loss: 0.5639, IoU: 0.6201, MSE: 52.8155,bg_MSE: 50.1134, fg_MSE: 3.7821,fp_penalty_loss: 0.1183
2025-09-23 19:40:36,666 - INFO - Checkpoint saved to ./checkpoints/unet_12/latest.pth
2025-09-23 19:40:36,667 - INFO - Score: 0.1721, IoU: 0.3721, MSE: -0.2000, BGP: -0.2000
2025-09-23 19:41:53,358 - INFO - Train Epoch 11 - Loss: 4.5457, Seg Loss: 0.6125, Offset Loss: 3.9332, IoU: 0.5814, MSE: 1467.8839,BCE Loss: 0.0952, Dice Loss: 0.4186, FP Penalty Loss: 0.0987,MSE Loss: 3.8765, BG Zero Loss: 0.0567,
2025-09-23 19:42:03,927 - INFO - Val Epoch 11 - Loss: 1.0580, Seg Loss: 0.5103, Offset Loss: 0.5477, IoU: 0.6474, MSE: 46.8820,bg_MSE: 44.8349, fg_MSE: 3.1271,fp_penalty_loss: 0.0744
2025-09-23 19:42:04,213 - INFO - Checkpoint saved to ./checkpoints/unet_12/latest.pth
2025-09-23 19:42:04,213 - INFO - Score: 0.1884, IoU: 0.3884, MSE: -0.2000, BGP: -0.2000
2025-09-23 19:42:04,489 - INFO - Checkpoint saved to ./checkpoints/unet_12/best.pth
2025-09-23 19:42:04,490 - INFO - New best model! Score: 0.1884, IoU: 0.6474, MSE: 46.8820
2025-09-23 19:43:20,717 - INFO - Train Epoch 12 - Loss: 4.4565, Seg Loss: 0.5866, Offset Loss: 3.8698, IoU: 0.5773, MSE: 1539.2274,BCE Loss: 0.0890, Dice Loss: 0.4030, FP Penalty Loss: 0.0947,MSE Loss: 3.8151, BG Zero Loss: 0.0547,
2025-09-23 19:43:31,304 - INFO - Val Epoch 12 - Loss: 0.9955, Seg Loss: 0.4754, Offset Loss: 0.5201, IoU: 0.6793, MSE: 40.1697,bg_MSE: 38.8196, fg_MSE: 2.4301,fp_penalty_loss: 0.0828
2025-09-23 19:43:31,592 - INFO - Checkpoint saved to ./checkpoints/unet_12/latest.pth
2025-09-23 19:43:31,592 - INFO - Score: 0.2076, IoU: 0.4076, MSE: -0.2000, BGP: -0.2000
2025-09-23 19:43:31,867 - INFO - Checkpoint saved to ./checkpoints/unet_12/best.pth
2025-09-23 19:43:31,867 - INFO - New best model! Score: 0.2076, IoU: 0.6793, MSE: 40.1697
2025-09-23 19:44:48,139 - INFO - Train Epoch 13 - Loss: 4.0918, Seg Loss: 0.5457, Offset Loss: 3.5460, IoU: 0.6263, MSE: 1301.9116,BCE Loss: 0.0827, Dice Loss: 0.3810, FP Penalty Loss: 0.0820,MSE Loss: 3.4942, BG Zero Loss: 0.0519,
2025-09-23 19:44:58,608 - INFO - Val Epoch 13 - Loss: 0.9360, Seg Loss: 0.4506, Offset Loss: 0.4853, IoU: 0.7004, MSE: 22.0533,bg_MSE: 20.8430, fg_MSE: 2.2903,fp_penalty_loss: 0.0806
2025-09-23 19:44:58,892 - INFO - Checkpoint saved to ./checkpoints/unet_12/latest.pth
2025-09-23 19:44:58,893 - INFO - Score: 0.2527, IoU: 0.4202, MSE: -0.1676, BGP: -0.2000
2025-09-23 19:44:59,169 - INFO - Checkpoint saved to ./checkpoints/unet_12/best.pth
2025-09-23 19:44:59,169 - INFO - New best model! Score: 0.2527, IoU: 0.7004, MSE: 22.0533
2025-09-23 19:46:15,489 - INFO - Train Epoch 14 - Loss: 4.1518, Seg Loss: 0.5161, Offset Loss: 3.6358, IoU: 0.6414, MSE: 1489.4731,BCE Loss: 0.0791, Dice Loss: 0.3595, FP Penalty Loss: 0.0774,MSE Loss: 3.5842, BG Zero Loss: 0.0516,
2025-09-23 19:46:26,157 - INFO - Val Epoch 14 - Loss: 0.9225, Seg Loss: 0.4271, Offset Loss: 0.4954, IoU: 0.6936, MSE: 27.9876,bg_MSE: 27.1440, fg_MSE: 1.9236,fp_penalty_loss: 0.0580
2025-09-23 19:46:26,457 - INFO - Checkpoint saved to ./checkpoints/unet_12/latest.pth
2025-09-23 19:46:26,458 - INFO - Score: 0.2162, IoU: 0.4162, MSE: -0.2000, BGP: -0.2000
2025-09-23 19:47:42,988 - INFO - Train Epoch 15 - Loss: 3.8411, Seg Loss: 0.4899, Offset Loss: 3.3511, IoU: 0.6317, MSE: 1283.6370,BCE Loss: 0.0749, Dice Loss: 0.3437, FP Penalty Loss: 0.0712,MSE Loss: 3.3033, BG Zero Loss: 0.0478,
2025-09-23 19:47:53,678 - INFO - Val Epoch 15 - Loss: 0.9504, Seg Loss: 0.4072, Offset Loss: 0.5432, IoU: 0.7273, MSE: 40.1232,bg_MSE: 39.5613, fg_MSE: 1.6419,fp_penalty_loss: 0.0718
2025-09-23 19:47:53,973 - INFO - Checkpoint saved to ./checkpoints/unet_12/latest.pth
2025-09-23 19:47:53,974 - INFO - Score: 0.2364, IoU: 0.4364, MSE: -0.2000, BGP: -0.2000
2025-09-23 19:49:10,589 - INFO - Train Epoch 16 - Loss: 3.6233, Seg Loss: 0.4646, Offset Loss: 3.1587, IoU: 0.6900, MSE: 1419.3684,BCE Loss: 0.0723, Dice Loss: 0.3240, FP Penalty Loss: 0.0683,MSE Loss: 3.1129, BG Zero Loss: 0.0459,
2025-09-23 19:49:21,255 - INFO - Val Epoch 16 - Loss: 0.8812, Seg Loss: 0.3952, Offset Loss: 0.4861, IoU: 0.7396, MSE: 18.9368,bg_MSE: 18.5798, fg_MSE: 1.4370,fp_penalty_loss: 0.0729
2025-09-23 19:49:21,555 - INFO - Checkpoint saved to ./checkpoints/unet_12/latest.pth
2025-09-23 19:49:21,556 - INFO - Score: 0.3281, IoU: 0.4437, MSE: -0.1156, BGP: -0.2000
2025-09-23 19:49:21,834 - INFO - Checkpoint saved to ./checkpoints/unet_12/best.pth
2025-09-23 19:49:21,834 - INFO - New best model! Score: 0.3281, IoU: 0.7396, MSE: 18.9368
2025-09-23 19:50:38,537 - INFO - Train Epoch 17 - Loss: 3.7782, Seg Loss: 0.4386, Offset Loss: 3.3395, IoU: 0.6913, MSE: 1249.6639,BCE Loss: 0.0690, Dice Loss: 0.3073, FP Penalty Loss: 0.0624,MSE Loss: 3.2925, BG Zero Loss: 0.0471,
2025-09-23 19:50:49,232 - INFO - Val Epoch 17 - Loss: 0.8787, Seg Loss: 0.3739, Offset Loss: 0.5048, IoU: 0.7318, MSE: 31.9665,bg_MSE: 31.6035, fg_MSE: 1.4430,fp_penalty_loss: 0.0532
2025-09-23 19:50:49,526 - INFO - Checkpoint saved to ./checkpoints/unet_12/latest.pth
2025-09-23 19:50:49,526 - INFO - Score: 0.2391, IoU: 0.4391, MSE: -0.2000, BGP: -0.2000
2025-09-23 19:52:06,302 - INFO - Train Epoch 18 - Loss: 3.2993, Seg Loss: 0.4272, Offset Loss: 2.8721, IoU: 0.6808, MSE: 966.9072,BCE Loss: 0.0679, Dice Loss: 0.2984, FP Penalty Loss: 0.0609,MSE Loss: 2.8285, BG Zero Loss: 0.0435,
2025-09-23 19:52:16,989 - INFO - Val Epoch 18 - Loss: 0.9577, Seg Loss: 0.3628, Offset Loss: 0.5949, IoU: 0.7579, MSE: 87.1251,bg_MSE: 86.6264, fg_MSE: 1.5787,fp_penalty_loss: 0.0679
2025-09-23 19:52:17,283 - INFO - Checkpoint saved to ./checkpoints/unet_12/latest.pth
2025-09-23 19:52:17,283 - INFO - Score: 0.2548, IoU: 0.4548, MSE: -0.2000, BGP: -0.2000
2025-09-23 19:53:34,027 - INFO - Train Epoch 19 - Loss: 3.4681, Seg Loss: 0.4277, Offset Loss: 3.0405, IoU: 0.6765, MSE: 1207.8716,BCE Loss: 0.0677, Dice Loss: 0.2977, FP Penalty Loss: 0.0623,MSE Loss: 2.9962, BG Zero Loss: 0.0442,
2025-09-23 19:53:44,713 - INFO - Val Epoch 19 - Loss: 0.8631, Seg Loss: 0.3847, Offset Loss: 0.4784, IoU: 0.7482, MSE: 20.1376,bg_MSE: 19.8561, fg_MSE: 1.3615,fp_penalty_loss: 0.0801
2025-09-23 19:53:45,012 - INFO - Checkpoint saved to ./checkpoints/unet_12/latest.pth
2025-09-23 19:53:45,013 - INFO - Score: 0.3133, IoU: 0.4489, MSE: -0.1356, BGP: -0.2000
2025-09-23 19:55:01,400 - INFO - Train Epoch 20 - Loss: 3.3197, Seg Loss: 0.4061, Offset Loss: 2.9136, IoU: 0.7058, MSE: 1088.7671,BCE Loss: 0.0645, Dice Loss: 0.2814, FP Penalty Loss: 0.0603,MSE Loss: 2.8732, BG Zero Loss: 0.0404,
2025-09-23 19:55:12,030 - INFO - Val Epoch 20 - Loss: 0.8381, Seg Loss: 0.3593, Offset Loss: 0.4789, IoU: 0.7525, MSE: 23.7357,bg_MSE: 23.5812, fg_MSE: 1.2345,fp_penalty_loss: 0.0634
2025-09-23 19:55:12,329 - INFO - Checkpoint saved to ./checkpoints/unet_12/latest.pth
2025-09-23 19:55:12,330 - INFO - Score: 0.2559, IoU: 0.4515, MSE: -0.1956, BGP: -0.2000
2025-09-23 19:56:29,179 - INFO - Train Epoch 21 - Loss: 3.4207, Seg Loss: 0.4096, Offset Loss: 3.0111, IoU: 0.7291, MSE: 1089.6332,BCE Loss: 0.0653, Dice Loss: 0.2845, FP Penalty Loss: 0.0598,MSE Loss: 2.9646, BG Zero Loss: 0.0465,
2025-09-23 19:56:39,913 - INFO - Val Epoch 21 - Loss: 0.9063, Seg Loss: 0.3386, Offset Loss: 0.5677, IoU: 0.7679, MSE: 76.2291,bg_MSE: 75.2709, fg_MSE: 2.0381,fp_penalty_loss: 0.0620
2025-09-23 19:56:40,216 - INFO - Checkpoint saved to ./checkpoints/unet_12/latest.pth
2025-09-23 19:56:40,217 - INFO - Score: 0.2608, IoU: 0.4608, MSE: -0.2000, BGP: -0.2000
2025-09-23 19:57:56,818 - INFO - Train Epoch 22 - Loss: 3.0099, Seg Loss: 0.3940, Offset Loss: 2.6159, IoU: 0.7167, MSE: 900.8878,BCE Loss: 0.0637, Dice Loss: 0.2743, FP Penalty Loss: 0.0560,MSE Loss: 2.5795, BG Zero Loss: 0.0364,
2025-09-23 19:58:07,405 - INFO - Val Epoch 22 - Loss: 0.8193, Seg Loss: 0.3701, Offset Loss: 0.4491, IoU: 0.7522, MSE: 7.3259,bg_MSE: 6.8536, fg_MSE: 1.5523,fp_penalty_loss: 0.0754
2025-09-23 19:58:07,693 - INFO - Checkpoint saved to ./checkpoints/unet_12/latest.pth
2025-09-23 19:58:07,694 - INFO - Score: 0.5292, IoU: 0.4513, MSE: 0.0779, BGP: -0.2000
2025-09-23 19:58:07,969 - INFO - Checkpoint saved to ./checkpoints/unet_12/best.pth
2025-09-23 19:58:07,970 - INFO - New best model! Score: 0.5292, IoU: 0.7522, MSE: 7.3259
2025-09-23 19:59:24,438 - INFO - Train Epoch 23 - Loss: 3.4053, Seg Loss: 0.3906, Offset Loss: 3.0147, IoU: 0.6951, MSE: 1560.8940,BCE Loss: 0.0632, Dice Loss: 0.2716, FP Penalty Loss: 0.0557,MSE Loss: 2.9792, BG Zero Loss: 0.0356,
2025-09-23 19:59:34,924 - INFO - Val Epoch 23 - Loss: 0.8501, Seg Loss: 0.3616, Offset Loss: 0.4885, IoU: 0.7618, MSE: 28.7896,bg_MSE: 28.5268, fg_MSE: 1.3427,fp_penalty_loss: 0.0792
2025-09-23 19:59:35,211 - INFO - Checkpoint saved to ./checkpoints/unet_12/latest.pth
2025-09-23 19:59:35,211 - INFO - Score: 0.2571, IoU: 0.4571, MSE: -0.2000, BGP: -0.2000
2025-09-23 20:00:51,321 - INFO - Train Epoch 24 - Loss: 3.0624, Seg Loss: 0.3701, Offset Loss: 2.6923, IoU: 0.7512, MSE: 1344.1323,BCE Loss: 0.0594, Dice Loss: 0.2564, FP Penalty Loss: 0.0543,MSE Loss: 2.6584, BG Zero Loss: 0.0338,
2025-09-23 20:01:01,793 - INFO - Val Epoch 24 - Loss: 0.7810, Seg Loss: 0.3112, Offset Loss: 0.4697, IoU: 0.7738, MSE: 13.7862,bg_MSE: 13.7121, fg_MSE: 1.1540,fp_penalty_loss: 0.0400
2025-09-23 20:01:02,075 - INFO - Checkpoint saved to ./checkpoints/unet_12/latest.pth
2025-09-23 20:01:02,076 - INFO - Score: 0.4345, IoU: 0.4643, MSE: -0.0298, BGP: -0.2000
2025-09-23 20:02:18,502 - INFO - Train Epoch 25 - Loss: 3.2012, Seg Loss: 0.3661, Offset Loss: 2.8351, IoU: 0.7210, MSE: 1384.4084,BCE Loss: 0.0580, Dice Loss: 0.2568, FP Penalty Loss: 0.0514,MSE Loss: 2.8004, BG Zero Loss: 0.0347,
2025-09-23 20:02:29,199 - INFO - Val Epoch 25 - Loss: 0.7501, Seg Loss: 0.2996, Offset Loss: 0.4504, IoU: 0.7856, MSE: 8.4080,bg_MSE: 8.3396, fg_MSE: 1.1484,fp_penalty_loss: 0.0516
2025-09-23 20:02:29,495 - INFO - Checkpoint saved to ./checkpoints/unet_12/latest.pth
2025-09-23 20:02:29,496 - INFO - Score: 0.5312, IoU: 0.4714, MSE: 0.0599, BGP: -0.2000
2025-09-23 20:02:29,778 - INFO - Checkpoint saved to ./checkpoints/unet_12/best.pth
2025-09-23 20:02:29,779 - INFO - New best model! Score: 0.5312, IoU: 0.7856, MSE: 8.4080
2025-09-23 20:03:46,290 - INFO - Train Epoch 26 - Loss: 3.2041, Seg Loss: 0.3548, Offset Loss: 2.8493, IoU: 0.7642, MSE: 1035.1115,BCE Loss: 0.0576, Dice Loss: 0.2447, FP Penalty Loss: 0.0525,MSE Loss: 2.8142, BG Zero Loss: 0.0350,
2025-09-23 20:03:56,885 - INFO - Val Epoch 26 - Loss: 0.7753, Seg Loss: 0.3151, Offset Loss: 0.4602, IoU: 0.7848, MSE: 16.0270,bg_MSE: 15.5284, fg_MSE: 1.5786,fp_penalty_loss: 0.0628
2025-09-23 20:03:57,182 - INFO - Checkpoint saved to ./checkpoints/unet_12/latest.pth
2025-09-23 20:03:57,183 - INFO - Score: 0.4037, IoU: 0.4709, MSE: -0.0671, BGP: -0.2000
2025-09-23 20:05:13,629 - INFO - Train Epoch 27 - Loss: 2.9470, Seg Loss: 0.3565, Offset Loss: 2.5905, IoU: 0.7629, MSE: 1176.4479,BCE Loss: 0.0582, Dice Loss: 0.2479, FP Penalty Loss: 0.0504,MSE Loss: 2.5561, BG Zero Loss: 0.0344,
2025-09-23 20:05:24,063 - INFO - Val Epoch 27 - Loss: 0.7545, Seg Loss: 0.2833, Offset Loss: 0.4712, IoU: 0.7945, MSE: 24.0541,bg_MSE: 22.7810, fg_MSE: 2.3531,fp_penalty_loss: 0.0477
2025-09-23 20:05:24,352 - INFO - Checkpoint saved to ./checkpoints/unet_12/latest.pth
2025-09-23 20:05:24,352 - INFO - Score: 0.2767, IoU: 0.4767, MSE: -0.2000, BGP: -0.2000
2025-09-23 20:06:40,501 - INFO - Train Epoch 28 - Loss: 3.3520, Seg Loss: 0.3389, Offset Loss: 3.0130, IoU: 0.7519, MSE: 1062.1447,BCE Loss: 0.0542, Dice Loss: 0.2352, FP Penalty Loss: 0.0495,MSE Loss: 2.9766, BG Zero Loss: 0.0364,
2025-09-23 20:06:51,213 - INFO - Val Epoch 28 - Loss: 0.7530, Seg Loss: 0.2880, Offset Loss: 0.4649, IoU: 0.7957, MSE: 22.3040,bg_MSE: 21.1514, fg_MSE: 2.2326,fp_penalty_loss: 0.0520
2025-09-23 20:06:51,512 - INFO - Checkpoint saved to ./checkpoints/unet_12/latest.pth
2025-09-23 20:06:51,513 - INFO - Score: 0.3057, IoU: 0.4774, MSE: -0.1717, BGP: -0.2000
2025-09-23 20:08:07,834 - INFO - Train Epoch 29 - Loss: 3.2956, Seg Loss: 0.3428, Offset Loss: 2.9528, IoU: 0.7581, MSE: 1089.0212,BCE Loss: 0.0571, Dice Loss: 0.2380, FP Penalty Loss: 0.0477,MSE Loss: 2.9182, BG Zero Loss: 0.0346,
2025-09-23 20:08:18,462 - INFO - Val Epoch 29 - Loss: 0.7159, Seg Loss: 0.2684, Offset Loss: 0.4475, IoU: 0.8078, MSE: 11.4836,bg_MSE: 6.8722, fg_MSE: 5.6914,fp_penalty_loss: 0.0468
2025-09-23 20:08:18,759 - INFO - Checkpoint saved to ./checkpoints/unet_12/latest.pth
2025-09-23 20:08:18,759 - INFO - Score: 0.4933, IoU: 0.4847, MSE: 0.0086, BGP: -0.2000
2025-09-23 20:09:35,396 - INFO - Train Epoch 30 - Loss: 2.9661, Seg Loss: 0.3315, Offset Loss: 2.6345, IoU: 0.7450, MSE: 914.6589,BCE Loss: 0.0552, Dice Loss: 0.2285, FP Penalty Loss: 0.0479,MSE Loss: 2.6009, BG Zero Loss: 0.0337,
2025-09-23 20:09:46,023 - INFO - Val Epoch 30 - Loss: 0.7632, Seg Loss: 0.3045, Offset Loss: 0.4587, IoU: 0.7939, MSE: 19.7798,bg_MSE: 18.9740, fg_MSE: 1.8858,fp_penalty_loss: 0.0634
2025-09-23 20:09:46,319 - INFO - Checkpoint saved to ./checkpoints/unet_12/latest.pth
2025-09-23 20:09:46,319 - INFO - Score: 0.3467, IoU: 0.4764, MSE: -0.1297, BGP: -0.2000
2025-09-23 20:11:02,843 - INFO - Train Epoch 31 - Loss: 2.8973, Seg Loss: 0.3262, Offset Loss: 2.5711, IoU: 0.7484, MSE: 891.6534,BCE Loss: 0.0530, Dice Loss: 0.2280, FP Penalty Loss: 0.0452,MSE Loss: 2.5400, BG Zero Loss: 0.0311,
2025-09-23 20:11:13,450 - INFO - Val Epoch 31 - Loss: 0.7336, Seg Loss: 0.2722, Offset Loss: 0.4614, IoU: 0.8087, MSE: 13.1874,bg_MSE: 12.6415, fg_MSE: 1.6258,fp_penalty_loss: 0.0494
2025-09-23 20:11:13,762 - INFO - Checkpoint saved to ./checkpoints/unet_12/latest.pth
2025-09-23 20:11:13,763 - INFO - Score: 0.4654, IoU: 0.4852, MSE: -0.0198, BGP: -0.2000
2025-09-23 20:12:30,363 - INFO - Train Epoch 32 - Loss: 2.7263, Seg Loss: 0.3160, Offset Loss: 2.4103, IoU: 0.7526, MSE: 753.1083,BCE Loss: 0.0502, Dice Loss: 0.2200, FP Penalty Loss: 0.0459,MSE Loss: 2.3801, BG Zero Loss: 0.0302,
2025-09-23 20:12:41,004 - INFO - Val Epoch 32 - Loss: 0.7403, Seg Loss: 0.2806, Offset Loss: 0.4597, IoU: 0.7944, MSE: 15.0324,bg_MSE: 14.3035, fg_MSE: 1.8088,fp_penalty_loss: 0.0461
2025-09-23 20:12:41,295 - INFO - Checkpoint saved to ./checkpoints/unet_12/latest.pth
2025-09-23 20:12:41,296 - INFO - Score: 0.4261, IoU: 0.4767, MSE: -0.0505, BGP: -0.2000
2025-09-23 20:13:57,718 - INFO - Train Epoch 33 - Loss: 2.4748, Seg Loss: 0.3043, Offset Loss: 2.1705, IoU: 0.7814, MSE: 966.1839,BCE Loss: 0.0492, Dice Loss: 0.2124, FP Penalty Loss: 0.0427,MSE Loss: 2.1403, BG Zero Loss: 0.0302,
2025-09-23 20:14:08,303 - INFO - Val Epoch 33 - Loss: 0.7643, Seg Loss: 0.2828, Offset Loss: 0.4815, IoU: 0.7965, MSE: 18.0375,bg_MSE: 17.2658, fg_MSE: 1.8517,fp_penalty_loss: 0.0511
2025-09-23 20:14:08,604 - INFO - Checkpoint saved to ./checkpoints/unet_12/latest.pth
2025-09-23 20:14:08,605 - INFO - Score: 0.3773, IoU: 0.4779, MSE: -0.1006, BGP: -0.2000
2025-09-23 20:15:25,139 - INFO - Train Epoch 34 - Loss: 2.1732, Seg Loss: 0.2960, Offset Loss: 1.8772, IoU: 0.7642, MSE: 1073.1053,BCE Loss: 0.0477, Dice Loss: 0.2067, FP Penalty Loss: 0.0417,MSE Loss: 1.8480, BG Zero Loss: 0.0293,
2025-09-23 20:15:35,836 - INFO - Val Epoch 34 - Loss: 0.6954, Seg Loss: 0.2596, Offset Loss: 0.4358, IoU: 0.8184, MSE: 7.9358,bg_MSE: 6.9928, fg_MSE: 2.0230,fp_penalty_loss: 0.0510
2025-09-23 20:15:36,136 - INFO - Checkpoint saved to ./checkpoints/unet_12/latest.pth
2025-09-23 20:15:36,137 - INFO - Score: 0.5588, IoU: 0.4910, MSE: 0.0677, BGP: -0.2000
2025-09-23 20:15:36,423 - INFO - Checkpoint saved to ./checkpoints/unet_12/best.pth
2025-09-23 20:15:36,424 - INFO - New best model! Score: 0.5588, IoU: 0.8184, MSE: 7.9358
2025-09-23 20:16:53,044 - INFO - Train Epoch 35 - Loss: 2.0270, Seg Loss: 0.2922, Offset Loss: 1.7349, IoU: 0.7811, MSE: 910.8639,BCE Loss: 0.0480, Dice Loss: 0.2040, FP Penalty Loss: 0.0402,MSE Loss: 1.7085, BG Zero Loss: 0.0264,
2025-09-23 20:17:03,668 - INFO - Val Epoch 35 - Loss: 0.7148, Seg Loss: 0.2673, Offset Loss: 0.4475, IoU: 0.8083, MSE: 14.7641,bg_MSE: 12.9935, fg_MSE: 2.8506,fp_penalty_loss: 0.0492
2025-09-23 20:17:03,963 - INFO - Checkpoint saved to ./checkpoints/unet_12/latest.pth
2025-09-23 20:17:03,964 - INFO - Score: 0.4389, IoU: 0.4850, MSE: -0.0461, BGP: -0.2000
2025-09-23 20:18:20,368 - INFO - Train Epoch 36 - Loss: 1.9500, Seg Loss: 0.2833, Offset Loss: 1.6668, IoU: 0.7716, MSE: 625.2877,BCE Loss: 0.0466, Dice Loss: 0.1967, FP Penalty Loss: 0.0399,MSE Loss: 1.6390, BG Zero Loss: 0.0278,
2025-09-23 20:18:31,112 - INFO - Val Epoch 36 - Loss: 0.7334, Seg Loss: 0.2638, Offset Loss: 0.4696, IoU: 0.8136, MSE: 20.9167,bg_MSE: 19.8040, fg_MSE: 2.1927,fp_penalty_loss: 0.0507
2025-09-23 20:18:31,408 - INFO - Checkpoint saved to ./checkpoints/unet_12/latest.pth
2025-09-23 20:18:31,408 - INFO - Score: 0.3395, IoU: 0.4881, MSE: -0.1486, BGP: -0.2000
2025-09-23 20:19:47,872 - INFO - Train Epoch 37 - Loss: 1.7934, Seg Loss: 0.2778, Offset Loss: 1.5156, IoU: 0.7792, MSE: 784.8305,BCE Loss: 0.0451, Dice Loss: 0.1936, FP Penalty Loss: 0.0391,MSE Loss: 1.4888, BG Zero Loss: 0.0268,
2025-09-23 20:19:58,487 - INFO - Val Epoch 37 - Loss: 0.7458, Seg Loss: 0.2402, Offset Loss: 0.5056, IoU: 0.8147, MSE: 45.3287,bg_MSE: 43.7794, fg_MSE: 2.6294,fp_penalty_loss: 0.0340
2025-09-23 20:19:58,782 - INFO - Checkpoint saved to ./checkpoints/unet_12/latest.pth
2025-09-23 20:19:58,782 - INFO - Score: 0.2888, IoU: 0.4888, MSE: -0.2000, BGP: -0.2000
2025-09-23 20:21:15,361 - INFO - Train Epoch 38 - Loss: 1.7627, Seg Loss: 0.2674, Offset Loss: 1.4953, IoU: 0.8155, MSE: 453.7550,BCE Loss: 0.0441, Dice Loss: 0.1865, FP Penalty Loss: 0.0367,MSE Loss: 1.4687, BG Zero Loss: 0.0266,
2025-09-23 20:21:26,088 - INFO - Val Epoch 38 - Loss: 0.7036, Seg Loss: 0.2570, Offset Loss: 0.4467, IoU: 0.8250, MSE: 14.2983,bg_MSE: 12.3968, fg_MSE: 2.9815,fp_penalty_loss: 0.0542
2025-09-23 20:21:26,387 - INFO - Checkpoint saved to ./checkpoints/unet_12/latest.pth
2025-09-23 20:21:26,388 - INFO - Score: 0.4567, IoU: 0.4950, MSE: -0.0383, BGP: -0.2000
2025-09-23 20:22:42,967 - INFO - Train Epoch 39 - Loss: 1.6943, Seg Loss: 0.2585, Offset Loss: 1.4358, IoU: 0.7832, MSE: 598.1816,BCE Loss: 0.0433, Dice Loss: 0.1800, FP Penalty Loss: 0.0352,MSE Loss: 1.4096, BG Zero Loss: 0.0262,
2025-09-23 20:22:53,532 - INFO - Val Epoch 39 - Loss: 0.6756, Seg Loss: 0.2220, Offset Loss: 0.4535, IoU: 0.8339, MSE: 25.1304,bg_MSE: 23.0964, fg_MSE: 3.1139,fp_penalty_loss: 0.0362
2025-09-23 20:22:53,827 - INFO - Checkpoint saved to ./checkpoints/unet_12/latest.pth
2025-09-23 20:22:53,827 - INFO - Score: 0.3003, IoU: 0.5003, MSE: -0.2000, BGP: -0.2000
2025-09-23 20:24:10,427 - INFO - Train Epoch 40 - Loss: 1.7050, Seg Loss: 0.2548, Offset Loss: 1.4502, IoU: 0.7804, MSE: 566.0320,BCE Loss: 0.0419, Dice Loss: 0.1773, FP Penalty Loss: 0.0356,MSE Loss: 1.4255, BG Zero Loss: 0.0246,
2025-09-23 20:24:21,154 - INFO - Val Epoch 40 - Loss: 0.7026, Seg Loss: 0.2250, Offset Loss: 0.4775, IoU: 0.8352, MSE: 47.9911,bg_MSE: 44.4007, fg_MSE: 4.6703,fp_penalty_loss: 0.0398
2025-09-23 20:24:21,456 - INFO - Checkpoint saved to ./checkpoints/unet_12/latest.pth
2025-09-23 20:24:21,457 - INFO - Score: 0.3011, IoU: 0.5011, MSE: -0.2000, BGP: -0.2000
2025-09-23 20:25:37,990 - INFO - Train Epoch 41 - Loss: 1.6587, Seg Loss: 0.2432, Offset Loss: 1.4156, IoU: 0.8113, MSE: 625.5353,BCE Loss: 0.0400, Dice Loss: 0.1696, FP Penalty Loss: 0.0336,MSE Loss: 1.3929, BG Zero Loss: 0.0226,
2025-09-23 20:25:48,607 - INFO - Val Epoch 41 - Loss: 0.6546, Seg Loss: 0.2287, Offset Loss: 0.4259, IoU: 0.8314, MSE: 21.4631,bg_MSE: 17.6799, fg_MSE: 4.8632,fp_penalty_loss: 0.0400
2025-09-23 20:25:48,887 - INFO - Checkpoint saved to ./checkpoints/unet_12/latest.pth
2025-09-23 20:25:48,888 - INFO - Score: 0.3411, IoU: 0.4989, MSE: -0.1577, BGP: -0.2000
2025-09-23 20:27:04,979 - INFO - Train Epoch 42 - Loss: 1.6068, Seg Loss: 0.2475, Offset Loss: 1.3593, IoU: 0.8133, MSE: 688.5726,BCE Loss: 0.0407, Dice Loss: 0.1721, FP Penalty Loss: 0.0346,MSE Loss: 1.3363, BG Zero Loss: 0.0230,
2025-09-23 20:27:15,595 - INFO - Val Epoch 42 - Loss: 0.6607, Seg Loss: 0.2159, Offset Loss: 0.4448, IoU: 0.8433, MSE: 48.2391,bg_MSE: 42.7416, fg_MSE: 6.5775,fp_penalty_loss: 0.0387
2025-09-23 20:27:15,888 - INFO - Checkpoint saved to ./checkpoints/unet_12/latest.pth
2025-09-23 20:27:15,889 - INFO - Score: 0.3060, IoU: 0.5060, MSE: -0.2000, BGP: -0.2000
2025-09-23 20:28:32,238 - INFO - Train Epoch 43 - Loss: 1.5345, Seg Loss: 0.2412, Offset Loss: 1.2933, IoU: 0.7952, MSE: 528.4995,BCE Loss: 0.0402, Dice Loss: 0.1694, FP Penalty Loss: 0.0316,MSE Loss: 1.2709, BG Zero Loss: 0.0223,
2025-09-23 20:28:42,832 - INFO - Val Epoch 43 - Loss: 0.6460, Seg Loss: 0.1966, Offset Loss: 0.4494, IoU: 0.8572, MSE: 50.8846,bg_MSE: 43.8512, fg_MSE: 8.1133,fp_penalty_loss: 0.0359
2025-09-23 20:28:43,125 - INFO - Checkpoint saved to ./checkpoints/unet_12/latest.pth
2025-09-23 20:28:43,125 - INFO - Score: 0.3143, IoU: 0.5143, MSE: -0.2000, BGP: -0.2000
2025-09-23 20:29:59,571 - INFO - Train Epoch 44 - Loss: 1.4212, Seg Loss: 0.2308, Offset Loss: 1.1903, IoU: 0.8246, MSE: 340.7459,BCE Loss: 0.0390, Dice Loss: 0.1608, FP Penalty Loss: 0.0311,MSE Loss: 1.1691, BG Zero Loss: 0.0213,
2025-09-23 20:30:10,150 - INFO - Val Epoch 44 - Loss: 0.5967, Seg Loss: 0.2001, Offset Loss: 0.3965, IoU: 0.8535, MSE: 27.9012,bg_MSE: 19.1221, fg_MSE: 9.8590,fp_penalty_loss: 0.0354
2025-09-23 20:30:10,445 - INFO - Checkpoint saved to ./checkpoints/unet_12/latest.pth
2025-09-23 20:30:10,446 - INFO - Score: 0.3121, IoU: 0.5121, MSE: -0.2000, BGP: -0.2000
2025-09-23 20:31:26,873 - INFO - Train Epoch 45 - Loss: 1.4323, Seg Loss: 0.2232, Offset Loss: 1.2091, IoU: 0.8386, MSE: 584.3762,BCE Loss: 0.0376, Dice Loss: 0.1558, FP Penalty Loss: 0.0298,MSE Loss: 1.1878, BG Zero Loss: 0.0213,
2025-09-23 20:31:37,490 - INFO - Val Epoch 45 - Loss: 0.6079, Seg Loss: 0.2140, Offset Loss: 0.3939, IoU: 0.8504, MSE: 33.9136,bg_MSE: 22.9781, fg_MSE: 12.0154,fp_penalty_loss: 0.0439
2025-09-23 20:31:37,834 - INFO - Checkpoint saved to ./checkpoints/unet_12/latest.pth
2025-09-23 20:31:37,835 - INFO - Score: 0.3102, IoU: 0.5102, MSE: -0.2000, BGP: -0.2000
2025-09-23 20:32:53,870 - INFO - Train Epoch 46 - Loss: 1.5021, Seg Loss: 0.2241, Offset Loss: 1.2780, IoU: 0.8323, MSE: 465.9629,BCE Loss: 0.0380, Dice Loss: 0.1555, FP Penalty Loss: 0.0306,MSE Loss: 1.2550, BG Zero Loss: 0.0231,
2025-09-23 20:33:04,466 - INFO - Val Epoch 46 - Loss: 0.5988, Seg Loss: 0.1833, Offset Loss: 0.4155, IoU: 0.8596, MSE: 51.2367,bg_MSE: 41.2187, fg_MSE: 11.0980,fp_penalty_loss: 0.0279
2025-09-23 20:33:04,761 - INFO - Checkpoint saved to ./checkpoints/unet_12/latest.pth
2025-09-23 20:33:04,761 - INFO - Score: 0.3157, IoU: 0.5157, MSE: -0.2000, BGP: -0.2000
2025-09-23 20:34:21,018 - INFO - Train Epoch 47 - Loss: 1.3936, Seg Loss: 0.2213, Offset Loss: 1.1723, IoU: 0.8248, MSE: 494.4543,BCE Loss: 0.0369, Dice Loss: 0.1530, FP Penalty Loss: 0.0315,MSE Loss: 1.1484, BG Zero Loss: 0.0239,
2025-09-23 20:34:31,580 - INFO - Val Epoch 47 - Loss: 0.5788, Seg Loss: 0.2044, Offset Loss: 0.3745, IoU: 0.8568, MSE: 28.9971,bg_MSE: 18.3070, fg_MSE: 11.7700,fp_penalty_loss: 0.0411
2025-09-23 20:34:31,872 - INFO - Checkpoint saved to ./checkpoints/unet_12/latest.pth
2025-09-23 20:34:31,872 - INFO - Score: 0.3141, IoU: 0.5141, MSE: -0.2000, BGP: -0.2000
2025-09-23 20:35:47,879 - INFO - Train Epoch 48 - Loss: 1.4099, Seg Loss: 0.2134, Offset Loss: 1.1965, IoU: 0.8313, MSE: 552.5132,BCE Loss: 0.0355, Dice Loss: 0.1494, FP Penalty Loss: 0.0286,MSE Loss: 1.1731, BG Zero Loss: 0.0234,
2025-09-23 20:35:58,490 - INFO - Val Epoch 48 - Loss: 0.5900, Seg Loss: 0.1985, Offset Loss: 0.3915, IoU: 0.8577, MSE: 37.6280,bg_MSE: 19.8751, fg_MSE: 18.8329,fp_penalty_loss: 0.0391
2025-09-23 20:35:58,786 - INFO - Checkpoint saved to ./checkpoints/unet_12/latest.pth
2025-09-23 20:35:58,786 - INFO - Score: 0.3146, IoU: 0.5146, MSE: -0.2000, BGP: -0.2000
2025-09-23 20:37:15,209 - INFO - Train Epoch 49 - Loss: 1.3267, Seg Loss: 0.2063, Offset Loss: 1.1204, IoU: 0.8169, MSE: 582.0412,BCE Loss: 0.0355, Dice Loss: 0.1435, FP Penalty Loss: 0.0272,MSE Loss: 1.0987, BG Zero Loss: 0.0217,
2025-09-23 20:37:25,788 - INFO - Val Epoch 49 - Loss: 0.5505, Seg Loss: 0.1987, Offset Loss: 0.3518, IoU: 0.8585, MSE: 20.5351,bg_MSE: 7.3507, fg_MSE: 14.2643,fp_penalty_loss: 0.0391
2025-09-23 20:37:26,102 - INFO - Checkpoint saved to ./checkpoints/unet_12/latest.pth
2025-09-23 20:37:26,103 - INFO - Score: 0.3729, IoU: 0.5151, MSE: -0.1423, BGP: -0.2000
2025-09-23 20:38:42,197 - INFO - Train Epoch 50 - Loss: 1.3038, Seg Loss: 0.2015, Offset Loss: 1.1022, IoU: 0.8336, MSE: 387.3379,BCE Loss: 0.0344, Dice Loss: 0.1402, FP Penalty Loss: 0.0269,MSE Loss: 1.0807, BG Zero Loss: 0.0216,
2025-09-23 20:38:52,892 - INFO - Val Epoch 50 - Loss: 0.6311, Seg Loss: 0.1833, Offset Loss: 0.4477, IoU: 0.8634, MSE: 50.2375,bg_MSE: 34.2416, fg_MSE: 17.0759,fp_penalty_loss: 0.0317
2025-09-23 20:38:53,187 - INFO - Checkpoint saved to ./checkpoints/unet_12/latest.pth
2025-09-23 20:38:53,187 - INFO - Score: 0.3180, IoU: 0.5180, MSE: -0.2000, BGP: -0.2000
2025-09-23 20:40:09,198 - INFO - Train Epoch 51 - Loss: 1.3400, Seg Loss: 0.2017, Offset Loss: 1.1383, IoU: 0.8398, MSE: 400.8663,BCE Loss: 0.0352, Dice Loss: 0.1392, FP Penalty Loss: 0.0273,MSE Loss: 1.1183, BG Zero Loss: 0.0200,
2025-09-23 20:40:19,756 - INFO - Val Epoch 51 - Loss: 0.6259, Seg Loss: 0.1806, Offset Loss: 0.4453, IoU: 0.8703, MSE: 50.0995,bg_MSE: 31.2599, fg_MSE: 19.9196,fp_penalty_loss: 0.0356
2025-09-23 20:40:20,051 - INFO - Checkpoint saved to ./checkpoints/unet_12/latest.pth
2025-09-23 20:40:20,052 - INFO - Score: 0.3222, IoU: 0.5222, MSE: -0.2000, BGP: -0.2000
2025-09-23 20:41:36,303 - INFO - Train Epoch 52 - Loss: 1.2432, Seg Loss: 0.2021, Offset Loss: 1.0411, IoU: 0.8581, MSE: 375.2466,BCE Loss: 0.0349, Dice Loss: 0.1403, FP Penalty Loss: 0.0269,MSE Loss: 1.0217, BG Zero Loss: 0.0194,
2025-09-23 20:41:46,899 - INFO - Val Epoch 52 - Loss: 0.7539, Seg Loss: 0.1705, Offset Loss: 0.5834, IoU: 0.8732, MSE: 88.6113,bg_MSE: 72.0531, fg_MSE: 17.6382,fp_penalty_loss: 0.0314
2025-09-23 20:41:47,192 - INFO - Checkpoint saved to ./checkpoints/unet_12/latest.pth
2025-09-23 20:41:47,192 - INFO - Score: 0.3239, IoU: 0.5239, MSE: -0.2000, BGP: -0.2000
2025-09-23 20:43:03,567 - INFO - Train Epoch 53 - Loss: 1.3175, Seg Loss: 0.1973, Offset Loss: 1.1202, IoU: 0.8643, MSE: 536.1895,BCE Loss: 0.0338, Dice Loss: 0.1374, FP Penalty Loss: 0.0261,MSE Loss: 1.1005, BG Zero Loss: 0.0197,
2025-09-23 20:43:14,061 - INFO - Val Epoch 53 - Loss: 0.7281, Seg Loss: 0.1763, Offset Loss: 0.5518, IoU: 0.8721, MSE: 88.0961,bg_MSE: 68.8755, fg_MSE: 20.3005,fp_penalty_loss: 0.0344
2025-09-23 20:43:14,355 - INFO - Checkpoint saved to ./checkpoints/unet_12/latest.pth
2025-09-23 20:43:14,356 - INFO - Score: 0.3233, IoU: 0.5233, MSE: -0.2000, BGP: -0.2000
2025-09-23 20:44:30,461 - INFO - Train Epoch 54 - Loss: 1.2435, Seg Loss: 0.1927, Offset Loss: 1.0507, IoU: 0.8447, MSE: 322.9606,BCE Loss: 0.0337, Dice Loss: 0.1323, FP Penalty Loss: 0.0267,MSE Loss: 1.0315, BG Zero Loss: 0.0193,
2025-09-23 20:44:41,030 - INFO - Val Epoch 54 - Loss: 0.6549, Seg Loss: 0.1565, Offset Loss: 0.4984, IoU: 0.8806, MSE: 69.0811,bg_MSE: 50.6011, fg_MSE: 19.5600,fp_penalty_loss: 0.0266
2025-09-23 20:44:41,326 - INFO - Checkpoint saved to ./checkpoints/unet_12/latest.pth
2025-09-23 20:44:41,326 - INFO - Score: 0.3284, IoU: 0.5284, MSE: -0.2000, BGP: -0.2000
2025-09-23 20:45:57,551 - INFO - Train Epoch 55 - Loss: 1.2276, Seg Loss: 0.1842, Offset Loss: 1.0434, IoU: 0.8524, MSE: 516.8839,BCE Loss: 0.0318, Dice Loss: 0.1268, FP Penalty Loss: 0.0256,MSE Loss: 1.0238, BG Zero Loss: 0.0196,
2025-09-23 20:46:08,091 - INFO - Val Epoch 55 - Loss: 0.5594, Seg Loss: 0.1828, Offset Loss: 0.3766, IoU: 0.8686, MSE: 34.8254,bg_MSE: 17.5249, fg_MSE: 18.3804,fp_penalty_loss: 0.0375
2025-09-23 20:46:08,383 - INFO - Checkpoint saved to ./checkpoints/unet_12/latest.pth
2025-09-23 20:46:08,383 - INFO - Score: 0.3212, IoU: 0.5212, MSE: -0.2000, BGP: -0.2000
2025-09-23 20:47:24,670 - INFO - Train Epoch 56 - Loss: 1.2927, Seg Loss: 0.1886, Offset Loss: 1.1041, IoU: 0.8432, MSE: 497.3354,BCE Loss: 0.0328, Dice Loss: 0.1299, FP Penalty Loss: 0.0260,MSE Loss: 1.0837, BG Zero Loss: 0.0204,
2025-09-23 20:47:35,172 - INFO - Val Epoch 56 - Loss: 0.6018, Seg Loss: 0.1937, Offset Loss: 0.4081, IoU: 0.8639, MSE: 47.3150,bg_MSE: 27.1108, fg_MSE: 21.2841,fp_penalty_loss: 0.0413
2025-09-23 20:47:35,465 - INFO - Checkpoint saved to ./checkpoints/unet_12/latest.pth
2025-09-23 20:47:35,465 - INFO - Score: 0.3183, IoU: 0.5183, MSE: -0.2000, BGP: -0.2000
2025-09-23 20:48:51,478 - INFO - Train Epoch 57 - Loss: 1.2284, Seg Loss: 0.1809, Offset Loss: 1.0475, IoU: 0.8623, MSE: 418.2313,BCE Loss: 0.0305, Dice Loss: 0.1258, FP Penalty Loss: 0.0247,MSE Loss: 1.0276, BG Zero Loss: 0.0199,
2025-09-23 20:49:01,930 - INFO - Val Epoch 57 - Loss: 0.5358, Seg Loss: 0.1658, Offset Loss: 0.3700, IoU: 0.8762, MSE: 35.8375,bg_MSE: 16.7906, fg_MSE: 20.1268,fp_penalty_loss: 0.0306
2025-09-23 20:49:02,224 - INFO - Checkpoint saved to ./checkpoints/unet_12/latest.pth
2025-09-23 20:49:02,224 - INFO - Score: 0.3257, IoU: 0.5257, MSE: -0.2000, BGP: -0.2000
2025-09-23 20:50:18,229 - INFO - Train Epoch 58 - Loss: 1.2002, Seg Loss: 0.1797, Offset Loss: 1.0205, IoU: 0.8359, MSE: 475.7801,BCE Loss: 0.0308, Dice Loss: 0.1245, FP Penalty Loss: 0.0243,MSE Loss: 1.0032, BG Zero Loss: 0.0173,
2025-09-23 20:50:28,930 - INFO - Val Epoch 58 - Loss: 0.5002, Seg Loss: 0.1605, Offset Loss: 0.3397, IoU: 0.8830, MSE: 29.2136,bg_MSE: 9.7552, fg_MSE: 20.5384,fp_penalty_loss: 0.0313
2025-09-23 20:50:29,224 - INFO - Checkpoint saved to ./checkpoints/unet_12/latest.pth
2025-09-23 20:50:29,225 - INFO - Score: 0.3298, IoU: 0.5298, MSE: -0.2000, BGP: -0.2000
2025-09-23 20:51:45,244 - INFO - Train Epoch 59 - Loss: 1.2162, Seg Loss: 0.1767, Offset Loss: 1.0395, IoU: 0.8514, MSE: 357.2687,BCE Loss: 0.0310, Dice Loss: 0.1219, FP Penalty Loss: 0.0238,MSE Loss: 1.0238, BG Zero Loss: 0.0156,
2025-09-23 20:51:55,716 - INFO - Val Epoch 59 - Loss: 0.5299, Seg Loss: 0.1532, Offset Loss: 0.3767, IoU: 0.8838, MSE: 41.3103,bg_MSE: 17.3375, fg_MSE: 25.0528,fp_penalty_loss: 0.0277
2025-09-23 20:51:56,008 - INFO - Checkpoint saved to ./checkpoints/unet_12/latest.pth
2025-09-23 20:51:56,009 - INFO - Score: 0.3303, IoU: 0.5303, MSE: -0.2000, BGP: -0.2000
2025-09-23 20:53:12,255 - INFO - Train Epoch 60 - Loss: 1.2195, Seg Loss: 0.1798, Offset Loss: 1.0397, IoU: 0.8449, MSE: 449.0997,BCE Loss: 0.0319, Dice Loss: 0.1243, FP Penalty Loss: 0.0236,MSE Loss: 1.0238, BG Zero Loss: 0.0159,
2025-09-23 20:53:22,897 - INFO - Val Epoch 60 - Loss: 0.5161, Seg Loss: 0.1734, Offset Loss: 0.3427, IoU: 0.8731, MSE: 28.8096,bg_MSE: 8.9193, fg_MSE: 20.9703,fp_penalty_loss: 0.0333
2025-09-23 20:53:23,195 - INFO - Checkpoint saved to ./checkpoints/unet_12/latest.pth
2025-09-23 20:53:23,195 - INFO - Score: 0.3239, IoU: 0.5239, MSE: -0.2000, BGP: -0.2000
2025-09-23 20:54:39,878 - INFO - Train Epoch 61 - Loss: 1.1974, Seg Loss: 0.1719, Offset Loss: 1.0254, IoU: 0.8513, MSE: 454.0605,BCE Loss: 0.0296, Dice Loss: 0.1179, FP Penalty Loss: 0.0245,MSE Loss: 1.0101, BG Zero Loss: 0.0154,
2025-09-23 20:54:50,469 - INFO - Val Epoch 61 - Loss: 0.5214, Seg Loss: 0.1524, Offset Loss: 0.3690, IoU: 0.8859, MSE: 40.5578,bg_MSE: 19.3050, fg_MSE: 22.3327,fp_penalty_loss: 0.0273
2025-09-23 20:54:50,765 - INFO - Checkpoint saved to ./checkpoints/unet_12/latest.pth
2025-09-23 20:54:50,766 - INFO - Score: 0.3315, IoU: 0.5315, MSE: -0.2000, BGP: -0.2000
2025-09-23 20:56:07,178 - INFO - Train Epoch 62 - Loss: 1.1115, Seg Loss: 0.1666, Offset Loss: 0.9449, IoU: 0.8714, MSE: 251.3252,BCE Loss: 0.0283, Dice Loss: 0.1157, FP Penalty Loss: 0.0226,MSE Loss: 0.9305, BG Zero Loss: 0.0144,
2025-09-23 20:56:17,748 - INFO - Val Epoch 62 - Loss: 0.7300, Seg Loss: 0.1539, Offset Loss: 0.5761, IoU: 0.8846, MSE: 102.8534,bg_MSE: 78.7238, fg_MSE: 25.2096,fp_penalty_loss: 0.0288
2025-09-23 20:56:18,046 - INFO - Checkpoint saved to ./checkpoints/unet_12/latest.pth
2025-09-23 20:56:18,046 - INFO - Score: 0.3308, IoU: 0.5308, MSE: -0.2000, BGP: -0.2000
2025-09-23 20:57:34,296 - INFO - Train Epoch 63 - Loss: 1.1680, Seg Loss: 0.1695, Offset Loss: 0.9985, IoU: 0.8730, MSE: 416.3421,BCE Loss: 0.0295, Dice Loss: 0.1172, FP Penalty Loss: 0.0228,MSE Loss: 0.9837, BG Zero Loss: 0.0148,
2025-09-23 20:57:44,780 - INFO - Val Epoch 63 - Loss: 0.6979, Seg Loss: 0.1509, Offset Loss: 0.5470, IoU: 0.8860, MSE: 95.4742,bg_MSE: 69.6623, fg_MSE: 26.8918,fp_penalty_loss: 0.0275
2025-09-23 20:57:45,075 - INFO - Checkpoint saved to ./checkpoints/unet_12/latest.pth
2025-09-23 20:57:45,075 - INFO - Score: 0.3316, IoU: 0.5316, MSE: -0.2000, BGP: -0.2000
2025-09-23 20:59:01,066 - INFO - Train Epoch 64 - Loss: 1.1519, Seg Loss: 0.1600, Offset Loss: 0.9918, IoU: 0.8754, MSE: 425.1657,BCE Loss: 0.0275, Dice Loss: 0.1112, FP Penalty Loss: 0.0213,MSE Loss: 0.9775, BG Zero Loss: 0.0144,
2025-09-23 20:59:11,616 - INFO - Val Epoch 64 - Loss: 0.6054, Seg Loss: 0.1428, Offset Loss: 0.4626, IoU: 0.8868, MSE: 72.5469,bg_MSE: 50.4716, fg_MSE: 23.1553,fp_penalty_loss: 0.0221
2025-09-23 20:59:11,905 - INFO - Checkpoint saved to ./checkpoints/unet_12/latest.pth
2025-09-23 20:59:11,906 - INFO - Score: 0.3321, IoU: 0.5321, MSE: -0.2000, BGP: -0.2000
2025-09-23 21:00:28,450 - INFO - Train Epoch 65 - Loss: 1.1330, Seg Loss: 0.1636, Offset Loss: 0.9694, IoU: 0.8811, MSE: 351.0794,BCE Loss: 0.0295, Dice Loss: 0.1126, FP Penalty Loss: 0.0215,MSE Loss: 0.9551, BG Zero Loss: 0.0143,
2025-09-23 21:00:38,995 - INFO - Val Epoch 65 - Loss: 0.4706, Seg Loss: 0.1502, Offset Loss: 0.3205, IoU: 0.8882, MSE: 40.5744,bg_MSE: 9.3263, fg_MSE: 32.3281,fp_penalty_loss: 0.0284
2025-09-23 21:00:39,285 - INFO - Checkpoint saved to ./checkpoints/unet_12/latest.pth
2025-09-23 21:00:39,286 - INFO - Score: 0.3329, IoU: 0.5329, MSE: -0.2000, BGP: -0.2000
2025-09-23 21:01:55,673 - INFO - Train Epoch 66 - Loss: 1.0962, Seg Loss: 0.1599, Offset Loss: 0.9363, IoU: 0.8691, MSE: 389.7451,BCE Loss: 0.0274, Dice Loss: 0.1108, FP Penalty Loss: 0.0217,MSE Loss: 0.9227, BG Zero Loss: 0.0136,
2025-09-23 21:02:06,195 - INFO - Val Epoch 66 - Loss: 0.5313, Seg Loss: 0.1382, Offset Loss: 0.3930, IoU: 0.8918, MSE: 69.7115,bg_MSE: 38.8326, fg_MSE: 31.9589,fp_penalty_loss: 0.0234
2025-09-23 21:02:06,486 - INFO - Checkpoint saved to ./checkpoints/unet_12/latest.pth
2025-09-23 21:02:06,486 - INFO - Score: 0.3351, IoU: 0.5351, MSE: -0.2000, BGP: -0.2000
2025-09-23 21:03:22,866 - INFO - Train Epoch 67 - Loss: 1.1030, Seg Loss: 0.1587, Offset Loss: 0.9443, IoU: 0.8734, MSE: 346.9798,BCE Loss: 0.0266, Dice Loss: 0.1103, FP Penalty Loss: 0.0218,MSE Loss: 0.9297, BG Zero Loss: 0.0146,
2025-09-23 21:03:33,484 - INFO - Val Epoch 67 - Loss: 0.4646, Seg Loss: 0.1365, Offset Loss: 0.3281, IoU: 0.8922, MSE: 62.5660,bg_MSE: 25.7507, fg_MSE: 37.8952,fp_penalty_loss: 0.0218
2025-09-23 21:03:33,791 - INFO - Checkpoint saved to ./checkpoints/unet_12/latest.pth
2025-09-23 21:03:33,792 - INFO - Score: 0.3353, IoU: 0.5353, MSE: -0.2000, BGP: -0.2000
2025-09-23 21:04:49,928 - INFO - Train Epoch 68 - Loss: 1.0885, Seg Loss: 0.1538, Offset Loss: 0.9347, IoU: 0.8831, MSE: 605.8538,BCE Loss: 0.0264, Dice Loss: 0.1064, FP Penalty Loss: 0.0210,MSE Loss: 0.9204, BG Zero Loss: 0.0143,
2025-09-23 21:05:00,352 - INFO - Val Epoch 68 - Loss: 0.4654, Seg Loss: 0.1358, Offset Loss: 0.3296, IoU: 0.8972, MSE: 67.9784,bg_MSE: 30.0405, fg_MSE: 39.0178,fp_penalty_loss: 0.0256
2025-09-23 21:05:00,641 - INFO - Checkpoint saved to ./checkpoints/unet_12/latest.pth
2025-09-23 21:05:00,641 - INFO - Score: 0.3383, IoU: 0.5383, MSE: -0.2000, BGP: -0.2000
2025-09-23 21:06:17,021 - INFO - Train Epoch 69 - Loss: 1.0935, Seg Loss: 0.1502, Offset Loss: 0.9434, IoU: 0.8726, MSE: 500.8308,BCE Loss: 0.0257, Dice Loss: 0.1037, FP Penalty Loss: 0.0208,MSE Loss: 0.9295, BG Zero Loss: 0.0139,
2025-09-23 21:06:27,650 - INFO - Val Epoch 69 - Loss: 0.4185, Seg Loss: 0.1400, Offset Loss: 0.2785, IoU: 0.8946, MSE: 60.3810,bg_MSE: 18.4498, fg_MSE: 43.0112,fp_penalty_loss: 0.0261
2025-09-23 21:06:27,942 - INFO - Checkpoint saved to ./checkpoints/unet_12/latest.pth
2025-09-23 21:06:27,942 - INFO - Score: 0.3368, IoU: 0.5368, MSE: -0.2000, BGP: -0.2000
2025-09-23 21:07:44,439 - INFO - Train Epoch 70 - Loss: 1.1159, Seg Loss: 0.1503, Offset Loss: 0.9655, IoU: 0.8715, MSE: 521.1985,BCE Loss: 0.0257, Dice Loss: 0.1048, FP Penalty Loss: 0.0199,MSE Loss: 0.9526, BG Zero Loss: 0.0129,
2025-09-23 21:07:55,142 - INFO - Val Epoch 70 - Loss: 0.4688, Seg Loss: 0.1378, Offset Loss: 0.3311, IoU: 0.8922, MSE: 84.2889,bg_MSE: 35.6509, fg_MSE: 49.7179,fp_penalty_loss: 0.0224
2025-09-23 21:07:55,441 - INFO - Checkpoint saved to ./checkpoints/unet_12/latest.pth
2025-09-23 21:07:55,442 - INFO - Score: 0.3353, IoU: 0.5353, MSE: -0.2000, BGP: -0.2000
2025-09-23 21:09:12,226 - INFO - Train Epoch 71 - Loss: 1.0715, Seg Loss: 0.1459, Offset Loss: 0.9256, IoU: 0.8776, MSE: 433.8352,BCE Loss: 0.0256, Dice Loss: 0.1010, FP Penalty Loss: 0.0193,MSE Loss: 0.9085, BG Zero Loss: 0.0171,
2025-09-23 21:09:22,945 - INFO - Val Epoch 71 - Loss: 0.7474, Seg Loss: 0.1323, Offset Loss: 0.6151, IoU: 0.8964, MSE: 160.7433,bg_MSE: 113.4622, fg_MSE: 48.3612,fp_penalty_loss: 0.0223
2025-09-23 21:09:23,238 - INFO - Checkpoint saved to ./checkpoints/unet_12/latest.pth
2025-09-23 21:09:23,239 - INFO - Score: 0.3379, IoU: 0.5379, MSE: -0.2000, BGP: -0.2000
2025-09-23 21:10:40,027 - INFO - Train Epoch 72 - Loss: 1.0900, Seg Loss: 0.1445, Offset Loss: 0.9455, IoU: 0.8749, MSE: 528.4024,BCE Loss: 0.0251, Dice Loss: 0.0999, FP Penalty Loss: 0.0195,MSE Loss: 0.9243, BG Zero Loss: 0.0212,
2025-09-23 21:10:50,714 - INFO - Val Epoch 72 - Loss: 0.6119, Seg Loss: 0.1365, Offset Loss: 0.4754, IoU: 0.8973, MSE: 120.4340,bg_MSE: 75.6620, fg_MSE: 45.8520,fp_penalty_loss: 0.0268
2025-09-23 21:10:51,016 - INFO - Checkpoint saved to ./checkpoints/unet_12/latest.pth
2025-09-23 21:10:51,017 - INFO - Score: 0.3384, IoU: 0.5384, MSE: -0.2000, BGP: -0.2000
2025-09-23 21:12:07,578 - INFO - Train Epoch 73 - Loss: 0.9721, Seg Loss: 0.1421, Offset Loss: 0.8299, IoU: 0.8703, MSE: 383.8410,BCE Loss: 0.0245, Dice Loss: 0.0981, FP Penalty Loss: 0.0195,MSE Loss: 0.8162, BG Zero Loss: 0.0137,
2025-09-23 21:12:18,254 - INFO - Val Epoch 73 - Loss: 0.4415, Seg Loss: 0.1297, Offset Loss: 0.3118, IoU: 0.9011, MSE: 83.0143,bg_MSE: 31.9510, fg_MSE: 52.1433,fp_penalty_loss: 0.0248
2025-09-23 21:12:18,553 - INFO - Checkpoint saved to ./checkpoints/unet_12/latest.pth
2025-09-23 21:12:18,553 - INFO - Score: 0.3407, IoU: 0.5407, MSE: -0.2000, BGP: -0.2000
2025-09-23 21:13:34,750 - INFO - Train Epoch 74 - Loss: 0.9286, Seg Loss: 0.1395, Offset Loss: 0.7891, IoU: 0.8814, MSE: 390.4427,BCE Loss: 0.0239, Dice Loss: 0.0961, FP Penalty Loss: 0.0196,MSE Loss: 0.7741, BG Zero Loss: 0.0150,
2025-09-23 21:13:45,362 - INFO - Val Epoch 74 - Loss: 0.3584, Seg Loss: 0.1293, Offset Loss: 0.2290, IoU: 0.8998, MSE: 72.1203,bg_MSE: 12.6551, fg_MSE: 60.5452,fp_penalty_loss: 0.0229
2025-09-23 21:13:45,665 - INFO - Checkpoint saved to ./checkpoints/unet_12/latest.pth
2025-09-23 21:13:45,666 - INFO - Score: 0.3399, IoU: 0.5399, MSE: -0.2000, BGP: -0.2000
2025-09-23 21:15:02,198 - INFO - Train Epoch 75 - Loss: 0.8078, Seg Loss: 0.1413, Offset Loss: 0.6665, IoU: 0.8900, MSE: 281.9865,BCE Loss: 0.0248, Dice Loss: 0.0971, FP Penalty Loss: 0.0195,MSE Loss: 0.6481, BG Zero Loss: 0.0184,
2025-09-23 21:15:12,903 - INFO - Val Epoch 75 - Loss: 0.3575, Seg Loss: 0.1331, Offset Loss: 0.2244, IoU: 0.9019, MSE: 71.6585,bg_MSE: 13.1704, fg_MSE: 59.5681,fp_penalty_loss: 0.0276
2025-09-23 21:15:13,202 - INFO - Checkpoint saved to ./checkpoints/unet_12/latest.pth
2025-09-23 21:15:13,203 - INFO - Score: 0.3411, IoU: 0.5411, MSE: -0.2000, BGP: -0.2000
2025-09-23 21:16:30,031 - INFO - Train Epoch 76 - Loss: 0.8073, Seg Loss: 0.1373, Offset Loss: 0.6700, IoU: 0.8866, MSE: 244.2010,BCE Loss: 0.0247, Dice Loss: 0.0941, FP Penalty Loss: 0.0185,MSE Loss: 0.6527, BG Zero Loss: 0.0173,
2025-09-23 21:16:40,701 - INFO - Val Epoch 76 - Loss: 0.3646, Seg Loss: 0.1335, Offset Loss: 0.2311, IoU: 0.9012, MSE: 74.1109,bg_MSE: 16.2849, fg_MSE: 58.9060,fp_penalty_loss: 0.0271
2025-09-23 21:16:40,999 - INFO - Checkpoint saved to ./checkpoints/unet_12/latest.pth
2025-09-23 21:16:41,000 - INFO - Score: 0.3407, IoU: 0.5407, MSE: -0.2000, BGP: -0.2000
2025-09-23 21:17:57,527 - INFO - Train Epoch 77 - Loss: 0.7791, Seg Loss: 0.1401, Offset Loss: 0.6391, IoU: 0.8753, MSE: 324.7330,BCE Loss: 0.0248, Dice Loss: 0.0964, FP Penalty Loss: 0.0189,MSE Loss: 0.6237, BG Zero Loss: 0.0153,
2025-09-23 21:18:08,167 - INFO - Val Epoch 77 - Loss: 0.3609, Seg Loss: 0.1235, Offset Loss: 0.2374, IoU: 0.9042, MSE: 77.3045,bg_MSE: 16.6635, fg_MSE: 61.7209,fp_penalty_loss: 0.0221
2025-09-23 21:18:08,468 - INFO - Checkpoint saved to ./checkpoints/unet_12/latest.pth
2025-09-23 21:18:08,469 - INFO - Score: 0.3425, IoU: 0.5425, MSE: -0.2000, BGP: -0.2000
2025-09-23 21:19:25,241 - INFO - Train Epoch 78 - Loss: 0.7405, Seg Loss: 0.1347, Offset Loss: 0.6058, IoU: 0.8883, MSE: 267.2093,BCE Loss: 0.0234, Dice Loss: 0.0926, FP Penalty Loss: 0.0186,MSE Loss: 0.5909, BG Zero Loss: 0.0149,
2025-09-23 21:19:35,830 - INFO - Val Epoch 78 - Loss: 0.3470, Seg Loss: 0.1232, Offset Loss: 0.2238, IoU: 0.9045, MSE: 71.1405,bg_MSE: 12.8773, fg_MSE: 59.3432,fp_penalty_loss: 0.0218
2025-09-23 21:19:36,127 - INFO - Checkpoint saved to ./checkpoints/unet_12/latest.pth
2025-09-23 21:19:36,128 - INFO - Score: 0.3427, IoU: 0.5427, MSE: -0.2000, BGP: -0.2000
2025-09-23 21:20:52,497 - INFO - Train Epoch 79 - Loss: 0.7336, Seg Loss: 0.1289, Offset Loss: 0.6047, IoU: 0.9032, MSE: 272.1452,BCE Loss: 0.0227, Dice Loss: 0.0888, FP Penalty Loss: 0.0174,MSE Loss: 0.5907, BG Zero Loss: 0.0140,
2025-09-23 21:21:03,024 - INFO - Val Epoch 79 - Loss: 0.3561, Seg Loss: 0.1359, Offset Loss: 0.2202, IoU: 0.9020, MSE: 79.8064,bg_MSE: 14.3735, fg_MSE: 66.5128,fp_penalty_loss: 0.0288
2025-09-23 21:21:03,320 - INFO - Checkpoint saved to ./checkpoints/unet_12/latest.pth
2025-09-23 21:21:03,320 - INFO - Score: 0.3412, IoU: 0.5412, MSE: -0.2000, BGP: -0.2000
2025-09-23 21:22:19,774 - INFO - Train Epoch 80 - Loss: 0.7050, Seg Loss: 0.1282, Offset Loss: 0.5768, IoU: 0.8908, MSE: 256.6911,BCE Loss: 0.0222, Dice Loss: 0.0882, FP Penalty Loss: 0.0178,MSE Loss: 0.5629, BG Zero Loss: 0.0139,
2025-09-23 21:22:30,369 - INFO - Val Epoch 80 - Loss: 0.3358, Seg Loss: 0.1241, Offset Loss: 0.2117, IoU: 0.9074, MSE: 84.3862,bg_MSE: 13.9537, fg_MSE: 71.5124,fp_penalty_loss: 0.0248
2025-09-23 21:22:30,664 - INFO - Checkpoint saved to ./checkpoints/unet_12/latest.pth
2025-09-23 21:22:30,665 - INFO - Score: 0.3444, IoU: 0.5444, MSE: -0.2000, BGP: -0.2000
2025-09-23 21:23:47,164 - INFO - Train Epoch 81 - Loss: 0.7223, Seg Loss: 0.1312, Offset Loss: 0.5911, IoU: 0.9048, MSE: 284.9039,BCE Loss: 0.0233, Dice Loss: 0.0903, FP Penalty Loss: 0.0176,MSE Loss: 0.5778, BG Zero Loss: 0.0133,
2025-09-23 21:23:57,801 - INFO - Val Epoch 81 - Loss: 0.3240, Seg Loss: 0.1168, Offset Loss: 0.2072, IoU: 0.9070, MSE: 73.3429,bg_MSE: 9.1257, fg_MSE: 65.2972,fp_penalty_loss: 0.0193
2025-09-23 21:23:58,095 - INFO - Checkpoint saved to ./checkpoints/unet_12/latest.pth
2025-09-23 21:23:58,096 - INFO - Score: 0.3442, IoU: 0.5442, MSE: -0.2000, BGP: -0.2000
2025-09-23 21:25:14,550 - INFO - Train Epoch 82 - Loss: 0.7049, Seg Loss: 0.1263, Offset Loss: 0.5786, IoU: 0.8999, MSE: 267.9916,BCE Loss: 0.0230, Dice Loss: 0.0859, FP Penalty Loss: 0.0174,MSE Loss: 0.5667, BG Zero Loss: 0.0118,
2025-09-23 21:25:25,121 - INFO - Val Epoch 82 - Loss: 0.3357, Seg Loss: 0.1175, Offset Loss: 0.2182, IoU: 0.9093, MSE: 95.7140,bg_MSE: 16.9097, fg_MSE: 79.8842,fp_penalty_loss: 0.0215
2025-09-23 21:25:25,414 - INFO - Checkpoint saved to ./checkpoints/unet_12/latest.pth
2025-09-23 21:25:25,414 - INFO - Score: 0.3456, IoU: 0.5456, MSE: -0.2000, BGP: -0.2000
2025-09-23 21:26:42,005 - INFO - Train Epoch 83 - Loss: 0.7126, Seg Loss: 0.1252, Offset Loss: 0.5874, IoU: 0.9033, MSE: 250.1956,BCE Loss: 0.0223, Dice Loss: 0.0855, FP Penalty Loss: 0.0174,MSE Loss: 0.5763, BG Zero Loss: 0.0110,
2025-09-23 21:26:52,751 - INFO - Val Epoch 83 - Loss: 0.3370, Seg Loss: 0.1217, Offset Loss: 0.2153, IoU: 0.9076, MSE: 69.3547,bg_MSE: 12.7766, fg_MSE: 57.6581,fp_penalty_loss: 0.0228
2025-09-23 21:26:53,046 - INFO - Checkpoint saved to ./checkpoints/unet_12/latest.pth
2025-09-23 21:26:53,047 - INFO - Score: 0.3446, IoU: 0.5446, MSE: -0.2000, BGP: -0.2000
2025-09-23 21:28:09,567 - INFO - Train Epoch 84 - Loss: 0.7128, Seg Loss: 0.1215, Offset Loss: 0.5913, IoU: 0.9024, MSE: 258.1828,BCE Loss: 0.0218, Dice Loss: 0.0831, FP Penalty Loss: 0.0166,MSE Loss: 0.5798, BG Zero Loss: 0.0116,
2025-09-23 21:28:20,206 - INFO - Val Epoch 84 - Loss: 0.3047, Seg Loss: 0.1093, Offset Loss: 0.1953, IoU: 0.9149, MSE: 85.0612,bg_MSE: 11.4860, fg_MSE: 74.6552,fp_penalty_loss: 0.0196
2025-09-23 21:28:20,505 - INFO - Checkpoint saved to ./checkpoints/unet_12/latest.pth
2025-09-23 21:28:20,506 - INFO - Score: 0.3489, IoU: 0.5489, MSE: -0.2000, BGP: -0.2000
2025-09-23 21:29:36,911 - INFO - Train Epoch 85 - Loss: 0.6838, Seg Loss: 0.1194, Offset Loss: 0.5644, IoU: 0.9101, MSE: 231.5321,BCE Loss: 0.0204, Dice Loss: 0.0820, FP Penalty Loss: 0.0170,MSE Loss: 0.5523, BG Zero Loss: 0.0121,
2025-09-23 21:29:47,508 - INFO - Val Epoch 85 - Loss: 0.3057, Seg Loss: 0.1155, Offset Loss: 0.1901, IoU: 0.9112, MSE: 80.8877,bg_MSE: 10.1044, fg_MSE: 71.8634,fp_penalty_loss: 0.0213
2025-09-23 21:29:47,785 - INFO - Checkpoint saved to ./checkpoints/unet_12/latest.pth
2025-09-23 21:29:47,785 - INFO - Score: 0.3467, IoU: 0.5467, MSE: -0.2000, BGP: -0.2000
2025-09-23 21:31:04,310 - INFO - Train Epoch 86 - Loss: 0.6977, Seg Loss: 0.1165, Offset Loss: 0.5812, IoU: 0.8983, MSE: 284.9394,BCE Loss: 0.0210, Dice Loss: 0.0793, FP Penalty Loss: 0.0163,MSE Loss: 0.5697, BG Zero Loss: 0.0115,
2025-09-23 21:31:14,725 - INFO - Val Epoch 86 - Loss: 0.3150, Seg Loss: 0.1218, Offset Loss: 0.1932, IoU: 0.9090, MSE: 95.7769,bg_MSE: 13.2104, fg_MSE: 83.6465,fp_penalty_loss: 0.0248
2025-09-23 21:31:15,013 - INFO - Checkpoint saved to ./checkpoints/unet_12/latest.pth
2025-09-23 21:31:15,014 - INFO - Score: 0.3454, IoU: 0.5454, MSE: -0.2000, BGP: -0.2000
2025-09-23 21:32:31,141 - INFO - Train Epoch 87 - Loss: 0.6489, Seg Loss: 0.1164, Offset Loss: 0.5326, IoU: 0.9028, MSE: 245.0390,BCE Loss: 0.0207, Dice Loss: 0.0799, FP Penalty Loss: 0.0158,MSE Loss: 0.5206, BG Zero Loss: 0.0120,
2025-09-23 21:32:41,609 - INFO - Val Epoch 87 - Loss: 0.3122, Seg Loss: 0.1180, Offset Loss: 0.1942, IoU: 0.9101, MSE: 99.9258,bg_MSE: 14.0027, fg_MSE: 87.0031,fp_penalty_loss: 0.0232
2025-09-23 21:32:41,899 - INFO - Checkpoint saved to ./checkpoints/unet_12/latest.pth
2025-09-23 21:32:41,899 - INFO - Score: 0.3461, IoU: 0.5461, MSE: -0.2000, BGP: -0.2000
2025-09-23 21:33:58,432 - INFO - Train Epoch 88 - Loss: 0.6537, Seg Loss: 0.1158, Offset Loss: 0.5379, IoU: 0.8912, MSE: 206.6525,BCE Loss: 0.0209, Dice Loss: 0.0791, FP Penalty Loss: 0.0157,MSE Loss: 0.5276, BG Zero Loss: 0.0103,
2025-09-23 21:34:09,094 - INFO - Val Epoch 88 - Loss: 0.3067, Seg Loss: 0.1122, Offset Loss: 0.1945, IoU: 0.9164, MSE: 79.8912,bg_MSE: 12.5592, fg_MSE: 68.4119,fp_penalty_loss: 0.0233
2025-09-23 21:34:09,398 - INFO - Checkpoint saved to ./checkpoints/unet_12/latest.pth
2025-09-23 21:34:09,399 - INFO - Score: 0.3499, IoU: 0.5499, MSE: -0.2000, BGP: -0.2000
2025-09-23 21:35:26,241 - INFO - Train Epoch 89 - Loss: 0.6689, Seg Loss: 0.1152, Offset Loss: 0.5537, IoU: 0.9146, MSE: 242.5862,BCE Loss: 0.0210, Dice Loss: 0.0781, FP Penalty Loss: 0.0161,MSE Loss: 0.5434, BG Zero Loss: 0.0103,
2025-09-23 21:35:36,754 - INFO - Val Epoch 89 - Loss: 0.3014, Seg Loss: 0.1125, Offset Loss: 0.1889, IoU: 0.9139, MSE: 88.0731,bg_MSE: 12.3490, fg_MSE: 76.8040,fp_penalty_loss: 0.0219
2025-09-23 21:35:37,052 - INFO - Checkpoint saved to ./checkpoints/unet_12/latest.pth
2025-09-23 21:35:37,053 - INFO - Score: 0.3484, IoU: 0.5484, MSE: -0.2000, BGP: -0.2000
2025-09-23 21:36:53,484 - INFO - Train Epoch 90 - Loss: 0.6449, Seg Loss: 0.1137, Offset Loss: 0.5312, IoU: 0.9230, MSE: 298.3096,BCE Loss: 0.0202, Dice Loss: 0.0779, FP Penalty Loss: 0.0156,MSE Loss: 0.5196, BG Zero Loss: 0.0116,
2025-09-23 21:37:04,094 - INFO - Val Epoch 90 - Loss: 0.3216, Seg Loss: 0.1180, Offset Loss: 0.2036, IoU: 0.9098, MSE: 104.1576,bg_MSE: 17.4781, fg_MSE: 87.7594,fp_penalty_loss: 0.0227
2025-09-23 21:37:04,393 - INFO - Checkpoint saved to ./checkpoints/unet_12/latest.pth
2025-09-23 21:37:04,394 - INFO - Score: 0.3459, IoU: 0.5459, MSE: -0.2000, BGP: -0.2000
2025-09-23 21:38:21,138 - INFO - Train Epoch 91 - Loss: 0.6181, Seg Loss: 0.1133, Offset Loss: 0.5049, IoU: 0.9137, MSE: 271.0850,BCE Loss: 0.0198, Dice Loss: 0.0775, FP Penalty Loss: 0.0159,MSE Loss: 0.4941, BG Zero Loss: 0.0108,
2025-09-23 21:38:31,701 - INFO - Val Epoch 91 - Loss: 0.2897, Seg Loss: 0.1039, Offset Loss: 0.1857, IoU: 0.9157, MSE: 87.3255,bg_MSE: 11.5188, fg_MSE: 76.8866,fp_penalty_loss: 0.0163
2025-09-23 21:38:31,988 - INFO - Checkpoint saved to ./checkpoints/unet_12/latest.pth
2025-09-23 21:38:31,989 - INFO - Score: 0.3494, IoU: 0.5494, MSE: -0.2000, BGP: -0.2000
2025-09-23 21:39:48,400 - INFO - Train Epoch 92 - Loss: 0.6367, Seg Loss: 0.1116, Offset Loss: 0.5250, IoU: 0.9065, MSE: 262.8548,BCE Loss: 0.0200, Dice Loss: 0.0763, FP Penalty Loss: 0.0153,MSE Loss: 0.5134, BG Zero Loss: 0.0116,
2025-09-23 21:39:58,997 - INFO - Val Epoch 92 - Loss: 0.2872, Seg Loss: 0.1085, Offset Loss: 0.1787, IoU: 0.9180, MSE: 89.9211,bg_MSE: 11.0756, fg_MSE: 79.9254,fp_penalty_loss: 0.0218
2025-09-23 21:39:59,295 - INFO - Checkpoint saved to ./checkpoints/unet_12/latest.pth
2025-09-23 21:39:59,295 - INFO - Score: 0.3508, IoU: 0.5508, MSE: -0.2000, BGP: -0.2000
2025-09-23 21:41:15,997 - INFO - Train Epoch 93 - Loss: 0.6591, Seg Loss: 0.1161, Offset Loss: 0.5430, IoU: 0.9084, MSE: 272.3149,BCE Loss: 0.0207, Dice Loss: 0.0796, FP Penalty Loss: 0.0157,MSE Loss: 0.5292, BG Zero Loss: 0.0138,
2025-09-23 21:41:26,687 - INFO - Val Epoch 93 - Loss: 0.3005, Seg Loss: 0.1039, Offset Loss: 0.1966, IoU: 0.9178, MSE: 86.9924,bg_MSE: 14.4580, fg_MSE: 73.6143,fp_penalty_loss: 0.0187
2025-09-23 21:41:26,988 - INFO - Checkpoint saved to ./checkpoints/unet_12/latest.pth
2025-09-23 21:41:26,989 - INFO - Score: 0.3507, IoU: 0.5507, MSE: -0.2000, BGP: -0.2000
2025-09-23 21:42:43,575 - INFO - Train Epoch 94 - Loss: 0.6322, Seg Loss: 0.1104, Offset Loss: 0.5218, IoU: 0.8930, MSE: 240.6889,BCE Loss: 0.0198, Dice Loss: 0.0751, FP Penalty Loss: 0.0155,MSE Loss: 0.5104, BG Zero Loss: 0.0114,
2025-09-23 21:42:54,174 - INFO - Val Epoch 94 - Loss: 0.2891, Seg Loss: 0.1047, Offset Loss: 0.1844, IoU: 0.9195, MSE: 74.0254,bg_MSE: 10.6240, fg_MSE: 64.4814,fp_penalty_loss: 0.0203
2025-09-23 21:42:54,464 - INFO - Checkpoint saved to ./checkpoints/unet_12/latest.pth
2025-09-23 21:42:54,464 - INFO - Score: 0.3517, IoU: 0.5517, MSE: -0.2000, BGP: -0.2000
2025-09-23 21:44:11,099 - INFO - Train Epoch 95 - Loss: 0.6039, Seg Loss: 0.1063, Offset Loss: 0.4976, IoU: 0.9107, MSE: 227.0276,BCE Loss: 0.0193, Dice Loss: 0.0723, FP Penalty Loss: 0.0148,MSE Loss: 0.4879, BG Zero Loss: 0.0098,
2025-09-23 21:44:21,652 - INFO - Val Epoch 95 - Loss: 0.2890, Seg Loss: 0.1149, Offset Loss: 0.1742, IoU: 0.9146, MSE: 99.9834,bg_MSE: 13.3400, fg_MSE: 87.7233,fp_penalty_loss: 0.0247
2025-09-23 21:44:21,940 - INFO - Checkpoint saved to ./checkpoints/unet_12/latest.pth
2025-09-23 21:44:21,941 - INFO - Score: 0.3488, IoU: 0.5488, MSE: -0.2000, BGP: -0.2000
2025-09-23 21:45:38,386 - INFO - Train Epoch 96 - Loss: 0.6401, Seg Loss: 0.1076, Offset Loss: 0.5324, IoU: 0.9131, MSE: 265.7404,BCE Loss: 0.0192, Dice Loss: 0.0738, FP Penalty Loss: 0.0146,MSE Loss: 0.5201, BG Zero Loss: 0.0124,
2025-09-23 21:45:48,873 - INFO - Val Epoch 96 - Loss: 0.3295, Seg Loss: 0.1145, Offset Loss: 0.2150, IoU: 0.9153, MSE: 107.4088,bg_MSE: 24.2623, fg_MSE: 84.2264,fp_penalty_loss: 0.0242
2025-09-23 21:45:49,163 - INFO - Checkpoint saved to ./checkpoints/unet_12/latest.pth
2025-09-23 21:45:49,163 - INFO - Score: 0.3492, IoU: 0.5492, MSE: -0.2000, BGP: -0.2000
2025-09-23 21:47:05,842 - INFO - Train Epoch 97 - Loss: 0.6463, Seg Loss: 0.1080, Offset Loss: 0.5383, IoU: 0.9079, MSE: 279.5635,BCE Loss: 0.0196, Dice Loss: 0.0737, FP Penalty Loss: 0.0147,MSE Loss: 0.5255, BG Zero Loss: 0.0128,
2025-09-23 21:47:16,448 - INFO - Val Epoch 97 - Loss: 0.2796, Seg Loss: 0.1049, Offset Loss: 0.1747, IoU: 0.9197, MSE: 99.1618,bg_MSE: 12.8169, fg_MSE: 87.4249,fp_penalty_loss: 0.0210
2025-09-23 21:47:16,737 - INFO - Checkpoint saved to ./checkpoints/unet_12/latest.pth
2025-09-23 21:47:16,737 - INFO - Score: 0.3518, IoU: 0.5518, MSE: -0.2000, BGP: -0.2000
2025-09-23 21:48:33,214 - INFO - Train Epoch 98 - Loss: 0.6471, Seg Loss: 0.1040, Offset Loss: 0.5431, IoU: 0.9099, MSE: 270.8547,BCE Loss: 0.0184, Dice Loss: 0.0704, FP Penalty Loss: 0.0152,MSE Loss: 0.5290, BG Zero Loss: 0.0141,
2025-09-23 21:48:43,785 - INFO - Val Epoch 98 - Loss: 0.2718, Seg Loss: 0.0993, Offset Loss: 0.1724, IoU: 0.9225, MSE: 96.4710,bg_MSE: 12.3541, fg_MSE: 85.1969,fp_penalty_loss: 0.0192
2025-09-23 21:48:44,080 - INFO - Checkpoint saved to ./checkpoints/unet_12/latest.pth
2025-09-23 21:48:44,081 - INFO - Score: 0.3535, IoU: 0.5535, MSE: -0.2000, BGP: -0.2000
2025-09-23 21:50:00,179 - INFO - Train Epoch 99 - Loss: 0.6365, Seg Loss: 0.1028, Offset Loss: 0.5337, IoU: 0.9155, MSE: 248.6895,BCE Loss: 0.0183, Dice Loss: 0.0703, FP Penalty Loss: 0.0142,MSE Loss: 0.5224, BG Zero Loss: 0.0113,
2025-09-23 21:50:10,725 - INFO - Val Epoch 99 - Loss: 0.2716, Seg Loss: 0.0986, Offset Loss: 0.1731, IoU: 0.9229, MSE: 81.7187,bg_MSE: 10.6559, fg_MSE: 72.1427,fp_penalty_loss: 0.0184
2025-09-23 21:50:11,019 - INFO - Checkpoint saved to ./checkpoints/unet_12/latest.pth
2025-09-23 21:50:11,020 - INFO - Score: 0.3537, IoU: 0.5537, MSE: -0.2000, BGP: -0.2000
2025-09-23 21:51:27,440 - INFO - Train Epoch 100 - Loss: 0.6098, Seg Loss: 0.1004, Offset Loss: 0.5094, IoU: 0.9110, MSE: 329.9379,BCE Loss: 0.0181, Dice Loss: 0.0685, FP Penalty Loss: 0.0138,MSE Loss: 0.4988, BG Zero Loss: 0.0107,
2025-09-23 21:51:37,945 - INFO - Val Epoch 100 - Loss: 0.2788, Seg Loss: 0.1017, Offset Loss: 0.1772, IoU: 0.9222, MSE: 97.1789,bg_MSE: 14.1815, fg_MSE: 84.0773,fp_penalty_loss: 0.0199
2025-09-23 21:51:38,233 - INFO - Checkpoint saved to ./checkpoints/unet_12/latest.pth
2025-09-23 21:51:38,233 - INFO - Score: 0.3533, IoU: 0.5533, MSE: -0.2000, BGP: -0.2000
2025-09-23 21:52:54,632 - INFO - Train Epoch 101 - Loss: 0.6035, Seg Loss: 0.1021, Offset Loss: 0.5014, IoU: 0.9196, MSE: 303.9907,BCE Loss: 0.0178, Dice Loss: 0.0700, FP Penalty Loss: 0.0143,MSE Loss: 0.4926, BG Zero Loss: 0.0088,
2025-09-23 21:53:05,028 - INFO - Val Epoch 101 - Loss: 0.2526, Seg Loss: 0.0981, Offset Loss: 0.1544, IoU: 0.9236, MSE: 91.5399,bg_MSE: 8.4061, fg_MSE: 84.2137,fp_penalty_loss: 0.0184
2025-09-23 21:53:05,317 - INFO - Checkpoint saved to ./checkpoints/unet_12/latest.pth
2025-09-23 21:53:05,318 - INFO - Score: 0.3541, IoU: 0.5541, MSE: -0.2000, BGP: -0.2000
2025-09-23 21:54:21,377 - INFO - Train Epoch 102 - Loss: 0.6010, Seg Loss: 0.0989, Offset Loss: 0.5021, IoU: 0.9264, MSE: 288.8400,BCE Loss: 0.0178, Dice Loss: 0.0671, FP Penalty Loss: 0.0140,MSE Loss: 0.4923, BG Zero Loss: 0.0098,
2025-09-23 21:54:31,944 - INFO - Val Epoch 102 - Loss: 0.2665, Seg Loss: 0.0971, Offset Loss: 0.1694, IoU: 0.9241, MSE: 91.3051,bg_MSE: 12.0747, fg_MSE: 80.3103,fp_penalty_loss: 0.0184
2025-09-23 21:54:32,235 - INFO - Checkpoint saved to ./checkpoints/unet_12/latest.pth
2025-09-23 21:54:32,235 - INFO - Score: 0.3544, IoU: 0.5544, MSE: -0.2000, BGP: -0.2000
2025-09-23 21:55:48,855 - INFO - Train Epoch 103 - Loss: 0.5697, Seg Loss: 0.1010, Offset Loss: 0.4688, IoU: 0.9167, MSE: 235.4775,BCE Loss: 0.0183, Dice Loss: 0.0688, FP Penalty Loss: 0.0139,MSE Loss: 0.4582, BG Zero Loss: 0.0105,
2025-09-23 21:55:59,408 - INFO - Val Epoch 103 - Loss: 0.2659, Seg Loss: 0.1010, Offset Loss: 0.1650, IoU: 0.9206, MSE: 106.0172,bg_MSE: 12.4854, fg_MSE: 94.6118,fp_penalty_loss: 0.0189
2025-09-23 21:55:59,716 - INFO - Checkpoint saved to ./checkpoints/unet_12/latest.pth
2025-09-23 21:55:59,717 - INFO - Score: 0.3523, IoU: 0.5523, MSE: -0.2000, BGP: -0.2000
2025-09-23 21:57:15,962 - INFO - Train Epoch 104 - Loss: 0.6091, Seg Loss: 0.1006, Offset Loss: 0.5085, IoU: 0.9156, MSE: 285.5523,BCE Loss: 0.0180, Dice Loss: 0.0682, FP Penalty Loss: 0.0144,MSE Loss: 0.4965, BG Zero Loss: 0.0120,
2025-09-23 21:57:26,564 - INFO - Val Epoch 104 - Loss: 0.3082, Seg Loss: 0.0965, Offset Loss: 0.2118, IoU: 0.9260, MSE: 99.3051,bg_MSE: 24.6175, fg_MSE: 75.7676,fp_penalty_loss: 0.0190
2025-09-23 21:57:26,866 - INFO - Checkpoint saved to ./checkpoints/unet_12/latest.pth
2025-09-23 21:57:26,866 - INFO - Score: 0.3556, IoU: 0.5556, MSE: -0.2000, BGP: -0.2000
2025-09-23 21:58:43,164 - INFO - Train Epoch 105 - Loss: 0.5748, Seg Loss: 0.1019, Offset Loss: 0.4729, IoU: 0.9280, MSE: 237.7959,BCE Loss: 0.0184, Dice Loss: 0.0690, FP Penalty Loss: 0.0144,MSE Loss: 0.4634, BG Zero Loss: 0.0095,
2025-09-23 21:58:53,854 - INFO - Val Epoch 105 - Loss: 0.2692, Seg Loss: 0.0979, Offset Loss: 0.1714, IoU: 0.9224, MSE: 103.8557,bg_MSE: 14.4843, fg_MSE: 90.4514,fp_penalty_loss: 0.0174
2025-09-23 21:58:54,150 - INFO - Checkpoint saved to ./checkpoints/unet_12/latest.pth
2025-09-23 21:58:54,151 - INFO - Score: 0.3535, IoU: 0.5535, MSE: -0.2000, BGP: -0.2000
2025-09-23 22:00:10,600 - INFO - Train Epoch 106 - Loss: 0.5695, Seg Loss: 0.0959, Offset Loss: 0.4736, IoU: 0.9197, MSE: 253.4830,BCE Loss: 0.0175, Dice Loss: 0.0649, FP Penalty Loss: 0.0135,MSE Loss: 0.4644, BG Zero Loss: 0.0092,
2025-09-23 22:00:21,186 - INFO - Val Epoch 106 - Loss: 0.2518, Seg Loss: 0.0961, Offset Loss: 0.1557, IoU: 0.9258, MSE: 102.9899,bg_MSE: 10.8794, fg_MSE: 93.1905,fp_penalty_loss: 0.0189
2025-09-23 22:00:21,485 - INFO - Checkpoint saved to ./checkpoints/unet_12/latest.pth
2025-09-23 22:00:21,486 - INFO - Score: 0.3555, IoU: 0.5555, MSE: -0.2000, BGP: -0.2000
2025-09-23 22:01:37,775 - INFO - Train Epoch 107 - Loss: 0.5813, Seg Loss: 0.0997, Offset Loss: 0.4816, IoU: 0.9202, MSE: 241.0941,BCE Loss: 0.0182, Dice Loss: 0.0673, FP Penalty Loss: 0.0142,MSE Loss: 0.4698, BG Zero Loss: 0.0118,
2025-09-23 22:01:48,263 - INFO - Val Epoch 107 - Loss: 0.2621, Seg Loss: 0.1036, Offset Loss: 0.1584, IoU: 0.9202, MSE: 113.4047,bg_MSE: 12.8275, fg_MSE: 101.6573,fp_penalty_loss: 0.0208
2025-09-23 22:01:48,557 - INFO - Checkpoint saved to ./checkpoints/unet_12/latest.pth
2025-09-23 22:01:48,557 - INFO - Score: 0.3521, IoU: 0.5521, MSE: -0.2000, BGP: -0.2000
2025-09-23 22:03:04,721 - INFO - Train Epoch 108 - Loss: 0.5733, Seg Loss: 0.0971, Offset Loss: 0.4762, IoU: 0.9287, MSE: 233.2564,BCE Loss: 0.0172, Dice Loss: 0.0667, FP Penalty Loss: 0.0131,MSE Loss: 0.4620, BG Zero Loss: 0.0143,
2025-09-23 22:03:15,156 - INFO - Val Epoch 108 - Loss: 0.2396, Seg Loss: 0.0941, Offset Loss: 0.1455, IoU: 0.9253, MSE: 108.4529,bg_MSE: 8.7281, fg_MSE: 100.8047,fp_penalty_loss: 0.0173
2025-09-23 22:03:15,427 - INFO - Checkpoint saved to ./checkpoints/unet_12/latest.pth
2025-09-23 22:03:15,427 - INFO - Score: 0.3552, IoU: 0.5552, MSE: -0.2000, BGP: -0.2000
2025-09-23 22:04:31,591 - INFO - Train Epoch 109 - Loss: 0.5531, Seg Loss: 0.0958, Offset Loss: 0.4573, IoU: 0.9204, MSE: 242.6125,BCE Loss: 0.0172, Dice Loss: 0.0652, FP Penalty Loss: 0.0133,MSE Loss: 0.4461, BG Zero Loss: 0.0112,
2025-09-23 22:04:42,218 - INFO - Val Epoch 109 - Loss: 0.2531, Seg Loss: 0.0954, Offset Loss: 0.1577, IoU: 0.9247, MSE: 93.7032,bg_MSE: 11.2610, fg_MSE: 83.5222,fp_penalty_loss: 0.0182
2025-09-23 22:04:42,514 - INFO - Checkpoint saved to ./checkpoints/unet_12/latest.pth
2025-09-23 22:04:42,514 - INFO - Score: 0.3548, IoU: 0.5548, MSE: -0.2000, BGP: -0.2000
2025-09-23 22:05:58,857 - INFO - Train Epoch 110 - Loss: 0.5535, Seg Loss: 0.0930, Offset Loss: 0.4605, IoU: 0.9307, MSE: 236.2878,BCE Loss: 0.0168, Dice Loss: 0.0630, FP Penalty Loss: 0.0131,MSE Loss: 0.4521, BG Zero Loss: 0.0084,
2025-09-23 22:06:09,371 - INFO - Val Epoch 110 - Loss: 0.2482, Seg Loss: 0.0960, Offset Loss: 0.1523, IoU: 0.9250, MSE: 96.6864,bg_MSE: 10.6002, fg_MSE: 87.1662,fp_penalty_loss: 0.0189
2025-09-23 22:06:09,667 - INFO - Checkpoint saved to ./checkpoints/unet_12/latest.pth
2025-09-23 22:06:09,667 - INFO - Score: 0.3550, IoU: 0.5550, MSE: -0.2000, BGP: -0.2000
2025-09-23 22:07:25,809 - INFO - Train Epoch 111 - Loss: 0.5478, Seg Loss: 0.0907, Offset Loss: 0.4572, IoU: 0.9241, MSE: 252.4317,BCE Loss: 0.0161, Dice Loss: 0.0618, FP Penalty Loss: 0.0127,MSE Loss: 0.4496, BG Zero Loss: 0.0076,
2025-09-23 22:07:36,382 - INFO - Val Epoch 111 - Loss: 0.2390, Seg Loss: 0.0972, Offset Loss: 0.1418, IoU: 0.9251, MSE: 102.3328,bg_MSE: 8.8536, fg_MSE: 94.5592,fp_penalty_loss: 0.0196
2025-09-23 22:07:36,688 - INFO - Checkpoint saved to ./checkpoints/unet_12/latest.pth
2025-09-23 22:07:36,689 - INFO - Score: 0.3551, IoU: 0.5551, MSE: -0.2000, BGP: -0.2000
2025-09-23 22:08:53,164 - INFO - Train Epoch 112 - Loss: 0.5321, Seg Loss: 0.0915, Offset Loss: 0.4406, IoU: 0.9328, MSE: 245.5526,BCE Loss: 0.0169, Dice Loss: 0.0620, FP Penalty Loss: 0.0126,MSE Loss: 0.4334, BG Zero Loss: 0.0072,
2025-09-23 22:09:03,790 - INFO - Val Epoch 112 - Loss: 0.2360, Seg Loss: 0.0944, Offset Loss: 0.1416, IoU: 0.9266, MSE: 97.4889,bg_MSE: 8.6133, fg_MSE: 89.9555,fp_penalty_loss: 0.0183
2025-09-23 22:09:04,085 - INFO - Checkpoint saved to ./checkpoints/unet_12/latest.pth
2025-09-23 22:09:04,086 - INFO - Score: 0.3559, IoU: 0.5559, MSE: -0.2000, BGP: -0.2000
2025-09-23 22:10:20,175 - INFO - Train Epoch 113 - Loss: 0.5647, Seg Loss: 0.0929, Offset Loss: 0.4718, IoU: 0.9181, MSE: 262.8245,BCE Loss: 0.0166, Dice Loss: 0.0630, FP Penalty Loss: 0.0133,MSE Loss: 0.4641, BG Zero Loss: 0.0077,
2025-09-23 22:10:30,770 - INFO - Val Epoch 113 - Loss: 0.2321, Seg Loss: 0.0916, Offset Loss: 0.1404, IoU: 0.9268, MSE: 98.1405,bg_MSE: 7.7605, fg_MSE: 91.4599,fp_penalty_loss: 0.0159
2025-09-23 22:10:31,070 - INFO - Checkpoint saved to ./checkpoints/unet_12/latest.pth
2025-09-23 22:10:31,070 - INFO - Score: 0.3561, IoU: 0.5561, MSE: -0.2000, BGP: -0.2000
2025-09-23 22:11:47,590 - INFO - Train Epoch 114 - Loss: 0.5554, Seg Loss: 0.0911, Offset Loss: 0.4642, IoU: 0.9181, MSE: 244.9951,BCE Loss: 0.0164, Dice Loss: 0.0622, FP Penalty Loss: 0.0126,MSE Loss: 0.4571, BG Zero Loss: 0.0071,
2025-09-23 22:11:58,230 - INFO - Val Epoch 114 - Loss: 0.2241, Seg Loss: 0.0882, Offset Loss: 0.1358, IoU: 0.9292, MSE: 102.9051,bg_MSE: 7.6677, fg_MSE: 96.3174,fp_penalty_loss: 0.0154
2025-09-23 22:11:58,531 - INFO - Checkpoint saved to ./checkpoints/unet_12/latest.pth
2025-09-23 22:11:58,531 - INFO - Score: 0.3575, IoU: 0.5575, MSE: -0.2000, BGP: -0.2000
2025-09-23 22:13:15,275 - INFO - Train Epoch 115 - Loss: 0.5193, Seg Loss: 0.0858, Offset Loss: 0.4335, IoU: 0.9367, MSE: 242.5141,BCE Loss: 0.0150, Dice Loss: 0.0585, FP Penalty Loss: 0.0122,MSE Loss: 0.4268, BG Zero Loss: 0.0068,
2025-09-23 22:13:25,875 - INFO - Val Epoch 115 - Loss: 0.2350, Seg Loss: 0.0918, Offset Loss: 0.1432, IoU: 0.9278, MSE: 86.5166,bg_MSE: 8.4586, fg_MSE: 79.1379,fp_penalty_loss: 0.0176
2025-09-23 22:13:26,172 - INFO - Checkpoint saved to ./checkpoints/unet_12/latest.pth
2025-09-23 22:13:26,172 - INFO - Score: 0.3567, IoU: 0.5567, MSE: -0.2000, BGP: -0.2000
2025-09-23 22:14:42,635 - INFO - Train Epoch 116 - Loss: 0.5227, Seg Loss: 0.0876, Offset Loss: 0.4350, IoU: 0.9364, MSE: 224.1160,BCE Loss: 0.0160, Dice Loss: 0.0594, FP Penalty Loss: 0.0122,MSE Loss: 0.4287, BG Zero Loss: 0.0064,
2025-09-23 22:14:53,347 - INFO - Val Epoch 116 - Loss: 0.2170, Seg Loss: 0.0853, Offset Loss: 0.1317, IoU: 0.9300, MSE: 109.3218,bg_MSE: 7.4680, fg_MSE: 102.9337,fp_penalty_loss: 0.0141
2025-09-23 22:14:53,649 - INFO - Checkpoint saved to ./checkpoints/unet_12/latest.pth
2025-09-23 22:14:53,649 - INFO - Score: 0.3580, IoU: 0.5580, MSE: -0.2000, BGP: -0.2000
2025-09-23 22:16:10,205 - INFO - Train Epoch 117 - Loss: 0.5128, Seg Loss: 0.0833, Offset Loss: 0.4295, IoU: 0.9281, MSE: 267.7033,BCE Loss: 0.0146, Dice Loss: 0.0569, FP Penalty Loss: 0.0118,MSE Loss: 0.4228, BG Zero Loss: 0.0067,
2025-09-23 22:16:20,726 - INFO - Val Epoch 117 - Loss: 0.2425, Seg Loss: 0.0941, Offset Loss: 0.1484, IoU: 0.9268, MSE: 113.1938,bg_MSE: 12.9235, fg_MSE: 101.3502,fp_penalty_loss: 0.0183
2025-09-23 22:16:21,015 - INFO - Checkpoint saved to ./checkpoints/unet_12/latest.pth
2025-09-23 22:16:21,015 - INFO - Score: 0.3561, IoU: 0.5561, MSE: -0.2000, BGP: -0.2000
2025-09-23 22:17:37,057 - INFO - Train Epoch 118 - Loss: 0.5428, Seg Loss: 0.0857, Offset Loss: 0.4571, IoU: 0.9265, MSE: 297.2428,BCE Loss: 0.0153, Dice Loss: 0.0580, FP Penalty Loss: 0.0124,MSE Loss: 0.4498, BG Zero Loss: 0.0074,
2025-09-23 22:17:47,673 - INFO - Val Epoch 118 - Loss: 0.2345, Seg Loss: 0.0890, Offset Loss: 0.1455, IoU: 0.9293, MSE: 134.9173,bg_MSE: 12.9199, fg_MSE: 123.0774,fp_penalty_loss: 0.0169
2025-09-23 22:17:47,977 - INFO - Checkpoint saved to ./checkpoints/unet_12/latest.pth
2025-09-23 22:17:47,977 - INFO - Score: 0.3576, IoU: 0.5576, MSE: -0.2000, BGP: -0.2000
2025-09-23 22:19:04,387 - INFO - Train Epoch 119 - Loss: 0.5107, Seg Loss: 0.0844, Offset Loss: 0.4264, IoU: 0.9276, MSE: 272.9968,BCE Loss: 0.0150, Dice Loss: 0.0575, FP Penalty Loss: 0.0119,MSE Loss: 0.4175, BG Zero Loss: 0.0088,
2025-09-23 22:19:15,049 - INFO - Val Epoch 119 - Loss: 0.2362, Seg Loss: 0.0956, Offset Loss: 0.1406, IoU: 0.9255, MSE: 110.3881,bg_MSE: 11.7295, fg_MSE: 99.7385,fp_penalty_loss: 0.0193
2025-09-23 22:19:15,341 - INFO - Checkpoint saved to ./checkpoints/unet_12/latest.pth
2025-09-23 22:19:15,341 - INFO - Score: 0.3553, IoU: 0.5553, MSE: -0.2000, BGP: -0.2000
2025-09-23 22:19:15,342 - INFO - Training completed. Best Score: 0.5588, IoU: 0.8184, MSE: 7.9358
