2025-09-18 17:33:24,087 - INFO - Experiment name: unet_02
2025-09-18 17:33:24,088 - INFO - Using config: {'data_root': './data', 'resize': [480, 640], 'num_workers': 0, 'rgb_mean': [0.18, 0.246, 0.285], 'rgb_std': [0.207, 0.202, 0.23], 'depth_mean': 2997.516, 'depth_std': 1324.941, 'offset_mean': [-0.068, -0.075], 'offset_std': [17.084, 10.471], 'n_classes': 1, 'bilinear': True, 'dropout': 0.1, 'epochs': 100, 'batch_size': 4, 'lr': '1e-5', 'weight_decay': '1e-5', 'scheduler_factor': 0.5, 'scheduler_patience': 10, 'device': 'cuda:0', 'log_root': './logs', 'checkpoint_root': './checkpoints', 'test_result_dir': './test_results', 'inference': {'input_dir': './inference_input', 'output_dir': './inference_output'}, 'hyperparam_search_space': {'lr': ['1e-4', '5e-4', '1e-3'], 'batch_size': [2, 4], 'dropout': [0.1, 0.2, 0.3], 'weight_decay': ['1e-5', '1e-4']}}
2025-09-18 17:33:25,003 - INFO - Using device: cuda:0
2025-09-18 17:33:25,848 - WARNING - Checkpoint ./checkpoints/unet_02/latest.pth not found, starting from scratch
2025-09-18 17:33:25,848 - INFO - Starting training from epoch 0, total epochs: 100
2025-09-18 17:34:14,395 - INFO - Train Epoch 0 - Loss: 17.7532, Seg Loss: 1.5317, Offset Loss: 31.2021, IoU: 0.1095, MAE: 57.6214
2025-09-18 17:34:21,827 - INFO - Val Epoch 0 - Loss: 6.3831, Seg Loss: 0.7620, Offset Loss: 10.3758, IoU: 0.2055, MAE: 37.1292bg_MAE: 2.0369
2025-09-18 17:34:22,020 - INFO - Checkpoint saved to ./checkpoints/unet_02/latest.pth
2025-09-18 17:34:22,209 - INFO - Checkpoint saved to ./checkpoints/unet_02/best.pth
2025-09-18 17:34:22,209 - INFO - New best model! Score: 0.0278, IoU: 0.2055, MAE: 37.1292
2025-09-18 17:35:09,530 - INFO - Train Epoch 1 - Loss: 9.4109, Seg Loss: 0.8543, Offset Loss: 16.0741, IoU: 0.1727, MAE: 41.1899
2025-09-18 17:35:16,933 - INFO - Val Epoch 1 - Loss: 3.0227, Seg Loss: 0.4546, Offset Loss: 4.6345, IoU: 0.2944, MAE: 21.6203bg_MAE: 1.1972
2025-09-18 17:35:17,195 - INFO - Checkpoint saved to ./checkpoints/unet_02/latest.pth
2025-09-18 17:35:17,448 - INFO - Checkpoint saved to ./checkpoints/unet_02/best.pth
2025-09-18 17:35:17,448 - INFO - New best model! Score: 0.3113, IoU: 0.2944, MAE: 21.6203
2025-09-18 17:36:04,871 - INFO - Train Epoch 2 - Loss: 5.6237, Seg Loss: 0.5333, Offset Loss: 9.4555, IoU: 0.2581, MAE: 26.4750
2025-09-18 17:36:12,158 - INFO - Val Epoch 2 - Loss: 1.7193, Seg Loss: 0.3326, Offset Loss: 2.5175, IoU: 0.3782, MAE: 12.8178bg_MAE: 0.7372
2025-09-18 17:36:12,403 - INFO - Checkpoint saved to ./checkpoints/unet_02/latest.pth
2025-09-18 17:36:12,646 - INFO - Checkpoint saved to ./checkpoints/unet_02/best.pth
2025-09-18 17:36:12,646 - INFO - New best model! Score: 0.4872, IoU: 0.3782, MAE: 12.8178
2025-09-18 17:36:59,927 - INFO - Train Epoch 3 - Loss: 4.3754, Seg Loss: 0.4079, Offset Loss: 7.3409, IoU: 0.3074, MAE: 21.0048
2025-09-18 17:37:07,189 - INFO - Val Epoch 3 - Loss: 1.1601, Seg Loss: 0.2817, Offset Loss: 1.6585, IoU: 0.4044, MAE: 8.0654bg_MAE: 0.4747
2025-09-18 17:37:07,440 - INFO - Checkpoint saved to ./checkpoints/unet_02/latest.pth
2025-09-18 17:37:07,679 - INFO - Checkpoint saved to ./checkpoints/unet_02/best.pth
2025-09-18 17:37:07,679 - INFO - New best model! Score: 0.5741, IoU: 0.4044, MAE: 8.0654
2025-09-18 17:37:55,001 - INFO - Train Epoch 4 - Loss: 3.8884, Seg Loss: 0.3527, Offset Loss: 6.5589, IoU: 0.3373, MAE: 17.6590
2025-09-18 17:38:02,354 - INFO - Val Epoch 4 - Loss: 1.0606, Seg Loss: 0.2662, Offset Loss: 1.5305, IoU: 0.4402, MAE: 6.9708bg_MAE: 0.4052
2025-09-18 17:38:02,613 - INFO - Checkpoint saved to ./checkpoints/unet_02/latest.pth
2025-09-18 17:38:02,843 - INFO - Checkpoint saved to ./checkpoints/unet_02/best.pth
2025-09-18 17:38:02,844 - INFO - New best model! Score: 0.6099, IoU: 0.4402, MAE: 6.9708
2025-09-18 17:38:50,167 - INFO - Train Epoch 5 - Loss: 3.6316, Seg Loss: 0.3325, Offset Loss: 6.1327, IoU: 0.3533, MAE: 16.2498
2025-09-18 17:38:57,621 - INFO - Val Epoch 5 - Loss: 1.0616, Seg Loss: 0.2567, Offset Loss: 1.5498, IoU: 0.4410, MAE: 6.6388bg_MAE: 0.3957
2025-09-18 17:38:57,880 - INFO - Checkpoint saved to ./checkpoints/unet_02/latest.pth
2025-09-18 17:38:58,126 - INFO - Checkpoint saved to ./checkpoints/unet_02/best.pth
2025-09-18 17:38:58,126 - INFO - New best model! Score: 0.6145, IoU: 0.4410, MAE: 6.6388
2025-09-18 17:39:45,345 - INFO - Train Epoch 6 - Loss: 3.3618, Seg Loss: 0.3029, Offset Loss: 5.6966, IoU: 0.4176, MAE: 16.0493
2025-09-18 17:39:52,640 - INFO - Val Epoch 6 - Loss: 0.9194, Seg Loss: 0.2469, Offset Loss: 1.3480, IoU: 0.4015, MAE: 5.1899bg_MAE: 0.3034
2025-09-18 17:39:52,899 - INFO - Checkpoint saved to ./checkpoints/unet_02/latest.pth
2025-09-18 17:39:53,145 - INFO - Checkpoint saved to ./checkpoints/unet_02/best.pth
2025-09-18 17:39:53,145 - INFO - New best model! Score: 0.6185, IoU: 0.4015, MAE: 5.1899
2025-09-18 17:40:40,366 - INFO - Train Epoch 7 - Loss: 3.1062, Seg Loss: 0.2880, Offset Loss: 5.2543, IoU: 0.4034, MAE: 14.5663
2025-09-18 17:40:47,608 - INFO - Val Epoch 7 - Loss: 0.8682, Seg Loss: 0.2425, Offset Loss: 1.2848, IoU: 0.4595, MAE: 4.6496bg_MAE: 0.2613
2025-09-18 17:40:47,868 - INFO - Checkpoint saved to ./checkpoints/unet_02/latest.pth
2025-09-18 17:40:48,115 - INFO - Checkpoint saved to ./checkpoints/unet_02/best.pth
2025-09-18 17:40:48,116 - INFO - New best model! Score: 0.6571, IoU: 0.4595, MAE: 4.6496
2025-09-18 17:41:35,415 - INFO - Train Epoch 8 - Loss: 2.7254, Seg Loss: 0.2794, Offset Loss: 4.5668, IoU: 0.4199, MAE: 12.2885
2025-09-18 17:41:42,736 - INFO - Val Epoch 8 - Loss: 0.8622, Seg Loss: 0.2355, Offset Loss: 1.2853, IoU: 0.4878, MAE: 4.3951bg_MAE: 0.2539
2025-09-18 17:41:42,996 - INFO - Checkpoint saved to ./checkpoints/unet_02/latest.pth
2025-09-18 17:41:43,247 - INFO - Checkpoint saved to ./checkpoints/unet_02/best.pth
2025-09-18 17:41:43,247 - INFO - New best model! Score: 0.6746, IoU: 0.4878, MAE: 4.3951
2025-09-18 17:42:30,794 - INFO - Train Epoch 9 - Loss: 2.6933, Seg Loss: 0.2709, Offset Loss: 4.5500, IoU: 0.4177, MAE: 11.7221
2025-09-18 17:42:38,172 - INFO - Val Epoch 9 - Loss: 0.8546, Seg Loss: 0.2335, Offset Loss: 1.2589, IoU: 0.4802, MAE: 4.8904bg_MAE: 0.2710
2025-09-18 17:42:38,436 - INFO - Checkpoint saved to ./checkpoints/unet_02/latest.pth
2025-09-18 17:43:25,972 - INFO - Train Epoch 10 - Loss: 2.6110, Seg Loss: 0.2667, Offset Loss: 4.4222, IoU: 0.4403, MAE: 10.9405
2025-09-18 17:43:33,233 - INFO - Val Epoch 10 - Loss: 0.8335, Seg Loss: 0.2246, Offset Loss: 1.2576, IoU: 0.4805, MAE: 4.0198bg_MAE: 0.2302
2025-09-18 17:43:33,498 - INFO - Checkpoint saved to ./checkpoints/unet_02/latest.pth
2025-09-18 17:43:33,746 - INFO - Checkpoint saved to ./checkpoints/unet_02/best.pth
2025-09-18 17:43:33,746 - INFO - New best model! Score: 0.6770, IoU: 0.4805, MAE: 4.0198
2025-09-18 17:44:20,992 - INFO - Train Epoch 11 - Loss: 2.5725, Seg Loss: 0.2631, Offset Loss: 4.3797, IoU: 0.4236, MAE: 10.4453
2025-09-18 17:44:28,245 - INFO - Val Epoch 11 - Loss: 0.8061, Seg Loss: 0.2275, Offset Loss: 1.2174, IoU: 0.5048, MAE: 3.6766bg_MAE: 0.2096
2025-09-18 17:44:28,511 - INFO - Checkpoint saved to ./checkpoints/unet_02/latest.pth
2025-09-18 17:44:28,759 - INFO - Checkpoint saved to ./checkpoints/unet_02/best.pth
2025-09-18 17:44:28,759 - INFO - New best model! Score: 0.6947, IoU: 0.5048, MAE: 3.6766
2025-09-18 17:45:15,939 - INFO - Train Epoch 12 - Loss: 2.3577, Seg Loss: 0.2556, Offset Loss: 3.9974, IoU: 0.4476, MAE: 9.4917
2025-09-18 17:45:23,296 - INFO - Val Epoch 12 - Loss: 0.7897, Seg Loss: 0.2195, Offset Loss: 1.1957, IoU: 0.5228, MAE: 3.5651bg_MAE: 0.2042
2025-09-18 17:45:23,561 - INFO - Checkpoint saved to ./checkpoints/unet_02/latest.pth
2025-09-18 17:45:23,809 - INFO - Checkpoint saved to ./checkpoints/unet_02/best.pth
2025-09-18 17:45:23,810 - INFO - New best model! Score: 0.7053, IoU: 0.5228, MAE: 3.5651
2025-09-18 17:46:11,062 - INFO - Train Epoch 13 - Loss: 2.3012, Seg Loss: 0.2441, Offset Loss: 3.9187, IoU: 0.4687, MAE: 9.1239
2025-09-18 17:46:18,410 - INFO - Val Epoch 13 - Loss: 0.7709, Seg Loss: 0.2114, Offset Loss: 1.1776, IoU: 0.5132, MAE: 3.3934bg_MAE: 0.1910
2025-09-18 17:46:18,676 - INFO - Checkpoint saved to ./checkpoints/unet_02/latest.pth
2025-09-18 17:47:05,973 - INFO - Train Epoch 14 - Loss: 2.1909, Seg Loss: 0.2428, Offset Loss: 3.7261, IoU: 0.4668, MAE: 8.9334
2025-09-18 17:47:13,418 - INFO - Val Epoch 14 - Loss: 0.7465, Seg Loss: 0.2105, Offset Loss: 1.1314, IoU: 0.5283, MAE: 3.2895bg_MAE: 0.1882
2025-09-18 17:47:13,696 - INFO - Checkpoint saved to ./checkpoints/unet_02/latest.pth
2025-09-18 17:47:13,951 - INFO - Checkpoint saved to ./checkpoints/unet_02/best.pth
2025-09-18 17:47:13,951 - INFO - New best model! Score: 0.7124, IoU: 0.5283, MAE: 3.2895
2025-09-18 17:48:01,605 - INFO - Train Epoch 15 - Loss: 2.2290, Seg Loss: 0.2341, Offset Loss: 3.8256, IoU: 0.4800, MAE: 8.6472
2025-09-18 17:48:08,981 - INFO - Val Epoch 15 - Loss: 0.7454, Seg Loss: 0.2052, Offset Loss: 1.1433, IoU: 0.5282, MAE: 3.2714bg_MAE: 0.1777
2025-09-18 17:48:09,254 - INFO - Checkpoint saved to ./checkpoints/unet_02/latest.pth
2025-09-18 17:48:09,510 - INFO - Checkpoint saved to ./checkpoints/unet_02/best.pth
2025-09-18 17:48:09,511 - INFO - New best model! Score: 0.7136, IoU: 0.5282, MAE: 3.2714
2025-09-18 17:48:57,013 - INFO - Train Epoch 16 - Loss: 2.1077, Seg Loss: 0.2354, Offset Loss: 3.5913, IoU: 0.4762, MAE: 8.4929
2025-09-18 17:49:04,438 - INFO - Val Epoch 16 - Loss: 0.7674, Seg Loss: 0.2009, Offset Loss: 1.1840, IoU: 0.5508, MAE: 3.3661bg_MAE: 0.1872
2025-09-18 17:49:04,704 - INFO - Checkpoint saved to ./checkpoints/unet_02/latest.pth
2025-09-18 17:49:04,946 - INFO - Checkpoint saved to ./checkpoints/unet_02/best.pth
2025-09-18 17:49:04,947 - INFO - New best model! Score: 0.7230, IoU: 0.5508, MAE: 3.3661
2025-09-18 17:49:52,172 - INFO - Train Epoch 17 - Loss: 2.0091, Seg Loss: 0.2326, Offset Loss: 3.4180, IoU: 0.4754, MAE: 8.0439
2025-09-18 17:49:59,567 - INFO - Val Epoch 17 - Loss: 0.7184, Seg Loss: 0.1970, Offset Loss: 1.0999, IoU: 0.5518, MAE: 3.1848bg_MAE: 0.1746
2025-09-18 17:49:59,856 - INFO - Checkpoint saved to ./checkpoints/unet_02/latest.pth
2025-09-18 17:50:00,110 - INFO - Checkpoint saved to ./checkpoints/unet_02/best.pth
2025-09-18 17:50:00,110 - INFO - New best model! Score: 0.7266, IoU: 0.5518, MAE: 3.1848
2025-09-18 17:50:47,563 - INFO - Train Epoch 18 - Loss: 1.7640, Seg Loss: 0.2277, Offset Loss: 2.9670, IoU: 0.4815, MAE: 7.2107
2025-09-18 17:50:54,855 - INFO - Val Epoch 18 - Loss: 0.7348, Seg Loss: 0.1939, Offset Loss: 1.1345, IoU: 0.5572, MAE: 3.2402bg_MAE: 0.1762
2025-09-18 17:50:55,128 - INFO - Checkpoint saved to ./checkpoints/unet_02/latest.pth
2025-09-18 17:50:55,385 - INFO - Checkpoint saved to ./checkpoints/unet_02/best.pth
2025-09-18 17:50:55,386 - INFO - New best model! Score: 0.7286, IoU: 0.5572, MAE: 3.2402
2025-09-18 17:51:42,591 - INFO - Train Epoch 19 - Loss: 1.8684, Seg Loss: 0.2190, Offset Loss: 3.1838, IoU: 0.4912, MAE: 7.2009
2025-09-18 17:51:50,008 - INFO - Val Epoch 19 - Loss: 0.7263, Seg Loss: 0.1940, Offset Loss: 1.1256, IoU: 0.5563, MAE: 3.1947bg_MAE: 0.1667
2025-09-18 17:51:50,279 - INFO - Checkpoint saved to ./checkpoints/unet_02/latest.pth
2025-09-18 17:51:50,536 - INFO - Checkpoint saved to ./checkpoints/unet_02/best.pth
2025-09-18 17:51:50,536 - INFO - New best model! Score: 0.7295, IoU: 0.5563, MAE: 3.1947
2025-09-18 17:52:38,045 - INFO - Train Epoch 20 - Loss: 1.8135, Seg Loss: 0.2234, Offset Loss: 3.0840, IoU: 0.5064, MAE: 6.9455
2025-09-18 17:52:45,493 - INFO - Val Epoch 20 - Loss: 0.6889, Seg Loss: 0.1896, Offset Loss: 1.0601, IoU: 0.5758, MAE: 3.0543bg_MAE: 0.1592
2025-09-18 17:52:45,761 - INFO - Checkpoint saved to ./checkpoints/unet_02/latest.pth
2025-09-18 17:52:46,006 - INFO - Checkpoint saved to ./checkpoints/unet_02/best.pth
2025-09-18 17:52:46,006 - INFO - New best model! Score: 0.7414, IoU: 0.5758, MAE: 3.0543
2025-09-18 17:53:33,250 - INFO - Train Epoch 21 - Loss: 1.7741, Seg Loss: 0.2218, Offset Loss: 3.0174, IoU: 0.5226, MAE: 7.0553
2025-09-18 17:53:40,582 - INFO - Val Epoch 21 - Loss: 0.6872, Seg Loss: 0.1867, Offset Loss: 1.0584, IoU: 0.5894, MAE: 3.0471bg_MAE: 0.1613
2025-09-18 17:53:40,854 - INFO - Checkpoint saved to ./checkpoints/unet_02/latest.pth
2025-09-18 17:53:41,112 - INFO - Checkpoint saved to ./checkpoints/unet_02/best.pth
2025-09-18 17:53:41,112 - INFO - New best model! Score: 0.7481, IoU: 0.5894, MAE: 3.0471
2025-09-18 17:54:28,445 - INFO - Train Epoch 22 - Loss: 1.7308, Seg Loss: 0.2190, Offset Loss: 2.9380, IoU: 0.4957, MAE: 6.6838
2025-09-18 17:54:35,781 - INFO - Val Epoch 22 - Loss: 0.6366, Seg Loss: 0.1865, Offset Loss: 0.9774, IoU: 0.5914, MAE: 2.9106bg_MAE: 0.1372
2025-09-18 17:54:36,054 - INFO - Checkpoint saved to ./checkpoints/unet_02/latest.pth
2025-09-18 17:54:36,312 - INFO - Checkpoint saved to ./checkpoints/unet_02/best.pth
2025-09-18 17:54:36,312 - INFO - New best model! Score: 0.7529, IoU: 0.5914, MAE: 2.9106
2025-09-18 17:55:23,666 - INFO - Train Epoch 23 - Loss: 1.6790, Seg Loss: 0.2183, Offset Loss: 2.8434, IoU: 0.5162, MAE: 6.4138
2025-09-18 17:55:31,093 - INFO - Val Epoch 23 - Loss: 0.6144, Seg Loss: 0.1827, Offset Loss: 0.9451, IoU: 0.5905, MAE: 2.6777bg_MAE: 0.1254
2025-09-18 17:55:31,365 - INFO - Checkpoint saved to ./checkpoints/unet_02/latest.pth
2025-09-18 17:55:31,614 - INFO - Checkpoint saved to ./checkpoints/unet_02/best.pth
2025-09-18 17:55:31,614 - INFO - New best model! Score: 0.7559, IoU: 0.5905, MAE: 2.6777
2025-09-18 17:56:19,065 - INFO - Train Epoch 24 - Loss: 1.6161, Seg Loss: 0.2113, Offset Loss: 2.7371, IoU: 0.5339, MAE: 6.6611
2025-09-18 17:56:26,413 - INFO - Val Epoch 24 - Loss: 0.6168, Seg Loss: 0.1829, Offset Loss: 0.9423, IoU: 0.5978, MAE: 3.0859bg_MAE: 0.1355
2025-09-18 17:56:26,689 - INFO - Checkpoint saved to ./checkpoints/unet_02/latest.pth
2025-09-18 17:57:14,067 - INFO - Train Epoch 25 - Loss: 1.5948, Seg Loss: 0.2051, Offset Loss: 2.6969, IoU: 0.5491, MAE: 6.7549
2025-09-18 17:57:21,423 - INFO - Val Epoch 25 - Loss: 0.5787, Seg Loss: 0.1803, Offset Loss: 0.8837, IoU: 0.6118, MAE: 2.8399bg_MAE: 0.1168
2025-09-18 17:57:21,701 - INFO - Checkpoint saved to ./checkpoints/unet_02/latest.pth
2025-09-18 17:57:21,958 - INFO - Checkpoint saved to ./checkpoints/unet_02/best.pth
2025-09-18 17:57:21,958 - INFO - New best model! Score: 0.7658, IoU: 0.6118, MAE: 2.8399
2025-09-18 17:58:09,270 - INFO - Train Epoch 26 - Loss: 1.6196, Seg Loss: 0.1996, Offset Loss: 2.7264, IoU: 0.5505, MAE: 7.1890
2025-09-18 17:58:16,606 - INFO - Val Epoch 26 - Loss: 0.5549, Seg Loss: 0.1713, Offset Loss: 0.8463, IoU: 0.6320, MAE: 3.0433bg_MAE: 0.1154
2025-09-18 17:58:16,880 - INFO - Checkpoint saved to ./checkpoints/unet_02/latest.pth
2025-09-18 17:58:17,143 - INFO - Checkpoint saved to ./checkpoints/unet_02/best.pth
2025-09-18 17:58:17,143 - INFO - New best model! Score: 0.7740, IoU: 0.6320, MAE: 3.0433
2025-09-18 17:59:04,494 - INFO - Train Epoch 27 - Loss: 1.7150, Seg Loss: 0.1940, Offset Loss: 2.9410, IoU: 0.5764, MAE: 7.2011
2025-09-18 17:59:11,879 - INFO - Val Epoch 27 - Loss: 0.5863, Seg Loss: 0.1646, Offset Loss: 0.8656, IoU: 0.6455, MAE: 4.1339bg_MAE: 0.1763
2025-09-18 17:59:12,151 - INFO - Checkpoint saved to ./checkpoints/unet_02/latest.pth
2025-09-18 17:59:59,485 - INFO - Train Epoch 28 - Loss: 1.5629, Seg Loss: 0.1904, Offset Loss: 2.6343, IoU: 0.5688, MAE: 7.3007
2025-09-18 18:00:06,737 - INFO - Val Epoch 28 - Loss: 0.5283, Seg Loss: 0.1613, Offset Loss: 0.7869, IoU: 0.6606, MAE: 3.6630bg_MAE: 0.1344
2025-09-18 18:00:07,009 - INFO - Checkpoint saved to ./checkpoints/unet_02/latest.pth
2025-09-18 18:00:07,269 - INFO - Checkpoint saved to ./checkpoints/unet_02/best.pth
2025-09-18 18:00:07,269 - INFO - New best model! Score: 0.7802, IoU: 0.6606, MAE: 3.6630
2025-09-18 18:00:54,434 - INFO - Train Epoch 29 - Loss: 1.4624, Seg Loss: 0.1853, Offset Loss: 2.4389, IoU: 0.5854, MAE: 7.7409
2025-09-18 18:01:01,770 - INFO - Val Epoch 29 - Loss: 0.5096, Seg Loss: 0.1505, Offset Loss: 0.7577, IoU: 0.6908, MAE: 3.8529bg_MAE: 0.1395
2025-09-18 18:01:02,041 - INFO - Checkpoint saved to ./checkpoints/unet_02/latest.pth
2025-09-18 18:01:02,301 - INFO - Checkpoint saved to ./checkpoints/unet_02/best.pth
2025-09-18 18:01:02,301 - INFO - New best model! Score: 0.7929, IoU: 0.6908, MAE: 3.8529
2025-09-18 18:01:49,769 - INFO - Train Epoch 30 - Loss: 1.3916, Seg Loss: 0.1770, Offset Loss: 2.2977, IoU: 0.6105, MAE: 7.0873
2025-09-18 18:01:57,102 - INFO - Val Epoch 30 - Loss: 0.4993, Seg Loss: 0.1466, Offset Loss: 0.7422, IoU: 0.6910, MAE: 3.8415bg_MAE: 0.1369
2025-09-18 18:01:57,373 - INFO - Checkpoint saved to ./checkpoints/unet_02/latest.pth
2025-09-18 18:01:57,628 - INFO - Checkpoint saved to ./checkpoints/unet_02/best.pth
2025-09-18 18:01:57,629 - INFO - New best model! Score: 0.7934, IoU: 0.6910, MAE: 3.8415
2025-09-18 18:02:44,832 - INFO - Train Epoch 31 - Loss: 1.3218, Seg Loss: 0.1689, Offset Loss: 2.1841, IoU: 0.6339, MAE: 7.5395
2025-09-18 18:02:52,202 - INFO - Val Epoch 31 - Loss: 0.4725, Seg Loss: 0.1435, Offset Loss: 0.6909, IoU: 0.7188, MAE: 4.1838bg_MAE: 0.1385
2025-09-18 18:02:52,473 - INFO - Checkpoint saved to ./checkpoints/unet_02/latest.pth
2025-09-18 18:02:52,734 - INFO - Checkpoint saved to ./checkpoints/unet_02/best.pth
2025-09-18 18:02:52,734 - INFO - New best model! Score: 0.8037, IoU: 0.7188, MAE: 4.1838
2025-09-18 18:03:40,116 - INFO - Train Epoch 32 - Loss: 1.2916, Seg Loss: 0.1626, Offset Loss: 2.1296, IoU: 0.6480, MAE: 7.2962
2025-09-18 18:03:47,461 - INFO - Val Epoch 32 - Loss: 0.4796, Seg Loss: 0.1411, Offset Loss: 0.7002, IoU: 0.7256, MAE: 4.3451bg_MAE: 0.1479
2025-09-18 18:03:47,732 - INFO - Checkpoint saved to ./checkpoints/unet_02/latest.pth
2025-09-18 18:03:47,994 - INFO - Checkpoint saved to ./checkpoints/unet_02/best.pth
2025-09-18 18:03:47,995 - INFO - New best model! Score: 0.8046, IoU: 0.7256, MAE: 4.3451
2025-09-18 18:04:35,152 - INFO - Train Epoch 33 - Loss: 1.1930, Seg Loss: 0.1612, Offset Loss: 1.9433, IoU: 0.6589, MAE: 7.1360
2025-09-18 18:04:42,404 - INFO - Val Epoch 33 - Loss: 0.4590, Seg Loss: 0.1336, Offset Loss: 0.6666, IoU: 0.7382, MAE: 4.4658bg_MAE: 0.1475
2025-09-18 18:04:42,676 - INFO - Checkpoint saved to ./checkpoints/unet_02/latest.pth
2025-09-18 18:04:42,935 - INFO - Checkpoint saved to ./checkpoints/unet_02/best.pth
2025-09-18 18:04:42,935 - INFO - New best model! Score: 0.8097, IoU: 0.7382, MAE: 4.4658
2025-09-18 18:05:30,266 - INFO - Train Epoch 34 - Loss: 1.1805, Seg Loss: 0.1538, Offset Loss: 1.9308, IoU: 0.6560, MAE: 6.9139
2025-09-18 18:05:37,683 - INFO - Val Epoch 34 - Loss: 0.4989, Seg Loss: 0.1351, Offset Loss: 0.7338, IoU: 0.7399, MAE: 4.6145bg_MAE: 0.1613
2025-09-18 18:05:37,953 - INFO - Checkpoint saved to ./checkpoints/unet_02/latest.pth
2025-09-18 18:06:25,090 - INFO - Train Epoch 35 - Loss: 1.0413, Seg Loss: 0.1494, Offset Loss: 1.6800, IoU: 0.6792, MAE: 6.7138
2025-09-18 18:06:32,449 - INFO - Val Epoch 35 - Loss: 0.5559, Seg Loss: 0.1404, Offset Loss: 0.8075, IoU: 0.7401, MAE: 5.4934bg_MAE: 0.2050
2025-09-18 18:06:32,727 - INFO - Checkpoint saved to ./checkpoints/unet_02/latest.pth
2025-09-18 18:07:20,138 - INFO - Train Epoch 36 - Loss: 1.0789, Seg Loss: 0.1513, Offset Loss: 1.7459, IoU: 0.6778, MAE: 7.2560
2025-09-18 18:07:27,420 - INFO - Val Epoch 36 - Loss: 0.5170, Seg Loss: 0.1279, Offset Loss: 0.7697, IoU: 0.7494, MAE: 4.7455bg_MAE: 0.1709
2025-09-18 18:07:27,695 - INFO - Checkpoint saved to ./checkpoints/unet_02/latest.pth
2025-09-18 18:07:27,954 - INFO - Checkpoint saved to ./checkpoints/unet_02/best.pth
2025-09-18 18:07:27,954 - INFO - New best model! Score: 0.8102, IoU: 0.7494, MAE: 4.7455
2025-09-18 18:08:15,393 - INFO - Train Epoch 37 - Loss: 0.9270, Seg Loss: 0.1436, Offset Loss: 1.4686, IoU: 0.6967, MAE: 6.5858
2025-09-18 18:08:22,810 - INFO - Val Epoch 37 - Loss: 0.5294, Seg Loss: 0.1334, Offset Loss: 0.7625, IoU: 0.7453, MAE: 5.6750bg_MAE: 0.2041
2025-09-18 18:08:23,092 - INFO - Checkpoint saved to ./checkpoints/unet_02/latest.pth
2025-09-18 18:09:10,495 - INFO - Train Epoch 38 - Loss: 0.9214, Seg Loss: 0.1407, Offset Loss: 1.4698, IoU: 0.7079, MAE: 6.5528
2025-09-18 18:09:17,875 - INFO - Val Epoch 38 - Loss: 0.4558, Seg Loss: 0.1198, Offset Loss: 0.6807, IoU: 0.7645, MAE: 4.4382bg_MAE: 0.1381
2025-09-18 18:09:18,151 - INFO - Checkpoint saved to ./checkpoints/unet_02/latest.pth
2025-09-18 18:09:18,416 - INFO - Checkpoint saved to ./checkpoints/unet_02/best.pth
2025-09-18 18:09:18,416 - INFO - New best model! Score: 0.8241, IoU: 0.7645, MAE: 4.4382
2025-09-18 18:10:05,893 - INFO - Train Epoch 39 - Loss: 0.8551, Seg Loss: 0.1342, Offset Loss: 1.3570, IoU: 0.7274, MAE: 6.0578
2025-09-18 18:10:13,377 - INFO - Val Epoch 39 - Loss: 0.4063, Seg Loss: 0.1177, Offset Loss: 0.6009, IoU: 0.7739, MAE: 4.0923bg_MAE: 0.1167
2025-09-18 18:10:13,640 - INFO - Checkpoint saved to ./checkpoints/unet_02/latest.pth
2025-09-18 18:10:13,907 - INFO - Checkpoint saved to ./checkpoints/unet_02/best.pth
2025-09-18 18:10:13,908 - INFO - New best model! Score: 0.8344, IoU: 0.7739, MAE: 4.0923
2025-09-18 18:11:01,411 - INFO - Train Epoch 40 - Loss: 0.8319, Seg Loss: 0.1367, Offset Loss: 1.3124, IoU: 0.7190, MAE: 6.0897
2025-09-18 18:11:08,749 - INFO - Val Epoch 40 - Loss: 0.4149, Seg Loss: 0.1168, Offset Loss: 0.6144, IoU: 0.7730, MAE: 4.3311bg_MAE: 0.1234
2025-09-18 18:11:09,018 - INFO - Checkpoint saved to ./checkpoints/unet_02/latest.pth
2025-09-18 18:11:56,345 - INFO - Train Epoch 41 - Loss: 0.7945, Seg Loss: 0.1307, Offset Loss: 1.2523, IoU: 0.7058, MAE: 6.1319
2025-09-18 18:12:03,766 - INFO - Val Epoch 41 - Loss: 0.3798, Seg Loss: 0.1181, Offset Loss: 0.5522, IoU: 0.7730, MAE: 4.2348bg_MAE: 0.1096
2025-09-18 18:12:04,038 - INFO - Checkpoint saved to ./checkpoints/unet_02/latest.pth
2025-09-18 18:12:51,266 - INFO - Train Epoch 42 - Loss: 0.7716, Seg Loss: 0.1258, Offset Loss: 1.2193, IoU: 0.6979, MAE: 5.8962
2025-09-18 18:12:58,623 - INFO - Val Epoch 42 - Loss: 0.3695, Seg Loss: 0.1098, Offset Loss: 0.5478, IoU: 0.7834, MAE: 4.1677bg_MAE: 0.1016
2025-09-18 18:12:58,916 - INFO - Checkpoint saved to ./checkpoints/unet_02/latest.pth
2025-09-18 18:12:59,179 - INFO - Checkpoint saved to ./checkpoints/unet_02/best.pth
2025-09-18 18:12:59,179 - INFO - New best model! Score: 0.8398, IoU: 0.7834, MAE: 4.1677
2025-09-18 18:13:46,595 - INFO - Train Epoch 43 - Loss: 0.7353, Seg Loss: 0.1268, Offset Loss: 1.1497, IoU: 0.7129, MAE: 6.0424
2025-09-18 18:13:53,948 - INFO - Val Epoch 43 - Loss: 0.4590, Seg Loss: 0.1115, Offset Loss: 0.6951, IoU: 0.7801, MAE: 4.8704bg_MAE: 0.1405
2025-09-18 18:13:54,224 - INFO - Checkpoint saved to ./checkpoints/unet_02/latest.pth
2025-09-18 18:14:41,404 - INFO - Train Epoch 44 - Loss: 0.7473, Seg Loss: 0.1228, Offset Loss: 1.1714, IoU: 0.7672, MAE: 6.0714
2025-09-18 18:14:48,707 - INFO - Val Epoch 44 - Loss: 0.3778, Seg Loss: 0.1120, Offset Loss: 0.5479, IoU: 0.7795, MAE: 4.6711bg_MAE: 0.1203
2025-09-18 18:14:48,978 - INFO - Checkpoint saved to ./checkpoints/unet_02/latest.pth
2025-09-18 18:15:36,191 - INFO - Train Epoch 45 - Loss: 0.6829, Seg Loss: 0.1149, Offset Loss: 1.0646, IoU: 0.7669, MAE: 5.9229
2025-09-18 18:15:43,600 - INFO - Val Epoch 45 - Loss: 0.3771, Seg Loss: 0.1088, Offset Loss: 0.5491, IoU: 0.7801, MAE: 4.8469bg_MAE: 0.1199
2025-09-18 18:15:43,880 - INFO - Checkpoint saved to ./checkpoints/unet_02/latest.pth
2025-09-18 18:16:31,378 - INFO - Train Epoch 46 - Loss: 0.6676, Seg Loss: 0.1170, Offset Loss: 1.0425, IoU: 0.7600, MAE: 5.5264
2025-09-18 18:16:38,733 - INFO - Val Epoch 46 - Loss: 0.3433, Seg Loss: 0.1068, Offset Loss: 0.5016, IoU: 0.7880, MAE: 4.3981bg_MAE: 0.0979
2025-09-18 18:16:39,009 - INFO - Checkpoint saved to ./checkpoints/unet_02/latest.pth
2025-09-18 18:16:39,271 - INFO - Checkpoint saved to ./checkpoints/unet_02/best.pth
2025-09-18 18:16:39,271 - INFO - New best model! Score: 0.8403, IoU: 0.7880, MAE: 4.3981
2025-09-18 18:17:26,742 - INFO - Train Epoch 47 - Loss: 0.6480, Seg Loss: 0.1128, Offset Loss: 1.0157, IoU: 0.7621, MAE: 5.5009
2025-09-18 18:17:34,168 - INFO - Val Epoch 47 - Loss: 0.3763, Seg Loss: 0.1065, Offset Loss: 0.5590, IoU: 0.8074, MAE: 4.3160bg_MAE: 0.1077
2025-09-18 18:17:34,443 - INFO - Checkpoint saved to ./checkpoints/unet_02/latest.pth
2025-09-18 18:17:34,709 - INFO - Checkpoint saved to ./checkpoints/unet_02/best.pth
2025-09-18 18:17:34,709 - INFO - New best model! Score: 0.8498, IoU: 0.8074, MAE: 4.3160
2025-09-18 18:18:22,349 - INFO - Train Epoch 48 - Loss: 0.6457, Seg Loss: 0.1125, Offset Loss: 1.0140, IoU: 0.7491, MAE: 5.6731
2025-09-18 18:18:29,779 - INFO - Val Epoch 48 - Loss: 0.3533, Seg Loss: 0.1067, Offset Loss: 0.5228, IoU: 0.7992, MAE: 4.4435bg_MAE: 0.0954
2025-09-18 18:18:30,056 - INFO - Checkpoint saved to ./checkpoints/unet_02/latest.pth
2025-09-18 18:19:17,440 - INFO - Train Epoch 49 - Loss: 0.6069, Seg Loss: 0.1048, Offset Loss: 0.9494, IoU: 0.7403, MAE: 5.7773
2025-09-18 18:19:24,850 - INFO - Val Epoch 49 - Loss: 0.4075, Seg Loss: 0.0939, Offset Loss: 0.6103, IoU: 0.8104, MAE: 5.0101bg_MAE: 0.1358
2025-09-18 18:19:25,126 - INFO - Checkpoint saved to ./checkpoints/unet_02/latest.pth
2025-09-18 18:20:12,363 - INFO - Train Epoch 50 - Loss: 0.5645, Seg Loss: 0.1038, Offset Loss: 0.8739, IoU: 0.7831, MAE: 5.4822
2025-09-18 18:20:19,623 - INFO - Val Epoch 50 - Loss: 0.3759, Seg Loss: 0.0907, Offset Loss: 0.5713, IoU: 0.8228, MAE: 4.4903bg_MAE: 0.1142
2025-09-18 18:20:19,898 - INFO - Checkpoint saved to ./checkpoints/unet_02/latest.pth
2025-09-18 18:20:20,164 - INFO - Checkpoint saved to ./checkpoints/unet_02/best.pth
2025-09-18 18:20:20,164 - INFO - New best model! Score: 0.8551, IoU: 0.8228, MAE: 4.4903
2025-09-18 18:21:07,321 - INFO - Train Epoch 51 - Loss: 0.5544, Seg Loss: 0.1011, Offset Loss: 0.8586, IoU: 0.7768, MAE: 5.2851
2025-09-18 18:21:14,707 - INFO - Val Epoch 51 - Loss: 0.5122, Seg Loss: 0.1049, Offset Loss: 0.8021, IoU: 0.8195, MAE: 5.1984bg_MAE: 0.1482
2025-09-18 18:21:14,982 - INFO - Checkpoint saved to ./checkpoints/unet_02/latest.pth
2025-09-18 18:22:02,231 - INFO - Train Epoch 52 - Loss: 0.5494, Seg Loss: 0.0932, Offset Loss: 0.8608, IoU: 0.7912, MAE: 5.2340
2025-09-18 18:22:09,563 - INFO - Val Epoch 52 - Loss: 0.3867, Seg Loss: 0.0975, Offset Loss: 0.5918, IoU: 0.8244, MAE: 4.5107bg_MAE: 0.1046
2025-09-18 18:22:09,838 - INFO - Checkpoint saved to ./checkpoints/unet_02/latest.pth
2025-09-18 18:22:10,106 - INFO - Checkpoint saved to ./checkpoints/unet_02/best.pth
2025-09-18 18:22:10,107 - INFO - New best model! Score: 0.8566, IoU: 0.8244, MAE: 4.5107
2025-09-18 18:22:57,417 - INFO - Train Epoch 53 - Loss: 0.5254, Seg Loss: 0.0952, Offset Loss: 0.8184, IoU: 0.7809, MAE: 4.9164
2025-09-18 18:23:04,760 - INFO - Val Epoch 53 - Loss: 0.3162, Seg Loss: 0.0996, Offset Loss: 0.4566, IoU: 0.8243, MAE: 4.7065bg_MAE: 0.0961
2025-09-18 18:23:05,033 - INFO - Checkpoint saved to ./checkpoints/unet_02/latest.pth
2025-09-18 18:23:52,136 - INFO - Train Epoch 54 - Loss: 0.5228, Seg Loss: 0.0951, Offset Loss: 0.8146, IoU: 0.8038, MAE: 5.2029
2025-09-18 18:23:59,444 - INFO - Val Epoch 54 - Loss: 0.2968, Seg Loss: 0.0919, Offset Loss: 0.4280, IoU: 0.8136, MAE: 4.5309bg_MAE: 0.0915
2025-09-18 18:23:59,720 - INFO - Checkpoint saved to ./checkpoints/unet_02/latest.pth
2025-09-18 18:24:46,930 - INFO - Train Epoch 55 - Loss: 0.5101, Seg Loss: 0.0924, Offset Loss: 0.7880, IoU: 0.7931, MAE: 5.3200
2025-09-18 18:24:54,214 - INFO - Val Epoch 55 - Loss: 0.2643, Seg Loss: 0.0789, Offset Loss: 0.3885, IoU: 0.8341, MAE: 4.6111bg_MAE: 0.0788
2025-09-18 18:24:54,484 - INFO - Checkpoint saved to ./checkpoints/unet_02/latest.pth
2025-09-18 18:24:54,746 - INFO - Checkpoint saved to ./checkpoints/unet_02/best.pth
2025-09-18 18:24:54,747 - INFO - New best model! Score: 0.8630, IoU: 0.8341, MAE: 4.6111
2025-09-18 18:25:41,930 - INFO - Train Epoch 56 - Loss: 0.4883, Seg Loss: 0.0892, Offset Loss: 0.7561, IoU: 0.7724, MAE: 5.1165
2025-09-18 18:25:49,204 - INFO - Val Epoch 56 - Loss: 0.3026, Seg Loss: 0.0814, Offset Loss: 0.4497, IoU: 0.8339, MAE: 4.7249bg_MAE: 0.0926
2025-09-18 18:25:49,474 - INFO - Checkpoint saved to ./checkpoints/unet_02/latest.pth
2025-09-18 18:26:36,541 - INFO - Train Epoch 57 - Loss: 0.4718, Seg Loss: 0.0868, Offset Loss: 0.7284, IoU: 0.8175, MAE: 5.6088
2025-09-18 18:26:43,798 - INFO - Val Epoch 57 - Loss: 0.3025, Seg Loss: 0.0791, Offset Loss: 0.4409, IoU: 0.8466, MAE: 4.9037bg_MAE: 0.1053
2025-09-18 18:26:44,068 - INFO - Checkpoint saved to ./checkpoints/unet_02/latest.pth
2025-09-18 18:26:44,329 - INFO - Checkpoint saved to ./checkpoints/unet_02/best.pth
2025-09-18 18:26:44,330 - INFO - New best model! Score: 0.8637, IoU: 0.8466, MAE: 4.9037
2025-09-18 18:27:31,516 - INFO - Train Epoch 58 - Loss: 0.4485, Seg Loss: 0.0844, Offset Loss: 0.6935, IoU: 0.8133, MAE: 5.1297
2025-09-18 18:27:38,787 - INFO - Val Epoch 58 - Loss: 0.2772, Seg Loss: 0.0707, Offset Loss: 0.4092, IoU: 0.8550, MAE: 4.5911bg_MAE: 0.0922
2025-09-18 18:27:39,057 - INFO - Checkpoint saved to ./checkpoints/unet_02/latest.pth
2025-09-18 18:27:39,320 - INFO - Checkpoint saved to ./checkpoints/unet_02/best.pth
2025-09-18 18:27:39,320 - INFO - New best model! Score: 0.8724, IoU: 0.8550, MAE: 4.5911
2025-09-18 18:28:26,495 - INFO - Train Epoch 59 - Loss: 0.4490, Seg Loss: 0.0844, Offset Loss: 0.6968, IoU: 0.8000, MAE: 5.0896
2025-09-18 18:28:33,766 - INFO - Val Epoch 59 - Loss: 0.2476, Seg Loss: 0.0717, Offset Loss: 0.3694, IoU: 0.8481, MAE: 4.4931bg_MAE: 0.0701
2025-09-18 18:28:34,037 - INFO - Checkpoint saved to ./checkpoints/unet_02/latest.pth
2025-09-18 18:29:21,201 - INFO - Train Epoch 60 - Loss: 0.4170, Seg Loss: 0.0804, Offset Loss: 0.6430, IoU: 0.8320, MAE: 5.0730
2025-09-18 18:29:28,427 - INFO - Val Epoch 60 - Loss: 0.2434, Seg Loss: 0.0703, Offset Loss: 0.3595, IoU: 0.8514, MAE: 4.4521bg_MAE: 0.0716
2025-09-18 18:29:28,696 - INFO - Checkpoint saved to ./checkpoints/unet_02/latest.pth
2025-09-18 18:29:28,959 - INFO - Checkpoint saved to ./checkpoints/unet_02/best.pth
2025-09-18 18:29:28,959 - INFO - New best model! Score: 0.8740, IoU: 0.8514, MAE: 4.4521
2025-09-18 18:30:16,154 - INFO - Train Epoch 61 - Loss: 0.4168, Seg Loss: 0.0785, Offset Loss: 0.6449, IoU: 0.8210, MAE: 4.8858
2025-09-18 18:30:23,453 - INFO - Val Epoch 61 - Loss: 0.2423, Seg Loss: 0.0710, Offset Loss: 0.3569, IoU: 0.8567, MAE: 4.4082bg_MAE: 0.0715
2025-09-18 18:30:23,724 - INFO - Checkpoint saved to ./checkpoints/unet_02/latest.pth
2025-09-18 18:30:23,988 - INFO - Checkpoint saved to ./checkpoints/unet_02/best.pth
2025-09-18 18:30:23,989 - INFO - New best model! Score: 0.8771, IoU: 0.8567, MAE: 4.4082
2025-09-18 18:31:11,189 - INFO - Train Epoch 62 - Loss: 0.4080, Seg Loss: 0.0767, Offset Loss: 0.6301, IoU: 0.8268, MAE: 4.8096
2025-09-18 18:31:18,489 - INFO - Val Epoch 62 - Loss: 0.2265, Seg Loss: 0.0638, Offset Loss: 0.3452, IoU: 0.8666, MAE: 4.3059bg_MAE: 0.0558
2025-09-18 18:31:18,759 - INFO - Checkpoint saved to ./checkpoints/unet_02/latest.pth
2025-09-18 18:31:19,022 - INFO - Checkpoint saved to ./checkpoints/unet_02/best.pth
2025-09-18 18:31:19,023 - INFO - New best model! Score: 0.8847, IoU: 0.8666, MAE: 4.3059
2025-09-18 18:32:06,310 - INFO - Train Epoch 63 - Loss: 0.3961, Seg Loss: 0.0771, Offset Loss: 0.6097, IoU: 0.8332, MAE: 4.9944
2025-09-18 18:32:13,518 - INFO - Val Epoch 63 - Loss: 0.2374, Seg Loss: 0.0696, Offset Loss: 0.3452, IoU: 0.8650, MAE: 4.4526bg_MAE: 0.0722
2025-09-18 18:32:13,789 - INFO - Checkpoint saved to ./checkpoints/unet_02/latest.pth
2025-09-18 18:33:01,131 - INFO - Train Epoch 64 - Loss: 0.3747, Seg Loss: 0.0707, Offset Loss: 0.5732, IoU: 0.8523, MAE: 4.8595
2025-09-18 18:33:08,464 - INFO - Val Epoch 64 - Loss: 0.2242, Seg Loss: 0.0598, Offset Loss: 0.3315, IoU: 0.8716, MAE: 4.4524bg_MAE: 0.0697
2025-09-18 18:33:08,740 - INFO - Checkpoint saved to ./checkpoints/unet_02/latest.pth
2025-09-18 18:33:56,171 - INFO - Train Epoch 65 - Loss: 0.3535, Seg Loss: 0.0723, Offset Loss: 0.5314, IoU: 0.8464, MAE: 5.1321
2025-09-18 18:34:03,529 - INFO - Val Epoch 65 - Loss: 0.2322, Seg Loss: 0.0605, Offset Loss: 0.3358, IoU: 0.8719, MAE: 4.9070bg_MAE: 0.0822
2025-09-18 18:34:03,803 - INFO - Checkpoint saved to ./checkpoints/unet_02/latest.pth
2025-09-18 18:34:51,212 - INFO - Train Epoch 66 - Loss: 0.3666, Seg Loss: 0.0728, Offset Loss: 0.5461, IoU: 0.8507, MAE: 4.9696
2025-09-18 18:34:58,525 - INFO - Val Epoch 66 - Loss: 0.2154, Seg Loss: 0.0607, Offset Loss: 0.3151, IoU: 0.8722, MAE: 4.5700bg_MAE: 0.0673
2025-09-18 18:34:58,795 - INFO - Checkpoint saved to ./checkpoints/unet_02/latest.pth
2025-09-18 18:35:46,134 - INFO - Train Epoch 67 - Loss: 0.3453, Seg Loss: 0.0701, Offset Loss: 0.5175, IoU: 0.8511, MAE: 4.8180
2025-09-18 18:35:53,417 - INFO - Val Epoch 67 - Loss: 0.2379, Seg Loss: 0.0733, Offset Loss: 0.3326, IoU: 0.8659, MAE: 4.7514bg_MAE: 0.0868
2025-09-18 18:35:53,705 - INFO - Checkpoint saved to ./checkpoints/unet_02/latest.pth
2025-09-18 18:36:40,932 - INFO - Train Epoch 68 - Loss: 0.3394, Seg Loss: 0.0679, Offset Loss: 0.5122, IoU: 0.8296, MAE: 5.1354
2025-09-18 18:36:48,209 - INFO - Val Epoch 68 - Loss: 0.2208, Seg Loss: 0.0726, Offset Loss: 0.3140, IoU: 0.8530, MAE: 4.7719bg_MAE: 0.0677
2025-09-18 18:36:48,479 - INFO - Checkpoint saved to ./checkpoints/unet_02/latest.pth
2025-09-18 18:37:35,945 - INFO - Train Epoch 69 - Loss: 0.3198, Seg Loss: 0.0636, Offset Loss: 0.4823, IoU: 0.8575, MAE: 5.1232
2025-09-18 18:37:43,382 - INFO - Val Epoch 69 - Loss: 0.2014, Seg Loss: 0.0625, Offset Loss: 0.2924, IoU: 0.8717, MAE: 4.7269bg_MAE: 0.0584
2025-09-18 18:37:43,653 - INFO - Checkpoint saved to ./checkpoints/unet_02/latest.pth
2025-09-18 18:38:31,038 - INFO - Train Epoch 70 - Loss: 0.3135, Seg Loss: 0.0633, Offset Loss: 0.4740, IoU: 0.8743, MAE: 4.5778
2025-09-18 18:38:38,440 - INFO - Val Epoch 70 - Loss: 0.1901, Seg Loss: 0.0549, Offset Loss: 0.2846, IoU: 0.8845, MAE: 4.5683bg_MAE: 0.0519
2025-09-18 18:38:38,701 - INFO - Checkpoint saved to ./checkpoints/unet_02/latest.pth
2025-09-18 18:38:38,957 - INFO - Checkpoint saved to ./checkpoints/unet_02/best.pth
2025-09-18 18:38:38,958 - INFO - New best model! Score: 0.8914, IoU: 0.8845, MAE: 4.5683
2025-09-18 18:39:26,360 - INFO - Train Epoch 71 - Loss: 0.3074, Seg Loss: 0.0644, Offset Loss: 0.4657, IoU: 0.8281, MAE: 4.5988
2025-09-18 18:39:33,753 - INFO - Val Epoch 71 - Loss: 0.1796, Seg Loss: 0.0544, Offset Loss: 0.2673, IoU: 0.8856, MAE: 4.3396bg_MAE: 0.0476
2025-09-18 18:39:34,024 - INFO - Checkpoint saved to ./checkpoints/unet_02/latest.pth
2025-09-18 18:39:34,288 - INFO - Checkpoint saved to ./checkpoints/unet_02/best.pth
2025-09-18 18:39:34,289 - INFO - New best model! Score: 0.8946, IoU: 0.8856, MAE: 4.3396
2025-09-18 18:40:21,643 - INFO - Train Epoch 72 - Loss: 0.2961, Seg Loss: 0.0593, Offset Loss: 0.4524, IoU: 0.8671, MAE: 4.7004
2025-09-18 18:40:28,985 - INFO - Val Epoch 72 - Loss: 0.1805, Seg Loss: 0.0555, Offset Loss: 0.2680, IoU: 0.8898, MAE: 4.4388bg_MAE: 0.0450
2025-09-18 18:40:29,265 - INFO - Checkpoint saved to ./checkpoints/unet_02/latest.pth
2025-09-18 18:40:29,533 - INFO - Checkpoint saved to ./checkpoints/unet_02/best.pth
2025-09-18 18:40:29,533 - INFO - New best model! Score: 0.8960, IoU: 0.8898, MAE: 4.4388
2025-09-18 18:41:16,762 - INFO - Train Epoch 73 - Loss: 0.2976, Seg Loss: 0.0597, Offset Loss: 0.4520, IoU: 0.8658, MAE: 4.5515
2025-09-18 18:41:24,143 - INFO - Val Epoch 73 - Loss: 0.1717, Seg Loss: 0.0522, Offset Loss: 0.2576, IoU: 0.8902, MAE: 4.1933bg_MAE: 0.0393
2025-09-18 18:41:24,417 - INFO - Checkpoint saved to ./checkpoints/unet_02/latest.pth
2025-09-18 18:41:24,682 - INFO - Checkpoint saved to ./checkpoints/unet_02/best.pth
2025-09-18 18:41:24,682 - INFO - New best model! Score: 0.8992, IoU: 0.8902, MAE: 4.1933
2025-09-18 18:42:12,023 - INFO - Train Epoch 74 - Loss: 0.2878, Seg Loss: 0.0577, Offset Loss: 0.4378, IoU: 0.8711, MAE: 4.4711
2025-09-18 18:42:19,411 - INFO - Val Epoch 74 - Loss: 0.1708, Seg Loss: 0.0488, Offset Loss: 0.2534, IoU: 0.8953, MAE: 4.3085bg_MAE: 0.0466
2025-09-18 18:42:19,684 - INFO - Checkpoint saved to ./checkpoints/unet_02/latest.pth
2025-09-18 18:42:19,951 - INFO - Checkpoint saved to ./checkpoints/unet_02/best.pth
2025-09-18 18:42:19,951 - INFO - New best model! Score: 0.8999, IoU: 0.8953, MAE: 4.3085
2025-09-18 18:43:07,118 - INFO - Train Epoch 75 - Loss: 0.2744, Seg Loss: 0.0554, Offset Loss: 0.4176, IoU: 0.8554, MAE: 4.6465
2025-09-18 18:43:14,345 - INFO - Val Epoch 75 - Loss: 0.1689, Seg Loss: 0.0475, Offset Loss: 0.2554, IoU: 0.8967, MAE: 4.6759bg_MAE: 0.0452
2025-09-18 18:43:14,610 - INFO - Checkpoint saved to ./checkpoints/unet_02/latest.pth
2025-09-18 18:44:01,821 - INFO - Train Epoch 76 - Loss: 0.2718, Seg Loss: 0.0564, Offset Loss: 0.4116, IoU: 0.8791, MAE: 4.4430
2025-09-18 18:44:09,248 - INFO - Val Epoch 76 - Loss: 0.1687, Seg Loss: 0.0505, Offset Loss: 0.2524, IoU: 0.8938, MAE: 4.5182bg_MAE: 0.0449
2025-09-18 18:44:09,523 - INFO - Checkpoint saved to ./checkpoints/unet_02/latest.pth
2025-09-18 18:44:56,677 - INFO - Train Epoch 77 - Loss: 0.2627, Seg Loss: 0.0561, Offset Loss: 0.3935, IoU: 0.8840, MAE: 4.8185
2025-09-18 18:45:03,999 - INFO - Val Epoch 77 - Loss: 0.1703, Seg Loss: 0.0622, Offset Loss: 0.2444, IoU: 0.8938, MAE: 4.2855bg_MAE: 0.0402
2025-09-18 18:45:04,273 - INFO - Checkpoint saved to ./checkpoints/unet_02/latest.pth
2025-09-18 18:45:04,536 - INFO - Checkpoint saved to ./checkpoints/unet_02/best.pth
2025-09-18 18:45:04,537 - INFO - New best model! Score: 0.9000, IoU: 0.8938, MAE: 4.2855
2025-09-18 18:45:51,732 - INFO - Train Epoch 78 - Loss: 0.2610, Seg Loss: 0.0556, Offset Loss: 0.3917, IoU: 0.8753, MAE: 4.6890
2025-09-18 18:45:59,040 - INFO - Val Epoch 78 - Loss: 0.1639, Seg Loss: 0.0512, Offset Loss: 0.2418, IoU: 0.9006, MAE: 4.4036bg_MAE: 0.0406
2025-09-18 18:45:59,314 - INFO - Checkpoint saved to ./checkpoints/unet_02/latest.pth
2025-09-18 18:45:59,578 - INFO - Checkpoint saved to ./checkpoints/unet_02/best.pth
2025-09-18 18:45:59,578 - INFO - New best model! Score: 0.9022, IoU: 0.9006, MAE: 4.4036
2025-09-18 18:46:47,103 - INFO - Train Epoch 79 - Loss: 0.2476, Seg Loss: 0.0524, Offset Loss: 0.3726, IoU: 0.8671, MAE: 4.5585
2025-09-18 18:46:54,472 - INFO - Val Epoch 79 - Loss: 0.1571, Seg Loss: 0.0447, Offset Loss: 0.2359, IoU: 0.9033, MAE: 4.3225bg_MAE: 0.0394
2025-09-18 18:46:54,737 - INFO - Checkpoint saved to ./checkpoints/unet_02/latest.pth
2025-09-18 18:46:55,002 - INFO - Checkpoint saved to ./checkpoints/unet_02/best.pth
2025-09-18 18:46:55,002 - INFO - New best model! Score: 0.9045, IoU: 0.9033, MAE: 4.3225
2025-09-18 18:47:42,311 - INFO - Train Epoch 80 - Loss: 0.2325, Seg Loss: 0.0502, Offset Loss: 0.3502, IoU: 0.8839, MAE: 4.5283
2025-09-18 18:47:49,603 - INFO - Val Epoch 80 - Loss: 0.1561, Seg Loss: 0.0416, Offset Loss: 0.2409, IoU: 0.9116, MAE: 4.3536bg_MAE: 0.0361
2025-09-18 18:47:49,875 - INFO - Checkpoint saved to ./checkpoints/unet_02/latest.pth
2025-09-18 18:47:50,135 - INFO - Checkpoint saved to ./checkpoints/unet_02/best.pth
2025-09-18 18:47:50,135 - INFO - New best model! Score: 0.9087, IoU: 0.9116, MAE: 4.3536
2025-09-18 18:48:37,275 - INFO - Train Epoch 81 - Loss: 0.2308, Seg Loss: 0.0480, Offset Loss: 0.3492, IoU: 0.8906, MAE: 4.6323
2025-09-18 18:48:44,561 - INFO - Val Epoch 81 - Loss: 0.1517, Seg Loss: 0.0447, Offset Loss: 0.2264, IoU: 0.9094, MAE: 4.0914bg_MAE: 0.0392
2025-09-18 18:48:44,833 - INFO - Checkpoint saved to ./checkpoints/unet_02/latest.pth
2025-09-18 18:48:45,096 - INFO - Checkpoint saved to ./checkpoints/unet_02/best.pth
2025-09-18 18:48:45,097 - INFO - New best model! Score: 0.9099, IoU: 0.9094, MAE: 4.0914
2025-09-18 18:49:32,497 - INFO - Train Epoch 82 - Loss: 0.2198, Seg Loss: 0.0478, Offset Loss: 0.3295, IoU: 0.8648, MAE: 4.3480
2025-09-18 18:49:39,783 - INFO - Val Epoch 82 - Loss: 0.1503, Seg Loss: 0.0422, Offset Loss: 0.2255, IoU: 0.9061, MAE: 4.6979bg_MAE: 0.0402
2025-09-18 18:49:40,057 - INFO - Checkpoint saved to ./checkpoints/unet_02/latest.pth
2025-09-18 18:50:27,391 - INFO - Train Epoch 83 - Loss: 0.2230, Seg Loss: 0.0493, Offset Loss: 0.3363, IoU: 0.8948, MAE: 4.3104
2025-09-18 18:50:34,791 - INFO - Val Epoch 83 - Loss: 0.1509, Seg Loss: 0.0463, Offset Loss: 0.2191, IoU: 0.9040, MAE: 4.3948bg_MAE: 0.0428
2025-09-18 18:50:35,072 - INFO - Checkpoint saved to ./checkpoints/unet_02/latest.pth
2025-09-18 18:51:22,531 - INFO - Train Epoch 84 - Loss: 0.2183, Seg Loss: 0.0492, Offset Loss: 0.3262, IoU: 0.9023, MAE: 4.6248
2025-09-18 18:51:29,903 - INFO - Val Epoch 84 - Loss: 0.1456, Seg Loss: 0.0438, Offset Loss: 0.2169, IoU: 0.9088, MAE: 4.4397bg_MAE: 0.0388
2025-09-18 18:51:30,177 - INFO - Checkpoint saved to ./checkpoints/unet_02/latest.pth
2025-09-18 18:52:17,323 - INFO - Train Epoch 85 - Loss: 0.2174, Seg Loss: 0.0483, Offset Loss: 0.3209, IoU: 0.8836, MAE: 4.6482
2025-09-18 18:52:24,716 - INFO - Val Epoch 85 - Loss: 0.1444, Seg Loss: 0.0432, Offset Loss: 0.2135, IoU: 0.9123, MAE: 4.2939bg_MAE: 0.0369
2025-09-18 18:52:24,995 - INFO - Checkpoint saved to ./checkpoints/unet_02/latest.pth
2025-09-18 18:53:12,321 - INFO - Train Epoch 86 - Loss: 0.2040, Seg Loss: 0.0462, Offset Loss: 0.3068, IoU: 0.8927, MAE: 4.4122
2025-09-18 18:53:19,747 - INFO - Val Epoch 86 - Loss: 0.1386, Seg Loss: 0.0392, Offset Loss: 0.2098, IoU: 0.9155, MAE: 4.2149bg_MAE: 0.0341
2025-09-18 18:53:20,033 - INFO - Checkpoint saved to ./checkpoints/unet_02/latest.pth
2025-09-18 18:53:20,300 - INFO - Checkpoint saved to ./checkpoints/unet_02/best.pth
2025-09-18 18:53:20,301 - INFO - New best model! Score: 0.9122, IoU: 0.9155, MAE: 4.2149
2025-09-18 18:54:07,761 - INFO - Train Epoch 87 - Loss: 0.2000, Seg Loss: 0.0442, Offset Loss: 0.3046, IoU: 0.8865, MAE: 4.2227
2025-09-18 18:54:15,126 - INFO - Val Epoch 87 - Loss: 0.1317, Seg Loss: 0.0354, Offset Loss: 0.2024, IoU: 0.9207, MAE: 4.2517bg_MAE: 0.0302
2025-09-18 18:54:15,405 - INFO - Checkpoint saved to ./checkpoints/unet_02/latest.pth
2025-09-18 18:54:15,674 - INFO - Checkpoint saved to ./checkpoints/unet_02/best.pth
2025-09-18 18:54:15,674 - INFO - New best model! Score: 0.9148, IoU: 0.9207, MAE: 4.2517
2025-09-18 18:55:02,900 - INFO - Train Epoch 88 - Loss: 0.1971, Seg Loss: 0.0449, Offset Loss: 0.3030, IoU: 0.9100, MAE: 4.7587
2025-09-18 18:55:10,255 - INFO - Val Epoch 88 - Loss: 0.1321, Seg Loss: 0.0388, Offset Loss: 0.2024, IoU: 0.9161, MAE: 4.2569bg_MAE: 0.0301
2025-09-18 18:55:10,535 - INFO - Checkpoint saved to ./checkpoints/unet_02/latest.pth
2025-09-18 18:55:57,761 - INFO - Train Epoch 89 - Loss: 0.1890, Seg Loss: 0.0429, Offset Loss: 0.2896, IoU: 0.9024, MAE: 4.4026
2025-09-18 18:56:05,048 - INFO - Val Epoch 89 - Loss: 0.1328, Seg Loss: 0.0359, Offset Loss: 0.1982, IoU: 0.9195, MAE: 4.4975bg_MAE: 0.0364
2025-09-18 18:56:05,328 - INFO - Checkpoint saved to ./checkpoints/unet_02/latest.pth
2025-09-18 18:56:52,432 - INFO - Train Epoch 90 - Loss: 0.1886, Seg Loss: 0.0434, Offset Loss: 0.2906, IoU: 0.9003, MAE: 4.6003
2025-09-18 18:56:59,741 - INFO - Val Epoch 90 - Loss: 0.1300, Seg Loss: 0.0363, Offset Loss: 0.2011, IoU: 0.9185, MAE: 4.2536bg_MAE: 0.0271
2025-09-18 18:57:00,018 - INFO - Checkpoint saved to ./checkpoints/unet_02/latest.pth
2025-09-18 18:57:47,168 - INFO - Train Epoch 91 - Loss: 0.1809, Seg Loss: 0.0420, Offset Loss: 0.2793, IoU: 0.9093, MAE: 4.1756
2025-09-18 18:57:54,455 - INFO - Val Epoch 91 - Loss: 0.1284, Seg Loss: 0.0368, Offset Loss: 0.1974, IoU: 0.9192, MAE: 4.0969bg_MAE: 0.0282
2025-09-18 18:57:54,732 - INFO - Checkpoint saved to ./checkpoints/unet_02/latest.pth
2025-09-18 18:57:55,000 - INFO - Checkpoint saved to ./checkpoints/unet_02/best.pth
2025-09-18 18:57:55,000 - INFO - New best model! Score: 0.9158, IoU: 0.9192, MAE: 4.0969
2025-09-18 18:58:42,504 - INFO - Train Epoch 92 - Loss: 0.1815, Seg Loss: 0.0411, Offset Loss: 0.2814, IoU: 0.9036, MAE: 4.0446
2025-09-18 18:58:49,770 - INFO - Val Epoch 92 - Loss: 0.1280, Seg Loss: 0.0360, Offset Loss: 0.1928, IoU: 0.9189, MAE: 4.2234bg_MAE: 0.0337
2025-09-18 18:58:50,037 - INFO - Checkpoint saved to ./checkpoints/unet_02/latest.pth
2025-09-18 18:59:37,284 - INFO - Train Epoch 93 - Loss: 0.1765, Seg Loss: 0.0393, Offset Loss: 0.2737, IoU: 0.9050, MAE: 4.3068
2025-09-18 18:59:44,544 - INFO - Val Epoch 93 - Loss: 0.1284, Seg Loss: 0.0366, Offset Loss: 0.1924, IoU: 0.9182, MAE: 4.3740bg_MAE: 0.0319
2025-09-18 18:59:44,811 - INFO - Checkpoint saved to ./checkpoints/unet_02/latest.pth
2025-09-18 19:00:32,092 - INFO - Train Epoch 94 - Loss: 0.1717, Seg Loss: 0.0395, Offset Loss: 0.2684, IoU: 0.9251, MAE: 4.5742
2025-09-18 19:00:39,390 - INFO - Val Epoch 94 - Loss: 0.1256, Seg Loss: 0.0349, Offset Loss: 0.1942, IoU: 0.9202, MAE: 4.3410bg_MAE: 0.0292
2025-09-18 19:00:39,657 - INFO - Checkpoint saved to ./checkpoints/unet_02/latest.pth
2025-09-18 19:01:27,085 - INFO - Train Epoch 95 - Loss: 0.1688, Seg Loss: 0.0378, Offset Loss: 0.2642, IoU: 0.9155, MAE: 3.9406
2025-09-18 19:01:34,489 - INFO - Val Epoch 95 - Loss: 0.1242, Seg Loss: 0.0337, Offset Loss: 0.1911, IoU: 0.9232, MAE: 4.3885bg_MAE: 0.0332
2025-09-18 19:01:34,762 - INFO - Checkpoint saved to ./checkpoints/unet_02/latest.pth
2025-09-18 19:02:22,102 - INFO - Train Epoch 96 - Loss: 0.1631, Seg Loss: 0.0368, Offset Loss: 0.2553, IoU: 0.9152, MAE: 3.7723
2025-09-18 19:02:29,537 - INFO - Val Epoch 96 - Loss: 0.1218, Seg Loss: 0.0337, Offset Loss: 0.1887, IoU: 0.9235, MAE: 4.3830bg_MAE: 0.0284
2025-09-18 19:02:29,816 - INFO - Checkpoint saved to ./checkpoints/unet_02/latest.pth
2025-09-18 19:03:17,140 - INFO - Train Epoch 97 - Loss: 0.1679, Seg Loss: 0.0383, Offset Loss: 0.2632, IoU: 0.9151, MAE: 4.2639
2025-09-18 19:03:24,350 - INFO - Val Epoch 97 - Loss: 0.1179, Seg Loss: 0.0336, Offset Loss: 0.1836, IoU: 0.9241, MAE: 4.3357bg_MAE: 0.0262
2025-09-18 19:03:24,622 - INFO - Checkpoint saved to ./checkpoints/unet_02/latest.pth
2025-09-18 19:03:24,888 - INFO - Checkpoint saved to ./checkpoints/unet_02/best.pth
2025-09-18 19:03:24,888 - INFO - New best model! Score: 0.9161, IoU: 0.9241, MAE: 4.3357
2025-09-18 19:04:12,116 - INFO - Train Epoch 98 - Loss: 0.1620, Seg Loss: 0.0369, Offset Loss: 0.2539, IoU: 0.9208, MAE: 4.3283
2025-09-18 19:04:19,320 - INFO - Val Epoch 98 - Loss: 0.1178, Seg Loss: 0.0331, Offset Loss: 0.1811, IoU: 0.9246, MAE: 4.1957bg_MAE: 0.0291
2025-09-18 19:04:19,598 - INFO - Checkpoint saved to ./checkpoints/unet_02/latest.pth
2025-09-18 19:04:19,866 - INFO - Checkpoint saved to ./checkpoints/unet_02/best.pth
2025-09-18 19:04:19,866 - INFO - New best model! Score: 0.9174, IoU: 0.9246, MAE: 4.1957
2025-09-18 19:05:07,161 - INFO - Train Epoch 99 - Loss: 0.1589, Seg Loss: 0.0360, Offset Loss: 0.2500, IoU: 0.9093, MAE: 3.8943
2025-09-18 19:05:14,454 - INFO - Val Epoch 99 - Loss: 0.1152, Seg Loss: 0.0317, Offset Loss: 0.1786, IoU: 0.9272, MAE: 4.2477bg_MAE: 0.0287
2025-09-18 19:05:14,731 - INFO - Checkpoint saved to ./checkpoints/unet_02/latest.pth
2025-09-18 19:05:14,995 - INFO - Checkpoint saved to ./checkpoints/unet_02/best.pth
2025-09-18 19:05:14,995 - INFO - New best model! Score: 0.9183, IoU: 0.9272, MAE: 4.2477
2025-09-18 19:05:14,995 - INFO - Training completed. Best Score: 0.9183, IoU: 0.9272, MAE: 4.2477
